2025-01-09 10:43:47 [INFO]: GET /api/notification/67629705a8db5411f814e1cb
2025-01-09 10:43:47 [INFO]: GET /api/notification/67629705a8db5411f814e1cb
2025-01-09 10:49:03 [INFO]: GET /api/notification/67629705a8db5411f814e1cb
2025-01-09 10:49:03 [INFO]: GET /api/patients/patient/67629705a8db5411f814e1cb
2025-01-09 10:49:03 [INFO]: GET /api/patients/patient/67629705a8db5411f814e1cb
2025-01-09 10:49:03 [INFO]: POST /api/token
2025-01-09 10:49:03 [INFO]: POST /api/token
2025-01-09 10:49:03 [INFO]: GET /api/patients/patient/67629705a8db5411f814e1cb
2025-01-09 10:49:03 [INFO]: GET /api/notification/67629705a8db5411f814e1cb
2025-01-09 10:49:03 [INFO]: GET /api/patients/patient/67629705a8db5411f814e1cb
2025-01-09 10:50:15 [INFO]: POST /api/patients/signin
2025-01-09 10:50:36 [INFO]: POST /api/patients/signin
2025-01-09 10:50:36 [INFO]: GET /api/notification/67629705a8db5411f814e1cb
2025-01-09 10:50:37 [INFO]: GET /api/notification/67629705a8db5411f814e1cb
2025-01-09 10:50:37 [INFO]: GET /api/notification/67629705a8db5411f814e1cb
2025-01-09 11:50:08 [INFO]: GET /api/notification/6769aab932a18f86fbb5e6c4
2025-01-09 11:50:08 [INFO]: GET /api/doctor/payments/6769aab932a18f86fbb5e6c4
2025-01-09 11:50:08 [INFO]: GET /api/doctor/payments/6769aab932a18f86fbb5e6c4
2025-01-09 11:50:08 [INFO]: POST /api/token
2025-01-09 11:50:08 [INFO]: POST /api/token
2025-01-09 11:50:08 [INFO]: GET /api/doctor/payments/6769aab932a18f86fbb5e6c4
2025-01-09 11:50:08 [INFO]: GET /api/doctor/payments/6769aab932a18f86fbb5e6c4
2025-01-09 12:59:55 [INFO]: GET /api/notification/6755139cbb339a450c37ecb8
2025-01-09 12:59:55 [INFO]: GET /api/admin/patients?page=1&limit=7&search=
2025-01-09 12:59:55 [INFO]: GET /api/admin/patients?page=1&limit=7&search=
2025-01-09 12:59:55 [INFO]: POST /api/token
2025-01-09 12:59:55 [INFO]: POST /api/token
2025-01-09 12:59:55 [INFO]: GET /api/admin/patients?page=1&limit=7&search=
2025-01-09 12:59:55 [INFO]: GET /api/notification/6755139cbb339a450c37ecb8
2025-01-09 12:59:55 [INFO]: GET /api/admin/patients?page=1&limit=7&search=
2025-01-09 13:00:17 [INFO]: POST /api/doctor/signin
2025-01-09 13:00:17 [INFO]: GET /api/notification/6756e293514336528ca8e3a9
2025-01-09 13:00:18 [INFO]: GET /api/doctor/dashboard/6756e293514336528ca8e3a9
2025-01-09 13:00:18 [INFO]: GET /api/notification/6756e293514336528ca8e3a9
2025-01-09 13:00:18 [INFO]: GET /api/doctor/dashboard/6756e293514336528ca8e3a9
2025-01-09 13:00:24 [INFO]: GET /api/notification/6756e293514336528ca8e3a9
2025-01-09 13:00:24 [INFO]: GET /api/doctor/appointments/6756e293514336528ca8e3a9
2025-01-09 13:00:24 [INFO]: GET /api/notification/6756e293514336528ca8e3a9
2025-01-09 13:00:24 [INFO]: GET /api/doctor/appointments/6756e293514336528ca8e3a9
2025-01-09 13:01:02 [INFO]: PUT /api/doctor/appointments/cancel/677d388ea673c5e7d669ee99
2025-01-09 13:01:02 [INFO]: GET /api/doctor/appointments/6756e293514336528ca8e3a9
2025-01-09 13:01:20 [INFO]: POST /api/admin/signin
2025-01-09 13:01:21 [INFO]: GET /api/admin/dashboard/6755139cbb339a450c37ecb8?period=daily
2025-01-09 13:01:21 [INFO]: GET /api/admin/dashboard/6755139cbb339a450c37ecb8?period=daily
2025-01-09 13:01:21 [INFO]: GET /api/notification/6755139cbb339a450c37ecb8
2025-01-09 13:01:21 [INFO]: GET /api/notification/6755139cbb339a450c37ecb8
2025-01-09 13:01:24 [INFO]: GET /api/notification/6755139cbb339a450c37ecb8
2025-01-09 13:01:24 [INFO]: GET /api/admin/payments
2025-01-09 13:01:24 [INFO]: GET /api/notification/6755139cbb339a450c37ecb8
2025-01-09 13:01:24 [INFO]: GET /api/admin/payments
2025-01-09 13:05:12 [INFO]: POST /api/patients/google
2025-01-09 13:05:13 [INFO]: GET /api/notification/67656da25e605e43c92d4fb2
2025-01-09 13:05:13 [INFO]: GET /api/notification/67656da25e605e43c92d4fb2
2025-01-09 13:05:13 [INFO]: GET /api/notification/67656da25e605e43c92d4fb2
2025-01-09 13:05:17 [INFO]: GET /api/notification/67656da25e605e43c92d4fb2
2025-01-09 13:05:17 [INFO]: GET /api/patients/patient/67656da25e605e43c92d4fb2
2025-01-09 13:05:17 [INFO]: GET /api/notification/67656da25e605e43c92d4fb2
2025-01-09 13:05:17 [INFO]: GET /api/patients/patient/67656da25e605e43c92d4fb2
2025-01-09 13:05:18 [INFO]: GET /api/notification/67656da25e605e43c92d4fb2
2025-01-09 13:05:18 [INFO]: GET /api/patients/appointments/67656da25e605e43c92d4fb2
2025-01-09 13:05:19 [INFO]: GET /api/notification/67656da25e605e43c92d4fb2
2025-01-09 13:05:23 [INFO]: GET /api/patients/appointments/67656da25e605e43c92d4fb2
2025-01-09 13:05:23 [INFO]: GET /api/notification/67656da25e605e43c92d4fb2
2025-01-09 13:05:23 [INFO]: GET /api/notification/67656da25e605e43c92d4fb2
2025-01-09 13:05:23 [INFO]: GET /api/patients/appointments/67656da25e605e43c92d4fb2
2025-01-09 13:05:33 [INFO]: PUT /api/patients/appointments/cancel/677ccc159b8d1b14f8764558
2025-01-09 13:05:34 [INFO]: GET /api/patients/appointments/67656da25e605e43c92d4fb2
2025-01-09 13:06:12 [INFO]: GET /api/notification/6755139cbb339a450c37ecb8
2025-01-09 13:06:12 [INFO]: GET /api/admin/payments
2025-01-09 13:06:12 [INFO]: GET /api/notification/6755139cbb339a450c37ecb8
2025-01-09 13:06:12 [INFO]: GET /api/admin/payments
2025-01-09 13:09:16 [INFO]: GET /api/admin/payments
2025-01-09 13:09:39 [INFO]: GET /api/admin/payments
2025-01-09 13:11:49 [INFO]: GET /api/admin/payments
2025-01-09 13:11:49 [INFO]: GET /api/notification/6755139cbb339a450c37ecb8
2025-01-09 13:11:50 [INFO]: GET /api/notification/6755139cbb339a450c37ecb8
2025-01-09 13:11:50 [INFO]: GET /api/admin/payments
2025-01-09 13:11:51 [INFO]: GET /api/notification/6755139cbb339a450c37ecb8
2025-01-09 13:11:51 [INFO]: GET /api/admin/payments
2025-01-09 13:11:51 [INFO]: GET /api/notification/6755139cbb339a450c37ecb8
2025-01-09 13:11:51 [INFO]: GET /api/admin/payments
2025-01-09 13:12:59 [INFO]: GET /api/admin/payments
2025-01-09 13:16:25 [INFO]: GET /api/admin/payments
2025-01-09 13:18:20 [INFO]: GET /api/admin/payments
2025-01-09 13:18:34 [INFO]: GET /api/admin/payments
2025-01-09 13:18:55 [INFO]: GET /api/admin/payments
2025-01-09 13:20:15 [INFO]: GET /api/admin/payments
2025-01-09 13:22:01 [INFO]: GET /api/notification/6755139cbb339a450c37ecb8
2025-01-09 13:22:01 [INFO]: GET /api/admin/patients?page=1&limit=7&search=
2025-01-09 13:22:01 [INFO]: GET /api/notification/6755139cbb339a450c37ecb8
2025-01-09 13:22:01 [INFO]: GET /api/admin/patients?page=1&limit=7&search=
2025-01-09 13:22:55 [INFO]: GET /api/admin/patients?page=1&limit=7&search=
2025-01-09 13:23:06 [INFO]: GET /api/admin/patients?page=1&limit=7&search=
2025-01-09 13:24:14 [INFO]: GET /api/admin/patients?page=1&limit=7&search=
2025-01-09 13:24:26 [INFO]: GET /api/admin/patients?page=1&limit=7&search=
2025-01-09 13:24:33 [INFO]: GET /api/admin/patients?page=1&limit=7&search=
2025-01-09 13:25:30 [INFO]: GET /api/admin/patients?page=1&limit=7&search=
2025-01-09 13:25:39 [INFO]: GET /api/admin/patients?page=1&limit=7&search=
2025-01-09 13:25:55 [INFO]: GET /api/admin/patients?page=1&limit=7&search=
2025-01-09 13:26:04 [INFO]: GET /api/admin/patients?page=1&limit=7&search=
2025-01-09 13:26:56 [INFO]: GET /api/notification/6755139cbb339a450c37ecb8
2025-01-09 13:26:56 [INFO]: GET /api/admin/doctors?page=1&limit=7&search=&specialization=&gender=&experience=
2025-01-09 13:26:56 [INFO]: GET /api/notification/6755139cbb339a450c37ecb8
2025-01-09 13:26:56 [INFO]: GET /api/admin/doctors?page=1&limit=7&search=&specialization=&gender=&experience=
2025-01-09 18:16:52 [INFO]: GET /api/notification/67656da25e605e43c92d4fb2
2025-01-09 18:16:53 [INFO]: GET /api/notification/67656da25e605e43c92d4fb2
2025-01-09 18:16:54 [INFO]: GET /api/notification/67656da25e605e43c92d4fb2
2025-01-09 18:16:54 [INFO]: GET /api/notification/67656da25e605e43c92d4fb2
2025-01-09 18:16:55 [INFO]: GET /api/patients/doctors?page=1&limit=10&search=&specialization=&gender=&experience=
2025-01-09 18:16:55 [INFO]: POST /api/token
2025-01-09 18:16:56 [INFO]: GET /api/patients/doctors?page=1&limit=10&search=&specialization=&gender=&experience=
2025-01-09 18:17:22 [INFO]: POST /api/patients/google
2025-01-09 18:17:23 [INFO]: GET /api/notification/67656da25e605e43c92d4fb2
2025-01-09 18:17:23 [INFO]: GET /api/notification/67656da25e605e43c92d4fb2
2025-01-09 18:17:23 [INFO]: GET /api/notification/67656da25e605e43c92d4fb2
2025-01-09 18:17:28 [INFO]: PUT /api/notification/read/67656da25e605e43c92d4fb2
