2025-01-22 10:02:10 [INFO]: GET /api/notification/67629705a8db5411f814e1cb
2025-01-22 10:02:10 [INFO]: GET /api/notification/67629705a8db5411f814e1cb
2025-01-22 10:02:11 [INFO]: GET /api/patients/doctors?page=1&limit=10&search=&specialization=&gender=&experience=
2025-01-22 10:02:11 [INFO]: POST /api/token
2025-01-22 10:02:11 [INFO]: GET /api/patients/doctors?page=1&limit=10&search=&specialization=&gender=&experience=
2025-01-22 10:02:46 [INFO]: GET /api/notification/67629705a8db5411f814e1cb
2025-01-22 10:02:46 [INFO]: GET /api/patients/doctors/timeSlots/6756e293514336528ca8e3a9
2025-01-22 10:02:47 [INFO]: GET /api/notification/67629705a8db5411f814e1cb
2025-01-22 10:02:47 [INFO]: GET /api/patients/doctors/timeSlots/6756e293514336528ca8e3a9
2025-01-22 10:02:58 [INFO]: GET /api/notification/67629705a8db5411f814e1cb
2025-01-22 10:02:58 [INFO]: GET /api/patients/doctors/timeSlots/6756e293514336528ca8e3a9
2025-01-22 10:02:59 [INFO]: GET /api/notification/67629705a8db5411f814e1cb
2025-01-22 10:02:59 [INFO]: GET /api/patients/doctors/timeSlots/6756e293514336528ca8e3a9
2025-01-22 10:03:15 [INFO]: GET /api/admin/leave/requests?page=1&limit=7
2025-01-22 10:03:15 [INFO]: GET /api/notification/6755139cbb339a450c37ecb8
2025-01-22 10:03:15 [INFO]: GET /api/admin/leave/requests?page=1&limit=7
2025-01-22 10:03:15 [INFO]: POST /api/token
2025-01-22 10:03:15 [INFO]: POST /api/token
2025-01-22 10:03:15 [INFO]: GET /api/admin/leave/requests?page=1&limit=7
2025-01-22 10:03:15 [INFO]: GET /api/notification/6755139cbb339a450c37ecb8
2025-01-22 10:03:15 [INFO]: GET /api/admin/leave/requests?page=1&limit=7
2025-01-22 10:03:23 [INFO]: GET /api/notification/6756e293514336528ca8e3a9
2025-01-22 10:03:24 [INFO]: GET /api/notification/6756e293514336528ca8e3a9
2025-01-22 10:08:01 [INFO]: GET /api/notification/6756e293514336528ca8e3a9
2025-01-22 10:08:01 [INFO]: GET /api/doctor/dashboard/6756e293514336528ca8e3a9
2025-01-22 10:08:01 [INFO]: GET /api/doctor/dashboard/6756e293514336528ca8e3a9
2025-01-22 10:08:01 [INFO]: POST /api/token
2025-01-22 10:08:01 [INFO]: POST /api/token
2025-01-22 10:08:01 [INFO]: GET /api/doctor/dashboard/6756e293514336528ca8e3a9
2025-01-22 10:08:01 [INFO]: GET /api/notification/6756e293514336528ca8e3a9
2025-01-22 10:08:01 [INFO]: GET /api/doctor/dashboard/6756e293514336528ca8e3a9
2025-01-22 10:08:10 [INFO]: POST /api/doctor/signin
2025-01-22 10:08:11 [INFO]: GET /api/notification/6756e293514336528ca8e3a9
2025-01-22 10:08:11 [INFO]: GET /api/doctor/dashboard/6756e293514336528ca8e3a9
2025-01-22 10:08:11 [INFO]: GET /api/notification/6756e293514336528ca8e3a9
2025-01-22 10:08:11 [INFO]: GET /api/doctor/dashboard/6756e293514336528ca8e3a9
2025-01-22 10:08:34 [INFO]: GET /api/doctor/dashboard/6756e293514336528ca8e3a9
2025-01-22 10:08:58 [INFO]: GET /api/doctor/dashboard/6756e293514336528ca8e3a9
2025-01-22 10:09:07 [INFO]: GET /api/doctor/dashboard/6756e293514336528ca8e3a9
2025-01-22 10:09:53 [INFO]: GET /api/doctor/dashboard/6756e293514336528ca8e3a9
2025-01-22 10:10:11 [INFO]: GET /api/doctor/dashboard/6756e293514336528ca8e3a9
2025-01-22 10:10:18 [INFO]: GET /api/doctor/dashboard/6756e293514336528ca8e3a9
2025-01-22 10:10:35 [INFO]: GET /api/doctor/dashboard/6756e293514336528ca8e3a9
2025-01-22 10:11:55 [INFO]: GET /api/doctor/dashboard/6756e293514336528ca8e3a9
2025-01-22 10:12:05 [INFO]: GET /api/doctor/dashboard/6756e293514336528ca8e3a9
2025-01-22 10:12:19 [INFO]: GET /api/doctor/dashboard/6756e293514336528ca8e3a9
2025-01-22 10:12:22 [INFO]: GET /api/doctor/dashboard/6756e293514336528ca8e3a9
2025-01-22 10:12:22 [INFO]: GET /api/notification/6756e293514336528ca8e3a9
2025-01-22 10:12:22 [INFO]: GET /api/notification/6756e293514336528ca8e3a9
2025-01-22 10:12:22 [INFO]: GET /api/doctor/dashboard/6756e293514336528ca8e3a9
2025-01-22 10:15:12 [INFO]: GET /api/doctor/dashboard/6756e293514336528ca8e3a9
2025-01-22 10:16:12 [INFO]: GET /api/doctor/dashboard/6756e293514336528ca8e3a9
2025-01-22 10:16:38 [INFO]: GET /api/doctor/dashboard/6756e293514336528ca8e3a9
2025-01-22 10:18:36 [INFO]: GET /api/doctor/dashboard/6756e293514336528ca8e3a9
2025-01-22 10:19:55 [INFO]: GET /api/doctor/dashboard/6756e293514336528ca8e3a9
2025-01-22 10:19:59 [INFO]: GET /api/doctor/dashboard/6756e293514336528ca8e3a9
2025-01-22 10:20:05 [INFO]: GET /api/doctor/dashboard/6756e293514336528ca8e3a9
2025-01-22 10:20:09 [INFO]: GET /api/doctor/dashboard/6756e293514336528ca8e3a9
2025-01-22 10:20:15 [INFO]: GET /api/doctor/dashboard/6756e293514336528ca8e3a9
2025-01-22 10:20:18 [INFO]: GET /api/doctor/dashboard/6756e293514336528ca8e3a9
2025-01-22 10:20:27 [INFO]: GET /api/doctor/dashboard/6756e293514336528ca8e3a9
2025-01-22 10:20:44 [INFO]: GET /api/doctor/dashboard/6756e293514336528ca8e3a9
2025-01-22 10:22:06 [INFO]: GET /api/doctor/dashboard/6756e293514336528ca8e3a9
2025-01-22 10:22:42 [INFO]: GET /api/doctor/dashboard/6756e293514336528ca8e3a9
2025-01-22 10:23:26 [INFO]: GET /api/doctor/dashboard/6756e293514336528ca8e3a9
2025-01-22 10:23:33 [INFO]: GET /api/doctor/dashboard/6756e293514336528ca8e3a9
2025-01-22 10:24:06 [INFO]: GET /api/doctor/dashboard/6756e293514336528ca8e3a9
2025-01-22 10:24:41 [INFO]: GET /api/doctor/dashboard/6756e293514336528ca8e3a9
2025-01-22 10:24:49 [INFO]: GET /api/doctor/dashboard/6756e293514336528ca8e3a9
2025-01-22 10:25:33 [INFO]: GET /api/doctor/dashboard/6756e293514336528ca8e3a9
2025-01-22 10:26:26 [INFO]: GET /api/doctor/dashboard/6756e293514336528ca8e3a9
2025-01-22 10:26:38 [INFO]: GET /api/doctor/dashboard/6756e293514336528ca8e3a9
2025-01-22 10:28:37 [INFO]: GET /api/doctor/dashboard/6756e293514336528ca8e3a9
2025-01-22 10:29:06 [INFO]: GET /api/doctor/dashboard/6756e293514336528ca8e3a9
2025-01-22 10:29:21 [INFO]: GET /api/doctor/dashboard/6756e293514336528ca8e3a9
2025-01-22 10:30:45 [INFO]: GET /api/doctor/dashboard/6756e293514336528ca8e3a9
2025-01-22 10:30:57 [INFO]: GET /api/doctor/dashboard/6756e293514336528ca8e3a9
2025-01-22 10:31:30 [INFO]: GET /api/doctor/dashboard/6756e293514336528ca8e3a9
2025-01-22 10:31:50 [INFO]: GET /api/doctor/dashboard/6756e293514336528ca8e3a9
2025-01-22 10:32:00 [INFO]: GET /api/doctor/dashboard/6756e293514336528ca8e3a9
2025-01-22 10:32:41 [INFO]: GET /api/doctor/dashboard/6756e293514336528ca8e3a9
2025-01-22 10:32:58 [INFO]: GET /api/doctor/dashboard/6756e293514336528ca8e3a9
2025-01-22 10:33:11 [INFO]: GET /api/doctor/dashboard/6756e293514336528ca8e3a9
2025-01-22 10:33:38 [INFO]: GET /api/doctor/dashboard/6756e293514336528ca8e3a9
2025-01-22 10:33:58 [INFO]: GET /api/doctor/dashboard/6756e293514336528ca8e3a9
2025-01-22 10:34:13 [INFO]: GET /api/doctor/dashboard/6756e293514336528ca8e3a9
2025-01-22 10:34:23 [INFO]: GET /api/doctor/dashboard/6756e293514336528ca8e3a9
2025-01-22 10:35:32 [INFO]: GET /api/doctor/dashboard/6756e293514336528ca8e3a9
2025-01-22 10:36:09 [INFO]: GET /api/doctor/dashboard/6756e293514336528ca8e3a9
2025-01-22 10:36:37 [INFO]: GET /api/doctor/dashboard/6756e293514336528ca8e3a9
2025-01-22 10:36:54 [INFO]: GET /api/doctor/dashboard/6756e293514336528ca8e3a9
2025-01-22 10:37:08 [INFO]: GET /api/doctor/dashboard/6756e293514336528ca8e3a9
2025-01-22 10:38:17 [INFO]: GET /api/doctor/dashboard/6756e293514336528ca8e3a9
2025-01-22 10:38:17 [INFO]: POST /api/token
2025-01-22 10:38:17 [INFO]: GET /api/doctor/dashboard/6756e293514336528ca8e3a9
2025-01-22 10:39:09 [INFO]: GET /api/doctor/dashboard/6756e293514336528ca8e3a9
2025-01-22 10:39:17 [INFO]: GET /api/doctor/dashboard/6756e293514336528ca8e3a9
2025-01-22 10:40:08 [INFO]: GET /api/doctor/dashboard/6756e293514336528ca8e3a9
2025-01-22 10:41:57 [INFO]: GET /api/doctor/dashboard/6756e293514336528ca8e3a9
2025-01-22 10:42:18 [INFO]: GET /api/doctor/dashboard/6756e293514336528ca8e3a9
2025-01-22 10:42:23 [INFO]: GET /api/doctor/dashboard/6756e293514336528ca8e3a9
2025-01-22 10:43:42 [INFO]: GET /api/doctor/dashboard/6756e293514336528ca8e3a9
2025-01-22 10:44:08 [INFO]: GET /api/doctor/dashboard/6756e293514336528ca8e3a9
2025-01-22 10:44:33 [INFO]: GET /api/doctor/dashboard/6756e293514336528ca8e3a9
2025-01-22 10:45:21 [INFO]: GET /api/doctor/dashboard/6756e293514336528ca8e3a9
2025-01-22 10:45:56 [INFO]: GET /api/doctor/dashboard/6756e293514336528ca8e3a9
2025-01-22 10:46:11 [INFO]: GET /api/doctor/dashboard/6756e293514336528ca8e3a9
2025-01-22 10:49:33 [INFO]: GET /api/notification/6756e293514336528ca8e3a9
2025-01-22 10:49:33 [INFO]: GET /api/doctor/dashboard/6756e293514336528ca8e3a9
2025-01-22 10:49:33 [INFO]: GET /api/notification/6756e293514336528ca8e3a9
2025-01-22 10:49:34 [INFO]: GET /api/doctor/dashboard/6756e293514336528ca8e3a9
2025-01-22 10:56:15 [INFO]: GET /api/notification/6756e293514336528ca8e3a9
2025-01-22 10:56:15 [INFO]: GET /api/doctor/dashboard/6756e293514336528ca8e3a9
2025-01-22 10:56:15 [INFO]: GET /api/notification/6756e293514336528ca8e3a9
2025-01-22 10:56:15 [INFO]: GET /api/doctor/dashboard/6756e293514336528ca8e3a9
2025-01-22 10:56:37 [INFO]: GET /api/doctor/payments/6756e293514336528ca8e3a9
2025-01-22 10:56:37 [INFO]: GET /api/doctor/dashboard/6756e293514336528ca8e3a9
2025-01-22 11:09:56 [INFO]: GET /api/doctor/dashboard/6756e293514336528ca8e3a9
2025-01-22 11:09:56 [INFO]: GET /api/doctor/payments/6756e293514336528ca8e3a9
2025-01-22 11:09:56 [INFO]: POST /api/token
2025-01-22 11:09:56 [INFO]: POST /api/token
2025-01-22 11:09:56 [INFO]: GET /api/doctor/dashboard/6756e293514336528ca8e3a9
2025-01-22 11:09:56 [INFO]: GET /api/doctor/payments/6756e293514336528ca8e3a9
2025-01-22 11:13:11 [INFO]: GET /api/doctor/dashboard/6756e293514336528ca8e3a9
2025-01-22 11:13:11 [INFO]: GET /api/doctor/payments/6756e293514336528ca8e3a9
2025-01-22 11:14:34 [INFO]: GET /api/doctor/dashboard/6756e293514336528ca8e3a9
2025-01-22 11:14:34 [INFO]: GET /api/doctor/payments/6756e293514336528ca8e3a9
2025-01-22 11:14:51 [INFO]: GET /api/notification/6756e293514336528ca8e3a9
2025-01-22 11:14:51 [INFO]: GET /api/doctor/payments/6756e293514336528ca8e3a9
2025-01-22 11:14:51 [INFO]: GET /api/doctor/dashboard/6756e293514336528ca8e3a9
2025-01-22 11:14:51 [INFO]: GET /api/notification/6756e293514336528ca8e3a9
2025-01-22 11:14:51 [INFO]: GET /api/doctor/dashboard/6756e293514336528ca8e3a9
2025-01-22 11:14:51 [INFO]: GET /api/doctor/payments/6756e293514336528ca8e3a9
2025-01-22 11:15:40 [INFO]: GET /api/doctor/dashboard/6756e293514336528ca8e3a9
2025-01-22 11:15:40 [INFO]: GET /api/doctor/payments/6756e293514336528ca8e3a9
2025-01-22 11:15:52 [INFO]: GET /api/notification/6756e293514336528ca8e3a9
2025-01-22 11:15:52 [INFO]: GET /api/doctor/payments/6756e293514336528ca8e3a9
2025-01-22 11:15:52 [INFO]: GET /api/doctor/dashboard/6756e293514336528ca8e3a9
2025-01-22 11:15:52 [INFO]: GET /api/notification/6756e293514336528ca8e3a9
2025-01-22 11:15:52 [INFO]: GET /api/doctor/dashboard/6756e293514336528ca8e3a9
2025-01-22 11:15:53 [INFO]: GET /api/doctor/payments/6756e293514336528ca8e3a9
2025-01-22 11:16:16 [INFO]: GET /api/notification/6756e293514336528ca8e3a9
2025-01-22 11:16:16 [INFO]: GET /api/notification/6756e293514336528ca8e3a9
2025-01-22 11:16:18 [INFO]: GET /api/notification/6756e293514336528ca8e3a9
2025-01-22 11:16:18 [INFO]: GET /api/doctor/appointments/6756e293514336528ca8e3a9
2025-01-22 11:16:18 [INFO]: GET /api/notification/6756e293514336528ca8e3a9
2025-01-22 11:16:19 [INFO]: GET /api/doctor/appointments/6756e293514336528ca8e3a9
2025-01-22 11:16:21 [INFO]: GET /api/notification/6756e293514336528ca8e3a9
2025-01-22 11:16:21 [INFO]: GET /api/doctor/dashboard/6756e293514336528ca8e3a9
2025-01-22 11:16:21 [INFO]: GET /api/doctor/payments/6756e293514336528ca8e3a9
2025-01-22 11:16:21 [INFO]: GET /api/notification/6756e293514336528ca8e3a9
2025-01-22 11:16:21 [INFO]: GET /api/doctor/dashboard/6756e293514336528ca8e3a9
2025-01-22 11:16:21 [INFO]: GET /api/doctor/payments/6756e293514336528ca8e3a9
2025-01-22 11:16:24 [INFO]: GET /api/notification/6756e293514336528ca8e3a9
2025-01-22 11:16:24 [INFO]: GET /api/doctor/dashboard/6756e293514336528ca8e3a9
2025-01-22 11:16:24 [INFO]: GET /api/doctor/payments/6756e293514336528ca8e3a9
2025-01-22 11:16:24 [INFO]: GET /api/notification/6756e293514336528ca8e3a9
2025-01-22 11:16:24 [INFO]: GET /api/doctor/dashboard/6756e293514336528ca8e3a9
2025-01-22 11:16:24 [INFO]: GET /api/doctor/payments/6756e293514336528ca8e3a9
2025-01-22 11:17:23 [INFO]: GET /api/doctor/dashboard/6756e293514336528ca8e3a9
2025-01-22 11:17:23 [INFO]: GET /api/doctor/payments/6756e293514336528ca8e3a9
2025-01-22 11:17:34 [INFO]: GET /api/notification/6756e293514336528ca8e3a9
2025-01-22 11:17:34 [INFO]: GET /api/doctor/dashboard/6756e293514336528ca8e3a9
2025-01-22 11:17:34 [INFO]: GET /api/doctor/payments/6756e293514336528ca8e3a9
2025-01-22 11:17:34 [INFO]: GET /api/notification/6756e293514336528ca8e3a9
2025-01-22 11:17:34 [INFO]: GET /api/doctor/dashboard/6756e293514336528ca8e3a9
2025-01-22 11:17:34 [INFO]: GET /api/doctor/payments/6756e293514336528ca8e3a9
2025-01-22 11:18:39 [INFO]: GET /api/doctor/dashboard/6756e293514336528ca8e3a9
2025-01-22 11:18:39 [INFO]: GET /api/doctor/payments/6756e293514336528ca8e3a9
2025-01-22 11:18:55 [INFO]: GET /api/notification/6756e293514336528ca8e3a9
2025-01-22 11:18:55 [INFO]: GET /api/doctor/dashboard/6756e293514336528ca8e3a9
2025-01-22 11:18:55 [INFO]: GET /api/doctor/payments/6756e293514336528ca8e3a9
2025-01-22 11:18:55 [INFO]: GET /api/notification/6756e293514336528ca8e3a9
2025-01-22 11:18:55 [INFO]: GET /api/doctor/dashboard/6756e293514336528ca8e3a9
2025-01-22 11:18:55 [INFO]: GET /api/doctor/payments/6756e293514336528ca8e3a9
2025-01-22 11:19:18 [INFO]: GET /api/doctor/dashboard/6756e293514336528ca8e3a9
2025-01-22 11:19:18 [INFO]: GET /api/doctor/payments/6756e293514336528ca8e3a9
2025-01-22 11:19:23 [INFO]: GET /api/notification/6756e293514336528ca8e3a9
2025-01-22 11:19:23 [INFO]: GET /api/doctor/dashboard/6756e293514336528ca8e3a9
2025-01-22 11:19:23 [INFO]: GET /api/doctor/payments/6756e293514336528ca8e3a9
2025-01-22 11:19:23 [INFO]: GET /api/notification/6756e293514336528ca8e3a9
2025-01-22 11:19:23 [INFO]: GET /api/doctor/dashboard/6756e293514336528ca8e3a9
2025-01-22 11:19:23 [INFO]: GET /api/doctor/payments/6756e293514336528ca8e3a9
2025-01-22 11:21:00 [INFO]: GET /api/notification/6756e293514336528ca8e3a9
2025-01-22 11:21:00 [INFO]: GET /api/doctor/dashboard/6756e293514336528ca8e3a9
2025-01-22 11:21:00 [INFO]: GET /api/doctor/payments/6756e293514336528ca8e3a9
2025-01-22 11:21:00 [INFO]: GET /api/notification/6756e293514336528ca8e3a9
2025-01-22 11:21:00 [INFO]: GET /api/doctor/dashboard/6756e293514336528ca8e3a9
2025-01-22 11:21:00 [INFO]: GET /api/doctor/payments/6756e293514336528ca8e3a9
2025-01-22 11:21:39 [INFO]: GET /api/doctor/dashboard/6756e293514336528ca8e3a9
2025-01-22 11:21:39 [INFO]: GET /api/doctor/payments/6756e293514336528ca8e3a9
2025-01-22 11:21:50 [INFO]: GET /api/doctor/dashboard/6756e293514336528ca8e3a9
2025-01-22 11:21:50 [INFO]: GET /api/doctor/payments/6756e293514336528ca8e3a9
2025-01-22 11:32:09 [INFO]: GET /api/notification/6756e293514336528ca8e3a9
2025-01-22 11:32:09 [INFO]: GET /api/doctor/dashboard/6756e293514336528ca8e3a9
2025-01-22 11:32:09 [INFO]: GET /api/doctor/payments/6756e293514336528ca8e3a9
2025-01-22 11:32:09 [INFO]: GET /api/notification/6756e293514336528ca8e3a9
2025-01-22 11:32:09 [INFO]: GET /api/doctor/dashboard/6756e293514336528ca8e3a9
2025-01-22 11:32:09 [INFO]: GET /api/doctor/payments/6756e293514336528ca8e3a9
2025-01-22 11:32:12 [INFO]: GET /api/notification/6756e293514336528ca8e3a9
2025-01-22 11:32:12 [INFO]: GET /api/doctor/dashboard/6756e293514336528ca8e3a9
2025-01-22 11:32:12 [INFO]: GET /api/doctor/payments/6756e293514336528ca8e3a9
2025-01-22 11:32:12 [INFO]: GET /api/notification/6756e293514336528ca8e3a9
2025-01-22 11:32:12 [INFO]: GET /api/doctor/dashboard/6756e293514336528ca8e3a9
2025-01-22 11:32:12 [INFO]: GET /api/doctor/payments/6756e293514336528ca8e3a9
2025-01-22 11:32:15 [INFO]: GET /api/notification/6756e293514336528ca8e3a9
2025-01-22 11:32:15 [INFO]: GET /api/doctor/dashboard/6756e293514336528ca8e3a9
2025-01-22 11:32:15 [INFO]: GET /api/doctor/payments/6756e293514336528ca8e3a9
2025-01-22 11:32:15 [INFO]: GET /api/notification/6756e293514336528ca8e3a9
2025-01-22 11:32:15 [INFO]: GET /api/doctor/dashboard/6756e293514336528ca8e3a9
2025-01-22 11:32:15 [INFO]: GET /api/doctor/payments/6756e293514336528ca8e3a9
2025-01-22 11:32:19 [INFO]: GET /api/notification/6756e293514336528ca8e3a9
2025-01-22 11:32:19 [INFO]: GET /api/doctor/dashboard/6756e293514336528ca8e3a9
2025-01-22 11:32:19 [INFO]: GET /api/doctor/payments/6756e293514336528ca8e3a9
2025-01-22 11:32:19 [INFO]: GET /api/notification/6756e293514336528ca8e3a9
2025-01-22 11:32:19 [INFO]: GET /api/doctor/dashboard/6756e293514336528ca8e3a9
2025-01-22 11:32:19 [INFO]: GET /api/doctor/payments/6756e293514336528ca8e3a9
2025-01-22 11:34:34 [INFO]: GET /api/notification/6756e293514336528ca8e3a9
2025-01-22 11:34:34 [INFO]: GET /api/doctor/dashboard/6756e293514336528ca8e3a9
2025-01-22 11:34:34 [INFO]: GET /api/doctor/payments/6756e293514336528ca8e3a9
2025-01-22 11:34:34 [INFO]: GET /api/notification/6756e293514336528ca8e3a9
2025-01-22 11:34:34 [INFO]: GET /api/doctor/dashboard/6756e293514336528ca8e3a9
2025-01-22 11:34:34 [INFO]: GET /api/doctor/payments/6756e293514336528ca8e3a9
2025-01-22 11:34:36 [INFO]: GET /api/notification/6756e293514336528ca8e3a9
2025-01-22 11:34:36 [INFO]: GET /api/doctor/dashboard/6756e293514336528ca8e3a9
2025-01-22 11:34:36 [INFO]: GET /api/doctor/payments/6756e293514336528ca8e3a9
2025-01-22 11:34:36 [INFO]: GET /api/notification/6756e293514336528ca8e3a9
2025-01-22 11:34:36 [INFO]: GET /api/doctor/dashboard/6756e293514336528ca8e3a9
2025-01-22 11:34:37 [INFO]: GET /api/doctor/payments/6756e293514336528ca8e3a9
2025-01-22 11:34:39 [INFO]: GET /api/notification/6756e293514336528ca8e3a9
2025-01-22 11:34:39 [INFO]: GET /api/doctor/dashboard/6756e293514336528ca8e3a9
2025-01-22 11:34:39 [INFO]: GET /api/doctor/payments/6756e293514336528ca8e3a9
2025-01-22 11:34:39 [INFO]: GET /api/notification/6756e293514336528ca8e3a9
2025-01-22 11:34:39 [INFO]: GET /api/doctor/dashboard/6756e293514336528ca8e3a9
2025-01-22 11:34:39 [INFO]: GET /api/doctor/payments/6756e293514336528ca8e3a9
2025-01-22 11:38:03 [INFO]: POST /api/doctor/signin
2025-01-22 11:38:03 [INFO]: GET /api/notification/6756e293514336528ca8e3a9
2025-01-22 11:38:03 [INFO]: GET /api/doctor/dashboard/6756e293514336528ca8e3a9
2025-01-22 11:38:03 [INFO]: GET /api/doctor/payments/6756e293514336528ca8e3a9
2025-01-22 11:38:03 [INFO]: GET /api/notification/6756e293514336528ca8e3a9
2025-01-22 11:38:03 [INFO]: GET /api/doctor/dashboard/6756e293514336528ca8e3a9
2025-01-22 11:38:03 [INFO]: GET /api/doctor/payments/6756e293514336528ca8e3a9
2025-01-22 11:39:19 [INFO]: GET /api/doctor/dashboard/6756e293514336528ca8e3a9
2025-01-22 11:39:19 [INFO]: GET /api/doctor/payments/6756e293514336528ca8e3a9
2025-01-22 11:40:59 [INFO]: GET /api/doctor/dashboard/6756e293514336528ca8e3a9
2025-01-22 11:40:59 [INFO]: GET /api/doctor/payments/6756e293514336528ca8e3a9
2025-01-22 11:46:21 [INFO]: GET /api/doctor/dashboard/6756e293514336528ca8e3a9
2025-01-22 11:46:21 [INFO]: GET /api/doctor/payments/6756e293514336528ca8e3a9
2025-01-22 11:46:23 [INFO]: GET /api/doctor/dashboard/6756e293514336528ca8e3a9
2025-01-22 11:46:23 [INFO]: GET /api/doctor/payments/6756e293514336528ca8e3a9
2025-01-22 11:46:23 [INFO]: GET /api/notification/6756e293514336528ca8e3a9
2025-01-22 11:46:23 [INFO]: GET /api/notification/6756e293514336528ca8e3a9
2025-01-22 11:46:23 [INFO]: GET /api/doctor/payments/6756e293514336528ca8e3a9
2025-01-22 11:46:24 [INFO]: GET /api/doctor/dashboard/6756e293514336528ca8e3a9
2025-01-22 11:46:39 [INFO]: GET /api/notification/6756e293514336528ca8e3a9
2025-01-22 11:46:39 [INFO]: GET /api/doctor/dashboard/6756e293514336528ca8e3a9
2025-01-22 11:46:39 [INFO]: GET /api/doctor/payments/6756e293514336528ca8e3a9
2025-01-22 11:46:39 [INFO]: GET /api/notification/6756e293514336528ca8e3a9
2025-01-22 11:46:39 [INFO]: GET /api/doctor/dashboard/6756e293514336528ca8e3a9
2025-01-22 11:46:39 [INFO]: GET /api/doctor/payments/6756e293514336528ca8e3a9
2025-01-22 11:47:14 [INFO]: GET /api/doctor/dashboard/6756e293514336528ca8e3a9
2025-01-22 11:47:14 [INFO]: GET /api/doctor/payments/6756e293514336528ca8e3a9
2025-01-22 11:47:24 [INFO]: GET /api/notification/6756e293514336528ca8e3a9
2025-01-22 11:47:24 [INFO]: GET /api/doctor/dashboard/6756e293514336528ca8e3a9
2025-01-22 11:47:24 [INFO]: GET /api/doctor/payments/6756e293514336528ca8e3a9
2025-01-22 11:47:24 [INFO]: GET /api/notification/6756e293514336528ca8e3a9
2025-01-22 11:47:24 [INFO]: GET /api/doctor/payments/6756e293514336528ca8e3a9
2025-01-22 11:47:24 [INFO]: GET /api/doctor/dashboard/6756e293514336528ca8e3a9
2025-01-22 11:47:44 [INFO]: GET /api/doctor/dashboard/6756e293514336528ca8e3a9
2025-01-22 11:47:44 [INFO]: GET /api/doctor/payments/6756e293514336528ca8e3a9
2025-01-22 11:47:52 [INFO]: GET /api/doctor/dashboard/6756e293514336528ca8e3a9
2025-01-22 11:47:52 [INFO]: GET /api/doctor/payments/6756e293514336528ca8e3a9
2025-01-22 11:47:59 [INFO]: GET /api/doctor/dashboard/6756e293514336528ca8e3a9
2025-01-22 11:47:59 [INFO]: GET /api/doctor/payments/6756e293514336528ca8e3a9
2025-01-22 11:49:13 [INFO]: GET /api/notification/6756e293514336528ca8e3a9
2025-01-22 11:49:14 [INFO]: GET /api/doctor/dashboard/6756e293514336528ca8e3a9
2025-01-22 11:49:14 [INFO]: GET /api/doctor/payments/6756e293514336528ca8e3a9
2025-01-22 11:49:14 [INFO]: GET /api/notification/6756e293514336528ca8e3a9
2025-01-22 11:49:14 [INFO]: GET /api/doctor/dashboard/6756e293514336528ca8e3a9
2025-01-22 11:49:14 [INFO]: GET /api/doctor/payments/6756e293514336528ca8e3a9
2025-01-22 11:50:35 [INFO]: GET /api/doctor/dashboard/6756e293514336528ca8e3a9
2025-01-22 11:50:35 [INFO]: GET /api/doctor/payments/6756e293514336528ca8e3a9
2025-01-22 11:52:44 [INFO]: GET /api/doctor/dashboard/6756e293514336528ca8e3a9
2025-01-22 11:52:44 [INFO]: GET /api/doctor/payments/6756e293514336528ca8e3a9
2025-01-22 11:52:58 [INFO]: GET /api/notification/6756e293514336528ca8e3a9
2025-01-22 11:52:58 [INFO]: GET /api/doctor/dashboard/6756e293514336528ca8e3a9
2025-01-22 11:52:58 [INFO]: GET /api/doctor/payments/6756e293514336528ca8e3a9
2025-01-22 11:52:58 [INFO]: GET /api/notification/6756e293514336528ca8e3a9
2025-01-22 11:52:58 [INFO]: GET /api/doctor/payments/6756e293514336528ca8e3a9
2025-01-22 11:52:58 [INFO]: GET /api/doctor/dashboard/6756e293514336528ca8e3a9
2025-01-22 11:54:33 [INFO]: GET /api/doctor/dashboard/6756e293514336528ca8e3a9
2025-01-22 11:54:33 [INFO]: GET /api/doctor/payments/6756e293514336528ca8e3a9
2025-01-22 11:54:39 [INFO]: GET /api/notification/6756e293514336528ca8e3a9
2025-01-22 11:54:39 [INFO]: GET /api/doctor/dashboard/6756e293514336528ca8e3a9
2025-01-22 11:54:39 [INFO]: GET /api/doctor/payments/6756e293514336528ca8e3a9
2025-01-22 11:54:39 [INFO]: GET /api/notification/6756e293514336528ca8e3a9
2025-01-22 11:54:39 [INFO]: GET /api/doctor/payments/6756e293514336528ca8e3a9
2025-01-22 11:54:39 [INFO]: GET /api/doctor/dashboard/6756e293514336528ca8e3a9
2025-01-22 11:54:50 [INFO]: GET /api/notification/6756e293514336528ca8e3a9
2025-01-22 11:54:50 [INFO]: GET /api/doctor/dashboard/6756e293514336528ca8e3a9
2025-01-22 11:54:50 [INFO]: GET /api/doctor/payments/6756e293514336528ca8e3a9
2025-01-22 11:54:50 [INFO]: GET /api/notification/6756e293514336528ca8e3a9
2025-01-22 11:54:50 [INFO]: GET /api/doctor/dashboard/6756e293514336528ca8e3a9
2025-01-22 11:54:50 [INFO]: GET /api/doctor/payments/6756e293514336528ca8e3a9
2025-01-22 11:55:38 [INFO]: GET /api/doctor/dashboard/6756e293514336528ca8e3a9
2025-01-22 11:55:38 [INFO]: GET /api/doctor/payments/6756e293514336528ca8e3a9
2025-01-22 11:55:40 [INFO]: GET /api/notification/6756e293514336528ca8e3a9
2025-01-22 11:55:40 [INFO]: GET /api/doctor/dashboard/6756e293514336528ca8e3a9
2025-01-22 11:55:40 [INFO]: GET /api/doctor/payments/6756e293514336528ca8e3a9
2025-01-22 11:55:40 [INFO]: GET /api/notification/6756e293514336528ca8e3a9
2025-01-22 11:55:40 [INFO]: GET /api/doctor/dashboard/6756e293514336528ca8e3a9
2025-01-22 11:55:40 [INFO]: GET /api/doctor/payments/6756e293514336528ca8e3a9
2025-01-22 11:56:33 [INFO]: GET /api/doctor/dashboard/6756e293514336528ca8e3a9
2025-01-22 11:56:33 [INFO]: GET /api/doctor/payments/6756e293514336528ca8e3a9
2025-01-22 11:56:43 [INFO]: GET /api/notification/6756e293514336528ca8e3a9
2025-01-22 11:56:43 [INFO]: GET /api/doctor/payments/6756e293514336528ca8e3a9
2025-01-22 11:56:43 [INFO]: GET /api/doctor/dashboard/6756e293514336528ca8e3a9
2025-01-22 11:56:43 [INFO]: GET /api/notification/6756e293514336528ca8e3a9
2025-01-22 11:56:43 [INFO]: GET /api/doctor/payments/6756e293514336528ca8e3a9
2025-01-22 11:56:43 [INFO]: GET /api/doctor/dashboard/6756e293514336528ca8e3a9
2025-01-22 12:00:24 [INFO]: GET /api/notification/6756e293514336528ca8e3a9
2025-01-22 12:00:24 [INFO]: GET /api/doctor/payments/6756e293514336528ca8e3a9
2025-01-22 12:00:24 [INFO]: GET /api/doctor/dashboard/6756e293514336528ca8e3a9
2025-01-22 12:00:24 [INFO]: GET /api/notification/6756e293514336528ca8e3a9
2025-01-22 12:00:24 [INFO]: GET /api/doctor/payments/6756e293514336528ca8e3a9
2025-01-22 12:00:24 [INFO]: GET /api/doctor/dashboard/6756e293514336528ca8e3a9
2025-01-22 12:03:14 [INFO]: GET /api/doctor/dashboard/6756e293514336528ca8e3a9
2025-01-22 12:03:14 [INFO]: GET /api/doctor/payments/6756e293514336528ca8e3a9
2025-01-22 12:03:52 [INFO]: GET /api/doctor/dashboard/6756e293514336528ca8e3a9
2025-01-22 12:03:52 [INFO]: GET /api/doctor/payments/6756e293514336528ca8e3a9
2025-01-22 12:04:05 [INFO]: GET /api/notification/6756e293514336528ca8e3a9
2025-01-22 12:04:05 [INFO]: GET /api/doctor/dashboard/6756e293514336528ca8e3a9
2025-01-22 12:04:05 [INFO]: GET /api/doctor/payments/6756e293514336528ca8e3a9
2025-01-22 12:04:05 [INFO]: GET /api/notification/6756e293514336528ca8e3a9
2025-01-22 12:04:05 [INFO]: GET /api/doctor/payments/6756e293514336528ca8e3a9
2025-01-22 12:04:05 [INFO]: GET /api/doctor/dashboard/6756e293514336528ca8e3a9
2025-01-22 12:05:08 [INFO]: GET /api/doctor/dashboard/6756e293514336528ca8e3a9
2025-01-22 12:05:08 [INFO]: GET /api/doctor/payments/6756e293514336528ca8e3a9
2025-01-22 12:05:49 [INFO]: GET /api/doctor/dashboard/6756e293514336528ca8e3a9
2025-01-22 12:05:49 [INFO]: GET /api/doctor/payments/6756e293514336528ca8e3a9
2025-01-22 12:06:27 [INFO]: GET /api/notification/6756e293514336528ca8e3a9
2025-01-22 12:06:27 [INFO]: GET /api/doctor/dashboard/6756e293514336528ca8e3a9
2025-01-22 12:06:27 [INFO]: GET /api/doctor/payments/6756e293514336528ca8e3a9
2025-01-22 12:06:27 [INFO]: GET /api/notification/6756e293514336528ca8e3a9
2025-01-22 12:06:27 [INFO]: GET /api/doctor/dashboard/6756e293514336528ca8e3a9
2025-01-22 12:06:27 [INFO]: GET /api/doctor/payments/6756e293514336528ca8e3a9
2025-01-22 12:06:30 [INFO]: GET /api/notification/6756e293514336528ca8e3a9
2025-01-22 12:06:30 [INFO]: GET /api/doctor/dashboard/6756e293514336528ca8e3a9
2025-01-22 12:06:30 [INFO]: GET /api/doctor/payments/6756e293514336528ca8e3a9
2025-01-22 12:06:30 [INFO]: GET /api/notification/6756e293514336528ca8e3a9
2025-01-22 12:06:30 [INFO]: GET /api/doctor/dashboard/6756e293514336528ca8e3a9
2025-01-22 12:06:30 [INFO]: GET /api/doctor/payments/6756e293514336528ca8e3a9
2025-01-22 12:09:24 [INFO]: GET /api/notification/6756e293514336528ca8e3a9
2025-01-22 12:09:24 [INFO]: GET /api/doctor/dashboard/6756e293514336528ca8e3a9
2025-01-22 12:09:24 [INFO]: GET /api/doctor/payments/6756e293514336528ca8e3a9
2025-01-22 12:09:24 [INFO]: GET /api/doctor/dashboard/6756e293514336528ca8e3a9
2025-01-22 12:09:24 [INFO]: GET /api/doctor/payments/6756e293514336528ca8e3a9
2025-01-22 12:09:24 [INFO]: POST /api/token
2025-01-22 12:09:24 [INFO]: POST /api/token
2025-01-22 12:09:24 [INFO]: POST /api/token
2025-01-22 12:09:25 [INFO]: POST /api/token
2025-01-22 12:09:25 [INFO]: GET /api/doctor/dashboard/6756e293514336528ca8e3a9
2025-01-22 12:09:25 [INFO]: GET /api/doctor/payments/6756e293514336528ca8e3a9
2025-01-22 12:09:25 [INFO]: GET /api/notification/6756e293514336528ca8e3a9
2025-01-22 12:09:25 [INFO]: GET /api/doctor/dashboard/6756e293514336528ca8e3a9
2025-01-22 12:09:25 [INFO]: GET /api/doctor/payments/6756e293514336528ca8e3a9
2025-01-22 12:10:13 [INFO]: GET /api/doctor/dashboard/6756e293514336528ca8e3a9
2025-01-22 12:10:13 [INFO]: GET /api/doctor/payments/6756e293514336528ca8e3a9
2025-01-22 12:12:58 [INFO]: GET /api/notification/6756e293514336528ca8e3a9
2025-01-22 12:12:58 [INFO]: GET /api/doctor/dashboard/6756e293514336528ca8e3a9
2025-01-22 12:12:58 [INFO]: GET /api/doctor/payments/6756e293514336528ca8e3a9
2025-01-22 12:12:58 [INFO]: GET /api/notification/6756e293514336528ca8e3a9
2025-01-22 12:12:58 [INFO]: GET /api/doctor/dashboard/6756e293514336528ca8e3a9
2025-01-22 12:12:58 [INFO]: GET /api/doctor/payments/6756e293514336528ca8e3a9
2025-01-22 12:15:02 [INFO]: GET /api/notification/6756e293514336528ca8e3a9
2025-01-22 12:15:02 [INFO]: GET /api/doctor/dashboard/6756e293514336528ca8e3a9
2025-01-22 12:15:02 [INFO]: GET /api/doctor/payments/6756e293514336528ca8e3a9
2025-01-22 12:15:02 [INFO]: GET /api/notification/6756e293514336528ca8e3a9
2025-01-22 12:15:02 [INFO]: GET /api/doctor/payments/6756e293514336528ca8e3a9
2025-01-22 12:15:02 [INFO]: GET /api/doctor/dashboard/6756e293514336528ca8e3a9
2025-01-22 12:15:07 [INFO]: PUT /api/notification/read/6756e293514336528ca8e3a9
2025-01-22 12:15:07 [INFO]: GET /api/notification/6756e293514336528ca8e3a9
2025-01-22 12:15:08 [INFO]: GET /api/notification/6756e293514336528ca8e3a9
2025-01-22 12:15:08 [INFO]: GET /api/doctor/notifications/6756e293514336528ca8e3a9?page=1&limit=5
2025-01-22 12:15:08 [INFO]: GET /api/notification/6756e293514336528ca8e3a9
2025-01-22 12:15:08 [INFO]: GET /api/doctor/notifications/6756e293514336528ca8e3a9?page=1&limit=5
2025-01-22 12:15:08 [INFO]: GET /api/doctor/notifications/6756e293514336528ca8e3a9?page=1&limit=5
2025-01-22 12:15:10 [INFO]: GET /api/notification/6756e293514336528ca8e3a9
2025-01-22 12:15:10 [INFO]: GET /api/doctor/dashboard/6756e293514336528ca8e3a9
2025-01-22 12:15:10 [INFO]: GET /api/doctor/payments/6756e293514336528ca8e3a9
2025-01-22 12:15:10 [INFO]: GET /api/notification/6756e293514336528ca8e3a9
2025-01-22 12:15:11 [INFO]: GET /api/doctor/dashboard/6756e293514336528ca8e3a9
2025-01-22 12:15:11 [INFO]: GET /api/doctor/payments/6756e293514336528ca8e3a9
2025-01-22 12:53:12 [INFO]: GET /api/notification/6756e293514336528ca8e3a9
2025-01-22 12:53:12 [INFO]: GET /api/doctor/payments/6756e293514336528ca8e3a9
2025-01-22 12:53:12 [INFO]: GET /api/doctor/dashboard/6756e293514336528ca8e3a9
2025-01-22 12:53:12 [INFO]: GET /api/doctor/payments/6756e293514336528ca8e3a9
2025-01-22 12:53:12 [INFO]: GET /api/doctor/dashboard/6756e293514336528ca8e3a9
2025-01-22 12:53:12 [INFO]: POST /api/token
2025-01-22 12:53:12 [INFO]: POST /api/token
2025-01-22 12:53:12 [INFO]: POST /api/token
2025-01-22 12:53:12 [INFO]: GET /api/notification/6756e293514336528ca8e3a9
2025-01-22 12:53:12 [INFO]: GET /api/doctor/payments/6756e293514336528ca8e3a9
2025-01-22 12:53:12 [INFO]: POST /api/token
2025-01-22 12:53:12 [INFO]: GET /api/doctor/dashboard/6756e293514336528ca8e3a9
2025-01-22 12:53:12 [INFO]: GET /api/doctor/dashboard/6756e293514336528ca8e3a9
2025-01-22 12:53:12 [INFO]: GET /api/doctor/payments/6756e293514336528ca8e3a9
2025-01-22 13:58:25 [INFO]: GET /api/notification/6756e293514336528ca8e3a9
2025-01-22 13:58:25 [INFO]: GET /api/doctor/payments/6756e293514336528ca8e3a9
2025-01-22 13:58:25 [INFO]: GET /api/doctor/dashboard/6756e293514336528ca8e3a9
2025-01-22 13:58:25 [INFO]: GET /api/doctor/payments/6756e293514336528ca8e3a9
2025-01-22 13:58:25 [INFO]: GET /api/doctor/dashboard/6756e293514336528ca8e3a9
2025-01-22 13:58:25 [INFO]: POST /api/token
2025-01-22 13:58:25 [INFO]: POST /api/token
2025-01-22 13:58:25 [INFO]: POST /api/token
2025-01-22 13:58:25 [INFO]: POST /api/token
2025-01-22 13:58:25 [INFO]: GET /api/doctor/payments/6756e293514336528ca8e3a9
2025-01-22 13:58:25 [INFO]: GET /api/doctor/dashboard/6756e293514336528ca8e3a9
2025-01-22 13:58:27 [INFO]: GET /api/notification/6756e293514336528ca8e3a9
2025-01-22 13:58:27 [INFO]: GET /api/doctor/payments/6756e293514336528ca8e3a9
2025-01-22 14:39:36 [INFO]: GET /api/notification/67629705a8db5411f814e1cb
2025-01-22 14:39:36 [INFO]: GET /api/patients/doctors/timeSlots/6756e293514336528ca8e3a9
2025-01-22 14:39:36 [INFO]: GET /api/patients/doctors/timeSlots/6756e293514336528ca8e3a9
2025-01-22 14:39:36 [INFO]: GET /api/notification/67629705a8db5411f814e1cb
2025-01-22 14:39:36 [INFO]: POST /api/token
2025-01-22 14:39:36 [INFO]: POST /api/token
2025-01-22 14:39:36 [INFO]: GET /api/patients/doctors/timeSlots/6756e293514336528ca8e3a9
2025-01-22 14:39:36 [INFO]: GET /api/notification/67629705a8db5411f814e1cb
2025-01-22 14:39:36 [INFO]: GET /api/patients/doctors/timeSlots/6756e293514336528ca8e3a9
2025-01-22 14:39:57 [INFO]: POST /api/patients/signin
2025-01-22 14:39:58 [INFO]: GET /api/notification/67629705a8db5411f814e1cb
2025-01-22 14:39:58 [INFO]: GET /api/notification/67629705a8db5411f814e1cb
2025-01-22 14:39:58 [INFO]: GET /api/notification/67629705a8db5411f814e1cb
2025-01-22 14:40:00 [INFO]: GET /api/notification/67629705a8db5411f814e1cb
2025-01-22 14:40:00 [INFO]: GET /api/notification/67629705a8db5411f814e1cb
2025-01-22 14:40:00 [INFO]: GET /api/patients/doctors?page=1&limit=10&search=&specialization=&gender=&experience=
2025-01-22 14:40:06 [INFO]: GET /api/patients/doctors?page=1&limit=10&search=&specialization=&gender=&experience=5
2025-01-22 14:51:51 [INFO]: GET /api/notification/67629705a8db5411f814e1cb
2025-01-22 14:51:52 [INFO]: GET /api/notification/67629705a8db5411f814e1cb
2025-01-22 14:51:52 [INFO]: GET /api/patients/doctors?page=1&limit=10&search=&specialization=&gender=&experience=
2025-01-22 14:51:57 [INFO]: GET /api/patients/doctors?page=1&limit=10&search=&specialization=&gender=&experience=5
2025-01-22 14:52:03 [INFO]: GET /api/patients/doctors?page=1&limit=10&search=&specialization=&gender=&experience=10
2025-01-22 14:52:09 [INFO]: GET /api/patients/doctors?page=1&limit=10&search=&specialization=&gender=&experience=15
2025-01-22 14:52:13 [INFO]: GET /api/patients/doctors?page=1&limit=10&search=&specialization=&gender=&experience=20
2025-01-22 14:58:11 [INFO]: GET /api/patients/doctors?page=1&limit=10&search=&specialization=&gender=&experience=
2025-01-22 14:58:15 [INFO]: GET /api/patients/doctors?page=1&limit=10&search=&specialization=&gender=&experience=5
2025-01-22 14:58:40 [INFO]: GET /api/patients/doctors?page=1&limit=10&search=&specialization=pediatrician&gender=&experience=5
2025-01-22 14:58:45 [INFO]: GET /api/patients/doctors?page=1&limit=10&search=&specialization=pediatrician&gender=male&experience=5
2025-01-22 15:00:50 [INFO]: GET /api/patients/doctors?page=1&limit=10&search=&specialization=&gender=&experience=
2025-01-22 15:00:53 [INFO]: GET /api/patients/doctors?page=1&limit=10&search=&specialization=&gender=&experience=10
2025-01-22 15:01:43 [INFO]: GET /api/patients/doctors?page=1&limit=10&search=&specialization=&gender=&experience=
2025-01-22 15:01:47 [INFO]: GET /api/patients/doctors?page=1&limit=10&search=&specialization=&gender=&experience=15
2025-01-22 15:03:46 [INFO]: GET /api/patients/doctors?page=1&limit=10&search=&specialization=&gender=&experience=20
2025-01-22 15:18:18 [INFO]: GET /api/notification/67629705a8db5411f814e1cb
2025-01-22 15:18:18 [INFO]: GET /api/notification/67629705a8db5411f814e1cb
2025-01-22 15:18:19 [INFO]: GET /api/patients/doctors?page=1&limit=10&search=&specialization=&gender=&experience=
2025-01-22 15:18:19 [INFO]: POST /api/token
2025-01-22 15:18:19 [INFO]: GET /api/patients/doctors?page=1&limit=10&search=&specialization=&gender=&experience=
2025-01-22 15:18:26 [INFO]: GET /api/patients/doctors?page=1&limit=10&search=&specialization=&gender=&experience=5
2025-01-22 15:18:30 [INFO]: GET /api/patients/doctors?page=1&limit=10&search=&specialization=&gender=&experience=10
2025-01-22 15:18:33 [INFO]: GET /api/patients/doctors?page=1&limit=10&search=&specialization=&gender=&experience=15
2025-01-22 15:21:00 [INFO]: GET /api/patients/doctors?page=1&limit=10&search=&specialization=&gender=&experience=
2025-01-22 15:27:24 [INFO]: GET /api/patients/doctors?page=1&limit=10&search=&specialization=&gender=&experience=10
2025-01-22 15:28:11 [INFO]: GET /api/patients/doctors?page=1&limit=10&search=&specialization=&gender=&experience=
2025-01-22 15:28:15 [INFO]: GET /api/patients/doctors?page=1&limit=10&search=&specialization=&gender=&experience=10
2025-01-22 15:33:04 [INFO]: GET /api/patients/doctors?page=1&limit=10&search=&specialization=&gender=&experience=
2025-01-22 15:33:08 [INFO]: GET /api/patients/doctors?page=1&limit=10&search=&specialization=gynecologist&gender=&experience=
2025-01-22 15:34:25 [INFO]: GET /api/patients/doctors?page=1&limit=10&search=&specialization=gynecologist&gender=&experience=
2025-01-22 15:34:31 [INFO]: GET /api/patients/doctors?page=1&limit=10&search=&specialization=&gender=&experience=
2025-01-22 15:51:32 [INFO]: GET /api/notification/6756e293514336528ca8e3a9
2025-01-22 15:51:32 [INFO]: GET /api/doctor/dashboard/6756e293514336528ca8e3a9
2025-01-22 15:51:33 [INFO]: GET /api/doctor/payments/6756e293514336528ca8e3a9
2025-01-22 15:51:33 [INFO]: GET /api/doctor/payments/6756e293514336528ca8e3a9
2025-01-22 15:51:33 [INFO]: GET /api/doctor/dashboard/6756e293514336528ca8e3a9
2025-01-22 15:51:33 [INFO]: GET /api/notification/6756e293514336528ca8e3a9
2025-01-22 15:51:33 [INFO]: POST /api/token
2025-01-22 15:51:33 [INFO]: POST /api/token
2025-01-22 15:51:33 [INFO]: POST /api/token
2025-01-22 15:51:33 [INFO]: GET /api/doctor/dashboard/6756e293514336528ca8e3a9
2025-01-22 15:51:33 [INFO]: POST /api/token
2025-01-22 15:51:33 [INFO]: GET /api/doctor/payments/6756e293514336528ca8e3a9
2025-01-22 15:51:33 [INFO]: GET /api/doctor/dashboard/6756e293514336528ca8e3a9
2025-01-22 15:51:33 [INFO]: GET /api/doctor/payments/6756e293514336528ca8e3a9
2025-01-22 15:51:45 [INFO]: POST /api/admin/signin
2025-01-22 15:51:45 [INFO]: GET /api/admin/dashboard/6755139cbb339a450c37ecb8?period=daily
2025-01-22 15:51:45 [INFO]: GET /api/notification/6755139cbb339a450c37ecb8
2025-01-22 15:51:45 [INFO]: GET /api/notification/6755139cbb339a450c37ecb8
2025-01-22 15:51:45 [INFO]: GET /api/admin/dashboard/6755139cbb339a450c37ecb8?period=daily
2025-01-22 15:52:01 [INFO]: GET /api/notification/6755139cbb339a450c37ecb8
2025-01-22 15:52:01 [INFO]: GET /api/admin/patients?page=1&limit=7&search=
2025-01-22 15:52:02 [INFO]: GET /api/notification/6755139cbb339a450c37ecb8
2025-01-22 15:52:02 [INFO]: GET /api/admin/patients?page=1&limit=7&search=
2025-01-22 15:52:06 [INFO]: GET /api/notification/6755139cbb339a450c37ecb8
2025-01-22 15:52:06 [INFO]: GET /api/admin/doctors?page=1&limit=7&search=&specialization=&gender=&experience=
2025-01-22 15:52:06 [INFO]: GET /api/notification/6755139cbb339a450c37ecb8
2025-01-22 15:52:07 [INFO]: GET /api/admin/doctors?page=1&limit=7&search=&specialization=&gender=&experience=
2025-01-22 15:52:07 [INFO]: GET /api/admin/doctors?page=1&limit=7&search=&specialization=&gender=&experience=
2025-01-22 15:52:07 [INFO]: GET /api/notification/67629705a8db5411f814e1cb
2025-01-22 15:52:07 [INFO]: GET /api/notification/67629705a8db5411f814e1cb
2025-01-22 15:52:08 [INFO]: GET /api/patients/doctors?page=1&limit=10&search=&specialization=&gender=&experience=
2025-01-22 15:52:08 [INFO]: POST /api/token
2025-01-22 15:52:08 [INFO]: GET /api/patients/doctors?page=1&limit=10&search=&specialization=&gender=&experience=
2025-01-22 15:52:10 [INFO]: GET /api/notification/6755139cbb339a450c37ecb8
2025-01-22 15:52:10 [INFO]: GET /api/admin/patients?page=1&limit=7&search=
2025-01-22 15:52:10 [INFO]: GET /api/notification/6755139cbb339a450c37ecb8
2025-01-22 15:52:10 [INFO]: GET /api/admin/patients?page=1&limit=7&search=
2025-01-22 15:52:11 [INFO]: GET /api/notification/6755139cbb339a450c37ecb8
2025-01-22 15:52:11 [INFO]: GET /api/admin/doctors?page=1&limit=7&search=&specialization=&gender=&experience=
2025-01-22 15:52:11 [INFO]: GET /api/notification/6755139cbb339a450c37ecb8
2025-01-22 15:52:11 [INFO]: GET /api/admin/doctors?page=1&limit=7&search=&specialization=&gender=&experience=
2025-01-22 15:52:12 [INFO]: GET /api/admin/doctors?page=1&limit=7&search=&specialization=&gender=&experience=
2025-01-22 15:52:15 [INFO]: GET /api/admin/doctors?page=1&limit=7&search=s&specialization=&gender=&experience=
2025-01-22 15:52:16 [INFO]: GET /api/admin/doctors?page=1&limit=7&search=se&specialization=&gender=&experience=
2025-01-22 15:52:16 [INFO]: GET /api/admin/doctors?page=1&limit=7&search=se&specialization=&gender=&experience=
2025-01-22 15:52:19 [INFO]: GET /api/admin/doctors?page=1&limit=7&search=ses&specialization=&gender=&experience=
2025-01-22 15:52:19 [INFO]: GET /api/admin/doctors?page=1&limit=7&search=ses&specialization=&gender=&experience=
2025-01-22 15:52:20 [INFO]: GET /api/admin/doctors?page=1&limit=7&search=sess&specialization=&gender=&experience=
2025-01-22 15:52:20 [INFO]: GET /api/admin/doctors?page=1&limit=7&search=sessw&specialization=&gender=&experience=
2025-01-22 15:52:21 [INFO]: GET /api/admin/doctors?page=1&limit=7&search=sesswe&specialization=&gender=&experience=
2025-01-22 15:52:21 [INFO]: GET /api/admin/doctors?page=1&limit=7&search=sesswee&specialization=&gender=&experience=
2025-01-22 15:52:22 [INFO]: GET /api/admin/doctors?page=1&limit=7&search=sesswee&specialization=&gender=&experience=
2025-01-22 15:53:11 [INFO]: GET /api/notification/6755139cbb339a450c37ecb8
2025-01-22 15:53:11 [INFO]: GET /api/notification/6755139cbb339a450c37ecb8
2025-01-22 15:53:12 [INFO]: GET /api/admin/doctors?page=1&limit=7&search=&specialization=&gender=&experience=
2025-01-22 15:53:16 [INFO]: GET /api/notification/6755139cbb339a450c37ecb8
2025-01-22 15:53:16 [INFO]: GET /api/notification/6755139cbb339a450c37ecb8
2025-01-22 15:53:17 [INFO]: GET /api/admin/doctors?page=1&limit=7&search=&specialization=&gender=&experience=
2025-01-22 15:53:21 [INFO]: GET /api/admin/doctors?page=1&limit=7&search=s&specialization=&gender=&experience=
2025-01-22 15:53:25 [INFO]: GET /api/admin/doctors?page=1&limit=7&search=sett&specialization=&gender=&experience=
2025-01-22 15:53:28 [INFO]: GET /api/admin/doctors?page=1&limit=7&search=&specialization=&gender=&experience=
2025-01-22 15:53:33 [INFO]: GET /api/admin/doctors?page=1&limit=7&search=me&specialization=&gender=&experience=
2025-01-22 15:53:35 [INFO]: GET /api/admin/doctors?page=1&limit=7&search=mebin&specialization=&gender=&experience=
2025-01-22 15:54:08 [INFO]: GET /api/admin/doctors?page=1&limit=7&search=mebin&specialization=&gender=&experience=
2025-01-22 15:54:14 [INFO]: GET /api/admin/doctors?page=1&limit=7&search=&specialization=&gender=&experience=
2025-01-22 15:54:19 [INFO]: GET /api/admin/doctors?page=1&limit=7&search=Sweety&specialization=&gender=&experience=
2025-01-22 15:54:50 [INFO]: GET /api/admin/doctors?page=1&limit=7&search=Sweety&specialization=&gender=&experience=
2025-01-22 15:54:54 [INFO]: GET /api/notification/6755139cbb339a450c37ecb8
2025-01-22 15:54:54 [INFO]: GET /api/notification/6755139cbb339a450c37ecb8
2025-01-22 15:54:54 [INFO]: GET /api/admin/doctors?page=1&limit=7&search=&specialization=&gender=&experience=
2025-01-22 16:05:07 [INFO]: GET /api/notification/6755139cbb339a450c37ecb8
2025-01-22 16:05:07 [INFO]: GET /api/notification/6755139cbb339a450c37ecb8
2025-01-22 16:05:08 [INFO]: GET /api/admin/patients?page=1&limit=7&search=
2025-01-22 16:05:16 [INFO]: GET /api/admin/patients?page=1&limit=7&search=amal
2025-01-22 16:05:33 [INFO]: GET /api/admin/patients?page=1&limit=7&search=
2025-01-22 16:05:37 [INFO]: GET /api/notification/6755139cbb339a450c37ecb8
2025-01-22 16:05:37 [INFO]: GET /api/notification/6755139cbb339a450c37ecb8
2025-01-22 16:05:38 [INFO]: GET /api/admin/patients?page=1&limit=7&search=
2025-01-22 18:47:46 [INFO]: GET /api/notification/6755139cbb339a450c37ecb8
2025-01-22 18:47:47 [INFO]: GET /api/notification/6755139cbb339a450c37ecb8
2025-01-22 18:47:47 [INFO]: GET /api/admin/patients?page=1&limit=7&search=
2025-01-22 18:47:47 [INFO]: POST /api/token
2025-01-22 18:47:47 [INFO]: GET /api/admin/patients?page=1&limit=7&search=
2025-01-22 18:51:01 [INFO]: GET /api/admin/payments
2025-01-22 18:51:01 [INFO]: GET /api/notification/6755139cbb339a450c37ecb8
2025-01-22 18:51:01 [INFO]: GET /api/notification/6755139cbb339a450c37ecb8
2025-01-22 18:51:02 [INFO]: GET /api/admin/payments
2025-01-22 18:51:10 [INFO]: GET /api/admin/payments
2025-01-22 18:51:10 [INFO]: GET /api/notification/6755139cbb339a450c37ecb8
2025-01-22 18:51:10 [INFO]: GET /api/notification/6755139cbb339a450c37ecb8
2025-01-22 18:51:10 [INFO]: GET /api/admin/payments
2025-01-22 18:52:00 [INFO]: POST /api/doctor/signin
2025-01-22 18:52:00 [INFO]: GET /api/notification/6756e293514336528ca8e3a9
2025-01-22 18:52:00 [INFO]: GET /api/doctor/dashboard/6756e293514336528ca8e3a9
2025-01-22 18:52:00 [INFO]: GET /api/doctor/payments/6756e293514336528ca8e3a9
2025-01-22 18:52:00 [INFO]: GET /api/notification/6756e293514336528ca8e3a9
2025-01-22 18:52:01 [INFO]: GET /api/doctor/dashboard/6756e293514336528ca8e3a9
2025-01-22 18:52:01 [INFO]: GET /api/doctor/payments/6756e293514336528ca8e3a9
2025-01-22 18:52:04 [INFO]: GET /api/notification/6756e293514336528ca8e3a9
2025-01-22 18:52:04 [INFO]: GET /api/doctor/payments/6756e293514336528ca8e3a9
2025-01-22 18:52:04 [INFO]: GET /api/notification/6756e293514336528ca8e3a9
2025-01-22 18:52:05 [INFO]: GET /api/doctor/payments/6756e293514336528ca8e3a9
2025-01-22 18:52:50 [INFO]: GET /api/notification/6756e293514336528ca8e3a9
2025-01-22 18:52:50 [INFO]: GET /api/doctor/appointments/6756e293514336528ca8e3a9
2025-01-22 18:52:50 [INFO]: GET /api/notification/6756e293514336528ca8e3a9
2025-01-22 18:52:50 [INFO]: GET /api/doctor/appointments/6756e293514336528ca8e3a9
2025-01-22 18:52:52 [INFO]: GET /api/notification/6756e293514336528ca8e3a9
2025-01-22 18:52:52 [INFO]: GET /api/doctor/payments/6756e293514336528ca8e3a9
2025-01-22 18:52:53 [INFO]: GET /api/notification/6756e293514336528ca8e3a9
2025-01-22 18:52:53 [INFO]: GET /api/doctor/payments/6756e293514336528ca8e3a9
2025-01-22 18:53:08 [INFO]: POST /api/doctor/signin
2025-01-22 18:53:08 [INFO]: GET /api/notification/6769aab932a18f86fbb5e6c4
2025-01-22 18:53:08 [INFO]: GET /api/doctor/dashboard/6769aab932a18f86fbb5e6c4
2025-01-22 18:53:08 [INFO]: GET /api/doctor/payments/6769aab932a18f86fbb5e6c4
2025-01-22 18:53:08 [INFO]: GET /api/notification/6769aab932a18f86fbb5e6c4
2025-01-22 18:53:09 [INFO]: GET /api/doctor/dashboard/6769aab932a18f86fbb5e6c4
2025-01-22 18:53:09 [INFO]: GET /api/doctor/payments/6769aab932a18f86fbb5e6c4
2025-01-22 18:53:19 [INFO]: GET /api/notification/6769aab932a18f86fbb5e6c4
2025-01-22 18:53:19 [INFO]: GET /api/doctor/dashboard/6769aab932a18f86fbb5e6c4
2025-01-22 18:53:19 [INFO]: GET /api/doctor/payments/6769aab932a18f86fbb5e6c4
2025-01-22 18:53:19 [INFO]: GET /api/notification/6769aab932a18f86fbb5e6c4
2025-01-22 18:53:19 [INFO]: GET /api/doctor/dashboard/6769aab932a18f86fbb5e6c4
2025-01-22 18:53:19 [INFO]: GET /api/doctor/payments/6769aab932a18f86fbb5e6c4
2025-01-22 18:53:24 [INFO]: GET /api/notification/6769aab932a18f86fbb5e6c4
2025-01-22 18:53:24 [INFO]: GET /api/doctor/payments/6769aab932a18f86fbb5e6c4
2025-01-22 18:53:24 [INFO]: GET /api/notification/6769aab932a18f86fbb5e6c4
2025-01-22 18:53:24 [INFO]: GET /api/doctor/payments/6769aab932a18f86fbb5e6c4
2025-01-22 18:53:43 [INFO]: GET /api/notification/6769aab932a18f86fbb5e6c4
2025-01-22 18:53:43 [INFO]: GET /api/doctor/dashboard/6769aab932a18f86fbb5e6c4
2025-01-22 18:53:43 [INFO]: GET /api/doctor/payments/6769aab932a18f86fbb5e6c4
2025-01-22 18:53:43 [INFO]: GET /api/notification/6769aab932a18f86fbb5e6c4
2025-01-22 18:53:43 [INFO]: GET /api/doctor/dashboard/6769aab932a18f86fbb5e6c4
2025-01-22 18:53:43 [INFO]: GET /api/doctor/payments/6769aab932a18f86fbb5e6c4
2025-01-22 18:53:46 [INFO]: GET /api/notification/6769aab932a18f86fbb5e6c4
2025-01-22 18:53:46 [INFO]: GET /api/doctor/dashboard/6769aab932a18f86fbb5e6c4
2025-01-22 18:53:46 [INFO]: GET /api/doctor/payments/6769aab932a18f86fbb5e6c4
2025-01-22 18:53:47 [INFO]: GET /api/notification/6769aab932a18f86fbb5e6c4
2025-01-22 18:53:47 [INFO]: GET /api/doctor/dashboard/6769aab932a18f86fbb5e6c4
2025-01-22 18:53:47 [INFO]: GET /api/doctor/payments/6769aab932a18f86fbb5e6c4
2025-01-22 18:53:47 [INFO]: GET /api/notification/6769aab932a18f86fbb5e6c4
2025-01-22 18:53:47 [INFO]: GET /api/doctor/dashboard/6769aab932a18f86fbb5e6c4
2025-01-22 18:53:47 [INFO]: GET /api/notification/6769aab932a18f86fbb5e6c4
2025-01-22 18:53:47 [INFO]: GET /api/doctor/payments/6769aab932a18f86fbb5e6c4
2025-01-22 18:53:47 [INFO]: GET /api/notification/6769aab932a18f86fbb5e6c4
2025-01-22 18:53:47 [INFO]: GET /api/doctor/dashboard/6769aab932a18f86fbb5e6c4
2025-01-22 18:53:47 [INFO]: GET /api/doctor/payments/6769aab932a18f86fbb5e6c4
2025-01-22 18:53:47 [INFO]: GET /api/notification/6769aab932a18f86fbb5e6c4
2025-01-22 18:53:47 [INFO]: GET /api/doctor/dashboard/6769aab932a18f86fbb5e6c4
2025-01-22 18:53:47 [INFO]: GET /api/doctor/payments/6769aab932a18f86fbb5e6c4
2025-01-22 18:53:50 [INFO]: GET /api/notification/6769aab932a18f86fbb5e6c4
2025-01-22 18:53:50 [INFO]: GET /api/doctor/dashboard/6769aab932a18f86fbb5e6c4
2025-01-22 18:53:50 [INFO]: GET /api/doctor/payments/6769aab932a18f86fbb5e6c4
2025-01-22 18:53:50 [INFO]: GET /api/notification/6769aab932a18f86fbb5e6c4
2025-01-22 18:53:50 [INFO]: GET /api/doctor/dashboard/6769aab932a18f86fbb5e6c4
2025-01-22 18:53:50 [INFO]: GET /api/doctor/payments/6769aab932a18f86fbb5e6c4
2025-01-22 18:58:05 [INFO]: GET /api/notification/6769aab932a18f86fbb5e6c4
2025-01-22 18:58:05 [INFO]: GET /api/doctor/payments/6769aab932a18f86fbb5e6c4
2025-01-22 18:58:05 [INFO]: GET /api/notification/6769aab932a18f86fbb5e6c4
2025-01-22 18:58:05 [INFO]: GET /api/doctor/payments/6769aab932a18f86fbb5e6c4
2025-01-22 19:00:35 [INFO]: GET /api/notification/6769aab932a18f86fbb5e6c4
2025-01-22 19:00:35 [INFO]: GET /api/doctor/dashboard/6769aab932a18f86fbb5e6c4
2025-01-22 19:00:35 [INFO]: GET /api/doctor/payments/6769aab932a18f86fbb5e6c4
2025-01-22 19:00:35 [INFO]: GET /api/notification/6769aab932a18f86fbb5e6c4
2025-01-22 19:00:35 [INFO]: GET /api/doctor/payments/6769aab932a18f86fbb5e6c4
2025-01-22 19:00:35 [INFO]: GET /api/doctor/dashboard/6769aab932a18f86fbb5e6c4
2025-01-22 19:01:15 [INFO]: GET /api/notification/6769aab932a18f86fbb5e6c4
2025-01-22 19:01:15 [INFO]: GET /api/doctor/appointments/6769aab932a18f86fbb5e6c4
2025-01-22 19:01:15 [INFO]: GET /api/notification/6769aab932a18f86fbb5e6c4
2025-01-22 19:01:15 [INFO]: GET /api/doctor/appointments/6769aab932a18f86fbb5e6c4
2025-01-22 19:01:18 [INFO]: GET /api/notification/6769aab932a18f86fbb5e6c4
2025-01-22 19:01:18 [INFO]: GET /api/appointments/6780bcbd8b0bad4e0229cd06
2025-01-22 19:01:18 [INFO]: GET /api/notification/6769aab932a18f86fbb5e6c4
2025-01-22 19:01:18 [INFO]: GET /api/appointments/6780bcbd8b0bad4e0229cd06
2025-01-22 19:01:39 [INFO]: GET /api/chats/6780bcbd8b0bad4e0229cd06
2025-01-22 19:01:45 [INFO]: GET /api/notification/6769aab932a18f86fbb5e6c4
2025-01-22 19:01:45 [INFO]: GET /api/doctor/appointments/6769aab932a18f86fbb5e6c4
2025-01-22 19:01:45 [INFO]: GET /api/notification/6769aab932a18f86fbb5e6c4
2025-01-22 19:01:45 [INFO]: GET /api/doctor/appointments/6769aab932a18f86fbb5e6c4
2025-01-22 19:01:48 [INFO]: GET /api/notification/6769aab932a18f86fbb5e6c4
2025-01-22 19:01:48 [INFO]: GET /api/appointments/67760c46ba614c7ed6a284d5
2025-01-22 19:01:48 [INFO]: GET /api/notification/6769aab932a18f86fbb5e6c4
2025-01-22 19:01:48 [INFO]: GET /api/appointments/67760c46ba614c7ed6a284d5
2025-01-22 19:01:50 [INFO]: GET /api/notification/6769aab932a18f86fbb5e6c4
2025-01-22 19:01:50 [INFO]: GET /api/doctor/appointments/6769aab932a18f86fbb5e6c4
2025-01-22 19:01:50 [INFO]: GET /api/notification/6769aab932a18f86fbb5e6c4
2025-01-22 19:01:50 [INFO]: GET /api/doctor/appointments/6769aab932a18f86fbb5e6c4
2025-01-22 19:02:12 [INFO]: GET /api/notification/6769aab932a18f86fbb5e6c4
2025-01-22 19:02:12 [INFO]: GET /api/appointments/6780bcbd8b0bad4e0229cd06
2025-01-22 19:02:12 [INFO]: GET /api/notification/6769aab932a18f86fbb5e6c4
2025-01-22 19:02:12 [INFO]: GET /api/appointments/6780bcbd8b0bad4e0229cd06
2025-01-22 19:07:55 [INFO]: GET /api/notification/6769aab932a18f86fbb5e6c4
2025-01-22 19:07:55 [INFO]: GET /api/doctor/dashboard/6769aab932a18f86fbb5e6c4
2025-01-22 19:07:55 [INFO]: GET /api/doctor/payments/6769aab932a18f86fbb5e6c4
2025-01-22 19:07:55 [INFO]: GET /api/notification/6769aab932a18f86fbb5e6c4
2025-01-22 19:07:55 [INFO]: GET /api/doctor/dashboard/6769aab932a18f86fbb5e6c4
2025-01-22 19:07:55 [INFO]: GET /api/doctor/payments/6769aab932a18f86fbb5e6c4
2025-01-22 19:07:57 [INFO]: GET /api/notification/6769aab932a18f86fbb5e6c4
2025-01-22 19:07:57 [INFO]: GET /api/doctor/dashboard/6769aab932a18f86fbb5e6c4
2025-01-22 19:07:57 [INFO]: GET /api/doctor/payments/6769aab932a18f86fbb5e6c4
2025-01-22 19:07:58 [INFO]: GET /api/notification/6769aab932a18f86fbb5e6c4
2025-01-22 19:07:58 [INFO]: GET /api/doctor/payments/6769aab932a18f86fbb5e6c4
2025-01-22 19:07:58 [INFO]: GET /api/doctor/dashboard/6769aab932a18f86fbb5e6c4
2025-01-22 19:08:12 [INFO]: GET /api/notification/6769aab932a18f86fbb5e6c4
2025-01-22 19:08:12 [INFO]: GET /api/doctor/payments/6769aab932a18f86fbb5e6c4
2025-01-22 19:08:12 [INFO]: GET /api/notification/6769aab932a18f86fbb5e6c4
2025-01-22 19:08:12 [INFO]: GET /api/doctor/payments/6769aab932a18f86fbb5e6c4
2025-01-22 19:09:08 [INFO]: GET /api/notification/6769aab932a18f86fbb5e6c4
2025-01-22 19:09:08 [INFO]: GET /api/doctor/dashboard/6769aab932a18f86fbb5e6c4
2025-01-22 19:09:08 [INFO]: GET /api/doctor/payments/6769aab932a18f86fbb5e6c4
2025-01-22 19:09:08 [INFO]: GET /api/notification/6769aab932a18f86fbb5e6c4
2025-01-22 19:09:08 [INFO]: GET /api/doctor/payments/6769aab932a18f86fbb5e6c4
2025-01-22 19:09:08 [INFO]: GET /api/doctor/dashboard/6769aab932a18f86fbb5e6c4
2025-01-22 19:12:14 [INFO]: GET /api/doctor/payments/6769aab932a18f86fbb5e6c4
2025-01-22 19:12:14 [INFO]: GET /api/doctor/dashboard/6769aab932a18f86fbb5e6c4
2025-01-22 19:12:27 [INFO]: GET /api/notification/6769aab932a18f86fbb5e6c4
2025-01-22 19:12:27 [INFO]: GET /api/doctor/dashboard/6769aab932a18f86fbb5e6c4
2025-01-22 19:12:27 [INFO]: GET /api/doctor/payments/6769aab932a18f86fbb5e6c4
2025-01-22 19:12:27 [INFO]: GET /api/notification/6769aab932a18f86fbb5e6c4
2025-01-22 19:12:27 [INFO]: GET /api/doctor/payments/6769aab932a18f86fbb5e6c4
2025-01-22 19:12:27 [INFO]: GET /api/doctor/dashboard/6769aab932a18f86fbb5e6c4
2025-01-22 19:13:35 [INFO]: POST /api/doctor/signin
2025-01-22 19:13:35 [INFO]: GET /api/notification/6756e293514336528ca8e3a9
2025-01-22 19:13:35 [INFO]: GET /api/doctor/dashboard/6756e293514336528ca8e3a9
2025-01-22 19:13:35 [INFO]: GET /api/doctor/payments/6756e293514336528ca8e3a9
2025-01-22 19:13:35 [INFO]: GET /api/notification/6756e293514336528ca8e3a9
2025-01-22 19:13:36 [INFO]: GET /api/doctor/dashboard/6756e293514336528ca8e3a9
2025-01-22 19:13:36 [INFO]: GET /api/doctor/payments/6756e293514336528ca8e3a9
2025-01-22 19:14:59 [INFO]: GET /api/chats/rooms/6756e293514336528ca8e3a9
2025-01-22 19:14:59 [INFO]: GET /api/chats/rooms/6756e293514336528ca8e3a9
2025-01-22 19:14:59 [INFO]: POST /api/token
2025-01-22 19:14:59 [INFO]: POST /api/token
2025-01-22 19:14:59 [INFO]: GET /api/chats/rooms/6756e293514336528ca8e3a9
2025-01-22 19:14:59 [INFO]: GET /api/chats/rooms/6756e293514336528ca8e3a9
2025-01-22 19:15:01 [INFO]: GET /api/notification/undefined
2025-01-22 19:15:01 [INFO]: GET /api/notification/undefined
2025-01-22 19:15:07 [INFO]: GET /api/notification/undefined
2025-01-22 19:15:07 [INFO]: GET /api/notification/undefined
2025-01-22 19:15:34 [INFO]: POST /api/patients/signin
2025-01-22 19:15:34 [INFO]: GET /api/notification/67629705a8db5411f814e1cb
2025-01-22 19:15:34 [INFO]: GET /api/notification/67629705a8db5411f814e1cb
2025-01-22 19:15:34 [INFO]: GET /api/notification/67629705a8db5411f814e1cb
2025-01-22 19:15:51 [INFO]: GET /api/notification/67629705a8db5411f814e1cb
2025-01-22 19:15:51 [INFO]: GET /api/patients/patient/67629705a8db5411f814e1cb
2025-01-22 19:15:51 [INFO]: GET /api/notification/67629705a8db5411f814e1cb
2025-01-22 19:15:51 [INFO]: GET /api/patients/patient/67629705a8db5411f814e1cb
2025-01-22 19:15:55 [INFO]: GET /api/chats/rooms/67629705a8db5411f814e1cb
2025-01-22 19:15:56 [INFO]: GET /api/chats/rooms/67629705a8db5411f814e1cb
2025-01-22 19:16:02 [INFO]: GET /api/chats/rooms/67629705a8db5411f814e1cb
2025-01-22 19:16:02 [INFO]: GET /api/chats/rooms/67629705a8db5411f814e1cb
2025-01-22 19:16:27 [INFO]: GET /api/notification/67629705a8db5411f814e1cb
2025-01-22 19:16:27 [INFO]: GET /api/notification/67629705a8db5411f814e1cb
2025-01-22 19:16:28 [INFO]: GET /api/notification/67629705a8db5411f814e1cb
2025-01-22 19:16:28 [INFO]: GET /api/notification/67629705a8db5411f814e1cb
2025-01-22 19:16:33 [INFO]: GET /api/notification/67629705a8db5411f814e1cb
2025-01-22 19:16:33 [INFO]: GET /api/patients/patient/67629705a8db5411f814e1cb
2025-01-22 19:16:33 [INFO]: GET /api/notification/67629705a8db5411f814e1cb
2025-01-22 19:16:33 [INFO]: GET /api/patients/patient/67629705a8db5411f814e1cb
2025-01-22 19:16:35 [INFO]: GET /api/chats/rooms/67629705a8db5411f814e1cb
2025-01-22 19:16:35 [INFO]: GET /api/chats/rooms/67629705a8db5411f814e1cb
2025-01-22 19:16:36 [INFO]: GET /api/chats/678e2609f6ea83e38cee7eec
2025-01-22 19:16:36 [INFO]: GET /api/chats/rooms/67629705a8db5411f814e1cb
2025-01-22 19:16:42 [INFO]: GET /api/chats/rooms/67629705a8db5411f814e1cb
2025-01-22 19:36:58 [INFO]: GET /api/admin/payments
2025-01-22 19:36:58 [INFO]: POST /api/token
2025-01-22 19:36:58 [INFO]: GET /api/admin/payments
2025-01-22 19:37:07 [INFO]: GET /api/chats/rooms/67629705a8db5411f814e1cb
2025-01-22 19:37:07 [INFO]: GET /api/chats/rooms/67629705a8db5411f814e1cb
2025-01-22 19:37:15 [INFO]: POST /api/admin/signin
2025-01-22 19:37:15 [INFO]: GET /api/admin/dashboard/6755139cbb339a450c37ecb8?period=daily
2025-01-22 19:37:15 [INFO]: GET /api/notification/6755139cbb339a450c37ecb8
2025-01-22 19:37:15 [INFO]: GET /api/notification/6755139cbb339a450c37ecb8
2025-01-22 19:37:15 [INFO]: GET /api/admin/dashboard/6755139cbb339a450c37ecb8?period=daily
2025-01-22 19:37:17 [INFO]: GET /api/notification/6755139cbb339a450c37ecb8
2025-01-22 19:37:17 [INFO]: GET /api/admin/payments
2025-01-22 19:37:17 [INFO]: GET /api/notification/6755139cbb339a450c37ecb8
2025-01-22 19:37:18 [INFO]: GET /api/admin/payments
2025-01-22 19:39:11 [INFO]: GET /api/admin/payments
2025-01-22 19:40:01 [INFO]: GET /api/admin/payments
2025-01-22 19:42:23 [INFO]: GET /api/admin/payments
2025-01-22 19:44:19 [INFO]: GET /api/admin/payments
2025-01-22 19:45:36 [INFO]: GET /api/admin/payments
2025-01-22 19:45:47 [INFO]: GET /api/admin/payments
2025-01-22 19:45:47 [INFO]: GET /api/notification/6755139cbb339a450c37ecb8
2025-01-22 19:45:47 [INFO]: GET /api/notification/6755139cbb339a450c37ecb8
2025-01-22 19:45:47 [INFO]: GET /api/admin/payments
2025-01-22 19:52:58 [INFO]: GET /api/admin/payments
2025-01-22 19:56:10 [INFO]: GET /api/notification/6755139cbb339a450c37ecb8
2025-01-22 19:56:10 [INFO]: GET /api/admin/payments
2025-01-22 19:56:10 [INFO]: GET /api/notification/6755139cbb339a450c37ecb8
2025-01-22 19:56:10 [INFO]: GET /api/admin/payments
2025-01-22 19:56:51 [INFO]: GET /api/admin/payments
2025-01-22 19:57:18 [INFO]: GET /api/admin/payments
2025-01-22 19:57:43 [INFO]: GET /api/admin/payments
2025-01-22 19:59:02 [INFO]: GET /api/notification/6755139cbb339a450c37ecb8
2025-01-22 19:59:02 [INFO]: GET /api/admin/payments
2025-01-22 19:59:02 [INFO]: GET /api/notification/6755139cbb339a450c37ecb8
2025-01-22 19:59:02 [INFO]: GET /api/admin/payments
2025-01-22 20:00:00 [INFO]: GET /api/admin/payments
2025-01-22 20:00:46 [INFO]: GET /api/notification/6755139cbb339a450c37ecb8
2025-01-22 20:00:46 [INFO]: GET /api/admin/payments
2025-01-22 20:00:46 [INFO]: GET /api/notification/6755139cbb339a450c37ecb8
2025-01-22 20:00:46 [INFO]: GET /api/admin/payments
2025-01-22 20:02:36 [INFO]: GET /api/admin/payments
2025-01-22 20:02:56 [INFO]: GET /api/admin/payments
2025-01-22 20:03:20 [INFO]: GET /api/admin/payments
2025-01-22 20:09:21 [INFO]: GET /api/notification/6755139cbb339a450c37ecb8
2025-01-22 20:09:21 [INFO]: GET /api/admin/payments
2025-01-22 20:09:21 [INFO]: GET /api/admin/payments
2025-01-22 20:09:21 [INFO]: POST /api/token
2025-01-22 20:09:21 [INFO]: POST /api/token
2025-01-22 20:09:21 [INFO]: GET /api/admin/payments
2025-01-22 20:09:21 [INFO]: GET /api/notification/6755139cbb339a450c37ecb8
2025-01-22 20:09:22 [INFO]: GET /api/admin/payments
2025-01-22 20:09:40 [INFO]: GET /api/notification/6755139cbb339a450c37ecb8
2025-01-22 20:09:40 [INFO]: GET /api/admin/payments
2025-01-22 20:09:40 [INFO]: GET /api/notification/6755139cbb339a450c37ecb8
2025-01-22 20:09:40 [INFO]: GET /api/admin/payments
2025-01-22 20:11:48 [INFO]: GET /api/chats/rooms/67629705a8db5411f814e1cb
2025-01-22 20:11:48 [INFO]: GET /api/chats/rooms/67629705a8db5411f814e1cb
2025-01-22 20:11:49 [INFO]: POST /api/token
2025-01-22 20:11:49 [INFO]: POST /api/token
2025-01-22 20:11:49 [INFO]: GET /api/chats/rooms/67629705a8db5411f814e1cb
2025-01-22 20:11:49 [INFO]: GET /api/chats/rooms/67629705a8db5411f814e1cb
2025-01-22 20:12:26 [INFO]: POST /api/doctor/signin
2025-01-22 20:12:27 [INFO]: GET /api/notification/6756e293514336528ca8e3a9
2025-01-22 20:12:27 [INFO]: GET /api/doctor/dashboard/6756e293514336528ca8e3a9
2025-01-22 20:12:27 [INFO]: GET /api/doctor/payments/6756e293514336528ca8e3a9
2025-01-22 20:12:27 [INFO]: GET /api/notification/6756e293514336528ca8e3a9
2025-01-22 20:12:27 [INFO]: GET /api/doctor/dashboard/6756e293514336528ca8e3a9
2025-01-22 20:12:27 [INFO]: GET /api/doctor/payments/6756e293514336528ca8e3a9
2025-01-22 20:12:40 [INFO]: GET /api/notification/6756e293514336528ca8e3a9
2025-01-22 20:12:40 [INFO]: GET /api/doctor/payments/6756e293514336528ca8e3a9
2025-01-22 20:12:40 [INFO]: GET /api/notification/6756e293514336528ca8e3a9
2025-01-22 20:12:40 [INFO]: GET /api/doctor/payments/6756e293514336528ca8e3a9
2025-01-22 21:10:04 [INFO]: GET /api/notification/6755139cbb339a450c37ecb8
2025-01-22 21:10:04 [INFO]: GET /api/admin/payments
2025-01-22 21:10:04 [INFO]: GET /api/admin/payments
2025-01-22 21:10:04 [INFO]: POST /api/token
2025-01-22 21:10:04 [INFO]: POST /api/token
2025-01-22 21:10:04 [INFO]: GET /api/admin/payments
2025-01-22 21:10:05 [INFO]: GET /api/notification/6755139cbb339a450c37ecb8
2025-01-22 21:10:06 [INFO]: GET /api/admin/payments
2025-01-22 21:18:08 [INFO]: GET /api/doctor/payments/6756e293514336528ca8e3a9
2025-01-22 21:18:08 [INFO]: GET /api/notification/6756e293514336528ca8e3a9
2025-01-22 21:18:08 [INFO]: GET /api/doctor/payments/6756e293514336528ca8e3a9
2025-01-22 21:18:08 [INFO]: POST /api/token
2025-01-22 21:18:08 [INFO]: POST /api/token
2025-01-22 21:18:08 [INFO]: GET /api/doctor/payments/6756e293514336528ca8e3a9
2025-01-22 21:18:08 [INFO]: GET /api/notification/6756e293514336528ca8e3a9
2025-01-22 21:18:09 [INFO]: GET /api/doctor/payments/6756e293514336528ca8e3a9
2025-01-22 21:49:38 [INFO]: GET /api/notification/6756e293514336528ca8e3a9
2025-01-22 21:49:38 [INFO]: GET /api/doctor/payments/6756e293514336528ca8e3a9
2025-01-22 21:49:38 [INFO]: GET /api/doctor/payments/6756e293514336528ca8e3a9
2025-01-22 21:49:38 [INFO]: POST /api/token
2025-01-22 21:49:38 [INFO]: POST /api/token
2025-01-22 21:49:38 [INFO]: GET /api/doctor/payments/6756e293514336528ca8e3a9
2025-01-22 21:49:38 [INFO]: GET /api/notification/6756e293514336528ca8e3a9
2025-01-22 21:49:39 [INFO]: GET /api/doctor/payments/6756e293514336528ca8e3a9
2025-01-22 21:49:53 [INFO]: GET /api/doctor/appointments/6756e293514336528ca8e3a9
2025-01-22 21:49:53 [INFO]: GET /api/notification/6756e293514336528ca8e3a9
2025-01-22 21:49:53 [INFO]: GET /api/notification/6756e293514336528ca8e3a9
2025-01-22 21:49:53 [INFO]: GET /api/doctor/appointments/6756e293514336528ca8e3a9
2025-01-22 21:50:19 [INFO]: POST /api/patients/signin
2025-01-22 21:50:20 [INFO]: GET /api/notification/67629705a8db5411f814e1cb
2025-01-22 21:50:20 [INFO]: GET /api/notification/67629705a8db5411f814e1cb
2025-01-22 21:50:20 [INFO]: GET /api/notification/67629705a8db5411f814e1cb
2025-01-22 21:50:25 [INFO]: GET /api/notification/67629705a8db5411f814e1cb
2025-01-22 21:50:25 [INFO]: GET /api/patients/patient/67629705a8db5411f814e1cb
2025-01-22 21:50:25 [INFO]: GET /api/notification/67629705a8db5411f814e1cb
2025-01-22 21:50:25 [INFO]: GET /api/patients/patient/67629705a8db5411f814e1cb
2025-01-22 21:50:30 [INFO]: GET /api/chats/rooms/67629705a8db5411f814e1cb
2025-01-22 21:50:30 [INFO]: GET /api/chats/rooms/67629705a8db5411f814e1cb
2025-01-22 21:50:35 [INFO]: GET /api/patients/appointments/67629705a8db5411f814e1cb
2025-01-22 21:50:35 [INFO]: GET /api/notification/67629705a8db5411f814e1cb
2025-01-22 21:50:35 [INFO]: GET /api/notification/67629705a8db5411f814e1cb
2025-01-22 21:50:35 [INFO]: GET /api/patients/appointments/67629705a8db5411f814e1cb
2025-01-22 21:50:37 [INFO]: GET /api/notification/67629705a8db5411f814e1cb
2025-01-22 21:50:37 [INFO]: GET /api/appointments/67908dd7c1b5b59523af075e
2025-01-22 21:50:38 [INFO]: GET /api/notification/67629705a8db5411f814e1cb
2025-01-22 21:50:38 [INFO]: GET /api/appointments/67908dd7c1b5b59523af075e
2025-01-22 21:50:38 [INFO]: GET /api/chats/67908dd7c1b5b59523af075e
2025-01-22 21:50:55 [INFO]: PUT /api/notification/read/6756e293514336528ca8e3a9
2025-01-22 21:50:55 [INFO]: GET /api/notification/6756e293514336528ca8e3a9
2025-01-22 21:51:09 [INFO]: GET /api/notification/6756e293514336528ca8e3a9
2025-01-22 21:51:09 [INFO]: GET /api/notification/6756e293514336528ca8e3a9
2025-01-22 21:51:11 [INFO]: GET /api/notification/6756e293514336528ca8e3a9
2025-01-22 21:51:11 [INFO]: GET /api/doctor/dashboard/6756e293514336528ca8e3a9
2025-01-22 21:51:11 [INFO]: GET /api/doctor/payments/6756e293514336528ca8e3a9
2025-01-22 21:51:11 [INFO]: GET /api/notification/6756e293514336528ca8e3a9
2025-01-22 21:51:11 [INFO]: GET /api/doctor/payments/6756e293514336528ca8e3a9
2025-01-22 21:51:11 [INFO]: GET /api/doctor/dashboard/6756e293514336528ca8e3a9
2025-01-22 21:51:18 [INFO]: GET /api/chats/rooms/6756e293514336528ca8e3a9
2025-01-22 21:51:18 [INFO]: GET /api/chats/rooms/6756e293514336528ca8e3a9
2025-01-22 21:51:19 [INFO]: GET /api/chats/678ce89fe0e890548399478d
2025-01-22 21:51:19 [INFO]: GET /api/chats/rooms/6756e293514336528ca8e3a9
2025-01-22 21:51:51 [INFO]: GET /api/notification/67629705a8db5411f814e1cb
2025-01-22 21:51:56 [INFO]: GET /api/notification/6756e293514336528ca8e3a9
2025-01-22 21:51:56 [INFO]: GET /api/doctor/payments/6756e293514336528ca8e3a9
2025-01-22 21:51:56 [INFO]: GET /api/doctor/dashboard/6756e293514336528ca8e3a9
2025-01-22 21:51:56 [INFO]: GET /api/notification/6756e293514336528ca8e3a9
2025-01-22 21:51:56 [INFO]: GET /api/doctor/payments/6756e293514336528ca8e3a9
2025-01-22 21:51:56 [INFO]: GET /api/doctor/dashboard/6756e293514336528ca8e3a9
2025-01-22 21:53:38 [INFO]: GET /api/notification/6755139cbb339a450c37ecb8
2025-01-22 21:53:38 [INFO]: GET /api/admin/payments
2025-01-22 21:53:38 [INFO]: GET /api/admin/payments
2025-01-22 21:53:38 [INFO]: POST /api/token
2025-01-22 21:53:38 [INFO]: POST /api/token
2025-01-22 21:53:38 [INFO]: GET /api/admin/payments
2025-01-22 21:53:38 [INFO]: GET /api/notification/6755139cbb339a450c37ecb8
2025-01-22 21:53:38 [INFO]: GET /api/admin/payments
2025-01-22 21:53:57 [INFO]: GET /api/notification/6756e293514336528ca8e3a9
2025-01-22 21:53:57 [INFO]: GET /api/doctor/appointments/6756e293514336528ca8e3a9
2025-01-22 21:53:57 [INFO]: GET /api/notification/6756e293514336528ca8e3a9
2025-01-22 21:53:57 [INFO]: GET /api/doctor/appointments/6756e293514336528ca8e3a9
2025-01-22 21:53:59 [INFO]: GET /api/chats/rooms/6756e293514336528ca8e3a9
2025-01-22 21:53:59 [INFO]: GET /api/chats/rooms/6756e293514336528ca8e3a9
2025-01-22 21:54:00 [INFO]: GET /api/chats/678ce89fe0e890548399478d
2025-01-22 21:54:00 [INFO]: GET /api/chats/rooms/6756e293514336528ca8e3a9
2025-01-22 21:54:09 [INFO]: GET /api/chats/rooms/6756e293514336528ca8e3a9
2025-01-22 22:04:38 [INFO]: GET /api/notification/67629705a8db5411f814e1cb
2025-01-22 22:11:56 [INFO]: GET /api/notification/67629705a8db5411f814e1cb
2025-01-22 22:11:56 [INFO]: GET /api/appointments/67908dd7c1b5b59523af075e
2025-01-22 22:46:42 [INFO]: GET /api/chats/rooms/6756e293514336528ca8e3a9
2025-01-22 22:46:42 [INFO]: GET /api/chats/rooms/6756e293514336528ca8e3a9
2025-01-22 22:46:42 [INFO]: POST /api/token
2025-01-22 22:46:42 [INFO]: POST /api/token
2025-01-22 22:46:42 [INFO]: GET /api/chats/rooms/6756e293514336528ca8e3a9
2025-01-22 22:46:42 [INFO]: GET /api/chats/rooms/6756e293514336528ca8e3a9
2025-01-22 22:46:43 [INFO]: GET /api/chats/67908dd7c1b5b59523af075e
2025-01-22 22:46:43 [INFO]: GET /api/chats/rooms/6756e293514336528ca8e3a9
2025-01-22 22:46:49 [INFO]: GET /api/chats/rooms/6756e293514336528ca8e3a9
2025-01-22 22:47:26 [INFO]: GET /api/chats/rooms/6756e293514336528ca8e3a9
2025-01-22 22:47:27 [INFO]: GET /api/chats/rooms/6756e293514336528ca8e3a9
2025-01-22 22:47:28 [INFO]: GET /api/chats/67908dd7c1b5b59523af075e
2025-01-22 22:47:28 [INFO]: GET /api/chats/rooms/6756e293514336528ca8e3a9
2025-01-22 22:47:42 [INFO]: GET /api/chats/rooms/6756e293514336528ca8e3a9
2025-01-22 22:56:12 [INFO]: GET /api/chats/rooms/6756e293514336528ca8e3a9
2025-01-22 22:56:12 [INFO]: GET /api/chats/rooms/6756e293514336528ca8e3a9
2025-01-22 22:56:12 [INFO]: GET /api/chats/67908dd7c1b5b59523af075e
2025-01-22 22:56:12 [INFO]: GET /api/chats/rooms/6756e293514336528ca8e3a9
2025-01-22 22:56:18 [INFO]: GET /api/notification/67629705a8db5411f814e1cb
2025-01-22 22:56:18 [INFO]: GET /api/appointments/67908dd7c1b5b59523af075e
2025-01-22 22:56:18 [INFO]: GET /api/notification/67629705a8db5411f814e1cb
2025-01-22 22:56:18 [INFO]: GET /api/appointments/67908dd7c1b5b59523af075e
2025-01-22 22:56:19 [INFO]: GET /api/chats/67908dd7c1b5b59523af075e
2025-01-22 22:56:31 [INFO]: GET /api/chats/rooms/6756e293514336528ca8e3a9
2025-01-22 22:56:31 [INFO]: GET /api/chats/rooms/6756e293514336528ca8e3a9
2025-01-22 22:56:36 [INFO]: GET /api/chats/67908dd7c1b5b59523af075e
2025-01-22 22:56:36 [INFO]: GET /api/chats/rooms/6756e293514336528ca8e3a9
2025-01-22 23:01:34 [INFO]: GET /api/notification/67629705a8db5411f814e1cb
2025-01-22 23:01:34 [INFO]: GET /api/patients/patient/67629705a8db5411f814e1cb
2025-01-22 23:01:34 [INFO]: GET /api/notification/67629705a8db5411f814e1cb
2025-01-22 23:01:34 [INFO]: GET /api/patients/patient/67629705a8db5411f814e1cb
2025-01-22 23:01:40 [INFO]: GET /api/chats/rooms/67629705a8db5411f814e1cb
2025-01-22 23:01:40 [INFO]: GET /api/chats/rooms/67629705a8db5411f814e1cb
2025-01-22 23:01:42 [INFO]: GET /api/chats/67908dd7c1b5b59523af075e
2025-01-22 23:01:42 [INFO]: GET /api/chats/rooms/67629705a8db5411f814e1cb
2025-01-22 23:01:50 [INFO]: GET /api/chats/rooms/67629705a8db5411f814e1cb
2025-01-22 23:50:27 [INFO]: GET /api/notification/67629705a8db5411f814e1cb
2025-01-22 23:50:27 [INFO]: GET /api/patients/patient/67629705a8db5411f814e1cb
2025-01-22 23:50:27 [INFO]: GET /api/patients/patient/67629705a8db5411f814e1cb
2025-01-22 23:50:27 [INFO]: GET /api/notification/67629705a8db5411f814e1cb
2025-01-22 23:50:27 [INFO]: POST /api/token
2025-01-22 23:50:28 [INFO]: POST /api/token
2025-01-22 23:50:28 [INFO]: GET /api/patients/patient/67629705a8db5411f814e1cb
2025-01-22 23:50:28 [INFO]: GET /api/patients/patient/67629705a8db5411f814e1cb
2025-01-22 23:50:30 [INFO]: GET /api/notification/67629705a8db5411f814e1cb
2025-01-22 23:50:30 [INFO]: GET /api/patients/patient/67629705a8db5411f814e1cb
2025-01-22 23:50:30 [INFO]: GET /api/notification/67629705a8db5411f814e1cb
2025-01-22 23:50:30 [INFO]: GET /api/patients/patient/67629705a8db5411f814e1cb
2025-01-22 23:50:33 [INFO]: GET /api/notification/67629705a8db5411f814e1cb
2025-01-22 23:50:33 [INFO]: GET /api/patients/patient/67629705a8db5411f814e1cb
2025-01-22 23:50:33 [INFO]: GET /api/notification/67629705a8db5411f814e1cb
2025-01-22 23:50:33 [INFO]: GET /api/patients/patient/67629705a8db5411f814e1cb
2025-01-22 23:50:33 [INFO]: GET /api/notification/67629705a8db5411f814e1cb
2025-01-22 23:50:33 [INFO]: GET /api/patients/patient/67629705a8db5411f814e1cb
2025-01-22 23:50:34 [INFO]: GET /api/notification/67629705a8db5411f814e1cb
2025-01-22 23:50:34 [INFO]: GET /api/patients/patient/67629705a8db5411f814e1cb
2025-01-22 23:50:34 [INFO]: GET /api/notification/67629705a8db5411f814e1cb
2025-01-22 23:50:34 [INFO]: GET /api/patients/patient/67629705a8db5411f814e1cb
2025-01-22 23:50:34 [INFO]: GET /api/notification/67629705a8db5411f814e1cb
2025-01-22 23:50:34 [INFO]: GET /api/patients/patient/67629705a8db5411f814e1cb
2025-01-22 23:50:35 [INFO]: GET /api/notification/67629705a8db5411f814e1cb
2025-01-22 23:50:35 [INFO]: GET /api/patients/patient/67629705a8db5411f814e1cb
2025-01-22 23:50:35 [INFO]: GET /api/notification/67629705a8db5411f814e1cb
2025-01-22 23:50:35 [INFO]: GET /api/patients/patient/67629705a8db5411f814e1cb
2025-01-22 23:50:35 [INFO]: GET /api/notification/67629705a8db5411f814e1cb
2025-01-22 23:50:35 [INFO]: GET /api/patients/patient/67629705a8db5411f814e1cb
2025-01-22 23:50:35 [INFO]: GET /api/notification/67629705a8db5411f814e1cb
2025-01-22 23:50:35 [INFO]: GET /api/patients/patient/67629705a8db5411f814e1cb
2025-01-22 23:50:36 [INFO]: GET /api/notification/67629705a8db5411f814e1cb
2025-01-22 23:50:36 [INFO]: GET /api/patients/patient/67629705a8db5411f814e1cb
2025-01-22 23:50:36 [INFO]: GET /api/notification/67629705a8db5411f814e1cb
2025-01-22 23:50:36 [INFO]: GET /api/patients/patient/67629705a8db5411f814e1cb
2025-01-22 23:50:36 [INFO]: GET /api/notification/67629705a8db5411f814e1cb
2025-01-22 23:50:36 [INFO]: GET /api/patients/patient/67629705a8db5411f814e1cb
2025-01-22 23:50:36 [INFO]: GET /api/notification/67629705a8db5411f814e1cb
2025-01-22 23:50:36 [INFO]: GET /api/patients/patient/67629705a8db5411f814e1cb
2025-01-22 23:50:37 [INFO]: GET /api/notification/67629705a8db5411f814e1cb
2025-01-22 23:50:37 [INFO]: GET /api/patients/patient/67629705a8db5411f814e1cb
2025-01-22 23:50:37 [INFO]: GET /api/notification/67629705a8db5411f814e1cb
2025-01-22 23:50:37 [INFO]: GET /api/patients/patient/67629705a8db5411f814e1cb
2025-01-22 23:50:37 [INFO]: GET /api/patients/patient/67629705a8db5411f814e1cb
2025-01-22 23:50:37 [INFO]: GET /api/notification/67629705a8db5411f814e1cb
2025-01-22 23:50:37 [INFO]: GET /api/notification/67629705a8db5411f814e1cb
2025-01-22 23:50:37 [INFO]: GET /api/patients/patient/67629705a8db5411f814e1cb
2025-01-22 23:50:37 [INFO]: GET /api/notification/67629705a8db5411f814e1cb
2025-01-22 23:50:37 [INFO]: GET /api/patients/patient/67629705a8db5411f814e1cb
2025-01-22 23:50:37 [INFO]: GET /api/notification/67629705a8db5411f814e1cb
2025-01-22 23:50:37 [INFO]: GET /api/patients/patient/67629705a8db5411f814e1cb
2025-01-22 23:50:37 [INFO]: GET /api/patients/patient/67629705a8db5411f814e1cb
2025-01-22 23:50:37 [INFO]: GET /api/notification/67629705a8db5411f814e1cb
2025-01-22 23:50:37 [INFO]: GET /api/notification/67629705a8db5411f814e1cb
2025-01-22 23:50:37 [INFO]: GET /api/patients/patient/67629705a8db5411f814e1cb
2025-01-22 23:54:25 [INFO]: GET /api/chats/rooms/67629705a8db5411f814e1cb
2025-01-22 23:54:25 [INFO]: GET /api/chats/rooms/67629705a8db5411f814e1cb
2025-01-22 23:54:27 [INFO]: GET /api/chats/67908dd7c1b5b59523af075e
2025-01-22 23:54:27 [INFO]: GET /api/chats/rooms/67629705a8db5411f814e1cb
2025-01-22 23:54:29 [INFO]: GET /api/chats/rooms/67629705a8db5411f814e1cb
2025-01-22 23:54:29 [INFO]: GET /api/chats/rooms/67629705a8db5411f814e1cb
2025-01-22 23:54:30 [INFO]: GET /api/chats/67908dd7c1b5b59523af075e
2025-01-22 23:54:30 [INFO]: GET /api/chats/rooms/67629705a8db5411f814e1cb
2025-01-22 23:54:45 [INFO]: GET /api/chats/rooms/67629705a8db5411f814e1cb
2025-01-22 23:54:55 [INFO]: GET /api/notification/67629705a8db5411f814e1cb
