2025-01-20 00:02:01 [INFO]: GET /api/chats/rooms/67629705a8db5411f814e1cb
2025-01-20 00:02:01 [INFO]: GET /api/chats/rooms/67629705a8db5411f814e1cb
2025-01-20 00:02:04 [INFO]: GET /api/notification/67629705a8db5411f814e1cb
2025-01-20 00:02:04 [INFO]: GET /api/patients/appointments/67629705a8db5411f814e1cb
2025-01-20 00:02:04 [INFO]: GET /api/notification/67629705a8db5411f814e1cb
2025-01-20 00:02:04 [INFO]: GET /api/patients/appointments/67629705a8db5411f814e1cb
2025-01-20 00:02:05 [INFO]: GET /api/notification/67629705a8db5411f814e1cb
2025-01-20 00:02:05 [INFO]: GET /api/notification/67629705a8db5411f814e1cb
2025-01-20 00:02:05 [INFO]: GET /api/appointments/678ce89fe0e890548399478d
2025-01-20 00:02:05 [INFO]: GET /api/appointments/678ce89fe0e890548399478d
2025-01-20 00:02:06 [INFO]: GET /api/chats/678ce89fe0e890548399478d
2025-01-20 00:02:10 [INFO]: GET /api/chats/rooms/6756e293514336528ca8e3a9
2025-01-20 00:02:10 [INFO]: GET /api/chats/rooms/6756e293514336528ca8e3a9
2025-01-20 00:02:19 [INFO]: GET /api/chats/rooms/6756e293514336528ca8e3a9
2025-01-20 00:02:19 [INFO]: GET /api/chats/rooms/6756e293514336528ca8e3a9
2025-01-20 00:02:28 [INFO]: GET /api/chats/rooms/6756e293514336528ca8e3a9
2025-01-20 00:02:28 [INFO]: GET /api/chats/rooms/6756e293514336528ca8e3a9
2025-01-20 00:02:29 [INFO]: GET /api/chats/678ce89fe0e890548399478d
2025-01-20 00:02:29 [INFO]: GET /api/chats/rooms/6756e293514336528ca8e3a9
2025-01-20 09:20:09 [INFO]: GET /api/chats/rooms/6756e293514336528ca8e3a9
2025-01-20 09:20:09 [INFO]: GET /api/chats/rooms/6756e293514336528ca8e3a9
2025-01-20 09:20:09 [INFO]: POST /api/token
2025-01-20 09:20:09 [INFO]: POST /api/token
2025-01-20 09:20:09 [INFO]: GET /api/chats/rooms/6756e293514336528ca8e3a9
2025-01-20 09:20:09 [INFO]: GET /api/chats/rooms/6756e293514336528ca8e3a9
2025-01-20 09:20:12 [INFO]: GET /api/chats/678ce89fe0e890548399478d
2025-01-20 09:20:12 [INFO]: GET /api/chats/rooms/6756e293514336528ca8e3a9
2025-01-20 09:20:19 [INFO]: GET /api/notification/6756e293514336528ca8e3a9
2025-01-20 09:20:19 [INFO]: GET /api/notification/6756e293514336528ca8e3a9
2025-01-20 09:20:19 [INFO]: GET /api/doctor/dashboard/6756e293514336528ca8e3a9
2025-01-20 09:20:19 [INFO]: GET /api/doctor/dashboard/6756e293514336528ca8e3a9
2025-01-20 09:20:24 [INFO]: GET /api/notification/6756e293514336528ca8e3a9
2025-01-20 09:20:24 [INFO]: GET /api/notification/6756e293514336528ca8e3a9
2025-01-20 09:20:24 [INFO]: GET /api/doctor/appointments/6756e293514336528ca8e3a9
2025-01-20 09:20:24 [INFO]: GET /api/doctor/appointments/6756e293514336528ca8e3a9
2025-01-20 09:20:31 [INFO]: GET /api/chats/rooms/6756e293514336528ca8e3a9
2025-01-20 09:20:31 [INFO]: GET /api/chats/rooms/6756e293514336528ca8e3a9
2025-01-20 09:20:33 [INFO]: GET /api/chats/678ce89fe0e890548399478d
2025-01-20 09:20:33 [INFO]: GET /api/chats/rooms/6756e293514336528ca8e3a9
2025-01-20 09:20:38 [INFO]: GET /api/chats/rooms/6756e293514336528ca8e3a9
2025-01-20 09:26:20 [INFO]: GET /api/chats/rooms/6756e293514336528ca8e3a9
2025-01-20 09:26:21 [INFO]: GET /api/chats/rooms/6756e293514336528ca8e3a9
2025-01-20 09:26:22 [INFO]: GET /api/notification/6756e293514336528ca8e3a9
2025-01-20 09:26:22 [INFO]: GET /api/notification/6756e293514336528ca8e3a9
2025-01-20 09:26:22 [INFO]: GET /api/doctor/appointments/6756e293514336528ca8e3a9
2025-01-20 09:26:22 [INFO]: GET /api/doctor/appointments/6756e293514336528ca8e3a9
2025-01-20 09:26:23 [INFO]: GET /api/notification/6756e293514336528ca8e3a9
2025-01-20 09:26:23 [INFO]: GET /api/notification/6756e293514336528ca8e3a9
2025-01-20 09:26:23 [INFO]: GET /api/appointments/678ce89fe0e890548399478d
2025-01-20 09:26:23 [INFO]: GET /api/appointments/678ce89fe0e890548399478d
2025-01-20 09:26:24 [INFO]: GET /api/chats/678ce89fe0e890548399478d
2025-01-20 09:38:39 [INFO]: GET /api/notification/6756e293514336528ca8e3a9
2025-01-20 09:38:39 [INFO]: GET /api/appointments/678ce89fe0e890548399478d
2025-01-20 09:38:39 [INFO]: GET /api/notification/6756e293514336528ca8e3a9
2025-01-20 09:38:39 [INFO]: GET /api/appointments/678ce89fe0e890548399478d
2025-01-20 09:38:40 [INFO]: GET /api/chats/678ce89fe0e890548399478d
2025-01-20 09:42:47 [INFO]: GET /api/chats/rooms/6756e293514336528ca8e3a9
2025-01-20 09:42:47 [INFO]: GET /api/chats/rooms/6756e293514336528ca8e3a9
2025-01-20 09:42:50 [INFO]: GET /api/chats/rooms/6756e293514336528ca8e3a9
2025-01-20 09:42:50 [INFO]: GET /api/chats/rooms/6756e293514336528ca8e3a9
2025-01-20 09:42:54 [INFO]: GET /api/chats/678ce89fe0e890548399478d
2025-01-20 09:42:54 [INFO]: GET /api/chats/rooms/6756e293514336528ca8e3a9
2025-01-20 09:42:58 [INFO]: GET /api/chats/rooms/6756e293514336528ca8e3a9
2025-01-20 09:42:58 [INFO]: GET /api/chats/rooms/6756e293514336528ca8e3a9
2025-01-20 09:43:17 [INFO]: GET /api/notification/67629705a8db5411f814e1cb
2025-01-20 09:43:17 [INFO]: GET /api/notification/67629705a8db5411f814e1cb
2025-01-20 09:43:17 [INFO]: GET /api/appointments/678ce89fe0e890548399478d
2025-01-20 09:43:17 [INFO]: GET /api/appointments/678ce89fe0e890548399478d
2025-01-20 09:43:19 [INFO]: GET /api/chats/678ce89fe0e890548399478d
2025-01-20 09:43:30 [INFO]: GET /api/notification/67629705a8db5411f814e1cb
2025-01-20 09:43:30 [INFO]: GET /api/notification/67629705a8db5411f814e1cb
2025-01-20 09:43:30 [INFO]: GET /api/patients/patient/67629705a8db5411f814e1cb
2025-01-20 09:43:30 [INFO]: GET /api/patients/patient/67629705a8db5411f814e1cb
2025-01-20 09:43:31 [INFO]: POST /api/token
2025-01-20 09:43:31 [INFO]: POST /api/token
2025-01-20 09:43:31 [INFO]: GET /api/patients/patient/67629705a8db5411f814e1cb
2025-01-20 09:43:31 [INFO]: GET /api/patients/patient/67629705a8db5411f814e1cb
2025-01-20 09:43:48 [INFO]: POST /api/patients/signin
2025-01-20 09:43:48 [INFO]: GET /api/notification/67629705a8db5411f814e1cb
2025-01-20 09:43:48 [INFO]: GET /api/notification/67629705a8db5411f814e1cb
2025-01-20 09:43:48 [INFO]: GET /api/notification/67629705a8db5411f814e1cb
2025-01-20 09:43:51 [INFO]: GET /api/notification/67629705a8db5411f814e1cb
2025-01-20 09:43:51 [INFO]: GET /api/notification/67629705a8db5411f814e1cb
2025-01-20 09:43:51 [INFO]: GET /api/patients/patient/67629705a8db5411f814e1cb
2025-01-20 09:43:51 [INFO]: GET /api/patients/patient/67629705a8db5411f814e1cb
2025-01-20 09:43:53 [INFO]: GET /api/chats/rooms/67629705a8db5411f814e1cb
2025-01-20 09:43:53 [INFO]: GET /api/chats/rooms/67629705a8db5411f814e1cb
2025-01-20 09:43:56 [INFO]: GET /api/chats/678ce89fe0e890548399478d
2025-01-20 09:43:56 [INFO]: GET /api/chats/rooms/67629705a8db5411f814e1cb
2025-01-20 09:44:00 [INFO]: GET /api/chats/rooms/67629705a8db5411f814e1cb
2025-01-20 09:48:18 [INFO]: GET /api/chats/rooms/67629705a8db5411f814e1cb
2025-01-20 09:48:18 [INFO]: GET /api/chats/rooms/67629705a8db5411f814e1cb
2025-01-20 09:48:19 [INFO]: GET /api/chats/678ce89fe0e890548399478d
2025-01-20 09:48:19 [INFO]: GET /api/chats/rooms/67629705a8db5411f814e1cb
2025-01-20 09:48:24 [INFO]: GET /api/chats/rooms/67629705a8db5411f814e1cb
2025-01-20 09:52:45 [INFO]: GET /api/chats/rooms/6756e293514336528ca8e3a9
2025-01-20 09:52:45 [INFO]: GET /api/chats/rooms/6756e293514336528ca8e3a9
2025-01-20 09:52:45 [INFO]: POST /api/token
2025-01-20 09:52:45 [INFO]: POST /api/token
2025-01-20 09:52:45 [INFO]: GET /api/chats/rooms/6756e293514336528ca8e3a9
2025-01-20 09:52:45 [INFO]: GET /api/chats/rooms/6756e293514336528ca8e3a9
2025-01-20 09:52:47 [INFO]: GET /api/chats/678ce89fe0e890548399478d
2025-01-20 09:52:47 [INFO]: GET /api/chats/rooms/6756e293514336528ca8e3a9
2025-01-20 09:52:53 [INFO]: GET /api/chats/rooms/6756e293514336528ca8e3a9
2025-01-20 10:01:13 [INFO]: GET /api/chats/rooms/6756e293514336528ca8e3a9
2025-01-20 10:01:13 [INFO]: GET /api/chats/rooms/6756e293514336528ca8e3a9
2025-01-20 10:01:14 [INFO]: GET /api/chats/678ce89fe0e890548399478d
2025-01-20 10:01:14 [INFO]: GET /api/chats/rooms/6756e293514336528ca8e3a9
2025-01-20 10:01:17 [INFO]: GET /api/chats/rooms/6756e293514336528ca8e3a9
2025-01-20 10:01:25 [INFO]: GET /api/chats/rooms/6756e293514336528ca8e3a9
2025-01-20 10:10:13 [INFO]: POST /api/doctor/signin
2025-01-20 10:10:14 [INFO]: GET /api/notification/6756e293514336528ca8e3a9
2025-01-20 10:10:14 [INFO]: GET /api/doctor/dashboard/6756e293514336528ca8e3a9
2025-01-20 10:10:14 [INFO]: GET /api/notification/6756e293514336528ca8e3a9
2025-01-20 10:10:14 [INFO]: GET /api/doctor/dashboard/6756e293514336528ca8e3a9
2025-01-20 10:10:17 [INFO]: GET /api/chats/rooms/6756e293514336528ca8e3a9
2025-01-20 10:10:17 [INFO]: GET /api/chats/rooms/6756e293514336528ca8e3a9
2025-01-20 10:10:20 [INFO]: GET /api/notification/6756e293514336528ca8e3a9
2025-01-20 10:10:20 [INFO]: GET /api/notification/6756e293514336528ca8e3a9
2025-01-20 10:10:20 [INFO]: GET /api/doctor/appointments/6756e293514336528ca8e3a9
2025-01-20 10:10:20 [INFO]: GET /api/doctor/appointments/6756e293514336528ca8e3a9
2025-01-20 10:10:31 [INFO]: GET /api/notification/6756e293514336528ca8e3a9
2025-01-20 10:10:31 [INFO]: GET /api/appointments/678ce89fe0e890548399478d
2025-01-20 10:10:31 [INFO]: GET /api/notification/6756e293514336528ca8e3a9
2025-01-20 10:10:31 [INFO]: GET /api/appointments/678ce89fe0e890548399478d
2025-01-20 10:10:32 [INFO]: GET /api/chats/678ce89fe0e890548399478d
2025-01-20 10:20:59 [INFO]: POST /api/patients/signin
2025-01-20 10:20:59 [INFO]: GET /api/notification/67629705a8db5411f814e1cb
2025-01-20 10:20:59 [INFO]: GET /api/notification/67629705a8db5411f814e1cb
2025-01-20 10:20:59 [INFO]: GET /api/notification/67629705a8db5411f814e1cb
2025-01-20 10:21:06 [INFO]: GET /api/notification/67629705a8db5411f814e1cb
2025-01-20 10:21:06 [INFO]: GET /api/notification/67629705a8db5411f814e1cb
2025-01-20 10:21:06 [INFO]: GET /api/patients/patient/67629705a8db5411f814e1cb
2025-01-20 10:21:06 [INFO]: GET /api/patients/patient/67629705a8db5411f814e1cb
2025-01-20 10:21:08 [INFO]: GET /api/chats/rooms/67629705a8db5411f814e1cb
2025-01-20 10:21:08 [INFO]: GET /api/chats/rooms/67629705a8db5411f814e1cb
2025-01-20 10:21:10 [INFO]: GET /api/chats/678ce89fe0e890548399478d
2025-01-20 10:21:10 [INFO]: GET /api/chats/rooms/67629705a8db5411f814e1cb
2025-01-20 10:21:19 [INFO]: GET /api/chats/678ce89fe0e890548399478d
2025-01-20 10:21:19 [INFO]: GET /api/chats/rooms/67629705a8db5411f814e1cb
2025-01-20 10:21:28 [INFO]: GET /api/chats/rooms/67629705a8db5411f814e1cb
2025-01-20 10:32:38 [INFO]: GET /api/chats/678ce89fe0e890548399478d
2025-01-20 10:32:38 [INFO]: GET /api/chats/rooms/67629705a8db5411f814e1cb
2025-01-20 10:32:38 [INFO]: GET /api/chats/rooms/67629705a8db5411f814e1cb
2025-01-20 10:33:43 [INFO]: GET /api/chats/rooms/67629705a8db5411f814e1cb
2025-01-20 10:33:50 [INFO]: GET /api/chats/678ce89fe0e890548399478d
2025-01-20 10:33:50 [INFO]: GET /api/chats/rooms/67629705a8db5411f814e1cb
2025-01-20 10:33:53 [INFO]: GET /api/notification/67629705a8db5411f814e1cb
2025-01-20 10:33:53 [INFO]: GET /api/patients/patient/67629705a8db5411f814e1cb
2025-01-20 10:33:53 [INFO]: GET /api/notification/67629705a8db5411f814e1cb
2025-01-20 10:33:53 [INFO]: GET /api/patients/patient/67629705a8db5411f814e1cb
2025-01-20 10:33:56 [INFO]: GET /api/chats/rooms/67629705a8db5411f814e1cb
2025-01-20 10:33:56 [INFO]: GET /api/chats/rooms/67629705a8db5411f814e1cb
2025-01-20 10:34:44 [INFO]: GET /api/chats/rooms/67629705a8db5411f814e1cb
2025-01-20 10:36:13 [INFO]: GET /api/chats/rooms/67629705a8db5411f814e1cb
2025-01-20 10:36:13 [INFO]: GET /api/chats/rooms/67629705a8db5411f814e1cb
2025-01-20 10:37:47 [INFO]: GET /api/chats/678ce89fe0e890548399478d
2025-01-20 10:37:47 [INFO]: GET /api/chats/rooms/67629705a8db5411f814e1cb
2025-01-20 10:38:23 [INFO]: GET /api/chats/rooms/67629705a8db5411f814e1cb
2025-01-20 10:38:52 [INFO]: GET /api/chats/678ce89fe0e890548399478d
2025-01-20 10:38:52 [INFO]: GET /api/chats/rooms/67629705a8db5411f814e1cb
2025-01-20 10:45:03 [INFO]: GET /api/chats/678ce89fe0e890548399478d
2025-01-20 10:45:03 [INFO]: GET /api/chats/rooms/67629705a8db5411f814e1cb
2025-01-20 10:45:03 [INFO]: GET /api/chats/rooms/67629705a8db5411f814e1cb
2025-01-20 10:45:12 [INFO]: GET /api/notification/67629705a8db5411f814e1cb
2025-01-20 10:45:12 [INFO]: GET /api/patients/patient/67629705a8db5411f814e1cb
2025-01-20 10:45:12 [INFO]: GET /api/notification/67629705a8db5411f814e1cb
2025-01-20 10:45:12 [INFO]: GET /api/patients/patient/67629705a8db5411f814e1cb
2025-01-20 10:45:16 [INFO]: GET /api/chats/rooms/67629705a8db5411f814e1cb
2025-01-20 10:45:16 [INFO]: GET /api/chats/rooms/67629705a8db5411f814e1cb
2025-01-20 10:45:20 [INFO]: GET /api/chats/678ce89fe0e890548399478d
2025-01-20 10:45:20 [INFO]: GET /api/chats/rooms/67629705a8db5411f814e1cb
2025-01-20 10:47:40 [INFO]: GET /api/chats/678ce89fe0e890548399478d
2025-01-20 10:47:40 [INFO]: GET /api/chats/rooms/67629705a8db5411f814e1cb
2025-01-20 10:47:41 [INFO]: GET /api/chats/rooms/67629705a8db5411f814e1cb
2025-01-20 10:47:46 [INFO]: GET /api/chats/rooms/67629705a8db5411f814e1cb
2025-01-20 10:47:46 [INFO]: GET /api/chats/rooms/67629705a8db5411f814e1cb
2025-01-20 10:47:49 [INFO]: GET /api/chats/678ce89fe0e890548399478d
2025-01-20 10:47:49 [INFO]: GET /api/chats/rooms/67629705a8db5411f814e1cb
2025-01-20 10:48:02 [INFO]: GET /api/chats/rooms/67629705a8db5411f814e1cb
2025-01-20 10:48:12 [INFO]: GET /api/chats/rooms/67629705a8db5411f814e1cb
2025-01-20 10:48:12 [INFO]: GET /api/chats/rooms/67629705a8db5411f814e1cb
2025-01-20 10:48:14 [INFO]: GET /api/chats/678ce89fe0e890548399478d
2025-01-20 10:48:14 [INFO]: GET /api/chats/rooms/67629705a8db5411f814e1cb
2025-01-20 10:49:40 [INFO]: GET /api/chats/rooms/6756e293514336528ca8e3a9
2025-01-20 10:49:40 [INFO]: GET /api/chats/rooms/6756e293514336528ca8e3a9
2025-01-20 10:49:40 [INFO]: POST /api/token
2025-01-20 10:49:40 [INFO]: POST /api/token
2025-01-20 10:49:40 [INFO]: GET /api/chats/rooms/6756e293514336528ca8e3a9
2025-01-20 10:49:40 [INFO]: GET /api/chats/rooms/6756e293514336528ca8e3a9
2025-01-20 10:49:43 [INFO]: GET /api/chats/rooms/6756e293514336528ca8e3a9
2025-01-20 10:49:43 [INFO]: GET /api/chats/rooms/6756e293514336528ca8e3a9
2025-01-20 10:49:48 [INFO]: GET /api/chats/678ce89fe0e890548399478d
2025-01-20 10:49:49 [INFO]: GET /api/chats/rooms/6756e293514336528ca8e3a9
2025-01-20 10:51:14 [INFO]: GET /api/chats/678ce89fe0e890548399478d
2025-01-20 10:51:14 [INFO]: GET /api/chats/rooms/6756e293514336528ca8e3a9
2025-01-20 10:51:14 [INFO]: POST /api/token
2025-01-20 10:51:14 [INFO]: GET /api/chats/rooms/6756e293514336528ca8e3a9
2025-01-20 10:51:14 [INFO]: GET /api/chats/rooms/6756e293514336528ca8e3a9
2025-01-20 10:51:28 [INFO]: GET /api/chats/678ce89fe0e890548399478d
2025-01-20 10:51:28 [INFO]: GET /api/chats/rooms/6756e293514336528ca8e3a9
2025-01-20 10:51:28 [INFO]: GET /api/chats/rooms/6756e293514336528ca8e3a9
2025-01-20 10:51:41 [INFO]: GET /api/chats/rooms/6756e293514336528ca8e3a9
2025-01-20 10:51:41 [INFO]: GET /api/chats/678ce89fe0e890548399478d
2025-01-20 10:51:41 [INFO]: GET /api/chats/rooms/6756e293514336528ca8e3a9
2025-01-20 10:51:51 [INFO]: GET /api/chats/rooms/6756e293514336528ca8e3a9
2025-01-20 10:51:51 [INFO]: GET /api/chats/rooms/6756e293514336528ca8e3a9
2025-01-20 10:51:52 [INFO]: GET /api/chats/678ce89fe0e890548399478d
2025-01-20 10:51:52 [INFO]: GET /api/chats/rooms/6756e293514336528ca8e3a9
2025-01-20 10:51:59 [INFO]: GET /api/chats/678ce89fe0e890548399478d
2025-01-20 10:51:59 [INFO]: GET /api/chats/rooms/67629705a8db5411f814e1cb
2025-01-20 10:52:03 [INFO]: GET /api/chats/rooms/67629705a8db5411f814e1cb
2025-01-20 10:52:03 [INFO]: GET /api/chats/rooms/6756e293514336528ca8e3a9
2025-01-20 10:52:08 [INFO]: GET /api/chats/rooms/6756e293514336528ca8e3a9
2025-01-20 10:52:08 [INFO]: GET /api/chats/rooms/6756e293514336528ca8e3a9
2025-01-20 10:52:09 [INFO]: GET /api/chats/678ce89fe0e890548399478d
2025-01-20 10:52:09 [INFO]: GET /api/chats/rooms/6756e293514336528ca8e3a9
2025-01-20 10:53:20 [INFO]: GET /api/chats/678ce89fe0e890548399478d
2025-01-20 10:53:20 [INFO]: GET /api/chats/rooms/6756e293514336528ca8e3a9
2025-01-20 10:53:42 [INFO]: GET /api/chats/rooms/6756e293514336528ca8e3a9
2025-01-20 10:54:08 [INFO]: GET /api/chats/rooms/6756e293514336528ca8e3a9
2025-01-20 10:54:15 [INFO]: GET /api/chats/rooms/6756e293514336528ca8e3a9
2025-01-20 10:54:15 [INFO]: GET /api/chats/rooms/6756e293514336528ca8e3a9
2025-01-20 10:54:30 [INFO]: GET /api/chats/rooms/6756e293514336528ca8e3a9
2025-01-20 10:54:53 [INFO]: GET /api/chats/rooms/6756e293514336528ca8e3a9
2025-01-20 10:54:58 [INFO]: GET /api/chats/678ce89fe0e890548399478d
2025-01-20 10:54:58 [INFO]: GET /api/chats/rooms/6756e293514336528ca8e3a9
2025-01-20 10:57:24 [INFO]: GET /api/chats/rooms/67629705a8db5411f814e1cb
2025-01-20 10:57:24 [INFO]: GET /api/chats/rooms/67629705a8db5411f814e1cb
2025-01-20 10:57:27 [INFO]: GET /api/chats/678ce89fe0e890548399478d
2025-01-20 10:57:27 [INFO]: GET /api/chats/rooms/67629705a8db5411f814e1cb
2025-01-20 11:00:14 [INFO]: GET /api/notification/67629705a8db5411f814e1cb
2025-01-20 11:00:14 [INFO]: GET /api/patients/patient/67629705a8db5411f814e1cb
2025-01-20 11:00:14 [INFO]: GET /api/notification/67629705a8db5411f814e1cb
2025-01-20 11:00:14 [INFO]: GET /api/patients/patient/67629705a8db5411f814e1cb
2025-01-20 11:04:28 [INFO]: GET /api/patients/patient/67629705a8db5411f814e1cb
2025-01-20 11:04:58 [INFO]: GET /api/patients/patient/67629705a8db5411f814e1cb
2025-01-20 11:05:53 [INFO]: GET /api/patients/patient/67629705a8db5411f814e1cb
2025-01-20 11:06:41 [INFO]: GET /api/patients/patient/67629705a8db5411f814e1cb
2025-01-20 11:07:11 [INFO]: GET /api/patients/patient/67629705a8db5411f814e1cb
2025-01-20 11:09:10 [INFO]: GET /api/patients/patient/67629705a8db5411f814e1cb
2025-01-20 11:09:18 [INFO]: GET /api/patients/patient/67629705a8db5411f814e1cb
2025-01-20 11:09:48 [INFO]: GET /api/patients/patient/67629705a8db5411f814e1cb
2025-01-20 11:10:03 [INFO]: GET /api/patients/patient/67629705a8db5411f814e1cb
2025-01-20 11:10:35 [INFO]: GET /api/patients/patient/67629705a8db5411f814e1cb
2025-01-20 11:11:02 [INFO]: GET /api/patients/patient/67629705a8db5411f814e1cb
2025-01-20 11:11:18 [INFO]: GET /api/patients/patient/67629705a8db5411f814e1cb
2025-01-20 11:11:31 [INFO]: GET /api/patients/patient/67629705a8db5411f814e1cb
2025-01-20 11:13:11 [INFO]: GET /api/patients/patient/67629705a8db5411f814e1cb
2025-01-20 11:13:23 [INFO]: GET /api/patients/patient/67629705a8db5411f814e1cb
2025-01-20 11:13:45 [INFO]: GET /api/patients/patient/67629705a8db5411f814e1cb
2025-01-20 11:14:10 [INFO]: GET /api/patients/patient/67629705a8db5411f814e1cb
2025-01-20 11:14:21 [INFO]: GET /api/patients/patient/67629705a8db5411f814e1cb
2025-01-20 11:14:39 [INFO]: GET /api/patients/patient/67629705a8db5411f814e1cb
2025-01-20 11:14:48 [INFO]: GET /api/patients/patient/67629705a8db5411f814e1cb
2025-01-20 11:15:07 [INFO]: GET /api/patients/patient/67629705a8db5411f814e1cb
2025-01-20 11:15:55 [INFO]: GET /api/patients/patient/67629705a8db5411f814e1cb
2025-01-20 11:16:41 [INFO]: GET /api/patients/patient/67629705a8db5411f814e1cb
2025-01-20 11:19:26 [INFO]: GET /api/patients/patient/67629705a8db5411f814e1cb
2025-01-20 11:19:26 [INFO]: GET /api/notification/67629705a8db5411f814e1cb
2025-01-20 11:19:26 [INFO]: GET /api/notification/67629705a8db5411f814e1cb
2025-01-20 11:19:26 [INFO]: GET /api/patients/patient/67629705a8db5411f814e1cb
2025-01-20 11:25:14 [INFO]: GET /api/patients/patient/67629705a8db5411f814e1cb
2025-01-20 11:25:14 [INFO]: POST /api/token
2025-01-20 11:25:14 [INFO]: GET /api/patients/patient/67629705a8db5411f814e1cb
2025-01-20 11:29:36 [INFO]: GET /api/patients/patient/67629705a8db5411f814e1cb
2025-01-20 11:32:49 [INFO]: GET /api/patients/patient/67629705a8db5411f814e1cb
2025-01-20 11:33:19 [INFO]: GET /api/patients/patient/67629705a8db5411f814e1cb
2025-01-20 11:33:46 [INFO]: GET /api/patients/patient/67629705a8db5411f814e1cb
2025-01-20 11:34:35 [INFO]: GET /api/patients/patient/67629705a8db5411f814e1cb
2025-01-20 11:35:05 [INFO]: GET /api/patients/patient/67629705a8db5411f814e1cb
2025-01-20 11:37:29 [INFO]: GET /api/patients/patient/67629705a8db5411f814e1cb
2025-01-20 11:38:27 [INFO]: PUT /api/patients/patient
2025-01-20 11:38:50 [INFO]: GET /api/patients/patient/67629705a8db5411f814e1cb
2025-01-20 11:38:50 [INFO]: GET /api/patients/patient/67629705a8db5411f814e1cb
2025-01-20 11:38:50 [INFO]: GET /api/notification/67629705a8db5411f814e1cb
2025-01-20 11:38:50 [INFO]: GET /api/notification/67629705a8db5411f814e1cb
2025-01-20 11:40:07 [INFO]: GET /api/patients/patient/67629705a8db5411f814e1cb
2025-01-20 11:40:29 [INFO]: PUT /api/patients/patient
2025-01-20 11:41:39 [INFO]: GET /api/patients/patient/67629705a8db5411f814e1cb
2025-01-20 11:42:24 [INFO]: GET /api/patients/patient/67629705a8db5411f814e1cb
2025-01-20 11:43:39 [INFO]: PUT /api/patients/patient
2025-01-20 11:46:29 [INFO]: GET /api/patients/patient/67629705a8db5411f814e1cb
2025-01-20 11:51:10 [INFO]: GET /api/patients/patient/67629705a8db5411f814e1cb
2025-01-20 11:51:10 [INFO]: GET /api/patients/patient/67629705a8db5411f814e1cb
2025-01-20 11:51:10 [INFO]: GET /api/notification/67629705a8db5411f814e1cb
2025-01-20 11:51:10 [INFO]: GET /api/notification/67629705a8db5411f814e1cb
2025-01-20 11:51:38 [INFO]: GET /api/patients/patient/67629705a8db5411f814e1cb
2025-01-20 11:51:58 [INFO]: GET /api/patients/patient/67629705a8db5411f814e1cb
2025-01-20 11:57:54 [INFO]: GET /api/patients/patient/67629705a8db5411f814e1cb
2025-01-20 11:57:54 [INFO]: POST /api/token
2025-01-20 11:57:54 [INFO]: GET /api/patients/patient/67629705a8db5411f814e1cb
2025-01-20 11:58:08 [INFO]: PUT /api/patients/patient
2025-01-20 11:58:09 [INFO]: PUT /api/patients/patient
2025-01-20 12:01:47 [INFO]: GET /api/patients/patient/67629705a8db5411f814e1cb
2025-01-20 12:02:35 [INFO]: GET /api/patients/patient/67629705a8db5411f814e1cb
2025-01-20 12:07:47 [INFO]: GET /api/notification/67629705a8db5411f814e1cb
2025-01-20 12:07:47 [INFO]: GET /api/patients/patient/67629705a8db5411f814e1cb
2025-01-20 12:07:47 [INFO]: GET /api/patients/patient/67629705a8db5411f814e1cb
2025-01-20 12:07:47 [INFO]: GET /api/notification/67629705a8db5411f814e1cb
2025-01-20 12:07:58 [INFO]: GET /api/notification/67629705a8db5411f814e1cb
2025-01-20 12:07:58 [INFO]: GET /api/patients/patient/67629705a8db5411f814e1cb
2025-01-20 12:07:58 [INFO]: GET /api/notification/67629705a8db5411f814e1cb
2025-01-20 12:07:58 [INFO]: GET /api/patients/patient/67629705a8db5411f814e1cb
2025-01-20 12:09:03 [INFO]: GET /api/notification/67629705a8db5411f814e1cb
2025-01-20 12:09:03 [INFO]: GET /api/patients/patient/67629705a8db5411f814e1cb
2025-01-20 12:09:03 [INFO]: GET /api/notification/67629705a8db5411f814e1cb
2025-01-20 12:09:03 [INFO]: GET /api/patients/patient/67629705a8db5411f814e1cb
2025-01-20 12:09:07 [INFO]: GET /api/notification/67629705a8db5411f814e1cb
2025-01-20 12:09:07 [INFO]: GET /api/patients/patient/67629705a8db5411f814e1cb
2025-01-20 12:09:07 [INFO]: GET /api/notification/67629705a8db5411f814e1cb
2025-01-20 12:09:07 [INFO]: GET /api/patients/patient/67629705a8db5411f814e1cb
2025-01-20 12:09:25 [INFO]: GET /api/patients/patient/67629705a8db5411f814e1cb
2025-01-20 12:15:11 [INFO]: GET /api/patients/patient/67629705a8db5411f814e1cb
2025-01-20 12:15:49 [INFO]: GET /api/patients/patient/67629705a8db5411f814e1cb
2025-01-20 12:18:18 [INFO]: GET /api/patients/patient/67629705a8db5411f814e1cb
2025-01-20 12:18:28 [INFO]: GET /api/notification/67629705a8db5411f814e1cb
2025-01-20 12:18:28 [INFO]: GET /api/patients/patient/67629705a8db5411f814e1cb
2025-01-20 12:18:28 [INFO]: GET /api/notification/67629705a8db5411f814e1cb
2025-01-20 12:18:28 [INFO]: GET /api/patients/patient/67629705a8db5411f814e1cb
2025-01-20 12:18:43 [INFO]: GET /api/patients/patient/67629705a8db5411f814e1cb
2025-01-20 12:18:52 [INFO]: GET /api/patients/patient/67629705a8db5411f814e1cb
2025-01-20 12:21:02 [INFO]: GET /api/patients/patient/67629705a8db5411f814e1cb
2025-01-20 12:38:33 [INFO]: POST /api/patients/verifyPassword
2025-01-20 12:38:33 [INFO]: PUT /api/patients/patient
2025-01-20 12:38:33 [INFO]: POST /api/token
2025-01-20 12:38:33 [INFO]: PUT /api/patients/patient
2025-01-20 12:38:58 [INFO]: POST /api/patients/verifyPassword
2025-01-20 12:38:58 [INFO]: PUT /api/patients/patient
2025-01-20 12:43:15 [INFO]: POST /api/patients/verifyPassword
2025-01-20 12:43:15 [INFO]: PUT /api/patients/patient
2025-01-20 12:44:30 [INFO]: POST /api/patients/verifyPassword
2025-01-20 12:44:30 [INFO]: PUT /api/patients/patient
2025-01-20 12:46:38 [INFO]: POST /api/patients/verifyPassword
2025-01-20 12:46:38 [INFO]: PUT /api/patients/patient
2025-01-20 12:50:00 [INFO]: GET /api/notification/67629705a8db5411f814e1cb
2025-01-20 12:50:00 [INFO]: GET /api/patients/patient/67629705a8db5411f814e1cb
2025-01-20 12:50:00 [INFO]: GET /api/notification/67629705a8db5411f814e1cb
2025-01-20 12:50:00 [INFO]: GET /api/patients/patient/67629705a8db5411f814e1cb
2025-01-20 12:50:03 [INFO]: GET /api/notification/67629705a8db5411f814e1cb
2025-01-20 12:50:03 [INFO]: GET /api/patients/patient/67629705a8db5411f814e1cb
2025-01-20 12:50:03 [INFO]: GET /api/notification/67629705a8db5411f814e1cb
2025-01-20 12:50:03 [INFO]: GET /api/patients/patient/67629705a8db5411f814e1cb
2025-01-20 12:50:14 [INFO]: POST /api/patients/verifyPassword
2025-01-20 12:50:14 [INFO]: PUT /api/patients/patient
2025-01-20 12:51:57 [INFO]: GET /api/notification/67629705a8db5411f814e1cb
2025-01-20 12:51:57 [INFO]: GET /api/patients/patient/67629705a8db5411f814e1cb
2025-01-20 12:51:57 [INFO]: GET /api/notification/67629705a8db5411f814e1cb
2025-01-20 12:51:57 [INFO]: GET /api/patients/patient/67629705a8db5411f814e1cb
2025-01-20 12:52:01 [INFO]: POST /api/patients/verifyPassword
2025-01-20 12:52:01 [INFO]: PUT /api/patients/patient
2025-01-20 12:56:56 [INFO]: GET /api/patients/patient/67629705a8db5411f814e1cb
2025-01-20 12:57:27 [INFO]: GET /api/patients/patient/67629705a8db5411f814e1cb
2025-01-20 12:59:28 [INFO]: GET /api/notification/67629705a8db5411f814e1cb
2025-01-20 12:59:28 [INFO]: GET /api/patients/patient/67629705a8db5411f814e1cb
2025-01-20 12:59:28 [INFO]: GET /api/patients/patient/67629705a8db5411f814e1cb
2025-01-20 12:59:28 [INFO]: GET /api/notification/67629705a8db5411f814e1cb
2025-01-20 12:59:40 [INFO]: GET /api/patients/patient/67629705a8db5411f814e1cb
2025-01-20 13:03:34 [INFO]: GET /api/notification/67629705a8db5411f814e1cb
2025-01-20 13:03:34 [INFO]: GET /api/patients/patient/67629705a8db5411f814e1cb
2025-01-20 13:03:34 [INFO]: GET /api/notification/67629705a8db5411f814e1cb
2025-01-20 13:03:34 [INFO]: GET /api/patients/patient/67629705a8db5411f814e1cb
2025-01-20 13:03:34 [INFO]: GET /api/chats/rooms/67629705a8db5411f814e1cb
2025-01-20 13:03:34 [INFO]: GET /api/chats/rooms/67629705a8db5411f814e1cb
2025-01-20 13:04:25 [INFO]: GET /api/notification/67629705a8db5411f814e1cb
2025-01-20 13:04:25 [INFO]: GET /api/notification/67629705a8db5411f814e1cb
2025-01-20 13:04:25 [INFO]: GET /api/patients/patient/67629705a8db5411f814e1cb
2025-01-20 13:04:25 [INFO]: GET /api/patients/patient/67629705a8db5411f814e1cb
2025-01-20 13:04:25 [INFO]: GET /api/chats/rooms/67629705a8db5411f814e1cb
2025-01-20 13:04:25 [INFO]: GET /api/chats/rooms/67629705a8db5411f814e1cb
2025-01-20 13:05:06 [INFO]: GET /api/chats/rooms/67629705a8db5411f814e1cb
2025-01-20 13:05:06 [INFO]: GET /api/chats/rooms/67629705a8db5411f814e1cb
2025-01-20 13:05:06 [INFO]: GET /api/notification/67629705a8db5411f814e1cb
2025-01-20 13:05:06 [INFO]: GET /api/patients/patient/67629705a8db5411f814e1cb
2025-01-20 13:05:06 [INFO]: GET /api/notification/67629705a8db5411f814e1cb
2025-01-20 13:05:06 [INFO]: GET /api/patients/patient/67629705a8db5411f814e1cb
2025-01-20 13:05:19 [INFO]: GET /api/notification/67629705a8db5411f814e1cb
2025-01-20 13:05:19 [INFO]: GET /api/patients/patient/67629705a8db5411f814e1cb
2025-01-20 13:05:19 [INFO]: GET /api/patients/patient/67629705a8db5411f814e1cb
2025-01-20 13:05:19 [INFO]: GET /api/notification/67629705a8db5411f814e1cb
2025-01-20 13:06:18 [INFO]: GET /api/notification/67629705a8db5411f814e1cb
2025-01-20 13:06:18 [INFO]: GET /api/patients/patient/67629705a8db5411f814e1cb
2025-01-20 13:06:18 [INFO]: GET /api/notification/67629705a8db5411f814e1cb
2025-01-20 13:06:18 [INFO]: GET /api/patients/patient/67629705a8db5411f814e1cb
2025-01-20 13:06:55 [INFO]: GET /api/notification/67629705a8db5411f814e1cb
2025-01-20 13:06:55 [INFO]: GET /api/notification/67629705a8db5411f814e1cb
2025-01-20 13:06:55 [INFO]: GET /api/patients/patient/67629705a8db5411f814e1cb
2025-01-20 13:06:55 [INFO]: GET /api/patients/patient/67629705a8db5411f814e1cb
2025-01-20 13:07:31 [INFO]: POST /api/patients/verifyPassword
2025-01-20 13:07:31 [INFO]: PUT /api/patients/patient
2025-01-20 13:07:56 [INFO]: GET /api/notification/67629705a8db5411f814e1cb
2025-01-20 13:07:56 [INFO]: GET /api/patients/appointments/67629705a8db5411f814e1cb
2025-01-20 13:07:56 [INFO]: GET /api/notification/67629705a8db5411f814e1cb
2025-01-20 13:07:56 [INFO]: GET /api/patients/appointments/67629705a8db5411f814e1cb
2025-01-20 13:07:57 [INFO]: GET /api/chats/rooms/67629705a8db5411f814e1cb
2025-01-20 13:07:57 [INFO]: GET /api/chats/rooms/67629705a8db5411f814e1cb
2025-01-20 13:07:59 [INFO]: GET /api/chats/678ce89fe0e890548399478d
2025-01-20 13:07:59 [INFO]: GET /api/chats/rooms/67629705a8db5411f814e1cb
2025-01-20 13:08:15 [INFO]: GET /api/chats/rooms/67629705a8db5411f814e1cb
2025-01-20 13:09:01 [INFO]: GET /api/chats/678ce89fe0e890548399478d
2025-01-20 13:09:01 [INFO]: GET /api/chats/rooms/67629705a8db5411f814e1cb
2025-01-20 13:09:01 [INFO]: POST /api/token
2025-01-20 13:09:01 [INFO]: GET /api/chats/rooms/67629705a8db5411f814e1cb
2025-01-20 13:11:00 [INFO]: GET /api/chats/rooms/67629705a8db5411f814e1cb
2025-01-20 13:11:00 [INFO]: GET /api/chats/rooms/67629705a8db5411f814e1cb
2025-01-20 13:22:57 [INFO]: GET /api/notification/67629705a8db5411f814e1cb
2025-01-20 13:22:57 [INFO]: GET /api/notification/67629705a8db5411f814e1cb
2025-01-20 13:23:15 [INFO]: GET /api/notification/67629705a8db5411f814e1cb
2025-01-20 13:23:15 [INFO]: GET /api/patients/patient/67629705a8db5411f814e1cb
2025-01-20 13:23:15 [INFO]: GET /api/patients/patient/67629705a8db5411f814e1cb
2025-01-20 13:23:15 [INFO]: POST /api/token
2025-01-20 13:23:15 [INFO]: POST /api/token
2025-01-20 13:23:15 [INFO]: GET /api/patients/patient/67629705a8db5411f814e1cb
2025-01-20 13:23:15 [INFO]: GET /api/notification/67629705a8db5411f814e1cb
2025-01-20 13:23:15 [INFO]: GET /api/patients/patient/67629705a8db5411f814e1cb
2025-01-20 13:23:24 [INFO]: POST /api/patients/verifyPassword
2025-01-20 13:23:24 [INFO]: PUT /api/patients/patient
2025-01-20 13:25:00 [INFO]: POST /patients/verifyPassword
2025-01-20 13:26:01 [INFO]: POST /patients/verifyPassword
2025-01-20 13:26:03 [INFO]: POST /patients/verifyPassword
2025-01-20 13:26:04 [INFO]: POST /patients/verifyPassword
2025-01-20 13:26:05 [INFO]: POST /patients/verifyPassword
2025-01-20 13:26:22 [INFO]: POST /api/patients/verifyPassword
2025-01-20 13:26:22 [INFO]: PUT /api/patients/patient
2025-01-20 13:26:57 [INFO]: POST /api/patients/verifyPassword
2025-01-20 13:29:14 [INFO]: GET /api/patients/patient/67629705a8db5411f814e1cb
2025-01-20 13:29:26 [INFO]: POST /api/patients/verifyPassword
2025-01-20 13:29:33 [INFO]: GET /api/notification/67629705a8db5411f814e1cb
2025-01-20 13:29:33 [INFO]: GET /api/patients/patient/67629705a8db5411f814e1cb
2025-01-20 13:29:33 [INFO]: GET /api/notification/67629705a8db5411f814e1cb
2025-01-20 13:29:33 [INFO]: GET /api/patients/patient/67629705a8db5411f814e1cb
2025-01-20 13:29:40 [INFO]: POST /api/patients/verifyPassword
2025-01-20 13:29:51 [INFO]: POST /api/patients/verifyPassword
2025-01-20 13:30:56 [INFO]: GET /api/patients/patient/67629705a8db5411f814e1cb
2025-01-20 13:33:32 [INFO]: PUT /api/patients/patient
2025-01-20 13:33:41 [INFO]: POST /api/patients/verifyPassword
2025-01-20 13:34:24 [INFO]: GET /api/patients/patient/67629705a8db5411f814e1cb
2025-01-20 13:39:02 [INFO]: GET /api/patients/patient/67629705a8db5411f814e1cb
2025-01-20 13:39:15 [INFO]: GET /api/patients/patient/67629705a8db5411f814e1cb
2025-01-20 13:39:32 [INFO]: GET /api/patients/patient/67629705a8db5411f814e1cb
2025-01-20 13:39:56 [INFO]: POST /api/patients/verifyPassword
2025-01-20 13:40:02 [INFO]: POST /api/patients/verifyPassword
2025-01-20 13:40:30 [INFO]: POST /api/patients/signin
2025-01-20 13:40:31 [INFO]: GET /api/notification/67629705a8db5411f814e1cb
2025-01-20 13:40:31 [INFO]: GET /api/notification/67629705a8db5411f814e1cb
2025-01-20 13:40:31 [INFO]: GET /api/notification/67629705a8db5411f814e1cb
2025-01-20 13:40:33 [INFO]: GET /api/notification/67629705a8db5411f814e1cb
2025-01-20 13:40:33 [INFO]: GET /api/patients/patient/67629705a8db5411f814e1cb
2025-01-20 13:40:33 [INFO]: GET /api/notification/67629705a8db5411f814e1cb
2025-01-20 13:40:33 [INFO]: GET /api/patients/patient/67629705a8db5411f814e1cb
2025-01-20 13:40:52 [INFO]: POST /api/patients/verifyPassword
2025-01-20 13:40:52 [INFO]: PUT /api/patients/patient
2025-01-20 13:41:44 [INFO]: GET /api/patients/patient/67629705a8db5411f814e1cb
2025-01-20 13:42:03 [INFO]: POST /api/patients/verifyPassword
2025-01-20 13:42:14 [INFO]: POST /api/patients/verifyPassword
2025-01-20 13:42:19 [INFO]: POST /api/patients/verifyPassword
2025-01-20 13:42:34 [INFO]: POST /api/patients/verifyPassword
2025-01-20 13:43:07 [INFO]: GET /api/notification/67629705a8db5411f814e1cb
2025-01-20 13:43:07 [INFO]: GET /api/patients/patient/67629705a8db5411f814e1cb
2025-01-20 13:43:07 [INFO]: GET /api/notification/67629705a8db5411f814e1cb
2025-01-20 13:43:07 [INFO]: GET /api/patients/patient/67629705a8db5411f814e1cb
2025-01-20 13:43:23 [INFO]: POST /api/patients/verifyPassword
2025-01-20 13:43:23 [INFO]: PUT /api/patients/patient
2025-01-20 13:44:12 [INFO]: POST /api/patients/verifyPassword
2025-01-20 13:45:21 [INFO]: GET /api/patients/patient/67629705a8db5411f814e1cb
2025-01-20 13:45:40 [INFO]: POST /api/patients/verifyPassword
2025-01-20 13:46:44 [INFO]: POST /api/patients/verifyPassword
2025-01-20 13:46:50 [INFO]: GET /api/notification/67629705a8db5411f814e1cb
2025-01-20 13:46:50 [INFO]: GET /api/patients/patient/67629705a8db5411f814e1cb
2025-01-20 13:46:50 [INFO]: GET /api/notification/67629705a8db5411f814e1cb
2025-01-20 13:46:50 [INFO]: GET /api/patients/patient/67629705a8db5411f814e1cb
2025-01-20 13:47:04 [INFO]: POST /api/patients/verifyPassword
2025-01-20 13:47:15 [INFO]: POST /api/patients/verifyPassword
2025-01-20 13:47:16 [INFO]: PUT /api/patients/patient
2025-01-20 13:48:04 [INFO]: POST /api/patients/verifyPassword
2025-01-20 13:48:04 [INFO]: PUT /api/patients/patient
2025-01-20 13:48:22 [INFO]: POST /api/patients/verifyPassword
2025-01-20 13:48:34 [INFO]: POST /api/patients/verifyPassword
2025-01-20 13:48:40 [INFO]: POST /api/patients/verifyPassword
2025-01-20 13:56:58 [INFO]: GET /api/patients/patient/67629705a8db5411f814e1cb
2025-01-20 13:57:33 [INFO]: GET /api/patients/patient/67629705a8db5411f814e1cb
2025-01-20 13:58:10 [INFO]: GET /api/patients/patient/67629705a8db5411f814e1cb
2025-01-20 13:58:22 [INFO]: GET /api/patients/patient/67629705a8db5411f814e1cb
2025-01-20 13:58:33 [INFO]: GET /api/patients/patient/67629705a8db5411f814e1cb
2025-01-20 13:58:39 [INFO]: GET /api/notification/67629705a8db5411f814e1cb
2025-01-20 13:58:39 [INFO]: GET /api/patients/patient/67629705a8db5411f814e1cb
2025-01-20 13:58:39 [INFO]: GET /api/notification/67629705a8db5411f814e1cb
2025-01-20 13:58:39 [INFO]: GET /api/patients/patient/67629705a8db5411f814e1cb
2025-01-20 13:58:51 [INFO]: POST /api/patients/verifyPassword
2025-01-20 13:59:16 [INFO]: POST /api/patients/verifyPassword
2025-01-20 13:59:23 [INFO]: POST /api/patients/verifyPassword
2025-01-20 13:59:23 [INFO]: PUT /api/patients/patient
2025-01-20 14:00:47 [INFO]: GET /api/notification/67629705a8db5411f814e1cb
2025-01-20 14:00:47 [INFO]: GET /api/patients/patient/67629705a8db5411f814e1cb
2025-01-20 14:00:47 [INFO]: GET /api/notification/67629705a8db5411f814e1cb
2025-01-20 14:00:47 [INFO]: GET /api/patients/patient/67629705a8db5411f814e1cb
2025-01-20 14:04:55 [INFO]: POST /api/patients/verifyPassword
2025-01-20 14:14:28 [INFO]: POST /api/patients/verifyPassword
2025-01-20 14:14:28 [INFO]: POST /api/token
2025-01-20 14:14:28 [INFO]: POST /api/patients/verifyPassword
2025-01-20 14:14:28 [INFO]: PUT /api/patients/patient
2025-01-20 14:14:57 [INFO]: POST /api/patients/verifyPassword
2025-01-20 14:15:01 [INFO]: POST /api/patients/verifyPassword
2025-01-20 14:15:01 [INFO]: PUT /api/patients/patient
2025-01-20 14:48:31 [INFO]: GET /api/notification/67629705a8db5411f814e1cb
2025-01-20 14:48:31 [INFO]: GET /api/patients/patient/67629705a8db5411f814e1cb
2025-01-20 14:48:31 [INFO]: GET /api/patients/patient/67629705a8db5411f814e1cb
2025-01-20 14:48:31 [INFO]: POST /api/token
2025-01-20 14:48:31 [INFO]: POST /api/token
2025-01-20 14:48:31 [INFO]: GET /api/patients/patient/67629705a8db5411f814e1cb
2025-01-20 14:48:31 [INFO]: GET /api/notification/67629705a8db5411f814e1cb
2025-01-20 14:48:32 [INFO]: GET /api/patients/patient/67629705a8db5411f814e1cb
2025-01-20 16:51:30 [INFO]: GET /api/notification/67629705a8db5411f814e1cb
2025-01-20 16:51:30 [INFO]: GET /api/patients/patient/67629705a8db5411f814e1cb
2025-01-20 16:51:30 [INFO]: GET /api/patients/patient/67629705a8db5411f814e1cb
2025-01-20 16:51:30 [INFO]: POST /api/token
2025-01-20 16:51:30 [INFO]: POST /api/token
2025-01-20 16:51:30 [INFO]: GET /api/patients/patient/67629705a8db5411f814e1cb
2025-01-20 16:51:31 [INFO]: GET /api/patients/patient/67629705a8db5411f814e1cb
2025-01-20 20:23:15 [INFO]: GET /api/notification/67629705a8db5411f814e1cb
2025-01-20 20:23:15 [INFO]: GET /api/patients/patient/67629705a8db5411f814e1cb
2025-01-20 20:23:15 [INFO]: GET /api/patients/patient/67629705a8db5411f814e1cb
2025-01-20 20:23:15 [INFO]: POST /api/token
2025-01-20 20:23:15 [INFO]: POST /api/token
2025-01-20 20:23:15 [INFO]: GET /api/patients/patient/67629705a8db5411f814e1cb
2025-01-20 20:23:16 [INFO]: GET /api/notification/67629705a8db5411f814e1cb
2025-01-20 20:23:16 [INFO]: GET /api/patients/patient/67629705a8db5411f814e1cb
2025-01-20 20:23:53 [INFO]: GET /api/notification/6756e293514336528ca8e3a9
2025-01-20 20:23:53 [INFO]: GET /api/doctor/dashboard/6756e293514336528ca8e3a9
2025-01-20 20:23:53 [INFO]: GET /api/doctor/dashboard/6756e293514336528ca8e3a9
2025-01-20 20:23:53 [INFO]: POST /api/token
2025-01-20 20:23:53 [INFO]: POST /api/token
2025-01-20 20:23:53 [INFO]: GET /api/doctor/dashboard/6756e293514336528ca8e3a9
2025-01-20 20:23:53 [INFO]: GET /api/notification/6756e293514336528ca8e3a9
2025-01-20 20:23:53 [INFO]: GET /api/doctor/dashboard/6756e293514336528ca8e3a9
2025-01-20 20:24:05 [INFO]: POST /api/doctor/signin
2025-01-20 20:24:06 [INFO]: GET /api/doctor/dashboard/6756e293514336528ca8e3a9
2025-01-20 20:24:06 [INFO]: GET /api/notification/6756e293514336528ca8e3a9
2025-01-20 20:24:06 [INFO]: GET /api/notification/6756e293514336528ca8e3a9
2025-01-20 20:24:06 [INFO]: GET /api/doctor/dashboard/6756e293514336528ca8e3a9
2025-01-20 20:33:39 [INFO]: POST /api/doctor/timeSlot
2025-01-20 20:35:03 [INFO]: POST /api/doctor/timeSlots/10
2025-01-20 20:37:18 [INFO]: GET /api/doctor/timeSlots/6756e293514336528ca8e3a9
2025-01-20 20:37:25 [INFO]: GET /api/doctor/timeSlots/6756e293514336528ca8e3a9
2025-01-20 20:37:25 [INFO]: GET /api/doctor/timeSlots/6756e293514336528ca8e3a9
2025-01-20 20:39:03 [INFO]: GET /api/doctor/timeSlots/6756e293514336528ca8e3a9
2025-01-20 20:39:14 [INFO]: GET /api/doctor/timeSlots/6756e293514336528ca8e3a9
2025-01-20 20:39:14 [INFO]: GET /api/doctor/timeSlots/6756e293514336528ca8e3a9
2025-01-20 20:48:27 [INFO]: GET /api/doctor/timeSlots/6756e293514336528ca8e3a9
2025-01-20 20:48:44 [INFO]: GET /api/doctor/timeSlots/6756e293514336528ca8e3a9
2025-01-20 20:48:44 [INFO]: GET /api/doctor/timeSlots/6756e293514336528ca8e3a9
2025-01-20 21:06:57 [INFO]: GET /api/doctor/timeSlots/6756e293514336528ca8e3a9
2025-01-20 21:06:57 [INFO]: GET /api/doctor/timeSlots/6756e293514336528ca8e3a9
2025-01-20 21:06:57 [INFO]: POST /api/token
2025-01-20 21:06:57 [INFO]: POST /api/token
2025-01-20 21:06:57 [INFO]: GET /api/doctor/timeSlots/6756e293514336528ca8e3a9
2025-01-20 21:06:57 [INFO]: GET /api/doctor/timeSlots/6756e293514336528ca8e3a9
2025-01-20 21:07:31 [INFO]: GET /api/doctor/dashboard/6756e293514336528ca8e3a9
2025-01-20 21:07:31 [INFO]: GET /api/notification/6756e293514336528ca8e3a9
2025-01-20 21:07:32 [INFO]: GET /api/notification/6756e293514336528ca8e3a9
2025-01-20 21:07:32 [INFO]: GET /api/doctor/dashboard/6756e293514336528ca8e3a9
2025-01-20 21:07:35 [INFO]: GET /api/notification/6756e293514336528ca8e3a9
2025-01-20 21:07:35 [INFO]: GET /api/doctor/dashboard/6756e293514336528ca8e3a9
2025-01-20 21:07:35 [INFO]: GET /api/notification/6756e293514336528ca8e3a9
2025-01-20 21:07:35 [INFO]: GET /api/doctor/dashboard/6756e293514336528ca8e3a9
2025-01-20 21:07:40 [INFO]: GET /api/notification/6756e293514336528ca8e3a9
2025-01-20 21:07:40 [INFO]: GET /api/doctor/dashboard/6756e293514336528ca8e3a9
2025-01-20 21:07:40 [INFO]: GET /api/notification/6756e293514336528ca8e3a9
2025-01-20 21:07:40 [INFO]: GET /api/doctor/dashboard/6756e293514336528ca8e3a9
2025-01-20 21:07:44 [INFO]: GET /api/notification/6756e293514336528ca8e3a9
2025-01-20 21:07:44 [INFO]: GET /api/doctor/dashboard/6756e293514336528ca8e3a9
2025-01-20 21:07:44 [INFO]: GET /api/notification/6756e293514336528ca8e3a9
2025-01-20 21:07:44 [INFO]: GET /api/doctor/dashboard/6756e293514336528ca8e3a9
2025-01-20 21:07:50 [INFO]: GET /api/notification/6756e293514336528ca8e3a9
2025-01-20 21:07:50 [INFO]: GET /api/notification/6756e293514336528ca8e3a9
2025-01-20 21:09:15 [INFO]: POST /api/doctor/timeSlots/6756e293514336528ca8e3a9
2025-01-20 21:09:29 [INFO]: GET /api/notification/6756e293514336528ca8e3a9
2025-01-20 21:09:29 [INFO]: GET /api/notification/6756e293514336528ca8e3a9
2025-01-20 21:09:33 [INFO]: GET /api/doctor/timeSlots/6756e293514336528ca8e3a9
2025-01-20 21:09:33 [INFO]: GET /api/doctor/timeSlots/6756e293514336528ca8e3a9
2025-01-20 21:10:14 [INFO]: GET /api/doctor/timeSlots/6756e293514336528ca8e3a9
2025-01-20 21:10:25 [INFO]: GET /api/doctor/timeSlots/6756e293514336528ca8e3a9
2025-01-20 21:10:25 [INFO]: GET /api/doctor/timeSlots/6756e293514336528ca8e3a9
2025-01-20 21:14:55 [INFO]: GET /api/doctor/timeSlots/6756e293514336528ca8e3a9
2025-01-20 21:15:03 [INFO]: GET /api/doctor/timeSlots/6756e293514336528ca8e3a9
2025-01-20 21:15:03 [INFO]: GET /api/doctor/timeSlots/6756e293514336528ca8e3a9
2025-01-20 21:15:18 [INFO]: GET /api/doctor/timeSlots/6756e293514336528ca8e3a9
2025-01-20 21:20:54 [INFO]: GET /api/doctor/timeSlots/6756e293514336528ca8e3a9
2025-01-20 21:21:04 [INFO]: GET /api/doctor/timeSlots/6756e293514336528ca8e3a9
2025-01-20 21:21:04 [INFO]: GET /api/doctor/timeSlots/6756e293514336528ca8e3a9
2025-01-20 21:23:49 [INFO]: GET /api/doctor/timeSlots/6756e293514336528ca8e3a9
2025-01-20 21:25:37 [INFO]: GET /api/doctor/timeSlots/6756e293514336528ca8e3a9
2025-01-20 21:25:53 [INFO]: GET /api/doctor/timeSlots/6756e293514336528ca8e3a9
2025-01-20 21:25:53 [INFO]: GET /api/doctor/timeSlots/6756e293514336528ca8e3a9
2025-01-20 21:30:47 [INFO]: GET /api/doctor/timeSlots/6756e293514336528ca8e3a9
2025-01-20 21:30:59 [INFO]: GET /api/doctor/timeSlots/6756e293514336528ca8e3a9
2025-01-20 21:31:00 [INFO]: GET /api/doctor/timeSlots/6756e293514336528ca8e3a9
2025-01-20 21:34:37 [INFO]: GET /api/doctor/timeSlots/6756e293514336528ca8e3a9
2025-01-20 21:46:12 [INFO]: GET /api/doctor/timeSlots/6756e293514336528ca8e3a9
2025-01-20 21:46:12 [INFO]: POST /api/token
2025-01-20 21:46:12 [INFO]: GET /api/doctor/timeSlots/6756e293514336528ca8e3a9
2025-01-20 21:47:50 [INFO]: GET /api/doctor/timeSlots/6756e293514336528ca8e3a9
2025-01-20 21:47:50 [INFO]: GET /api/doctor/timeSlots/6756e293514336528ca8e3a9
2025-01-20 21:49:03 [INFO]: GET /api/doctor/timeSlots/6756e293514336528ca8e3a9
2025-01-20 21:49:27 [INFO]: GET /api/doctor/timeSlots/6756e293514336528ca8e3a9
2025-01-20 21:49:27 [INFO]: GET /api/doctor/timeSlots/6756e293514336528ca8e3a9
2025-01-20 21:53:37 [INFO]: GET /api/doctor/timeSlots/6756e293514336528ca8e3a9
2025-01-20 21:53:49 [INFO]: GET /api/doctor/timeSlots/6756e293514336528ca8e3a9
2025-01-20 21:53:49 [INFO]: GET /api/doctor/timeSlots/6756e293514336528ca8e3a9
2025-01-20 22:00:22 [INFO]: GET /api/doctor/timeSlots/6756e293514336528ca8e3a9
2025-01-20 22:00:49 [INFO]: GET /api/doctor/timeSlots/6756e293514336528ca8e3a9
2025-01-20 22:00:49 [INFO]: GET /api/doctor/timeSlots/6756e293514336528ca8e3a9
2025-01-20 22:02:41 [INFO]: GET /api/doctor/timeSlots/6756e293514336528ca8e3a9
2025-01-20 22:02:51 [INFO]: GET /api/doctor/timeSlots/6756e293514336528ca8e3a9
2025-01-20 22:02:51 [INFO]: GET /api/doctor/timeSlots/6756e293514336528ca8e3a9
2025-01-20 22:06:40 [INFO]: GET /api/doctor/timeSlots/6756e293514336528ca8e3a9
2025-01-20 22:06:49 [INFO]: GET /api/doctor/timeSlots/6756e293514336528ca8e3a9
2025-01-20 22:06:49 [INFO]: GET /api/doctor/timeSlots/6756e293514336528ca8e3a9
2025-01-20 22:08:46 [INFO]: GET /api/doctor/timeSlots/6756e293514336528ca8e3a9
2025-01-20 22:08:46 [INFO]: GET /api/doctor/timeSlots/6756e293514336528ca8e3a9
2025-01-20 22:10:24 [INFO]: GET /api/doctor/timeSlots/6756e293514336528ca8e3a9
2025-01-20 22:10:31 [INFO]: GET /api/doctor/timeSlots/6756e293514336528ca8e3a9
2025-01-20 22:10:31 [INFO]: GET /api/doctor/timeSlots/6756e293514336528ca8e3a9
2025-01-20 22:11:11 [INFO]: GET /api/doctor/timeSlots/6756e293514336528ca8e3a9
2025-01-20 22:12:15 [INFO]: GET /api/doctor/timeSlots/6756e293514336528ca8e3a9
2025-01-20 22:12:23 [INFO]: GET /api/doctor/timeSlots/6756e293514336528ca8e3a9
2025-01-20 22:12:23 [INFO]: GET /api/doctor/timeSlots/6756e293514336528ca8e3a9
2025-01-20 22:13:23 [INFO]: GET /api/doctor/timeSlots/6756e293514336528ca8e3a9
2025-01-20 22:17:17 [INFO]: GET /api/doctor/timeSlots/6756e293514336528ca8e3a9
2025-01-20 22:17:17 [INFO]: GET /api/doctor/timeSlots/6756e293514336528ca8e3a9
2025-01-20 22:17:17 [INFO]: POST /api/token
2025-01-20 22:17:17 [INFO]: POST /api/token
2025-01-20 22:17:17 [INFO]: GET /api/doctor/timeSlots/6756e293514336528ca8e3a9
2025-01-20 22:17:17 [INFO]: GET /api/doctor/timeSlots/6756e293514336528ca8e3a9
2025-01-20 22:20:21 [INFO]: GET /api/doctor/timeSlots/6756e293514336528ca8e3a9
2025-01-20 22:20:29 [INFO]: GET /api/doctor/timeSlots/6756e293514336528ca8e3a9
2025-01-20 22:20:29 [INFO]: GET /api/doctor/timeSlots/6756e293514336528ca8e3a9
2025-01-20 22:23:05 [INFO]: GET /api/doctor/timeSlots/6756e293514336528ca8e3a9
2025-01-20 22:23:39 [INFO]: GET /api/doctor/timeSlots/6756e293514336528ca8e3a9
