2025-01-24 10:50:09 [INFO]: GET /api/chats/rooms/67629705a8db5411f814e1cb
2025-01-24 10:50:09 [INFO]: GET /api/chats/rooms/67629705a8db5411f814e1cb
2025-01-24 10:50:09 [INFO]: POST /api/token
2025-01-24 10:50:09 [INFO]: POST /api/token
2025-01-24 10:50:12 [INFO]: GET /api/chats/rooms/67629705a8db5411f814e1cb
2025-01-24 10:50:12 [INFO]: GET /api/chats/rooms/67629705a8db5411f814e1cb
2025-01-24 10:50:12 [INFO]: POST /api/token
2025-01-24 10:50:12 [INFO]: POST /api/token
2025-01-24 10:50:14 [INFO]: GET /api/notification/67629705a8db5411f814e1cb
2025-01-24 10:50:14 [INFO]: GET /api/notification/67629705a8db5411f814e1cb
2025-01-24 10:50:43 [INFO]: GET /api/notification/67629705a8db5411f814e1cb
2025-01-24 10:50:43 [INFO]: GET /api/patients/patient/67629705a8db5411f814e1cb
2025-01-24 10:50:43 [INFO]: GET /api/patients/patient/67629705a8db5411f814e1cb
2025-01-24 10:50:43 [INFO]: POST /api/token
2025-01-24 10:50:43 [INFO]: POST /api/token
2025-01-24 10:50:43 [INFO]: GET /api/notification/67629705a8db5411f814e1cb
2025-01-24 10:50:52 [INFO]: GET /api/notification/67629705a8db5411f814e1cb
2025-01-24 10:50:52 [INFO]: GET /api/patients/appointments/67629705a8db5411f814e1cb
2025-01-24 10:50:52 [INFO]: GET /api/patients/appointments/67629705a8db5411f814e1cb
2025-01-24 10:50:52 [INFO]: POST /api/token
2025-01-24 10:50:52 [INFO]: POST /api/token
2025-01-24 10:50:52 [INFO]: GET /api/notification/67629705a8db5411f814e1cb
2025-01-24 10:51:08 [INFO]: POST /api/patients/signin
2025-01-24 10:51:08 [INFO]: GET /api/notification/67629705a8db5411f814e1cb
2025-01-24 10:51:08 [INFO]: GET /api/notification/67629705a8db5411f814e1cb
2025-01-24 10:51:08 [INFO]: GET /api/notification/67629705a8db5411f814e1cb
2025-01-24 10:51:14 [INFO]: GET /api/notification/67629705a8db5411f814e1cb
2025-01-24 10:51:14 [INFO]: GET /api/appointments/67908dd7c1b5b59523af075e
2025-01-24 10:51:14 [INFO]: GET /api/notification/67629705a8db5411f814e1cb
2025-01-24 10:51:14 [INFO]: GET /api/appointments/67908dd7c1b5b59523af075e
2025-01-24 10:51:16 [INFO]: GET /api/notification/67629705a8db5411f814e1cb
2025-01-24 10:51:16 [INFO]: GET /api/appointments/67908dd7c1b5b59523af075e
2025-01-24 10:51:16 [INFO]: GET /api/notification/67629705a8db5411f814e1cb
2025-01-24 10:51:16 [INFO]: GET /api/appointments/67908dd7c1b5b59523af075e
2025-01-24 10:51:27 [INFO]: GET /api/doctor/appointments/6756e293514336528ca8e3a9
2025-01-24 10:51:27 [INFO]: GET /api/notification/6756e293514336528ca8e3a9
2025-01-24 10:51:27 [INFO]: GET /api/doctor/appointments/6756e293514336528ca8e3a9
2025-01-24 10:51:27 [INFO]: POST /api/token
2025-01-24 10:51:27 [INFO]: POST /api/token
2025-01-24 10:51:27 [INFO]: GET /api/doctor/appointments/6756e293514336528ca8e3a9
2025-01-24 10:51:27 [INFO]: GET /api/notification/6756e293514336528ca8e3a9
2025-01-24 10:51:27 [INFO]: GET /api/doctor/appointments/6756e293514336528ca8e3a9
2025-01-24 10:51:36 [INFO]: POST /api/doctor/signin
2025-01-24 10:51:36 [INFO]: GET /api/notification/6756e293514336528ca8e3a9
2025-01-24 10:51:36 [INFO]: GET /api/doctor/dashboard/6756e293514336528ca8e3a9
2025-01-24 10:51:36 [INFO]: GET /api/doctor/payments/6756e293514336528ca8e3a9
2025-01-24 10:51:37 [INFO]: GET /api/notification/6756e293514336528ca8e3a9
2025-01-24 10:51:37 [INFO]: GET /api/doctor/payments/6756e293514336528ca8e3a9
2025-01-24 10:51:37 [INFO]: GET /api/doctor/dashboard/6756e293514336528ca8e3a9
2025-01-24 10:51:43 [INFO]: GET /api/notification/6756e293514336528ca8e3a9
2025-01-24 10:51:43 [INFO]: GET /api/doctor/appointments/6756e293514336528ca8e3a9
2025-01-24 10:51:43 [INFO]: GET /api/notification/6756e293514336528ca8e3a9
2025-01-24 10:51:43 [INFO]: GET /api/doctor/appointments/6756e293514336528ca8e3a9
2025-01-24 10:51:47 [INFO]: GET /api/notification/6756e293514336528ca8e3a9
2025-01-24 10:51:47 [INFO]: GET /api/appointments/6790978c92054f9382027250
2025-01-24 10:51:47 [INFO]: GET /api/notification/6756e293514336528ca8e3a9
2025-01-24 10:51:47 [INFO]: GET /api/appointments/6790978c92054f9382027250
2025-01-24 10:51:48 [INFO]: GET /api/chats/6790978c92054f9382027250
2025-01-24 10:52:02 [INFO]: GET /api/notification/67629705a8db5411f814e1cb
2025-01-24 10:52:02 [INFO]: GET /api/notification/67629705a8db5411f814e1cb
2025-01-24 10:52:06 [INFO]: GET /api/notification/67629705a8db5411f814e1cb
2025-01-24 10:52:06 [INFO]: GET /api/patients/patient/67629705a8db5411f814e1cb
2025-01-24 10:52:06 [INFO]: GET /api/notification/67629705a8db5411f814e1cb
2025-01-24 10:52:06 [INFO]: GET /api/patients/patient/67629705a8db5411f814e1cb
2025-01-24 10:52:07 [INFO]: GET /api/chats/rooms/67629705a8db5411f814e1cb
2025-01-24 10:52:08 [INFO]: GET /api/chats/rooms/67629705a8db5411f814e1cb
2025-01-24 10:52:10 [INFO]: GET /api/chats/rooms/67629705a8db5411f814e1cb
2025-01-24 10:52:10 [INFO]: GET /api/chats/rooms/67629705a8db5411f814e1cb
2025-01-24 10:52:18 [INFO]: GET /api/chats/6790978c92054f9382027250
2025-01-24 10:52:21 [INFO]: GET /api/notification/6756e293514336528ca8e3a9
2025-01-24 10:52:21 [INFO]: GET /api/doctor/appointments/6756e293514336528ca8e3a9
2025-01-24 10:52:21 [INFO]: GET /api/notification/6756e293514336528ca8e3a9
2025-01-24 10:52:22 [INFO]: GET /api/doctor/appointments/6756e293514336528ca8e3a9
2025-01-24 10:52:24 [INFO]: GET /api/notification/6756e293514336528ca8e3a9
2025-01-24 10:52:24 [INFO]: GET /api/appointments/67908dd7c1b5b59523af075e
2025-01-24 10:52:24 [INFO]: GET /api/notification/6756e293514336528ca8e3a9
2025-01-24 10:52:24 [INFO]: GET /api/appointments/67908dd7c1b5b59523af075e
2025-01-24 10:52:25 [INFO]: GET /api/chats/67908dd7c1b5b59523af075e
2025-01-24 10:52:33 [INFO]: GET /api/chats/rooms/67629705a8db5411f814e1cb
2025-01-24 10:52:33 [INFO]: GET /api/chats/rooms/67629705a8db5411f814e1cb
2025-01-24 10:52:34 [INFO]: GET /api/notification/67629705a8db5411f814e1cb
2025-01-24 10:52:34 [INFO]: GET /api/notification/67629705a8db5411f814e1cb
2025-01-24 10:52:42 [INFO]: GET /api/chats/67908dd7c1b5b59523af075e
2025-01-24 10:52:49 [INFO]: GET /api/notification/67629705a8db5411f814e1cb
2025-01-24 10:52:49 [INFO]: GET /api/patients/patient/67629705a8db5411f814e1cb
2025-01-24 10:52:50 [INFO]: GET /api/notification/67629705a8db5411f814e1cb
2025-01-24 10:52:50 [INFO]: GET /api/patients/patient/67629705a8db5411f814e1cb
2025-01-24 10:52:51 [INFO]: GET /api/notification/67629705a8db5411f814e1cb
2025-01-24 10:52:51 [INFO]: GET /api/patients/appointments/67629705a8db5411f814e1cb
2025-01-24 10:52:51 [INFO]: GET /api/notification/67629705a8db5411f814e1cb
2025-01-24 10:52:52 [INFO]: GET /api/patients/appointments/67629705a8db5411f814e1cb
2025-01-24 10:52:54 [INFO]: GET /api/notification/67629705a8db5411f814e1cb
2025-01-24 10:52:54 [INFO]: GET /api/appointments/67908dd7c1b5b59523af075e
2025-01-24 10:52:54 [INFO]: GET /api/notification/67629705a8db5411f814e1cb
2025-01-24 10:52:54 [INFO]: GET /api/appointments/67908dd7c1b5b59523af075e
2025-01-24 10:54:05 [INFO]: GET /api/notification/67629705a8db5411f814e1cb
2025-01-24 10:54:05 [INFO]: GET /api/appointments/67908dd7c1b5b59523af075e
2025-01-24 10:54:05 [INFO]: GET /api/notification/67629705a8db5411f814e1cb
2025-01-24 10:54:05 [INFO]: GET /api/appointments/67908dd7c1b5b59523af075e
2025-01-24 10:55:30 [INFO]: PUT /api/notification/read/67629705a8db5411f814e1cb
2025-01-24 10:55:32 [INFO]: GET /api/notification/67629705a8db5411f814e1cb
2025-01-24 10:55:32 [INFO]: GET /api/patients/notifications/67629705a8db5411f814e1cb?page=1&limit=7
2025-01-24 10:55:32 [INFO]: GET /api/notification/67629705a8db5411f814e1cb
2025-01-24 10:55:32 [INFO]: GET /api/patients/notifications/67629705a8db5411f814e1cb?page=1&limit=7
2025-01-24 10:55:36 [INFO]: GET /api/notification/67629705a8db5411f814e1cb
2025-01-24 10:55:36 [INFO]: GET /api/patients/patient/67629705a8db5411f814e1cb
2025-01-24 10:55:36 [INFO]: GET /api/notification/67629705a8db5411f814e1cb
2025-01-24 10:55:36 [INFO]: GET /api/patients/patient/67629705a8db5411f814e1cb
2025-01-24 10:55:46 [INFO]: GET /api/chats/rooms/67629705a8db5411f814e1cb
2025-01-24 10:55:47 [INFO]: GET /api/chats/rooms/67629705a8db5411f814e1cb
2025-01-24 10:55:51 [INFO]: GET /api/chats/67908dd7c1b5b59523af075e
2025-01-24 10:55:51 [INFO]: GET /api/chats/rooms/67629705a8db5411f814e1cb
2025-01-24 11:01:56 [INFO]: GET /api/notification/6756e293514336528ca8e3a9
2025-01-24 11:01:56 [INFO]: GET /api/appointments/67908dd7c1b5b59523af075e
2025-01-24 11:01:56 [INFO]: GET /api/notification/6756e293514336528ca8e3a9
2025-01-24 11:01:56 [INFO]: GET /api/appointments/67908dd7c1b5b59523af075e
2025-01-24 12:13:04 [INFO]: GET /api/chats/rooms/67629705a8db5411f814e1cb
2025-01-24 12:13:04 [INFO]: GET /api/chats/rooms/67629705a8db5411f814e1cb
2025-01-24 12:13:04 [INFO]: POST /api/token
2025-01-24 12:13:04 [INFO]: POST /api/token
2025-01-24 12:13:04 [INFO]: GET /api/chats/rooms/67629705a8db5411f814e1cb
2025-01-24 12:13:04 [INFO]: GET /api/chats/rooms/67629705a8db5411f814e1cb
2025-01-24 12:13:06 [INFO]: GET /api/notification/67629705a8db5411f814e1cb
2025-01-24 12:13:06 [INFO]: GET /api/patients/appointments/67629705a8db5411f814e1cb
2025-01-24 12:13:06 [INFO]: GET /api/patients/appointments/67629705a8db5411f814e1cb
2025-01-24 12:13:06 [INFO]: GET /api/notification/67629705a8db5411f814e1cb
2025-01-24 12:13:18 [INFO]: POST /api/patients/signin
2025-01-24 12:13:19 [INFO]: GET /api/notification/67629705a8db5411f814e1cb
2025-01-24 12:13:19 [INFO]: GET /api/notification/67629705a8db5411f814e1cb
2025-01-24 12:13:19 [INFO]: GET /api/notification/67629705a8db5411f814e1cb
2025-01-24 12:13:25 [INFO]: GET /api/notification/6756e293514336528ca8e3a9
2025-01-24 12:13:25 [INFO]: GET /api/appointments/67908dd7c1b5b59523af075e
2025-01-24 12:13:25 [INFO]: GET /api/notification/6756e293514336528ca8e3a9
2025-01-24 12:13:25 [INFO]: GET /api/appointments/67908dd7c1b5b59523af075e
2025-01-24 12:13:28 [INFO]: GET /api/notification/67629705a8db5411f814e1cb
2025-01-24 12:13:28 [INFO]: GET /api/patients/patient/67629705a8db5411f814e1cb
2025-01-24 12:13:28 [INFO]: GET /api/notification/67629705a8db5411f814e1cb
2025-01-24 12:13:28 [INFO]: GET /api/patients/patient/67629705a8db5411f814e1cb
2025-01-24 12:13:32 [INFO]: GET /api/notification/67629705a8db5411f814e1cb
2025-01-24 12:13:32 [INFO]: GET /api/patients/appointments/67629705a8db5411f814e1cb
2025-01-24 12:13:32 [INFO]: GET /api/notification/67629705a8db5411f814e1cb
2025-01-24 12:13:32 [INFO]: GET /api/patients/appointments/67629705a8db5411f814e1cb
2025-01-24 12:13:34 [INFO]: GET /api/notification/67629705a8db5411f814e1cb
2025-01-24 12:13:34 [INFO]: GET /api/appointments/67908dd7c1b5b59523af075e
2025-01-24 12:13:34 [INFO]: GET /api/notification/67629705a8db5411f814e1cb
2025-01-24 12:13:34 [INFO]: GET /api/appointments/67908dd7c1b5b59523af075e
2025-01-24 12:15:21 [INFO]: GET /api/patients/appointments/67629705a8db5411f814e1cb
2025-01-24 12:15:21 [INFO]: GET /api/notification/67629705a8db5411f814e1cb
2025-01-24 12:15:21 [INFO]: GET /api/notification/67629705a8db5411f814e1cb
2025-01-24 12:15:21 [INFO]: GET /api/patients/appointments/67629705a8db5411f814e1cb
2025-01-24 12:15:37 [INFO]: GET /api/notification/6756e293514336528ca8e3a9
2025-01-24 12:15:37 [INFO]: GET /api/appointments/67908dd7c1b5b59523af075e
2025-01-24 12:15:37 [INFO]: GET /api/notification/6756e293514336528ca8e3a9
2025-01-24 12:15:37 [INFO]: GET /api/appointments/67908dd7c1b5b59523af075e
2025-01-24 12:58:49 [INFO]: GET /api/notification/6756e293514336528ca8e3a9
2025-01-24 12:58:49 [INFO]: GET /api/appointments/67908dd7c1b5b59523af075e
2025-01-24 12:59:15 [INFO]: GET /api/notification/6756e293514336528ca8e3a9
2025-01-24 12:59:15 [INFO]: GET /api/appointments/67908dd7c1b5b59523af075e
2025-01-24 12:59:15 [INFO]: GET /api/notification/6756e293514336528ca8e3a9
2025-01-24 12:59:15 [INFO]: GET /api/appointments/67908dd7c1b5b59523af075e
2025-01-24 12:59:57 [INFO]: GET /api/notification/67629705a8db5411f814e1cb
2025-01-24 12:59:57 [INFO]: GET /api/patients/appointments/67629705a8db5411f814e1cb
2025-01-24 12:59:57 [INFO]: GET /api/patients/appointments/67629705a8db5411f814e1cb
2025-01-24 12:59:57 [INFO]: POST /api/token
2025-01-24 12:59:57 [INFO]: POST /api/token
2025-01-24 12:59:57 [INFO]: GET /api/notification/67629705a8db5411f814e1cb
2025-01-24 12:59:57 [INFO]: GET /api/patients/appointments/67629705a8db5411f814e1cb
2025-01-24 12:59:57 [INFO]: GET /api/patients/appointments/67629705a8db5411f814e1cb
2025-01-24 12:59:59 [INFO]: GET /api/notification/67629705a8db5411f814e1cb
2025-01-24 12:59:59 [INFO]: GET /api/appointments/67908dd7c1b5b59523af075e
2025-01-24 12:59:59 [INFO]: GET /api/notification/67629705a8db5411f814e1cb
2025-01-24 12:59:59 [INFO]: GET /api/appointments/67908dd7c1b5b59523af075e
2025-01-24 13:00:20 [INFO]: GET /api/notification/67629705a8db5411f814e1cb
2025-01-24 13:00:20 [INFO]: GET /api/patients/appointments/67629705a8db5411f814e1cb
2025-01-24 13:00:20 [INFO]: GET /api/notification/67629705a8db5411f814e1cb
2025-01-24 13:00:20 [INFO]: GET /api/patients/appointments/67629705a8db5411f814e1cb
2025-01-24 13:00:35 [INFO]: GET /api/notification/6756e293514336528ca8e3a9
2025-01-24 13:00:35 [INFO]: GET /api/appointments/67908dd7c1b5b59523af075e
2025-01-24 13:00:35 [INFO]: GET /api/notification/6756e293514336528ca8e3a9
2025-01-24 13:00:35 [INFO]: GET /api/appointments/67908dd7c1b5b59523af075e
2025-01-24 13:03:03 [INFO]: GET /api/notification/67629705a8db5411f814e1cb
2025-01-24 13:03:03 [INFO]: GET /api/appointments/67908dd7c1b5b59523af075e
2025-01-24 13:03:03 [INFO]: GET /api/notification/67629705a8db5411f814e1cb
2025-01-24 13:03:03 [INFO]: GET /api/appointments/67908dd7c1b5b59523af075e
2025-01-24 13:10:38 [INFO]: GET /api/notification/67629705a8db5411f814e1cb
2025-01-24 13:10:38 [INFO]: GET /api/appointments/67908dd7c1b5b59523af075e
2025-01-24 13:10:38 [INFO]: GET /api/notification/67629705a8db5411f814e1cb
2025-01-24 13:10:38 [INFO]: GET /api/appointments/67908dd7c1b5b59523af075e
2025-01-24 13:11:30 [INFO]: GET /api/notification/67629705a8db5411f814e1cb
2025-01-24 13:11:30 [INFO]: GET /api/appointments/67908dd7c1b5b59523af075e
2025-01-24 13:11:31 [INFO]: GET /api/notification/67629705a8db5411f814e1cb
2025-01-24 13:11:31 [INFO]: GET /api/appointments/67908dd7c1b5b59523af075e
2025-01-24 13:11:34 [INFO]: GET /api/appointments/67908dd7c1b5b59523af075e
2025-01-24 13:11:34 [INFO]: GET /api/notification/6756e293514336528ca8e3a9
2025-01-24 13:11:34 [INFO]: GET /api/notification/6756e293514336528ca8e3a9
2025-01-24 13:11:34 [INFO]: GET /api/appointments/67908dd7c1b5b59523af075e
2025-01-24 13:12:29 [INFO]: GET /api/notification/6756e293514336528ca8e3a9
2025-01-24 13:12:29 [INFO]: GET /api/appointments/67908dd7c1b5b59523af075e
2025-01-24 13:12:29 [INFO]: GET /api/notification/6756e293514336528ca8e3a9
2025-01-24 13:12:29 [INFO]: GET /api/appointments/67908dd7c1b5b59523af075e
2025-01-24 13:19:21 [INFO]: GET /api/notification/6756e293514336528ca8e3a9
2025-01-24 13:19:21 [INFO]: GET /api/appointments/67908dd7c1b5b59523af075e
2025-01-24 13:19:21 [INFO]: GET /api/notification/6756e293514336528ca8e3a9
2025-01-24 13:19:21 [INFO]: GET /api/appointments/67908dd7c1b5b59523af075e
2025-01-24 13:19:24 [INFO]: GET /api/appointments/67908dd7c1b5b59523af075e
2025-01-24 13:19:24 [INFO]: GET /api/notification/67629705a8db5411f814e1cb
2025-01-24 13:19:24 [INFO]: GET /api/notification/67629705a8db5411f814e1cb
2025-01-24 13:19:24 [INFO]: GET /api/appointments/67908dd7c1b5b59523af075e
2025-01-24 13:26:48 [INFO]: GET /api/notification/6756e293514336528ca8e3a9
2025-01-24 13:26:48 [INFO]: GET /api/appointments/67908dd7c1b5b59523af075e
2025-01-24 13:26:48 [INFO]: GET /api/notification/6756e293514336528ca8e3a9
2025-01-24 13:26:48 [INFO]: GET /api/appointments/67908dd7c1b5b59523af075e
2025-01-24 13:27:07 [INFO]: GET /api/notification/67629705a8db5411f814e1cb
2025-01-24 13:27:07 [INFO]: GET /api/appointments/67908dd7c1b5b59523af075e
2025-01-24 13:27:07 [INFO]: GET /api/notification/67629705a8db5411f814e1cb
2025-01-24 13:27:07 [INFO]: GET /api/appointments/67908dd7c1b5b59523af075e
2025-01-24 13:31:06 [INFO]: GET /api/notification/67629705a8db5411f814e1cb
2025-01-24 13:31:06 [INFO]: GET /api/appointments/67908dd7c1b5b59523af075e
2025-01-24 13:31:06 [INFO]: GET /api/notification/67629705a8db5411f814e1cb
2025-01-24 13:31:06 [INFO]: GET /api/appointments/67908dd7c1b5b59523af075e
2025-01-24 13:31:10 [INFO]: GET /api/appointments/67908dd7c1b5b59523af075e
2025-01-24 13:31:10 [INFO]: GET /api/notification/6756e293514336528ca8e3a9
2025-01-24 13:31:10 [INFO]: GET /api/notification/6756e293514336528ca8e3a9
2025-01-24 13:31:10 [INFO]: GET /api/appointments/67908dd7c1b5b59523af075e
2025-01-24 13:36:21 [INFO]: GET /api/notification/6756e293514336528ca8e3a9
2025-01-24 13:36:21 [INFO]: GET /api/appointments/67908dd7c1b5b59523af075e
2025-01-24 13:36:21 [INFO]: GET /api/notification/6756e293514336528ca8e3a9
2025-01-24 13:36:21 [INFO]: GET /api/appointments/67908dd7c1b5b59523af075e
2025-01-24 13:36:31 [INFO]: GET /api/notification/67629705a8db5411f814e1cb
2025-01-24 13:36:31 [INFO]: GET /api/appointments/67908dd7c1b5b59523af075e
2025-01-24 13:36:31 [INFO]: GET /api/notification/67629705a8db5411f814e1cb
2025-01-24 13:36:31 [INFO]: GET /api/appointments/67908dd7c1b5b59523af075e
2025-01-24 13:36:38 [INFO]: GET /api/notification/6756e293514336528ca8e3a9
2025-01-24 13:36:38 [INFO]: GET /api/appointments/67908dd7c1b5b59523af075e
2025-01-24 13:36:38 [INFO]: GET /api/notification/6756e293514336528ca8e3a9
2025-01-24 13:36:38 [INFO]: GET /api/appointments/67908dd7c1b5b59523af075e
2025-01-24 13:38:53 [INFO]: GET /api/notification/67629705a8db5411f814e1cb
2025-01-24 13:38:53 [INFO]: GET /api/appointments/67908dd7c1b5b59523af075e
2025-01-24 13:38:53 [INFO]: GET /api/notification/67629705a8db5411f814e1cb
2025-01-24 13:38:53 [INFO]: GET /api/appointments/67908dd7c1b5b59523af075e
2025-01-24 13:38:56 [INFO]: GET /api/appointments/67908dd7c1b5b59523af075e
2025-01-24 13:38:56 [INFO]: GET /api/notification/6756e293514336528ca8e3a9
2025-01-24 13:38:56 [INFO]: GET /api/notification/6756e293514336528ca8e3a9
2025-01-24 13:38:56 [INFO]: GET /api/appointments/67908dd7c1b5b59523af075e
2025-01-24 13:40:28 [INFO]: GET /api/appointments/67908dd7c1b5b59523af075e
2025-01-24 13:40:28 [INFO]: GET /api/notification/6756e293514336528ca8e3a9
2025-01-24 13:40:28 [INFO]: GET /api/notification/6756e293514336528ca8e3a9
2025-01-24 13:40:28 [INFO]: GET /api/appointments/67908dd7c1b5b59523af075e
2025-01-24 13:43:59 [INFO]: GET /api/notification/67629705a8db5411f814e1cb
2025-01-24 13:43:59 [INFO]: GET /api/appointments/67908dd7c1b5b59523af075e
2025-01-24 13:43:59 [INFO]: GET /api/notification/67629705a8db5411f814e1cb
2025-01-24 13:43:59 [INFO]: GET /api/appointments/67908dd7c1b5b59523af075e
2025-01-24 13:44:04 [INFO]: GET /api/appointments/67908dd7c1b5b59523af075e
2025-01-24 13:44:04 [INFO]: GET /api/notification/6756e293514336528ca8e3a9
2025-01-24 13:44:04 [INFO]: GET /api/notification/6756e293514336528ca8e3a9
2025-01-24 13:44:04 [INFO]: GET /api/appointments/67908dd7c1b5b59523af075e
2025-01-24 13:45:05 [INFO]: GET /api/notification/67629705a8db5411f814e1cb
2025-01-24 13:45:05 [INFO]: GET /api/appointments/67908dd7c1b5b59523af075e
2025-01-24 13:45:05 [INFO]: GET /api/notification/67629705a8db5411f814e1cb
2025-01-24 13:45:05 [INFO]: GET /api/appointments/67908dd7c1b5b59523af075e
2025-01-24 13:45:11 [INFO]: GET /api/notification/6756e293514336528ca8e3a9
2025-01-24 13:45:11 [INFO]: GET /api/appointments/67908dd7c1b5b59523af075e
2025-01-24 13:45:11 [INFO]: GET /api/notification/6756e293514336528ca8e3a9
2025-01-24 13:45:11 [INFO]: GET /api/appointments/67908dd7c1b5b59523af075e
2025-01-24 13:46:56 [INFO]: GET /api/notification/67629705a8db5411f814e1cb
2025-01-24 13:46:56 [INFO]: GET /api/appointments/67908dd7c1b5b59523af075e
2025-01-24 13:46:56 [INFO]: GET /api/notification/67629705a8db5411f814e1cb
2025-01-24 13:46:56 [INFO]: GET /api/appointments/67908dd7c1b5b59523af075e
2025-01-24 13:47:02 [INFO]: GET /api/notification/6756e293514336528ca8e3a9
2025-01-24 13:47:02 [INFO]: GET /api/appointments/67908dd7c1b5b59523af075e
2025-01-24 13:47:02 [INFO]: GET /api/notification/6756e293514336528ca8e3a9
2025-01-24 13:47:02 [INFO]: GET /api/appointments/67908dd7c1b5b59523af075e
2025-01-24 13:48:36 [INFO]: GET /api/notification/6756e293514336528ca8e3a9
2025-01-24 13:48:36 [INFO]: GET /api/appointments/67908dd7c1b5b59523af075e
2025-01-24 13:48:36 [INFO]: GET /api/notification/6756e293514336528ca8e3a9
2025-01-24 13:48:36 [INFO]: GET /api/appointments/67908dd7c1b5b59523af075e
2025-01-24 13:48:47 [INFO]: GET /api/notification/67629705a8db5411f814e1cb
2025-01-24 13:48:47 [INFO]: GET /api/appointments/67908dd7c1b5b59523af075e
2025-01-24 13:48:47 [INFO]: GET /api/notification/67629705a8db5411f814e1cb
2025-01-24 13:48:47 [INFO]: GET /api/appointments/67908dd7c1b5b59523af075e
2025-01-24 13:49:51 [INFO]: GET /api/notification/6756e293514336528ca8e3a9
2025-01-24 13:49:51 [INFO]: GET /api/appointments/67908dd7c1b5b59523af075e
2025-01-24 13:49:51 [INFO]: GET /api/notification/6756e293514336528ca8e3a9
2025-01-24 13:49:51 [INFO]: GET /api/appointments/67908dd7c1b5b59523af075e
2025-01-24 14:10:01 [INFO]: GET /api/notification/67629705a8db5411f814e1cb
2025-01-24 14:10:01 [INFO]: GET /api/appointments/67908dd7c1b5b59523af075e
2025-01-24 14:10:01 [INFO]: GET /api/notification/67629705a8db5411f814e1cb
2025-01-24 14:10:01 [INFO]: GET /api/appointments/67908dd7c1b5b59523af075e
2025-01-24 14:11:48 [INFO]: GET /api/notification/67629705a8db5411f814e1cb
2025-01-24 14:11:48 [INFO]: GET /api/appointments/67908dd7c1b5b59523af075e
2025-01-24 14:11:48 [INFO]: GET /api/notification/67629705a8db5411f814e1cb
2025-01-24 14:11:48 [INFO]: GET /api/appointments/67908dd7c1b5b59523af075e
2025-01-24 14:11:52 [INFO]: GET /api/appointments/67908dd7c1b5b59523af075e
2025-01-24 14:11:52 [INFO]: GET /api/notification/6756e293514336528ca8e3a9
2025-01-24 14:11:52 [INFO]: GET /api/notification/6756e293514336528ca8e3a9
2025-01-24 14:11:52 [INFO]: GET /api/appointments/67908dd7c1b5b59523af075e
2025-01-24 14:14:48 [INFO]: GET /api/notification/67629705a8db5411f814e1cb
2025-01-24 14:14:48 [INFO]: GET /api/appointments/67908dd7c1b5b59523af075e
2025-01-24 14:14:48 [INFO]: GET /api/appointments/67908dd7c1b5b59523af075e
2025-01-24 14:14:48 [INFO]: GET /api/notification/67629705a8db5411f814e1cb
2025-01-24 14:14:50 [INFO]: GET /api/appointments/67908dd7c1b5b59523af075e
2025-01-24 14:14:50 [INFO]: GET /api/notification/6756e293514336528ca8e3a9
2025-01-24 14:14:51 [INFO]: GET /api/notification/6756e293514336528ca8e3a9
2025-01-24 14:14:51 [INFO]: GET /api/appointments/67908dd7c1b5b59523af075e
2025-01-24 14:25:19 [INFO]: GET /api/notification/67629705a8db5411f814e1cb
2025-01-24 14:25:19 [INFO]: GET /api/appointments/67908dd7c1b5b59523af075e
2025-01-24 14:25:19 [INFO]: GET /api/notification/67629705a8db5411f814e1cb
2025-01-24 14:25:19 [INFO]: GET /api/appointments/67908dd7c1b5b59523af075e
2025-01-24 14:25:23 [INFO]: GET /api/appointments/67908dd7c1b5b59523af075e
2025-01-24 14:25:23 [INFO]: GET /api/notification/6756e293514336528ca8e3a9
2025-01-24 14:25:23 [INFO]: GET /api/notification/6756e293514336528ca8e3a9
2025-01-24 14:25:23 [INFO]: GET /api/appointments/67908dd7c1b5b59523af075e
2025-01-24 14:26:09 [INFO]: GET /api/appointments/67908dd7c1b5b59523af075e
2025-01-24 14:26:09 [INFO]: GET /api/notification/67629705a8db5411f814e1cb
2025-01-24 14:26:09 [INFO]: GET /api/notification/67629705a8db5411f814e1cb
2025-01-24 14:26:09 [INFO]: GET /api/appointments/67908dd7c1b5b59523af075e
2025-01-24 14:33:57 [INFO]: GET /api/notification/6756e293514336528ca8e3a9
2025-01-24 14:33:57 [INFO]: GET /api/appointments/67908dd7c1b5b59523af075e
2025-01-24 14:33:57 [INFO]: GET /api/notification/6756e293514336528ca8e3a9
2025-01-24 14:33:57 [INFO]: GET /api/appointments/67908dd7c1b5b59523af075e
2025-01-24 14:34:37 [INFO]: GET /api/notification/67629705a8db5411f814e1cb
2025-01-24 14:34:37 [INFO]: GET /api/appointments/67908dd7c1b5b59523af075e
2025-01-24 14:34:37 [INFO]: GET /api/notification/67629705a8db5411f814e1cb
2025-01-24 14:34:37 [INFO]: GET /api/appointments/67908dd7c1b5b59523af075e
2025-01-24 14:39:03 [INFO]: GET /api/notification/67629705a8db5411f814e1cb
2025-01-24 14:39:03 [INFO]: GET /api/appointments/67908dd7c1b5b59523af075e
2025-01-24 14:39:04 [INFO]: GET /api/notification/67629705a8db5411f814e1cb
2025-01-24 14:39:04 [INFO]: GET /api/appointments/67908dd7c1b5b59523af075e
2025-01-24 14:39:06 [INFO]: GET /api/appointments/67908dd7c1b5b59523af075e
2025-01-24 14:39:06 [INFO]: GET /api/notification/6756e293514336528ca8e3a9
2025-01-24 14:39:06 [INFO]: GET /api/notification/6756e293514336528ca8e3a9
2025-01-24 14:39:06 [INFO]: GET /api/appointments/67908dd7c1b5b59523af075e
2025-01-24 14:40:32 [INFO]: GET /api/notification/6756e293514336528ca8e3a9
2025-01-24 14:40:32 [INFO]: GET /api/appointments/67908dd7c1b5b59523af075e
2025-01-24 14:40:32 [INFO]: GET /api/notification/6756e293514336528ca8e3a9
2025-01-24 14:40:32 [INFO]: GET /api/appointments/67908dd7c1b5b59523af075e
2025-01-24 14:40:36 [INFO]: GET /api/appointments/67908dd7c1b5b59523af075e
2025-01-24 14:40:36 [INFO]: GET /api/notification/67629705a8db5411f814e1cb
2025-01-24 14:40:36 [INFO]: GET /api/notification/67629705a8db5411f814e1cb
2025-01-24 14:40:36 [INFO]: GET /api/appointments/67908dd7c1b5b59523af075e
2025-01-24 14:46:37 [INFO]: GET /api/notification/6756e293514336528ca8e3a9
2025-01-24 14:46:37 [INFO]: GET /api/appointments/67908dd7c1b5b59523af075e
2025-01-24 14:46:37 [INFO]: GET /api/notification/6756e293514336528ca8e3a9
2025-01-24 14:46:37 [INFO]: GET /api/appointments/67908dd7c1b5b59523af075e
2025-01-24 14:46:40 [INFO]: GET /api/appointments/67908dd7c1b5b59523af075e
2025-01-24 14:46:40 [INFO]: GET /api/notification/67629705a8db5411f814e1cb
2025-01-24 14:46:40 [INFO]: GET /api/notification/67629705a8db5411f814e1cb
2025-01-24 14:46:40 [INFO]: GET /api/appointments/67908dd7c1b5b59523af075e
2025-01-24 14:48:02 [INFO]: GET /api/notification/67629705a8db5411f814e1cb
2025-01-24 14:48:02 [INFO]: GET /api/appointments/67908dd7c1b5b59523af075e
2025-01-24 14:48:02 [INFO]: GET /api/notification/67629705a8db5411f814e1cb
2025-01-24 14:48:02 [INFO]: GET /api/appointments/67908dd7c1b5b59523af075e
2025-01-24 14:48:05 [INFO]: GET /api/appointments/67908dd7c1b5b59523af075e
2025-01-24 14:48:05 [INFO]: GET /api/notification/6756e293514336528ca8e3a9
2025-01-24 14:48:05 [INFO]: GET /api/notification/6756e293514336528ca8e3a9
2025-01-24 14:48:05 [INFO]: GET /api/appointments/67908dd7c1b5b59523af075e
2025-01-24 14:52:41 [INFO]: GET /api/notification/67629705a8db5411f814e1cb
2025-01-24 14:52:41 [INFO]: GET /api/appointments/67908dd7c1b5b59523af075e
2025-01-24 14:52:41 [INFO]: GET /api/notification/67629705a8db5411f814e1cb
2025-01-24 14:52:41 [INFO]: GET /api/appointments/67908dd7c1b5b59523af075e
2025-01-24 14:52:44 [INFO]: GET /api/appointments/67908dd7c1b5b59523af075e
2025-01-24 14:52:44 [INFO]: GET /api/notification/6756e293514336528ca8e3a9
2025-01-24 14:52:44 [INFO]: GET /api/notification/6756e293514336528ca8e3a9
2025-01-24 14:52:44 [INFO]: GET /api/appointments/67908dd7c1b5b59523af075e
2025-01-24 14:53:34 [INFO]: GET /api/notification/67629705a8db5411f814e1cb
2025-01-24 14:53:34 [INFO]: GET /api/patients/appointments/67629705a8db5411f814e1cb
2025-01-24 14:53:34 [INFO]: GET /api/patients/appointments/67629705a8db5411f814e1cb
2025-01-24 14:53:34 [INFO]: GET /api/notification/67629705a8db5411f814e1cb
2025-01-24 14:53:35 [INFO]: POST /api/token
2025-01-24 14:53:35 [INFO]: POST /api/token
2025-01-24 14:53:35 [INFO]: GET /api/patients/appointments/67629705a8db5411f814e1cb
2025-01-24 14:53:35 [INFO]: GET /api/patients/appointments/67629705a8db5411f814e1cb
2025-01-24 14:53:48 [INFO]: GET /api/notification/6756e293514336528ca8e3a9
2025-01-24 14:53:48 [INFO]: GET /api/appointments/67908dd7c1b5b59523af075e
2025-01-24 14:53:48 [INFO]: GET /api/notification/6756e293514336528ca8e3a9
2025-01-24 14:53:48 [INFO]: GET /api/appointments/67908dd7c1b5b59523af075e
2025-01-24 14:54:32 [INFO]: GET /api/notification/67629705a8db5411f814e1cb
2025-01-24 14:54:32 [INFO]: GET /api/appointments/67908dd7c1b5b59523af075e
2025-01-24 14:54:33 [INFO]: GET /api/notification/67629705a8db5411f814e1cb
2025-01-24 14:54:33 [INFO]: GET /api/appointments/67908dd7c1b5b59523af075e
2025-01-24 14:54:40 [INFO]: GET /api/notification/6756e293514336528ca8e3a9
2025-01-24 14:54:40 [INFO]: GET /api/doctor/appointments/6756e293514336528ca8e3a9
2025-01-24 14:54:40 [INFO]: GET /api/doctor/appointments/6756e293514336528ca8e3a9
2025-01-24 14:54:40 [INFO]: POST /api/token
2025-01-24 14:54:40 [INFO]: POST /api/token
2025-01-24 14:54:40 [INFO]: GET /api/doctor/appointments/6756e293514336528ca8e3a9
2025-01-24 14:54:40 [INFO]: GET /api/notification/6756e293514336528ca8e3a9
2025-01-24 14:54:40 [INFO]: GET /api/doctor/appointments/6756e293514336528ca8e3a9
2025-01-24 14:54:56 [INFO]: POST /api/doctor/signin
2025-01-24 14:54:56 [INFO]: GET /api/notification/6756e293514336528ca8e3a9
2025-01-24 14:54:56 [INFO]: GET /api/doctor/dashboard/6756e293514336528ca8e3a9
2025-01-24 14:54:56 [INFO]: GET /api/doctor/payments/6756e293514336528ca8e3a9
2025-01-24 14:54:56 [INFO]: GET /api/notification/6756e293514336528ca8e3a9
2025-01-24 14:54:56 [INFO]: GET /api/doctor/payments/6756e293514336528ca8e3a9
2025-01-24 14:54:57 [INFO]: GET /api/doctor/dashboard/6756e293514336528ca8e3a9
2025-01-24 14:55:08 [INFO]: GET /api/notification/67629705a8db5411f814e1cb
2025-01-24 14:55:08 [INFO]: GET /api/appointments/67908dd7c1b5b59523af075e
2025-01-24 14:55:08 [INFO]: GET /api/notification/67629705a8db5411f814e1cb
2025-01-24 14:55:08 [INFO]: GET /api/appointments/67908dd7c1b5b59523af075e
2025-01-24 14:55:22 [INFO]: GET /api/notification/6756e293514336528ca8e3a9
2025-01-24 14:55:22 [INFO]: GET /api/doctor/appointments/6756e293514336528ca8e3a9
2025-01-24 14:55:22 [INFO]: GET /api/notification/6756e293514336528ca8e3a9
2025-01-24 14:55:22 [INFO]: GET /api/doctor/appointments/6756e293514336528ca8e3a9
2025-01-24 14:55:28 [INFO]: GET /api/notification/6756e293514336528ca8e3a9
2025-01-24 14:55:28 [INFO]: GET /api/appointments/67908dd7c1b5b59523af075e
2025-01-24 14:55:28 [INFO]: GET /api/notification/6756e293514336528ca8e3a9
2025-01-24 14:55:28 [INFO]: GET /api/appointments/67908dd7c1b5b59523af075e
2025-01-24 14:55:58 [INFO]: GET /api/notification/6756e293514336528ca8e3a9
2025-01-24 14:55:58 [INFO]: GET /api/appointments/67908dd7c1b5b59523af075e
2025-01-24 14:55:59 [INFO]: GET /api/notification/6756e293514336528ca8e3a9
2025-01-24 14:55:59 [INFO]: GET /api/appointments/67908dd7c1b5b59523af075e
2025-01-24 14:56:22 [INFO]: GET /api/notification/67629705a8db5411f814e1cb
2025-01-24 14:56:22 [INFO]: GET /api/appointments/67908dd7c1b5b59523af075e
2025-01-24 14:56:22 [INFO]: GET /api/notification/67629705a8db5411f814e1cb
2025-01-24 14:56:22 [INFO]: GET /api/appointments/67908dd7c1b5b59523af075e
2025-01-24 15:01:24 [INFO]: GET /api/notification/67629705a8db5411f814e1cb
2025-01-24 15:01:24 [INFO]: GET /api/appointments/67908dd7c1b5b59523af075e
2025-01-24 15:01:24 [INFO]: GET /api/notification/67629705a8db5411f814e1cb
2025-01-24 15:01:24 [INFO]: GET /api/appointments/67908dd7c1b5b59523af075e
2025-01-24 15:01:28 [INFO]: GET /api/appointments/67908dd7c1b5b59523af075e
2025-01-24 15:01:28 [INFO]: GET /api/notification/6756e293514336528ca8e3a9
2025-01-24 15:01:28 [INFO]: GET /api/notification/6756e293514336528ca8e3a9
2025-01-24 15:01:28 [INFO]: GET /api/appointments/67908dd7c1b5b59523af075e
2025-01-24 15:02:45 [INFO]: GET /api/notification/6756e293514336528ca8e3a9
2025-01-24 15:02:45 [INFO]: GET /api/appointments/67908dd7c1b5b59523af075e
2025-01-24 15:02:45 [INFO]: GET /api/notification/6756e293514336528ca8e3a9
2025-01-24 15:02:45 [INFO]: GET /api/appointments/67908dd7c1b5b59523af075e
2025-01-24 15:02:49 [INFO]: GET /api/appointments/67908dd7c1b5b59523af075e
2025-01-24 15:02:49 [INFO]: GET /api/notification/67629705a8db5411f814e1cb
2025-01-24 15:02:49 [INFO]: GET /api/notification/67629705a8db5411f814e1cb
2025-01-24 15:02:49 [INFO]: GET /api/appointments/67908dd7c1b5b59523af075e
2025-01-24 15:10:36 [INFO]: GET /api/notification/67629705a8db5411f814e1cb
2025-01-24 15:10:36 [INFO]: GET /api/appointments/67908dd7c1b5b59523af075e
2025-01-24 15:10:36 [INFO]: GET /api/notification/67629705a8db5411f814e1cb
2025-01-24 15:10:36 [INFO]: GET /api/appointments/67908dd7c1b5b59523af075e
2025-01-24 15:11:17 [INFO]: GET /api/notification/67629705a8db5411f814e1cb
2025-01-24 15:11:17 [INFO]: GET /api/appointments/67908dd7c1b5b59523af075e
2025-01-24 15:11:17 [INFO]: GET /api/notification/67629705a8db5411f814e1cb
2025-01-24 15:11:17 [INFO]: GET /api/appointments/67908dd7c1b5b59523af075e
2025-01-24 15:11:19 [INFO]: GET /api/appointments/67908dd7c1b5b59523af075e
2025-01-24 15:11:19 [INFO]: GET /api/notification/6756e293514336528ca8e3a9
2025-01-24 15:11:19 [INFO]: GET /api/notification/6756e293514336528ca8e3a9
2025-01-24 15:11:19 [INFO]: GET /api/appointments/67908dd7c1b5b59523af075e
