2025-01-29 17:13:23 [INFO]: POST /api/auth/register
2025-01-29 17:26:12 [INFO]: POST /api/auth/register
2025-01-29 17:28:34 [INFO]: POST /api/auth/register
2025-01-29 17:29:37 [INFO]: POST /api/auth/signin
2025-01-29 17:31:13 [INFO]: POST /api/auth/signin
2025-01-29 17:31:14 [INFO]: POST /api/otp/send
2025-01-29 19:48:43 [INFO]: POST /api/auth/register
2025-01-29 20:11:58 [INFO]: POST /api/auth/register
2025-01-29 20:11:59 [INFO]: POST /api/otp/send
2025-01-29 20:24:17 [INFO]: POST /api/auth/register
2025-01-29 20:24:18 [INFO]: POST /api/otp/send
2025-01-29 20:24:43 [INFO]: POST /api/otp/verify
2025-01-29 20:25:32 [INFO]: POST /api/auth/signin
2025-01-29 20:33:00 [INFO]: POST /api/otp/send
2025-01-29 20:55:41 [INFO]: POST /api/auth/register
2025-01-29 20:55:42 [INFO]: POST /api/otp/send
2025-01-29 20:56:46 [INFO]: POST /api/otp/verify
2025-01-29 20:57:37 [INFO]: POST /api/auth/register
2025-01-29 20:58:35 [INFO]: POST /api/auth/signin
2025-01-29 22:42:43 [INFO]: GET /api/users/userData/679a411a9bcd761c2080c153
2025-01-29 22:42:43 [INFO]: GET /api/users/userData/679a411a9bcd761c2080c153
2025-01-29 22:42:47 [INFO]: GET /api/users/userData/679a411a9bcd761c2080c153
2025-01-29 22:42:47 [INFO]: GET /api/users/userData/679a411a9bcd761c2080c153
2025-01-29 22:45:29 [INFO]: GET /api/users/userData/679a411a9bcd761c2080c153
2025-01-29 22:45:29 [INFO]: GET /api/users/userData/679a411a9bcd761c2080c153
2025-01-29 22:46:04 [INFO]: POST /api/users/userData/5
2025-01-29 22:46:18 [INFO]: GET /api/users/userData/5
2025-01-29 22:46:20 [INFO]: GET /api/users/userData/5
2025-01-29 22:51:03 [INFO]: GET /api/users/userData/679a411a9bcd761c2080c153
2025-01-29 22:51:03 [INFO]: GET /api/users/userData/679a411a9bcd761c2080c153
2025-01-29 22:51:10 [INFO]: GET /api/users/userData/679a411a9bcd761c2080c153
2025-01-29 22:51:10 [INFO]: GET /api/users/userData/679a411a9bcd761c2080c153
2025-01-29 22:53:11 [INFO]: GET /api/users/userData/679a411a9bcd761c2080c153
2025-01-29 22:53:15 [INFO]: GET /api/users/userData/679a411a9bcd761c2080c153
2025-01-29 22:53:15 [INFO]: GET /api/users/userData/679a411a9bcd761c2080c153
2025-01-29 22:53:34 [INFO]: GET /api/users/userData/679a411a9bcd761c2080c153
2025-01-29 22:55:33 [INFO]: GET /api/users/userData/679a411a9bcd761c2080c153
2025-01-29 22:56:39 [INFO]: GET /api/users/userData/679a411a9bcd761c2080c153
2025-01-29 22:58:04 [INFO]: GET /api/users/userData/679a411a9bcd761c2080c153
2025-01-29 22:59:35 [INFO]: GET /api/users/userData/679a411a9bcd761c2080c153
