2025-02-03 17:56:33 [INFO]: GET /api/users/blogs?page=1&limit=7
2025-02-03 17:56:33 [INFO]: GET /api/users/blogs?page=1&limit=7
2025-02-03 17:56:33 [INFO]: POST /api/token
2025-02-03 17:56:33 [INFO]: POST /api/token
2025-02-03 17:56:36 [INFO]: GET /api/users/blogs?page=1&limit=7
2025-02-03 17:56:36 [INFO]: GET /api/users/blogs?page=1&limit=7
2025-02-03 17:56:36 [INFO]: POST /api/token
2025-02-03 17:56:36 [INFO]: POST /api/token
2025-02-03 17:57:02 [INFO]: GET /api/users/blogs?page=1&limit=7
2025-02-03 17:57:02 [INFO]: GET /api/users/blogs?page=1&limit=7
2025-02-03 17:57:02 [INFO]: POST /api/token
2025-02-03 17:57:02 [INFO]: POST /api/token
2025-02-03 17:57:04 [INFO]: GET /api/users/blogs?page=1&limit=7
2025-02-03 17:57:04 [INFO]: GET /api/users/blogs?page=1&limit=7
2025-02-03 17:57:04 [INFO]: POST /api/token
2025-02-03 17:57:04 [INFO]: POST /api/token
2025-02-03 17:57:04 [INFO]: GET /api/users/blogs?page=1&limit=7
2025-02-03 17:57:04 [INFO]: GET /api/users/blogs?page=1&limit=7
2025-02-03 17:57:04 [INFO]: POST /api/token
2025-02-03 17:57:04 [INFO]: POST /api/token
2025-02-03 17:57:04 [INFO]: GET /api/users/blogs?page=1&limit=7
2025-02-03 17:57:04 [INFO]: GET /api/users/blogs?page=1&limit=7
2025-02-03 17:57:04 [INFO]: POST /api/token
2025-02-03 17:57:04 [INFO]: POST /api/token
2025-02-03 17:57:18 [INFO]: GET /api/users/blogs?page=1&limit=7
2025-02-03 17:57:18 [INFO]: GET /api/users/blogs?page=1&limit=7
2025-02-03 17:57:18 [INFO]: POST /api/token
2025-02-03 17:57:18 [INFO]: POST /api/token
2025-02-03 17:57:28 [INFO]: GET /api/users/blogs?page=1&limit=7
2025-02-03 17:57:28 [INFO]: GET /api/users/blogs?page=1&limit=7
2025-02-03 17:57:28 [INFO]: POST /api/token
2025-02-03 17:57:28 [INFO]: POST /api/token
2025-02-03 17:58:56 [INFO]: GET /api/users/blogs?page=1&limit=7
2025-02-03 17:59:30 [INFO]: POST /api/auth/signin
2025-02-03 17:59:30 [INFO]: GET /api/users/blogs?page=1&limit=7
2025-02-03 17:59:30 [INFO]: GET /api/users/blogs?page=1&limit=7
2025-02-03 17:59:30 [INFO]: GET /uploads/images/1738326624653-2e2e15b2553f673ad62fc44974a22908.png
2025-02-03 17:59:30 [INFO]: GET /uploads/images/1738326868065-Information-Technology-2.jpeg
2025-02-03 17:59:30 [INFO]: GET /uploads/images/1738327157796-pc-153.webp
2025-02-03 17:59:30 [INFO]: GET /uploads/images/1738326404551-how-asking-for-feedback-can-power-your-career-growth.jpg
2025-02-03 17:59:30 [INFO]: GET /uploads/images/1738326448139-OIP.jpg
2025-02-03 17:59:30 [INFO]: GET /uploads/images/1738325271233-businessman-walks-up-stairs-reach-his-goal-flat-vector-illustration_734610-17706.avif
2025-02-03 17:59:30 [INFO]: GET /uploads/images/1738306311402-106-Toddler-Sharing-is-Caring-2.jpg
2025-02-03 17:59:45 [INFO]: GET /api/users/blogs?page=1&limit=7
2025-02-03 17:59:45 [INFO]: GET /api/users/blogs?page=1&limit=7
2025-02-03 17:59:45 [INFO]: GET /uploads/images/1738327157796-pc-153.webp
2025-02-03 17:59:45 [INFO]: GET /uploads/images/1738326868065-Information-Technology-2.jpeg
2025-02-03 17:59:45 [INFO]: GET /uploads/images/1738326624653-2e2e15b2553f673ad62fc44974a22908.png
2025-02-03 17:59:45 [INFO]: GET /uploads/images/1738326448139-OIP.jpg
2025-02-03 17:59:45 [INFO]: GET /uploads/images/1738326404551-how-asking-for-feedback-can-power-your-career-growth.jpg
2025-02-03 17:59:45 [INFO]: GET /uploads/images/1738325271233-businessman-walks-up-stairs-reach-his-goal-flat-vector-illustration_734610-17706.avif
2025-02-03 17:59:45 [INFO]: GET /uploads/images/1738306311402-106-Toddler-Sharing-is-Caring-2.jpg
2025-02-03 17:59:51 [INFO]: GET /api/users/blogs?page=2&limit=7
2025-02-03 17:59:51 [INFO]: GET /uploads/images/1738226315349-login_background.jpg
2025-02-03 17:59:51 [INFO]: GET /uploads/images/1738226512812-login_background.jpg
2025-02-03 18:00:00 [INFO]: GET /api/users/userData/679a411a9bcd761c2080c153
2025-02-03 18:00:00 [INFO]: GET /api/users/userData/679a411a9bcd761c2080c153
2025-02-03 18:00:03 [INFO]: GET /api/users/blogs/679a411a9bcd761c2080c153?page=1&10
2025-02-03 18:00:03 [INFO]: GET /api/users/blogs/679a411a9bcd761c2080c153?page=1&10
2025-02-03 18:00:11 [INFO]: GET /api/users/blogs?page=1&limit=7
2025-02-03 18:00:11 [INFO]: GET /api/users/blogs?page=1&limit=7
2025-02-03 18:00:11 [INFO]: GET /uploads/images/1738327157796-pc-153.webp
2025-02-03 18:00:11 [INFO]: GET /uploads/images/1738326868065-Information-Technology-2.jpeg
2025-02-03 18:00:16 [INFO]: GET /api/users/blogs?page=1&limit=7
2025-02-03 18:00:16 [INFO]: GET /api/users/blogs?page=1&limit=7
2025-02-03 18:00:18 [INFO]: GET /api/users/blogs?page=1&limit=7
2025-02-03 18:00:18 [INFO]: GET /api/users/blogs?page=1&limit=7
2025-02-03 18:00:18 [INFO]: GET /uploads/images/1738327157796-pc-153.webp
2025-02-03 18:00:18 [INFO]: GET /uploads/images/1738326868065-Information-Technology-2.jpeg
2025-02-03 18:00:18 [INFO]: GET /uploads/images/1738326624653-2e2e15b2553f673ad62fc44974a22908.png
2025-02-03 18:00:18 [INFO]: GET /uploads/images/1738326448139-OIP.jpg
2025-02-03 18:00:18 [INFO]: GET /uploads/images/1738326404551-how-asking-for-feedback-can-power-your-career-growth.jpg
2025-02-03 18:00:18 [INFO]: GET /uploads/images/1738325271233-businessman-walks-up-stairs-reach-his-goal-flat-vector-illustration_734610-17706.avif
2025-02-03 18:00:18 [INFO]: GET /uploads/images/1738306311402-106-Toddler-Sharing-is-Caring-2.jpg
2025-02-03 18:03:51 [INFO]: POST /api/auth/register
2025-02-03 18:03:52 [INFO]: POST /api/otp/send
2025-02-03 18:06:20 [INFO]: POST /api/auth/register
2025-02-03 18:06:20 [INFO]: POST /api/otp/send
2025-02-03 18:08:37 [INFO]: GET /api/users/blogs?page=1&limit=7
2025-02-03 18:08:37 [INFO]: GET /api/users/blogs?page=1&limit=7
2025-02-03 18:08:37 [INFO]: GET /uploads/images/1738326868065-Information-Technology-2.jpeg
2025-02-03 18:08:37 [INFO]: GET /uploads/images/1738326624653-2e2e15b2553f673ad62fc44974a22908.png
2025-02-03 18:08:37 [INFO]: GET /uploads/images/1738327157796-pc-153.webp
2025-02-03 18:08:37 [INFO]: GET /uploads/images/1738326448139-OIP.jpg
2025-02-03 18:08:37 [INFO]: GET /uploads/images/1738326404551-how-asking-for-feedback-can-power-your-career-growth.jpg
2025-02-03 18:08:37 [INFO]: GET /uploads/images/1738325271233-businessman-walks-up-stairs-reach-his-goal-flat-vector-illustration_734610-17706.avif
2025-02-03 18:08:37 [INFO]: GET /uploads/images/1738306311402-106-Toddler-Sharing-is-Caring-2.jpg
2025-02-03 18:09:11 [INFO]: POST /api/auth/register
2025-02-03 18:09:11 [INFO]: POST /api/otp/send
2025-02-03 18:13:11 [INFO]: POST /api/auth/register
2025-02-03 18:13:12 [INFO]: POST /api/otp/send
