2025-01-30 08:15:53 [INFO]: GET /api/users/userData/679a411a9bcd761c2080c153
2025-01-30 08:15:53 [INFO]: GET /api/users/userData/679a411a9bcd761c2080c153
2025-01-30 08:17:40 [INFO]: GET /api/users/userData/679a411a9bcd761c2080c153
2025-01-30 08:18:01 [INFO]: GET /api/users/userData/679a411a9bcd761c2080c153
2025-01-30 08:18:40 [INFO]: GET /api/users/userData/679a411a9bcd761c2080c153
2025-01-30 08:24:48 [INFO]: GET /api/users/userData/679a411a9bcd761c2080c153
2025-01-30 08:25:30 [INFO]: GET /api/users/userData/679a411a9bcd761c2080c153
2025-01-30 08:31:32 [INFO]: GET /api/users/userData/679a411a9bcd761c2080c153
2025-01-30 08:31:32 [INFO]: GET /api/users/userData/679a411a9bcd761c2080c153
2025-01-30 08:32:20 [INFO]: GET /api/users/userData/679a411a9bcd761c2080c153
2025-01-30 08:36:27 [INFO]: POST /api/auth/signin
2025-01-30 08:41:35 [INFO]: GET /api/users/userData/679a411a9bcd761c2080c153
2025-01-30 08:41:35 [INFO]: GET /api/users/userData/679a411a9bcd761c2080c153
2025-01-30 08:42:17 [INFO]: GET /api/users/userData/679a411a9bcd761c2080c153
2025-01-30 08:42:17 [INFO]: GET /api/users/userData/679a411a9bcd761c2080c153
2025-01-30 08:43:51 [INFO]: GET /api/users/userData/679a411a9bcd761c2080c153
2025-01-30 08:44:17 [INFO]: GET /api/users/userData/679a411a9bcd761c2080c153
2025-01-30 08:45:26 [INFO]: GET /api/users/userData/679a411a9bcd761c2080c153
2025-01-30 08:46:24 [INFO]: GET /api/users/userData/679a411a9bcd761c2080c153
2025-01-30 08:46:24 [INFO]: GET /api/users/userData/679a411a9bcd761c2080c153
2025-01-30 11:10:00 [INFO]: GET /api/users/userData/679a411a9bcd761c2080c153
2025-01-30 11:10:00 [INFO]: GET /api/users/userData/679a411a9bcd761c2080c153
2025-01-30 12:18:05 [INFO]: POST /api/users/blogs/create
2025-01-30 12:18:10 [INFO]: POST /api/users/blogs/create
2025-01-30 12:18:19 [INFO]: POST /api/users/blogs/create
2025-01-30 12:19:14 [INFO]: POST /api/users/blogs/create
2025-01-30 12:21:05 [INFO]: POST /api/users/blogs/create
2025-01-30 12:22:07 [INFO]: POST /api/users/blogs/create
2025-01-30 12:23:55 [INFO]: POST /api/users/blogs/create
2025-01-30 12:28:35 [INFO]: POST /api/users/blogs/create
2025-01-30 12:31:07 [INFO]: POST /api/users/blogs/create
2025-01-30 12:39:58 [INFO]: POST /api/users/blogs/create
2025-01-30 12:46:01 [INFO]: POST /api/users/blogs/create
2025-01-30 12:47:09 [INFO]: POST /api/users/blogs/create
2025-01-30 12:48:21 [INFO]: POST /api/users/blogs/create
2025-01-30 13:38:01 [INFO]: POST /api/users/blogs/create
2025-01-30 14:07:01 [INFO]: POST /api/users/blogs/create
2025-01-30 14:07:56 [INFO]: POST /api/users/blogs/create
2025-01-30 14:08:35 [INFO]: POST /api/users/blogs/create
2025-01-30 14:11:52 [INFO]: POST /api/users/blogs/create
2025-01-30 14:12:47 [INFO]: POST /api/users/blogs/create
2025-01-30 14:42:37 [INFO]: GET /api/users/blogs
2025-01-30 14:42:37 [INFO]: GET /api/users/blogs
2025-01-30 14:42:37 [INFO]: GET /uploads/images/1738226315349-login_background.jpg
2025-01-30 14:42:37 [INFO]: GET /uploads/images/1738226512812-login_background.jpg
2025-01-30 14:42:37 [INFO]: GET /uploads/images/1738226567864-login_image2.png
2025-01-30 14:43:26 [INFO]: GET /api/users/blogs
2025-01-30 14:44:15 [INFO]: GET /api/users/blogs
2025-01-30 14:44:39 [INFO]: GET /api/users/blogs
2025-01-30 14:45:00 [INFO]: GET /api/users/blogs
2025-01-30 14:45:13 [INFO]: GET /api/users/blogs
2025-01-30 14:45:40 [INFO]: GET /api/users/blogs
2025-01-30 14:46:19 [INFO]: GET /api/users/blogs
2025-01-30 14:46:33 [INFO]: GET /api/users/blogs
2025-01-30 14:46:55 [INFO]: GET /api/users/blogs
2025-01-30 14:47:03 [INFO]: GET /api/users/blogs
2025-01-30 14:47:34 [INFO]: GET /api/users/blogs
2025-01-30 14:54:02 [INFO]: GET /api/users/blogs
2025-01-30 14:54:02 [INFO]: GET /api/users/blogs
2025-01-30 14:54:04 [INFO]: GET /api/users/blogs
2025-01-30 14:54:04 [INFO]: GET /api/users/blogs
2025-01-30 14:54:16 [INFO]: GET /api/users/blogs
2025-01-30 14:54:25 [INFO]: GET /api/users/blogs
2025-01-30 14:54:28 [INFO]: GET /api/users/blogs
2025-01-30 14:54:28 [INFO]: GET /api/users/blogs
2025-01-30 15:05:41 [INFO]: GET /api/users/blogs
2025-01-30 15:05:41 [INFO]: GET /api/users/blogs
2025-01-30 15:06:23 [INFO]: GET /api/users/blogs
2025-01-30 15:06:23 [INFO]: GET /api/users/blogs
2025-01-30 15:06:25 [INFO]: GET /api/users/blogs
2025-01-30 15:06:25 [INFO]: GET /api/users/blogs
2025-01-30 15:07:38 [INFO]: GET /api/users/blogs
2025-01-30 15:07:38 [INFO]: GET /api/users/blogs
2025-01-30 15:07:38 [INFO]: GET /uploads/images/1738226567864-login_image2.png
2025-01-30 15:07:38 [INFO]: GET /uploads/images/1738226512812-login_background.jpg
2025-01-30 15:07:38 [INFO]: GET /uploads/images/1738226315349-login_background.jpg
2025-01-30 15:10:40 [INFO]: GET /api/users/blogs
2025-01-30 15:10:40 [INFO]: GET /api/users/blogs
2025-01-30 15:10:44 [INFO]: GET /api/users/blogs
2025-01-30 15:10:44 [INFO]: GET /api/users/blogs
2025-01-30 15:10:54 [INFO]: GET /api/users/blogs
2025-01-30 15:10:54 [INFO]: GET /api/users/blogs
2025-01-30 15:10:59 [INFO]: GET /api/users/blogs
2025-01-30 15:10:59 [INFO]: GET /api/users/blogs
2025-01-30 15:11:37 [INFO]: GET /api/users/blogs
2025-01-30 15:11:37 [INFO]: GET /api/users/blogs
2025-01-30 15:11:37 [INFO]: GET /uploads/images/1738226315349-login_background.jpg
2025-01-30 15:11:37 [INFO]: GET /uploads/images/1738226512812-login_background.jpg
2025-01-30 15:11:37 [INFO]: GET /uploads/images/1738226567864-login_image2.png
2025-01-30 15:12:18 [INFO]: GET /api/users/blogs
2025-01-30 15:12:50 [INFO]: GET /api/users/blogs
2025-01-30 15:13:26 [INFO]: GET /api/users/blogs
2025-01-30 15:14:19 [INFO]: GET /api/users/blogs
2025-01-30 15:14:32 [INFO]: GET /api/users/blogs
2025-01-30 15:16:31 [INFO]: GET /api/users/blogs
2025-01-30 15:16:41 [INFO]: GET /api/users/blogs
2025-01-30 15:16:52 [INFO]: GET /api/users/blogs
2025-01-30 15:17:41 [INFO]: GET /api/users/blogs
2025-01-30 15:17:41 [INFO]: GET /api/users/blogs
2025-01-30 15:18:01 [INFO]: GET /api/users/blogs
2025-01-30 15:18:08 [INFO]: GET /api/users/blogs
2025-01-30 15:19:03 [INFO]: GET /api/users/blogs
2025-01-30 15:19:36 [INFO]: GET /api/users/blogs
2025-01-30 15:20:03 [INFO]: GET /api/users/blogs
2025-01-30 15:20:19 [INFO]: GET /api/users/blogs
2025-01-30 15:20:28 [INFO]: GET /api/users/blogs
2025-01-30 15:22:12 [INFO]: GET /api/users/blogs
2025-01-30 15:22:30 [INFO]: GET /api/users/blogs
2025-01-30 15:22:30 [INFO]: GET /api/users/blogs
2025-01-30 15:22:30 [INFO]: GET /uploads/images/1738226315349-login_background.jpg
2025-01-30 15:22:30 [INFO]: GET /uploads/images/1738226512812-login_background.jpg
2025-01-30 15:22:30 [INFO]: GET /uploads/images/1738226567864-login_image2.png
2025-01-30 15:22:53 [INFO]: GET /api/users/blogs
2025-01-30 15:22:53 [INFO]: GET /api/users/blogs
2025-01-30 15:23:05 [INFO]: GET /api/users/blogs
2025-01-30 15:23:05 [INFO]: GET /api/users/blogs
2025-01-30 15:23:05 [INFO]: GET /uploads/images/1738226315349-login_background.jpg
2025-01-30 15:23:05 [INFO]: GET /uploads/images/1738226512812-login_background.jpg
2025-01-30 15:23:05 [INFO]: GET /uploads/images/1738226567864-login_image2.png
2025-01-30 15:23:21 [INFO]: GET /api/users/blogs
2025-01-30 15:23:49 [INFO]: GET /api/users/blogs
2025-01-30 15:24:11 [INFO]: GET /api/users/blogs
2025-01-30 15:24:31 [INFO]: GET /api/users/blogs
2025-01-30 15:24:48 [INFO]: GET /api/users/blogs
2025-01-30 15:28:16 [INFO]: GET /api/users/userData/679a411a9bcd761c2080c153
2025-01-30 15:28:16 [INFO]: GET /api/users/userData/679a411a9bcd761c2080c153
2025-01-30 15:28:23 [INFO]: GET /api/users/userData/679a411a9bcd761c2080c153
2025-01-30 15:28:23 [INFO]: GET /api/users/userData/679a411a9bcd761c2080c153
2025-01-30 15:29:58 [INFO]: POST /api/users/blogs/create
2025-01-30 15:30:12 [INFO]: GET /api/users/blogs
2025-01-30 15:30:12 [INFO]: GET /api/users/blogs
2025-01-30 15:30:12 [INFO]: GET /uploads/images/1738226315349-login_background.jpg
2025-01-30 15:30:12 [INFO]: GET /uploads/images/1738226512812-login_background.jpg
2025-01-30 15:30:12 [INFO]: GET /uploads/images/1738231198063-how-asking-for-feedback-can-power-your-career-growth.jpg
2025-01-30 15:30:12 [INFO]: GET /uploads/images/1738226567864-login_image2.png
2025-01-30 15:31:03 [INFO]: GET /api/users/blogs
2025-01-30 15:31:08 [INFO]: GET /api/users/blogs
2025-01-30 15:31:08 [INFO]: GET /api/users/blogs
2025-01-30 15:31:08 [INFO]: GET /uploads/images/1738226315349-login_background.jpg
2025-01-30 15:31:08 [INFO]: GET /uploads/images/1738226512812-login_background.jpg
2025-01-30 15:31:08 [INFO]: GET /uploads/images/1738226567864-login_image2.png
2025-01-30 15:31:08 [INFO]: GET /uploads/images/1738231198063-how-asking-for-feedback-can-power-your-career-growth.jpg
2025-01-30 15:31:24 [INFO]: GET /api/users/blogs
2025-01-30 15:31:36 [INFO]: GET /api/users/blogs
2025-01-30 15:31:50 [INFO]: GET /api/users/blogs
2025-01-30 15:32:22 [INFO]: GET /api/users/blogs
2025-01-30 15:32:49 [INFO]: GET /api/users/blogs
2025-01-30 15:32:57 [INFO]: GET /api/users/blogs
2025-01-30 15:33:12 [INFO]: GET /api/users/blogs
2025-01-30 15:33:23 [INFO]: GET /api/users/blogs
2025-01-30 15:34:13 [INFO]: GET /api/users/blogs
2025-01-30 15:34:42 [INFO]: GET /api/users/blogs
2025-01-30 15:34:44 [INFO]: GET /api/users/blogs
2025-01-30 15:34:57 [INFO]: GET /api/users/blogs
2025-01-30 15:35:09 [INFO]: GET /api/users/blogs
2025-01-30 15:35:44 [INFO]: GET /api/users/blogs
2025-01-30 15:37:03 [INFO]: GET /api/users/blogs
2025-01-30 15:37:21 [INFO]: GET /api/users/blogs
2025-01-30 15:38:03 [INFO]: GET /api/users/blogs
2025-01-30 15:38:22 [INFO]: GET /api/users/blogs
2025-01-30 15:38:29 [INFO]: GET /api/users/blogs
2025-01-30 15:38:39 [INFO]: GET /api/users/blogs
2025-01-30 15:39:14 [INFO]: GET /api/users/blogs
2025-01-30 15:39:52 [INFO]: GET /api/users/blogs
2025-01-30 15:40:12 [INFO]: GET /api/users/blogs
2025-01-30 15:40:48 [INFO]: GET /api/users/blogs
2025-01-30 15:41:13 [INFO]: GET /api/users/blogs
2025-01-30 15:42:17 [INFO]: GET /api/users/blogs
2025-01-30 15:42:38 [INFO]: GET /api/users/blogs
2025-01-30 15:42:57 [INFO]: GET /api/users/blogs
2025-01-30 15:43:24 [INFO]: GET /api/users/blogs
2025-01-30 15:43:33 [INFO]: GET /api/users/blogs
2025-01-30 15:43:57 [INFO]: GET /api/users/blogs
2025-01-30 15:47:21 [INFO]: GET /api/users/blogs
2025-01-30 15:47:46 [INFO]: GET /api/users/blogs
2025-01-30 15:48:05 [INFO]: GET /api/users/blogs
2025-01-30 15:48:15 [INFO]: GET /api/users/blogs
2025-01-30 20:32:41 [INFO]: GET /api/users/blogs
2025-01-30 20:32:47 [INFO]: GET /api/users/blogs
2025-01-30 20:32:47 [INFO]: GET /api/users/blogs
2025-01-30 20:32:47 [INFO]: GET /uploads/images/1738226315349-login_background.jpg
2025-01-30 20:32:47 [INFO]: GET /uploads/images/1738226567864-login_image2.png
2025-01-30 20:32:47 [INFO]: GET /uploads/images/1738226512812-login_background.jpg
2025-01-30 20:32:47 [INFO]: GET /uploads/images/1738231198063-how-asking-for-feedback-can-power-your-career-growth.jpg
2025-01-30 20:38:01 [INFO]: GET /api/users/blogs
2025-01-30 20:38:01 [INFO]: GET /api/users/blogs
2025-01-30 20:39:49 [INFO]: GET /api/users/blogs
2025-01-30 20:39:49 [INFO]: GET /api/users/blogs
2025-01-30 20:40:57 [INFO]: GET /api/users/blogs
2025-01-30 20:40:57 [INFO]: GET /api/users/blogs
2025-01-30 20:40:57 [INFO]: GET /uploads/images/1738226315349-login_background.jpg
2025-01-30 20:40:57 [INFO]: GET /uploads/images/1738226512812-login_background.jpg
2025-01-30 20:40:57 [INFO]: GET /uploads/images/1738226567864-login_image2.png
2025-01-30 20:40:57 [INFO]: GET /uploads/images/1738231198063-how-asking-for-feedback-can-power-your-career-growth.jpg
2025-01-30 20:41:54 [INFO]: GET /api/users/blogs
2025-01-30 20:41:59 [INFO]: GET /api/users/blogs
2025-01-30 20:42:30 [INFO]: GET /api/users/blogs
2025-01-30 20:42:30 [INFO]: GET /api/users/blogs
2025-01-30 20:42:30 [INFO]: GET /uploads/images/1738226315349-login_background.jpg
2025-01-30 20:42:30 [INFO]: GET /uploads/images/1738226512812-login_background.jpg
2025-01-30 20:42:30 [INFO]: GET /uploads/images/1738226567864-login_image2.png
2025-01-30 20:42:30 [INFO]: GET /uploads/images/1738231198063-how-asking-for-feedback-can-power-your-career-growth.jpg
2025-01-30 20:43:24 [INFO]: GET /api/users/blogs
2025-01-30 20:43:24 [INFO]: GET /api/users/blogs
2025-01-30 20:43:24 [INFO]: GET /uploads/images/1738226315349-login_background.jpg
2025-01-30 20:43:24 [INFO]: GET /uploads/images/1738226512812-login_background.jpg
2025-01-30 20:43:24 [INFO]: GET /uploads/images/1738226567864-login_image2.png
2025-01-30 20:43:24 [INFO]: GET /uploads/images/1738231198063-how-asking-for-feedback-can-power-your-career-growth.jpg
2025-01-30 20:46:39 [INFO]: GET /api/users/blogs
2025-01-30 20:46:39 [INFO]: GET /api/users/blogs
2025-01-30 20:46:39 [INFO]: GET /uploads/images/1738226315349-login_background.jpg
2025-01-30 20:46:39 [INFO]: GET /uploads/images/1738231198063-how-asking-for-feedback-can-power-your-career-growth.jpg
2025-01-30 20:46:39 [INFO]: GET /uploads/images/1738226567864-login_image2.png
2025-01-30 20:46:39 [INFO]: GET /uploads/images/1738226512812-login_background.jpg
2025-01-30 20:46:48 [INFO]: GET /uploads/images/1738231198063-how-asking-for-feedback-can-power-your-career-growth.jpg
2025-01-30 20:46:51 [INFO]: GET /uploads/images/1738231198063-how-asking-for-feedback-can-power-your-career-growth.jpg
2025-01-30 21:07:04 [INFO]: GET /uploads/images/1738231198063-how-asking-for-feedback-can-power-your-career-growth.jpg
2025-01-30 21:09:43 [INFO]: GET /api/users/blogs
2025-01-30 21:09:43 [INFO]: GET /api/users/blogs
2025-01-30 21:09:43 [INFO]: GET /uploads/images/1738226567864-login_image2.png
2025-01-30 21:09:43 [INFO]: GET /uploads/images/1738226315349-login_background.jpg
2025-01-30 21:09:43 [INFO]: GET /uploads/images/1738226512812-login_background.jpg
2025-01-30 21:11:29 [INFO]: GET /api/users/blogs
2025-01-30 21:11:29 [INFO]: GET /api/users/blogs
2025-01-30 21:11:48 [INFO]: GET /api/users/blogs
2025-01-30 21:11:49 [INFO]: GET /api/users/blogs
2025-01-30 21:11:49 [INFO]: GET /uploads/images/1738226315349-login_background.jpg
2025-01-30 21:11:49 [INFO]: GET /uploads/images/1738226512812-login_background.jpg
2025-01-30 21:11:49 [INFO]: GET /uploads/images/1738226567864-login_image2.png
2025-01-30 21:11:49 [INFO]: GET /uploads/images/1738231198063-how-asking-for-feedback-can-power-your-career-growth.jpg
2025-01-30 21:12:37 [INFO]: GET /api/users/blogs
2025-01-30 21:12:37 [INFO]: GET /api/users/blogs
2025-01-30 21:12:37 [INFO]: GET /api/users/blogs
2025-01-30 21:12:37 [INFO]: GET /api/users/blogs
2025-01-30 21:12:37 [INFO]: GET /api/users/blogs
2025-01-30 21:12:37 [INFO]: GET /api/users/blogs
2025-01-30 21:12:38 [INFO]: GET /api/users/blogs
2025-01-30 21:12:38 [INFO]: GET /api/users/blogs
2025-01-30 21:12:38 [INFO]: GET /api/users/blogs
2025-01-30 21:12:38 [INFO]: GET /api/users/blogs
2025-01-30 21:12:38 [INFO]: GET /api/users/blogs
2025-01-30 21:12:38 [INFO]: GET /api/users/blogs
2025-01-30 21:12:38 [INFO]: GET /api/users/blogs
2025-01-30 21:12:38 [INFO]: GET /api/users/blogs
2025-01-30 21:12:38 [INFO]: GET /api/users/blogs
2025-01-30 21:12:38 [INFO]: GET /api/users/blogs
2025-01-30 21:12:38 [INFO]: GET /api/users/blogs
2025-01-30 21:12:38 [INFO]: GET /api/users/blogs
2025-01-30 21:12:38 [INFO]: GET /api/users/blogs
2025-01-30 21:12:38 [INFO]: GET /api/users/blogs
2025-01-30 21:12:38 [INFO]: GET /api/users/blogs
2025-01-30 21:12:38 [INFO]: GET /api/users/blogs
2025-01-30 21:12:38 [INFO]: GET /api/users/blogs
2025-01-30 21:12:38 [INFO]: GET /api/users/blogs
2025-01-30 21:12:38 [INFO]: GET /api/users/blogs
2025-01-30 21:12:39 [INFO]: GET /api/users/blogs
2025-01-30 21:12:39 [INFO]: GET /api/users/blogs
2025-01-30 21:12:39 [INFO]: GET /api/users/blogs
2025-01-30 21:12:39 [INFO]: GET /api/users/blogs
2025-01-30 21:12:39 [INFO]: GET /api/users/blogs
2025-01-30 21:12:39 [INFO]: GET /api/users/blogs
2025-01-30 21:12:39 [INFO]: GET /api/users/blogs
2025-01-30 21:12:39 [INFO]: GET /api/users/blogs
2025-01-30 21:12:39 [INFO]: GET /api/users/blogs
2025-01-30 21:12:39 [INFO]: GET /api/users/blogs
2025-01-30 21:12:39 [INFO]: GET /api/users/blogs
2025-01-30 21:12:40 [INFO]: GET /api/users/blogs
2025-01-30 21:12:40 [INFO]: GET /api/users/blogs
2025-01-30 21:12:40 [INFO]: GET /api/users/blogs
2025-01-30 21:12:40 [INFO]: GET /api/users/blogs
2025-01-30 21:12:40 [INFO]: GET /api/users/blogs
2025-01-30 21:12:40 [INFO]: GET /api/users/blogs
2025-01-30 21:12:40 [INFO]: GET /api/users/blogs
2025-01-30 21:12:40 [INFO]: GET /api/users/blogs
2025-01-30 21:12:40 [INFO]: GET /api/users/blogs
2025-01-30 21:12:40 [INFO]: GET /api/users/blogs
2025-01-30 21:12:40 [INFO]: GET /api/users/blogs
2025-01-30 21:12:40 [INFO]: GET /api/users/blogs
2025-01-30 21:12:40 [INFO]: GET /api/users/blogs
2025-01-30 21:12:40 [INFO]: GET /api/users/blogs
2025-01-30 21:12:40 [INFO]: GET /api/users/blogs
2025-01-30 21:12:40 [INFO]: GET /api/users/blogs
2025-01-30 21:12:40 [INFO]: GET /api/users/blogs
2025-01-30 21:12:41 [INFO]: GET /api/users/blogs
2025-01-30 21:12:41 [INFO]: GET /api/users/blogs
2025-01-30 21:12:41 [INFO]: GET /api/users/blogs
2025-01-30 21:12:41 [INFO]: GET /api/users/blogs
2025-01-30 21:12:41 [INFO]: GET /api/users/blogs
2025-01-30 21:12:41 [INFO]: GET /api/users/blogs
2025-01-30 21:12:41 [INFO]: GET /api/users/blogs
2025-01-30 21:12:41 [INFO]: GET /api/users/blogs
2025-01-30 21:12:41 [INFO]: GET /api/users/blogs
2025-01-30 21:12:41 [INFO]: GET /api/users/blogs
2025-01-30 21:12:41 [INFO]: GET /api/users/blogs
2025-01-30 21:12:41 [INFO]: GET /api/users/blogs
2025-01-30 21:12:41 [INFO]: GET /api/users/blogs
2025-01-30 21:12:41 [INFO]: GET /api/users/blogs
2025-01-30 21:12:41 [INFO]: GET /api/users/blogs
2025-01-30 21:12:41 [INFO]: GET /api/users/blogs
2025-01-30 21:12:41 [INFO]: GET /api/users/blogs
2025-01-30 21:12:42 [INFO]: GET /api/users/blogs
2025-01-30 21:12:42 [INFO]: GET /api/users/blogs
2025-01-30 21:12:42 [INFO]: GET /api/users/blogs
2025-01-30 21:12:42 [INFO]: GET /api/users/blogs
2025-01-30 21:12:42 [INFO]: GET /api/users/blogs
2025-01-30 21:12:42 [INFO]: GET /api/users/blogs
2025-01-30 21:12:42 [INFO]: GET /api/users/blogs
2025-01-30 21:12:42 [INFO]: GET /api/users/blogs
2025-01-30 21:12:42 [INFO]: GET /api/users/blogs
2025-01-30 21:12:42 [INFO]: GET /api/users/blogs
2025-01-30 21:12:42 [INFO]: GET /api/users/blogs
2025-01-30 21:12:42 [INFO]: GET /api/users/blogs
2025-01-30 21:12:42 [INFO]: GET /api/users/blogs
2025-01-30 21:12:42 [INFO]: GET /api/users/blogs
2025-01-30 21:12:42 [INFO]: GET /api/users/blogs
2025-01-30 21:12:42 [INFO]: GET /api/users/blogs
2025-01-30 21:12:42 [INFO]: GET /api/users/blogs
2025-01-30 21:12:42 [INFO]: GET /api/users/blogs
2025-01-30 21:12:42 [INFO]: GET /api/users/blogs
2025-01-30 21:12:42 [INFO]: GET /api/users/blogs
2025-01-30 21:12:42 [INFO]: GET /api/users/blogs
2025-01-30 21:12:43 [INFO]: GET /api/users/blogs
2025-01-30 21:12:43 [INFO]: GET /api/users/blogs
2025-01-30 21:12:43 [INFO]: GET /api/users/blogs
2025-01-30 21:12:43 [INFO]: GET /api/users/blogs
2025-01-30 21:12:43 [INFO]: GET /api/users/blogs
2025-01-30 21:12:43 [INFO]: GET /api/users/blogs
2025-01-30 21:12:43 [INFO]: GET /api/users/blogs
2025-01-30 21:12:43 [INFO]: GET /api/users/blogs
2025-01-30 21:12:43 [INFO]: GET /api/users/blogs
2025-01-30 21:12:43 [INFO]: GET /api/users/blogs
2025-01-30 21:12:43 [INFO]: GET /api/users/blogs
2025-01-30 21:12:43 [INFO]: GET /api/users/blogs
2025-01-30 21:12:43 [INFO]: GET /api/users/blogs
2025-01-30 21:12:43 [INFO]: GET /api/users/blogs
2025-01-30 21:12:55 [INFO]: GET /api/users/blogs
2025-01-30 21:12:55 [INFO]: GET /api/users/blogs
2025-01-30 21:12:55 [INFO]: GET /api/users/blogs
2025-01-30 21:12:55 [INFO]: GET /api/users/blogs
2025-01-30 21:12:55 [INFO]: GET /api/users/blogs
2025-01-30 21:12:56 [INFO]: GET /api/users/blogs
2025-01-30 21:12:56 [INFO]: GET /api/users/blogs
2025-01-30 21:12:56 [INFO]: GET /api/users/blogs
2025-01-30 21:12:56 [INFO]: GET /api/users/blogs
2025-01-30 21:12:56 [INFO]: GET /api/users/blogs
2025-01-30 21:12:56 [INFO]: GET /api/users/blogs
2025-01-30 21:12:56 [INFO]: GET /api/users/blogs
2025-01-30 21:12:56 [INFO]: GET /api/users/blogs
2025-01-30 21:12:56 [INFO]: GET /api/users/blogs
2025-01-30 21:12:56 [INFO]: GET /api/users/blogs
2025-01-30 21:12:56 [INFO]: GET /api/users/blogs
2025-01-30 21:12:57 [INFO]: GET /api/users/blogs
2025-01-30 21:12:57 [INFO]: GET /api/users/blogs
2025-01-30 21:12:57 [INFO]: GET /api/users/blogs
2025-01-30 21:12:57 [INFO]: GET /api/users/blogs
2025-01-30 21:12:57 [INFO]: GET /api/users/blogs
2025-01-30 21:12:57 [INFO]: GET /api/users/blogs
2025-01-30 21:12:57 [INFO]: GET /api/users/blogs
2025-01-30 21:12:57 [INFO]: GET /api/users/blogs
2025-01-30 21:12:57 [INFO]: GET /api/users/blogs
2025-01-30 21:12:57 [INFO]: GET /api/users/blogs
2025-01-30 21:12:57 [INFO]: GET /api/users/blogs
2025-01-30 21:12:57 [INFO]: GET /api/users/blogs
2025-01-30 21:12:57 [INFO]: GET /api/users/blogs
2025-01-30 21:12:57 [INFO]: GET /api/users/blogs
2025-01-30 21:12:57 [INFO]: GET /api/users/blogs
2025-01-30 21:12:57 [INFO]: GET /api/users/blogs
2025-01-30 21:12:57 [INFO]: GET /api/users/blogs
2025-01-30 21:12:58 [INFO]: GET /api/users/blogs
2025-01-30 21:12:58 [INFO]: GET /api/users/blogs
2025-01-30 21:12:58 [INFO]: GET /api/users/blogs
2025-01-30 21:12:58 [INFO]: GET /api/users/blogs
2025-01-30 21:12:58 [INFO]: GET /api/users/blogs
2025-01-30 21:12:58 [INFO]: GET /api/users/blogs
2025-01-30 21:12:58 [INFO]: GET /api/users/blogs
2025-01-30 21:12:58 [INFO]: GET /api/users/blogs
2025-01-30 21:12:58 [INFO]: GET /api/users/blogs
2025-01-30 21:12:58 [INFO]: GET /api/users/blogs
2025-01-30 21:12:58 [INFO]: GET /api/users/blogs
2025-01-30 21:12:58 [INFO]: GET /api/users/blogs
2025-01-30 21:12:58 [INFO]: GET /api/users/blogs
2025-01-30 21:12:58 [INFO]: GET /api/users/blogs
2025-01-30 21:12:58 [INFO]: GET /api/users/blogs
2025-01-30 21:12:58 [INFO]: GET /api/users/blogs
2025-01-30 21:12:58 [INFO]: GET /api/users/blogs
2025-01-30 21:12:59 [INFO]: GET /api/users/blogs
2025-01-30 21:12:59 [INFO]: GET /api/users/blogs
2025-01-30 21:12:59 [INFO]: GET /api/users/blogs
2025-01-30 21:12:59 [INFO]: GET /api/users/blogs
2025-01-30 21:12:59 [INFO]: GET /api/users/blogs
2025-01-30 21:12:59 [INFO]: GET /api/users/blogs
2025-01-30 21:12:59 [INFO]: GET /api/users/blogs
2025-01-30 21:12:59 [INFO]: GET /api/users/blogs
2025-01-30 21:12:59 [INFO]: GET /api/users/blogs
2025-01-30 21:12:59 [INFO]: GET /api/users/blogs
2025-01-30 21:12:59 [INFO]: GET /api/users/blogs
2025-01-30 21:12:59 [INFO]: GET /api/users/blogs
2025-01-30 21:12:59 [INFO]: GET /api/users/blogs
2025-01-30 21:12:59 [INFO]: GET /api/users/blogs
2025-01-30 21:12:59 [INFO]: GET /api/users/blogs
2025-01-30 21:12:59 [INFO]: GET /api/users/blogs
2025-01-30 21:12:59 [INFO]: GET /api/users/blogs
2025-01-30 21:13:00 [INFO]: GET /api/users/blogs
2025-01-30 21:13:00 [INFO]: GET /api/users/blogs
2025-01-30 21:13:00 [INFO]: GET /api/users/blogs
2025-01-30 21:13:00 [INFO]: GET /api/users/blogs
2025-01-30 21:13:00 [INFO]: GET /api/users/blogs
2025-01-30 21:13:00 [INFO]: GET /api/users/blogs
2025-01-30 21:13:00 [INFO]: GET /api/users/blogs
2025-01-30 21:13:00 [INFO]: GET /api/users/blogs
2025-01-30 21:13:00 [INFO]: GET /api/users/blogs
2025-01-30 21:13:00 [INFO]: GET /api/users/blogs
2025-01-30 21:13:00 [INFO]: GET /api/users/blogs
2025-01-30 21:13:00 [INFO]: GET /api/users/blogs
2025-01-30 21:13:00 [INFO]: GET /api/users/blogs
2025-01-30 21:13:00 [INFO]: GET /api/users/blogs
2025-01-30 21:13:01 [INFO]: GET /api/users/blogs
2025-01-30 21:13:01 [INFO]: GET /api/users/blogs
2025-01-30 21:13:01 [INFO]: GET /api/users/blogs
2025-01-30 21:13:01 [INFO]: GET /api/users/blogs
2025-01-30 21:13:01 [INFO]: GET /api/users/blogs
2025-01-30 21:13:01 [INFO]: GET /api/users/blogs
2025-01-30 21:13:01 [INFO]: GET /api/users/blogs
2025-01-30 21:13:01 [INFO]: GET /api/users/blogs
2025-01-30 21:13:01 [INFO]: GET /api/users/blogs
2025-01-30 21:13:01 [INFO]: GET /api/users/blogs
2025-01-30 21:13:01 [INFO]: GET /api/users/blogs
2025-01-30 21:13:01 [INFO]: GET /api/users/blogs
2025-01-30 21:13:01 [INFO]: GET /api/users/blogs
2025-01-30 21:13:01 [INFO]: GET /api/users/blogs
2025-01-30 21:13:01 [INFO]: GET /api/users/blogs
2025-01-30 21:13:01 [INFO]: GET /api/users/blogs
2025-01-30 21:13:01 [INFO]: GET /api/users/blogs
2025-01-30 21:13:01 [INFO]: GET /api/users/blogs
2025-01-30 21:13:02 [INFO]: GET /api/users/blogs
2025-01-30 21:13:02 [INFO]: GET /api/users/blogs
2025-01-30 21:13:02 [INFO]: GET /api/users/blogs
2025-01-30 21:13:02 [INFO]: GET /api/users/blogs
2025-01-30 21:13:02 [INFO]: GET /api/users/blogs
2025-01-30 21:13:02 [INFO]: GET /api/users/blogs
2025-01-30 21:13:02 [INFO]: GET /api/users/blogs
2025-01-30 21:13:02 [INFO]: GET /api/users/blogs
2025-01-30 21:13:02 [INFO]: GET /api/users/blogs
2025-01-30 21:13:02 [INFO]: GET /api/users/blogs
2025-01-30 21:13:02 [INFO]: GET /api/users/blogs
2025-01-30 21:13:02 [INFO]: GET /api/users/blogs
2025-01-30 21:13:02 [INFO]: GET /api/users/blogs
2025-01-30 21:13:02 [INFO]: GET /api/users/blogs
2025-01-30 21:13:02 [INFO]: GET /api/users/blogs
2025-01-30 21:13:02 [INFO]: GET /api/users/blogs
2025-01-30 21:13:03 [INFO]: GET /api/users/blogs
2025-01-30 21:13:03 [INFO]: GET /api/users/blogs
2025-01-30 21:13:03 [INFO]: GET /api/users/blogs
2025-01-30 21:13:03 [INFO]: GET /api/users/blogs
2025-01-30 21:13:03 [INFO]: GET /api/users/blogs
2025-01-30 21:13:03 [INFO]: GET /api/users/blogs
2025-01-30 21:13:03 [INFO]: GET /api/users/blogs
2025-01-30 21:13:03 [INFO]: GET /api/users/blogs
2025-01-30 21:13:03 [INFO]: GET /api/users/blogs
2025-01-30 21:13:03 [INFO]: GET /api/users/blogs
2025-01-30 21:13:03 [INFO]: GET /api/users/blogs
2025-01-30 21:13:03 [INFO]: GET /api/users/blogs
2025-01-30 21:13:03 [INFO]: GET /api/users/blogs
2025-01-30 21:13:04 [INFO]: GET /api/users/blogs
2025-01-30 21:13:04 [INFO]: GET /api/users/blogs
2025-01-30 21:13:04 [INFO]: GET /api/users/blogs
2025-01-30 21:13:04 [INFO]: GET /api/users/blogs
2025-01-30 21:13:04 [INFO]: GET /api/users/blogs
2025-01-30 21:13:04 [INFO]: GET /api/users/blogs
2025-01-30 21:13:04 [INFO]: GET /api/users/blogs
2025-01-30 21:13:04 [INFO]: GET /api/users/blogs
2025-01-30 21:13:04 [INFO]: GET /api/users/blogs
2025-01-30 21:13:04 [INFO]: GET /api/users/blogs
2025-01-30 21:13:04 [INFO]: GET /api/users/blogs
2025-01-30 21:13:04 [INFO]: GET /api/users/blogs
2025-01-30 21:13:04 [INFO]: GET /api/users/blogs
2025-01-30 21:13:04 [INFO]: GET /api/users/blogs
2025-01-30 21:13:04 [INFO]: GET /api/users/blogs
2025-01-30 21:13:04 [INFO]: GET /api/users/blogs
2025-01-30 21:13:04 [INFO]: GET /api/users/blogs
2025-01-30 21:13:04 [INFO]: GET /api/users/blogs
2025-01-30 21:13:05 [INFO]: GET /api/users/blogs
2025-01-30 21:13:05 [INFO]: GET /api/users/blogs
2025-01-30 21:13:05 [INFO]: GET /api/users/blogs
2025-01-30 21:13:05 [INFO]: GET /api/users/blogs
2025-01-30 21:13:05 [INFO]: GET /api/users/blogs
2025-01-30 21:13:05 [INFO]: GET /api/users/blogs
2025-01-30 21:13:05 [INFO]: GET /api/users/blogs
2025-01-30 21:13:05 [INFO]: GET /api/users/blogs
2025-01-30 21:13:05 [INFO]: GET /api/users/blogs
2025-01-30 21:13:05 [INFO]: GET /api/users/blogs
2025-01-30 21:13:05 [INFO]: GET /api/users/blogs
2025-01-30 21:13:05 [INFO]: GET /api/users/blogs
2025-01-30 21:13:05 [INFO]: GET /api/users/blogs
2025-01-30 21:13:05 [INFO]: GET /api/users/blogs
2025-01-30 21:13:05 [INFO]: GET /api/users/blogs
2025-01-30 21:13:05 [INFO]: GET /api/users/blogs
2025-01-30 21:13:05 [INFO]: GET /api/users/blogs
2025-01-30 21:13:05 [INFO]: GET /api/users/blogs
2025-01-30 21:13:05 [INFO]: GET /api/users/blogs
2025-01-30 21:13:05 [INFO]: GET /api/users/blogs
2025-01-30 21:13:06 [INFO]: GET /api/users/blogs
2025-01-30 21:13:06 [INFO]: GET /api/users/blogs
2025-01-30 21:13:06 [INFO]: GET /api/users/blogs
2025-01-30 21:13:06 [INFO]: GET /api/users/blogs
2025-01-30 21:13:06 [INFO]: GET /api/users/blogs
2025-01-30 21:13:06 [INFO]: GET /api/users/blogs
2025-01-30 21:13:06 [INFO]: GET /api/users/blogs
2025-01-30 21:13:06 [INFO]: GET /api/users/blogs
2025-01-30 21:13:06 [INFO]: GET /api/users/blogs
2025-01-30 21:13:06 [INFO]: GET /api/users/blogs
2025-01-30 21:13:06 [INFO]: GET /api/users/blogs
2025-01-30 21:13:06 [INFO]: GET /api/users/blogs
2025-01-30 21:13:06 [INFO]: GET /api/users/blogs
2025-01-30 21:13:06 [INFO]: GET /api/users/blogs
2025-01-30 21:13:06 [INFO]: GET /api/users/blogs
2025-01-30 21:13:06 [INFO]: GET /api/users/blogs
2025-01-30 21:13:18 [INFO]: GET /api/users/blogs
2025-01-30 21:13:27 [INFO]: GET /api/users/blogs
2025-01-30 21:13:27 [INFO]: GET /api/users/blogs
2025-01-30 21:13:31 [INFO]: GET /api/users/blogs
2025-01-30 21:13:31 [INFO]: GET /api/users/blogs
2025-01-30 21:14:08 [INFO]: GET /api/users/blogs
2025-01-30 21:17:44 [INFO]: GET /api/users/blogs
2025-01-30 21:17:44 [INFO]: GET /api/users/blogs
2025-01-30 21:20:48 [INFO]: GET /api/users/blogs
2025-01-30 21:20:48 [INFO]: GET /api/users/blogs
2025-01-30 21:21:01 [INFO]: GET /api/users/userData/679a411a9bcd761c2080c153
2025-01-30 21:21:01 [INFO]: GET /api/users/userData/679a411a9bcd761c2080c153
2025-01-30 21:23:26 [INFO]: GET /api/users/userData/679a411a9bcd761c2080c153
2025-01-30 21:23:26 [INFO]: GET /api/users/userData/679a411a9bcd761c2080c153
2025-01-30 21:23:37 [INFO]: GET /api/users/userData/679a411a9bcd761c2080c153
2025-01-30 21:23:37 [INFO]: GET /api/users/userData/679a411a9bcd761c2080c153
2025-01-30 21:54:42 [INFO]: GET /api/users/blogs/679a411a9bcd761c2080c153
2025-01-30 21:54:43 [INFO]: GET /api/users/blogs/679a411a9bcd761c2080c153
2025-01-30 21:54:46 [INFO]: GET /api/users/blogs/679a411a9bcd761c2080c153
2025-01-30 21:54:55 [INFO]: GET /api/users/blogs/10
2025-01-30 21:55:03 [INFO]: GET /api/users/blogs/679a411a9bcd761c2080c153
2025-01-30 21:56:22 [INFO]: GET /api/users/blogs/679a411a9bcd761c2080c153
2025-01-30 21:56:22 [INFO]: GET /api/users/blogs/679a411a9bcd761c2080c153
2025-01-30 21:56:22 [INFO]: GET /uploads/images/1738226567864-login_image2.png
2025-01-30 21:56:22 [INFO]: GET /uploads/images/1738231198063-how-asking-for-feedback-can-power-your-career-growth.jpg
2025-01-30 21:56:25 [INFO]: GET /api/users/blogs/679a411a9bcd761c2080c153
2025-01-30 21:56:25 [INFO]: GET /api/users/blogs/679a411a9bcd761c2080c153
2025-01-30 21:56:25 [INFO]: GET /uploads/images/1738226567864-login_image2.png
2025-01-30 21:56:25 [INFO]: GET /uploads/images/1738231198063-how-asking-for-feedback-can-power-your-career-growth.jpg
2025-01-30 21:57:48 [INFO]: GET /api/users/blogs/679a411a9bcd761c2080c153
2025-01-30 21:58:30 [INFO]: GET /api/users/blogs/679a411a9bcd761c2080c153
2025-01-30 21:59:01 [INFO]: GET /api/users/blogs/679a411a9bcd761c2080c153
2025-01-30 21:59:20 [INFO]: GET /api/users/blogs/679a411a9bcd761c2080c153
2025-01-30 21:59:29 [INFO]: GET /api/users/blogs/679a411a9bcd761c2080c153
2025-01-30 21:59:43 [INFO]: GET /api/users/blogs/679a411a9bcd761c2080c153
2025-01-30 22:00:08 [INFO]: GET /api/users/blogs/679a411a9bcd761c2080c153
2025-01-30 22:01:59 [INFO]: GET /api/users/blogs/679a411a9bcd761c2080c153
2025-01-30 22:02:29 [INFO]: GET /api/users/blogs/679a411a9bcd761c2080c153
2025-01-30 22:04:02 [INFO]: GET /api/users/blogs/679a411a9bcd761c2080c153
2025-01-30 22:04:25 [INFO]: GET /api/users/blogs/679a411a9bcd761c2080c153
2025-01-30 22:04:33 [INFO]: GET /api/users/blogs/679a411a9bcd761c2080c153
2025-01-30 22:04:42 [INFO]: GET /api/users/blogs/679a411a9bcd761c2080c153
2025-01-30 22:04:52 [INFO]: GET /api/users/blogs/679a411a9bcd761c2080c153
2025-01-30 22:05:03 [INFO]: GET /api/users/blogs/679a411a9bcd761c2080c153
2025-01-30 22:05:08 [INFO]: GET /api/users/blogs/679a411a9bcd761c2080c153
2025-01-30 22:05:30 [INFO]: GET /api/users/blogs/679a411a9bcd761c2080c153
2025-01-30 22:06:08 [INFO]: GET /api/users/blogs/679a411a9bcd761c2080c153
2025-01-30 22:06:20 [INFO]: GET /api/users/blogs/679a411a9bcd761c2080c153
2025-01-30 22:06:37 [INFO]: GET /api/users/blogs/679a411a9bcd761c2080c153
2025-01-30 22:06:54 [INFO]: GET /api/users/blogs/679a411a9bcd761c2080c153
2025-01-30 22:07:25 [INFO]: GET /api/users/blogs
2025-01-30 22:07:25 [INFO]: GET /api/users/blogs
2025-01-30 22:07:25 [INFO]: GET /uploads/images/1738226315349-login_background.jpg
2025-01-30 22:07:25 [INFO]: GET /uploads/images/1738226512812-login_background.jpg
2025-01-30 22:07:28 [INFO]: GET /api/users/userData/679a411a9bcd761c2080c153
2025-01-30 22:07:28 [INFO]: GET /api/users/userData/679a411a9bcd761c2080c153
2025-01-30 22:07:29 [INFO]: GET /api/users/blogs
2025-01-30 22:07:29 [INFO]: GET /api/users/blogs
2025-01-30 22:07:31 [INFO]: GET /api/users/userData/679a411a9bcd761c2080c153
2025-01-30 22:07:31 [INFO]: GET /api/users/userData/679a411a9bcd761c2080c153
2025-01-30 22:07:43 [INFO]: GET /api/users/blogs
2025-01-30 22:07:43 [INFO]: GET /api/users/blogs
2025-01-30 22:07:50 [INFO]: GET /api/users/blogs
2025-01-30 22:07:50 [INFO]: GET /api/users/blogs
2025-01-30 22:07:50 [INFO]: GET /uploads/images/1738226315349-login_background.jpg
2025-01-30 22:07:50 [INFO]: GET /uploads/images/1738226512812-login_background.jpg
2025-01-30 22:07:50 [INFO]: GET /uploads/images/1738231198063-how-asking-for-feedback-can-power-your-career-growth.jpg
2025-01-30 22:07:50 [INFO]: GET /uploads/images/1738226567864-login_image2.png
2025-01-30 22:07:53 [INFO]: GET /api/users/userData/679a411a9bcd761c2080c153
2025-01-30 22:07:53 [INFO]: GET /api/users/userData/679a411a9bcd761c2080c153
2025-01-30 22:07:56 [INFO]: GET /api/users/blogs/679a411a9bcd761c2080c153
2025-01-30 22:07:56 [INFO]: GET /api/users/blogs/679a411a9bcd761c2080c153
2025-01-30 22:08:39 [INFO]: GET /api/users/blogs/679a411a9bcd761c2080c153
2025-01-30 22:08:39 [INFO]: GET /api/users/blogs/679a411a9bcd761c2080c153
2025-01-30 22:08:40 [INFO]: GET /uploads/images/1738226567864-login_image2.png
2025-01-30 22:08:40 [INFO]: GET /uploads/images/1738231198063-how-asking-for-feedback-can-power-your-career-growth.jpg
2025-01-30 22:11:16 [INFO]: POST /api/users/blogs/create
2025-01-30 22:11:43 [INFO]: GET /api/users/blogs/679a411a9bcd761c2080c153
2025-01-30 22:11:43 [INFO]: GET /api/users/blogs/679a411a9bcd761c2080c153
2025-01-30 22:11:43 [INFO]: GET /uploads/images/1738255276404-OIP.jpg
2025-01-30 22:11:43 [INFO]: GET /uploads/images/1738226567864-login_image2.png
2025-01-30 22:11:43 [INFO]: GET /uploads/images/1738231198063-how-asking-for-feedback-can-power-your-career-growth.jpg
2025-01-30 22:12:56 [INFO]: GET /api/users/blogs/679a411a9bcd761c2080c153
2025-01-30 22:12:56 [INFO]: GET /api/users/blogs/679a411a9bcd761c2080c153
2025-01-30 22:12:56 [INFO]: GET /uploads/images/1738255276404-OIP.jpg
2025-01-30 22:12:56 [INFO]: GET /uploads/images/1738231198063-how-asking-for-feedback-can-power-your-career-growth.jpg
2025-01-30 22:12:56 [INFO]: GET /uploads/images/1738226567864-login_image2.png
2025-01-30 22:12:59 [INFO]: GET /api/users/blogs
2025-01-30 22:12:59 [INFO]: GET /api/users/blogs
2025-01-30 22:12:59 [INFO]: GET /uploads/images/1738226512812-login_background.jpg
2025-01-30 22:12:59 [INFO]: GET /uploads/images/1738226315349-login_background.jpg
2025-01-30 22:13:38 [INFO]: GET /api/users/blogs
2025-01-30 22:13:38 [INFO]: GET /api/users/blogs
2025-01-30 22:14:20 [INFO]: POST /api/auth/signin
2025-01-30 22:14:20 [INFO]: GET /api/users/blogs
2025-01-30 22:14:20 [INFO]: GET /api/users/blogs
2025-01-30 22:14:20 [INFO]: GET /uploads/images/1738226567864-login_image2.png
2025-01-30 22:14:20 [INFO]: GET /uploads/images/1738226512812-login_background.jpg
2025-01-30 22:14:20 [INFO]: GET /uploads/images/1738255276404-OIP.jpg
2025-01-30 22:14:20 [INFO]: GET /uploads/images/1738231198063-how-asking-for-feedback-can-power-your-career-growth.jpg
2025-01-30 22:14:20 [INFO]: GET /uploads/images/1738226315349-login_background.jpg
2025-01-30 22:14:34 [INFO]: GET /api/users/userData/679a411a9bcd761c2080c153
2025-01-30 22:14:34 [INFO]: GET /api/users/userData/679a411a9bcd761c2080c153
2025-01-30 22:14:44 [INFO]: GET /api/users/blogs/679a411a9bcd761c2080c153
2025-01-30 22:14:44 [INFO]: GET /api/users/blogs/679a411a9bcd761c2080c153
2025-01-30 22:23:11 [INFO]: GET /api/users/blogs/679a411a9bcd761c2080c153
2025-01-30 22:23:50 [INFO]: GET /api/users/blogs/679a411a9bcd761c2080c153
2025-01-30 22:24:21 [INFO]: GET /api/users/blogs/679a411a9bcd761c2080c153
2025-01-30 22:32:25 [INFO]: DELETE /api/users/blogs/679b3b8778667994125852b2
2025-01-30 22:32:29 [INFO]: GET /api/users/blogs/679a411a9bcd761c2080c153
2025-01-30 22:32:29 [INFO]: GET /api/users/blogs/679a411a9bcd761c2080c153
2025-01-30 22:32:29 [INFO]: GET /uploads/images/1738255276404-OIP.jpg
2025-01-30 22:32:29 [INFO]: GET /uploads/images/1738231198063-how-asking-for-feedback-can-power-your-career-growth.jpg
2025-01-30 22:32:57 [INFO]: GET /api/users/blogs/679a411a9bcd761c2080c153
2025-01-30 22:33:00 [INFO]: DELETE /api/users/blogs/679b4d9efc245aa4d04d34f7
2025-01-30 22:33:00 [INFO]: GET /api/users/blogs/679a411a9bcd761c2080c153
2025-01-30 22:56:19 [INFO]: GET /api/users/blogs
2025-01-30 22:56:20 [INFO]: GET /api/users/blogs
2025-01-30 22:56:20 [INFO]: GET /uploads/images/1738255276404-OIP.jpg
2025-01-30 22:56:20 [INFO]: GET /uploads/images/1738226315349-login_background.jpg
2025-01-30 22:56:20 [INFO]: GET /uploads/images/1738226512812-login_background.jpg
2025-01-30 22:56:26 [INFO]: GET /api/users/blogs
2025-01-30 22:56:27 [INFO]: GET /api/users/blogs
2025-01-30 22:56:27 [INFO]: GET /uploads/images/1738255276404-OIP.jpg
2025-01-30 22:56:27 [INFO]: GET /uploads/images/1738226512812-login_background.jpg
2025-01-30 22:56:27 [INFO]: GET /uploads/images/1738226315349-login_background.jpg
2025-01-30 22:56:41 [INFO]: GET /api/users/userData/679a411a9bcd761c2080c153
2025-01-30 22:56:41 [INFO]: GET /api/users/userData/679a411a9bcd761c2080c153
2025-01-30 22:57:02 [INFO]: GET /api/users/blogs/679a411a9bcd761c2080c153
2025-01-30 22:57:03 [INFO]: GET /api/users/blogs/679a411a9bcd761c2080c153
2025-01-30 22:57:05 [INFO]: GET /api/users/userData/679a411a9bcd761c2080c153
2025-01-30 22:57:05 [INFO]: GET /api/users/userData/679a411a9bcd761c2080c153
2025-01-30 22:57:09 [INFO]: GET /api/users/blogs
2025-01-30 22:57:09 [INFO]: GET /api/users/blogs
2025-01-30 23:01:04 [INFO]: GET /api/users/blogs
2025-01-30 23:01:04 [INFO]: GET /api/users/blogs
2025-01-30 23:01:04 [INFO]: GET /uploads/images/1738226512812-login_background.jpg
2025-01-30 23:01:04 [INFO]: GET /uploads/images/1738226315349-login_background.jpg
2025-01-30 23:01:12 [INFO]: GET /api/users/userData/679a411a9bcd761c2080c153
2025-01-30 23:01:12 [INFO]: GET /api/users/userData/679a411a9bcd761c2080c153
2025-01-30 23:01:19 [INFO]: GET /api/users/blogs/679a411a9bcd761c2080c153
2025-01-30 23:01:19 [INFO]: GET /api/users/blogs/679a411a9bcd761c2080c153
