2025-01-21 09:18:41 [INFO]: GET /api/doctor/timeSlots/6756e293514336528ca8e3a9
2025-01-21 09:18:41 [INFO]: GET /api/doctor/timeSlots/6756e293514336528ca8e3a9
2025-01-21 09:18:42 [INFO]: POST /api/token
2025-01-21 09:18:42 [INFO]: POST /api/token
2025-01-21 09:18:42 [INFO]: GET /api/doctor/timeSlots/6756e293514336528ca8e3a9
2025-01-21 09:18:42 [INFO]: GET /api/doctor/timeSlots/6756e293514336528ca8e3a9
2025-01-21 09:21:32 [INFO]: GET /api/doctor/timeSlots/6756e293514336528ca8e3a9
2025-01-21 09:21:40 [INFO]: GET /api/doctor/timeSlots/6756e293514336528ca8e3a9
2025-01-21 09:21:40 [INFO]: GET /api/doctor/timeSlots/6756e293514336528ca8e3a9
2025-01-21 09:22:25 [INFO]: GET /api/notification/6756e293514336528ca8e3a9
2025-01-21 09:22:25 [INFO]: GET /api/notification/6756e293514336528ca8e3a9
2025-01-21 09:22:34 [INFO]: GET /api/notification/6756e293514336528ca8e3a9
2025-01-21 09:22:34 [INFO]: GET /api/notification/6756e293514336528ca8e3a9
2025-01-21 09:22:39 [INFO]: GET /api/doctor/timeSlots/6756e293514336528ca8e3a9
2025-01-21 09:22:39 [INFO]: GET /api/doctor/timeSlots/6756e293514336528ca8e3a9
2025-01-21 09:26:45 [INFO]: GET /api/doctor/timeSlots/6756e293514336528ca8e3a9
2025-01-21 09:26:46 [INFO]: GET /api/doctor/timeSlots/6756e293514336528ca8e3a9
2025-01-21 09:28:30 [INFO]: GET /api/doctor/timeSlots/6756e293514336528ca8e3a9
2025-01-21 10:10:07 [INFO]: GET /api/doctor/timeSlots/6756e293514336528ca8e3a9
2025-01-21 10:10:07 [INFO]: GET /api/doctor/timeSlots/6756e293514336528ca8e3a9
2025-01-21 10:10:07 [INFO]: POST /api/token
2025-01-21 10:10:07 [INFO]: POST /api/token
2025-01-21 10:10:07 [INFO]: GET /api/doctor/timeSlots/6756e293514336528ca8e3a9
2025-01-21 10:10:08 [INFO]: GET /api/doctor/timeSlots/6756e293514336528ca8e3a9
2025-01-21 15:21:47 [INFO]: GET /api/doctor/timeSlots/6756e293514336528ca8e3a9
2025-01-21 15:21:47 [INFO]: GET /api/doctor/timeSlots/6756e293514336528ca8e3a9
2025-01-21 15:21:47 [INFO]: POST /api/token
2025-01-21 15:21:47 [INFO]: POST /api/token
2025-01-21 15:21:47 [INFO]: GET /api/doctor/timeSlots/6756e293514336528ca8e3a9
2025-01-21 15:21:47 [INFO]: GET /api/doctor/timeSlots/6756e293514336528ca8e3a9
2025-01-21 15:29:11 [INFO]: GET /api/doctor/timeSlots/undefined
2025-01-21 15:29:11 [INFO]: GET /api/doctor/timeSlots/undefined
2025-01-21 15:29:11 [INFO]: POST /api/token
2025-01-21 15:29:11 [INFO]: POST /api/token
2025-01-21 15:29:11 [INFO]: GET /api/doctor/timeSlots/undefined
2025-01-21 15:29:11 [INFO]: GET /api/doctor/timeSlots/undefined
2025-01-21 15:29:57 [INFO]: GET /api/doctor/timeSlots/undefined
2025-01-21 15:29:57 [INFO]: GET /api/doctor/timeSlots/undefined
2025-01-21 15:29:57 [INFO]: POST /api/token
2025-01-21 15:29:57 [INFO]: POST /api/token
2025-01-21 15:29:57 [INFO]: GET /api/doctor/timeSlots/undefined
2025-01-21 15:29:57 [INFO]: GET /api/doctor/timeSlots/undefined
2025-01-21 15:31:30 [INFO]: GET /api/doctor/timeSlots/undefined
2025-01-21 15:31:30 [INFO]: GET /api/doctor/timeSlots/undefined
2025-01-21 15:31:30 [INFO]: POST /api/token
2025-01-21 15:31:30 [INFO]: POST /api/token
2025-01-21 15:31:30 [INFO]: GET /api/doctor/timeSlots/undefined
2025-01-21 15:31:30 [INFO]: GET /api/doctor/timeSlots/undefined
2025-01-21 15:32:00 [INFO]: GET /api/doctor/timeSlots/undefined
2025-01-21 15:32:00 [INFO]: GET /api/doctor/timeSlots/undefined
2025-01-21 15:32:00 [INFO]: POST /api/token
2025-01-21 15:32:00 [INFO]: POST /api/token
2025-01-21 15:32:00 [INFO]: GET /api/doctor/timeSlots/undefined
2025-01-21 15:32:00 [INFO]: GET /api/doctor/timeSlots/undefined
2025-01-21 15:32:01 [INFO]: GET /api/doctor/timeSlots/undefined
2025-01-21 15:32:01 [INFO]: GET /api/doctor/timeSlots/undefined
2025-01-21 15:32:01 [INFO]: POST /api/token
2025-01-21 15:32:01 [INFO]: GET /api/doctor/timeSlots/undefined
2025-01-21 15:32:01 [INFO]: POST /api/token
2025-01-21 15:32:01 [INFO]: GET /api/doctor/timeSlots/undefined
2025-01-21 15:32:47 [INFO]: GET /api/doctor/timeSlots/6756e293514336528ca8e3a9
2025-01-21 15:32:47 [INFO]: GET /api/doctor/timeSlots/6756e293514336528ca8e3a9
2025-01-21 15:34:52 [INFO]: GET /api/doctor/timeSlots/6756e293514336528ca8e3a9
2025-01-21 15:38:14 [INFO]: GET /api/doctor/timeSlots/undefined
2025-01-21 15:38:14 [INFO]: GET /api/doctor/timeSlots/undefined
2025-01-21 15:38:30 [INFO]: GET /api/doctor/timeSlots/undefined
2025-01-21 15:38:30 [INFO]: GET /api/doctor/timeSlots/undefined
2025-01-21 15:38:30 [INFO]: POST /api/token
2025-01-21 15:38:30 [INFO]: POST /api/token
2025-01-21 15:38:30 [INFO]: GET /api/doctor/timeSlots/undefined
2025-01-21 15:38:30 [INFO]: GET /api/doctor/timeSlots/undefined
2025-01-21 15:39:10 [INFO]: GET /api/doctor/timeSlots/6756e293514336528ca8e3a9
2025-01-21 15:39:10 [INFO]: GET /api/doctor/timeSlots/6756e293514336528ca8e3a9
2025-01-21 15:43:36 [INFO]: GET /api/doctor/timeSlots/6756e293514336528ca8e3a9
2025-01-21 15:43:36 [INFO]: GET /api/doctor/timeSlots/6756e293514336528ca8e3a9
2025-01-21 15:45:47 [INFO]: GET /api/doctor/timeSlots/6756e293514336528ca8e3a9
2025-01-21 15:53:32 [INFO]: GET /api/doctor/timeSlots/6756e293514336528ca8e3a9
2025-01-21 15:53:32 [INFO]: GET /api/doctor/timeSlots/6756e293514336528ca8e3a9
2025-01-21 15:53:32 [INFO]: POST /api/token
2025-01-21 15:53:32 [INFO]: POST /api/token
2025-01-21 15:53:32 [INFO]: GET /api/doctor/timeSlots/6756e293514336528ca8e3a9
2025-01-21 15:53:32 [INFO]: GET /api/doctor/timeSlots/6756e293514336528ca8e3a9
2025-01-21 15:53:56 [INFO]: GET /api/doctor/timeSlots/6756e293514336528ca8e3a9
2025-01-21 15:54:11 [INFO]: GET /api/doctor/timeSlots/6756e293514336528ca8e3a9
2025-01-21 15:54:11 [INFO]: GET /api/doctor/timeSlots/6756e293514336528ca8e3a9
2025-01-21 16:02:46 [INFO]: GET /api/doctor/timeSlots/6756e293514336528ca8e3a9
2025-01-21 16:03:16 [INFO]: GET /api/doctor/timeSlots/6756e293514336528ca8e3a9
2025-01-21 16:04:42 [INFO]: GET /api/doctor/timeSlots/6756e293514336528ca8e3a9
2025-01-21 16:05:34 [INFO]: POST /api/doctor/leave/apply
2025-01-21 16:05:34 [INFO]: POST /api/token
2025-01-21 16:05:34 [INFO]: POST /api/doctor/leave/apply
2025-01-21 16:08:31 [INFO]: GET /api/doctor/timeSlots/6756e293514336528ca8e3a9
2025-01-21 16:11:10 [INFO]: POST /api/doctor/leave/apply
2025-01-21 16:22:38 [INFO]: GET /api/doctor/timeSlots/6756e293514336528ca8e3a9
2025-01-21 16:22:38 [INFO]: GET /api/doctor/timeSlots/6756e293514336528ca8e3a9
2025-01-21 16:24:43 [INFO]: POST /api/doctor/leave/apply
2025-01-21 16:24:52 [INFO]: POST /api/doctor/leave/apply
2025-01-21 16:31:34 [INFO]: GET /api/doctor/timeSlots/6756e293514336528ca8e3a9
2025-01-21 16:31:34 [INFO]: GET /api/doctor/timeSlots/6756e293514336528ca8e3a9
2025-01-21 16:31:34 [INFO]: POST /api/token
2025-01-21 16:31:34 [INFO]: POST /api/token
2025-01-21 16:31:34 [INFO]: GET /api/doctor/timeSlots/6756e293514336528ca8e3a9
2025-01-21 16:31:34 [INFO]: GET /api/doctor/timeSlots/6756e293514336528ca8e3a9
2025-01-21 16:32:30 [INFO]: POST /api/doctor/leave/apply
2025-01-21 16:32:55 [INFO]: POST /api/doctor/leave/apply
2025-01-21 16:42:06 [INFO]: GET /api/doctor/timeSlots/6756e293514336528ca8e3a9
2025-01-21 16:42:27 [INFO]: POST /api/doctor/leave/apply
2025-01-21 16:43:19 [INFO]: GET /api/doctor/timeSlots/6756e293514336528ca8e3a9
2025-01-21 16:44:15 [INFO]: GET /api/doctor/timeSlots/6756e293514336528ca8e3a9
2025-01-21 16:44:28 [INFO]: POST /api/doctor/leave/apply
2025-01-21 16:45:22 [INFO]: GET /api/doctor/timeSlots/6756e293514336528ca8e3a9
2025-01-21 16:45:45 [INFO]: POST /api/doctor/leave/apply
2025-01-21 16:45:50 [INFO]: GET /api/doctor/timeSlots/6756e293514336528ca8e3a9
2025-01-21 16:45:50 [INFO]: GET /api/doctor/timeSlots/6756e293514336528ca8e3a9
2025-01-21 17:06:05 [INFO]: GET /api/doctor/timeSlots/6756e293514336528ca8e3a9
2025-01-21 17:06:05 [INFO]: GET /api/doctor/leaves/6756e293514336528ca8e3a9
2025-01-21 17:06:05 [INFO]: GET /api/doctor/timeSlots/6756e293514336528ca8e3a9
2025-01-21 17:06:05 [INFO]: GET /api/doctor/leaves/6756e293514336528ca8e3a9
2025-01-21 17:06:05 [INFO]: POST /api/token
2025-01-21 17:06:05 [INFO]: POST /api/token
2025-01-21 17:06:05 [INFO]: POST /api/token
2025-01-21 17:06:05 [INFO]: GET /api/doctor/timeSlots/6756e293514336528ca8e3a9
2025-01-21 17:06:05 [INFO]: POST /api/token
2025-01-21 17:06:05 [INFO]: GET /api/doctor/leaves/6756e293514336528ca8e3a9
2025-01-21 17:06:05 [INFO]: GET /api/doctor/timeSlots/6756e293514336528ca8e3a9
2025-01-21 17:06:06 [INFO]: GET /api/doctor/leaves/6756e293514336528ca8e3a9
2025-01-21 17:08:07 [INFO]: GET /api/doctor/leaves/10
2025-01-21 17:09:46 [INFO]: GET /api/doctor/timeSlots/6756e293514336528ca8e3a9
2025-01-21 17:09:46 [INFO]: GET /api/doctor/leaves/6756e293514336528ca8e3a9
2025-01-21 17:09:47 [INFO]: GET /api/doctor/timeSlots/6756e293514336528ca8e3a9
2025-01-21 17:10:29 [INFO]: GET /api/doctor/timeSlots/6756e293514336528ca8e3a9
2025-01-21 17:10:29 [INFO]: GET /api/doctor/leaves/6756e293514336528ca8e3a9
2025-01-21 17:10:29 [INFO]: GET /api/doctor/leaves/6756e293514336528ca8e3a9
2025-01-21 17:10:29 [INFO]: GET /api/doctor/timeSlots/6756e293514336528ca8e3a9
2025-01-21 17:12:30 [INFO]: GET /api/doctor/timeSlots/6756e293514336528ca8e3a9
2025-01-21 17:12:30 [INFO]: GET /api/doctor/leaves/6756e293514336528ca8e3a9
2025-01-21 17:13:52 [INFO]: GET /api/doctor/timeSlots/6756e293514336528ca8e3a9
2025-01-21 17:13:52 [INFO]: GET /api/doctor/leaves/6756e293514336528ca8e3a9
2025-01-21 17:13:57 [INFO]: GET /api/doctor/timeSlots/6756e293514336528ca8e3a9
2025-01-21 17:13:57 [INFO]: GET /api/doctor/leaves/6756e293514336528ca8e3a9
2025-01-21 17:13:57 [INFO]: GET /api/doctor/leaves/6756e293514336528ca8e3a9
2025-01-21 17:13:57 [INFO]: GET /api/doctor/timeSlots/6756e293514336528ca8e3a9
2025-01-21 17:14:57 [INFO]: GET /api/doctor/timeSlots/6756e293514336528ca8e3a9
2025-01-21 17:14:57 [INFO]: GET /api/doctor/leaves/6756e293514336528ca8e3a9
2025-01-21 17:14:57 [INFO]: GET /api/doctor/leaves/6756e293514336528ca8e3a9
2025-01-21 17:14:57 [INFO]: GET /api/doctor/timeSlots/6756e293514336528ca8e3a9
2025-01-21 17:15:03 [INFO]: GET /api/doctor/timeSlots/6756e293514336528ca8e3a9
2025-01-21 17:15:03 [INFO]: GET /api/doctor/leaves/6756e293514336528ca8e3a9
2025-01-21 17:15:03 [INFO]: GET /api/doctor/timeSlots/6756e293514336528ca8e3a9
2025-01-21 17:15:03 [INFO]: GET /api/doctor/leaves/6756e293514336528ca8e3a9
2025-01-21 17:16:40 [INFO]: GET /api/doctor/timeSlots/6756e293514336528ca8e3a9
2025-01-21 17:16:40 [INFO]: GET /api/doctor/leaves/6756e293514336528ca8e3a9
2025-01-21 17:16:40 [INFO]: GET /api/doctor/leaves/6756e293514336528ca8e3a9
2025-01-21 17:16:40 [INFO]: GET /api/doctor/timeSlots/6756e293514336528ca8e3a9
2025-01-21 17:17:03 [INFO]: POST /api/doctor/leave/apply
2025-01-21 17:17:03 [INFO]: POST /api/token
2025-01-21 17:17:03 [INFO]: POST /api/doctor/leave/apply
2025-01-21 17:17:12 [INFO]: GET /api/doctor/timeSlots/6756e293514336528ca8e3a9
2025-01-21 17:17:12 [INFO]: GET /api/doctor/leaves/6756e293514336528ca8e3a9
2025-01-21 17:17:12 [INFO]: GET /api/doctor/timeSlots/6756e293514336528ca8e3a9
2025-01-21 17:17:12 [INFO]: GET /api/doctor/leaves/6756e293514336528ca8e3a9
2025-01-21 17:17:19 [INFO]: GET /api/doctor/timeSlots/6756e293514336528ca8e3a9
2025-01-21 17:17:19 [INFO]: GET /api/doctor/leaves/6756e293514336528ca8e3a9
2025-01-21 17:17:19 [INFO]: GET /api/doctor/timeSlots/6756e293514336528ca8e3a9
2025-01-21 17:17:19 [INFO]: GET /api/doctor/leaves/6756e293514336528ca8e3a9
2025-01-21 17:18:35 [INFO]: GET /api/doctor/timeSlots/6756e293514336528ca8e3a9
2025-01-21 17:18:35 [INFO]: GET /api/doctor/leaves/6756e293514336528ca8e3a9
2025-01-21 17:18:40 [INFO]: GET /api/doctor/timeSlots/6756e293514336528ca8e3a9
2025-01-21 17:18:40 [INFO]: GET /api/doctor/leaves/6756e293514336528ca8e3a9
2025-01-21 17:18:40 [INFO]: GET /api/doctor/leaves/6756e293514336528ca8e3a9
2025-01-21 17:18:40 [INFO]: GET /api/doctor/timeSlots/6756e293514336528ca8e3a9
2025-01-21 17:18:52 [INFO]: GET /api/doctor/timeSlots/6756e293514336528ca8e3a9
2025-01-21 17:18:52 [INFO]: GET /api/doctor/leaves/6756e293514336528ca8e3a9
2025-01-21 17:18:52 [INFO]: GET /api/doctor/leaves/6756e293514336528ca8e3a9
2025-01-21 17:18:52 [INFO]: GET /api/doctor/timeSlots/6756e293514336528ca8e3a9
2025-01-21 17:19:06 [INFO]: GET /api/doctor/timeSlots/6756e293514336528ca8e3a9
2025-01-21 17:19:06 [INFO]: GET /api/doctor/leaves/6756e293514336528ca8e3a9
2025-01-21 17:19:06 [INFO]: GET /api/doctor/timeSlots/6756e293514336528ca8e3a9
2025-01-21 17:19:06 [INFO]: GET /api/doctor/leaves/6756e293514336528ca8e3a9
2025-01-21 17:19:16 [INFO]: GET /api/doctor/timeSlots/6756e293514336528ca8e3a9
2025-01-21 17:19:16 [INFO]: GET /api/doctor/leaves/6756e293514336528ca8e3a9
2025-01-21 17:19:16 [INFO]: GET /api/doctor/leaves/6756e293514336528ca8e3a9
2025-01-21 17:19:16 [INFO]: GET /api/doctor/timeSlots/6756e293514336528ca8e3a9
2025-01-21 17:19:17 [INFO]: GET /api/doctor/timeSlots/6756e293514336528ca8e3a9
2025-01-21 17:19:17 [INFO]: GET /api/doctor/leaves/6756e293514336528ca8e3a9
2025-01-21 17:19:17 [INFO]: GET /api/doctor/timeSlots/6756e293514336528ca8e3a9
2025-01-21 17:19:17 [INFO]: GET /api/doctor/leaves/6756e293514336528ca8e3a9
2025-01-21 17:19:24 [INFO]: GET /api/doctor/timeSlots/6756e293514336528ca8e3a9
2025-01-21 17:19:24 [INFO]: GET /api/doctor/leaves/6756e293514336528ca8e3a9
2025-01-21 17:19:25 [INFO]: GET /api/doctor/leaves/6756e293514336528ca8e3a9
2025-01-21 17:19:25 [INFO]: GET /api/doctor/timeSlots/6756e293514336528ca8e3a9
2025-01-21 17:25:24 [INFO]: GET /api/doctor/timeSlots/6756e293514336528ca8e3a9
2025-01-21 17:25:24 [INFO]: GET /api/doctor/timeSlots/6756e293514336528ca8e3a9
2025-01-21 17:25:24 [INFO]: GET /api/doctor/leaves/6756e293514336528ca8e3a9
2025-01-21 17:25:25 [INFO]: GET /api/doctor/leaves/6756e293514336528ca8e3a9
2025-01-21 17:25:30 [INFO]: GET /api/doctor/timeSlots/6756e293514336528ca8e3a9
2025-01-21 17:25:30 [INFO]: GET /api/doctor/timeSlots/6756e293514336528ca8e3a9
2025-01-21 17:25:30 [INFO]: GET /api/doctor/leaves/6756e293514336528ca8e3a9
2025-01-21 17:25:30 [INFO]: GET /api/doctor/leaves/6756e293514336528ca8e3a9
2025-01-21 17:26:20 [INFO]: GET /api/doctor/timeSlots/6756e293514336528ca8e3a9
2025-01-21 17:26:20 [INFO]: GET /api/doctor/timeSlots/6756e293514336528ca8e3a9
2025-01-21 17:26:20 [INFO]: GET /api/doctor/leaves/6756e293514336528ca8e3a9
2025-01-21 17:26:20 [INFO]: GET /api/doctor/leaves/6756e293514336528ca8e3a9
2025-01-21 17:47:44 [INFO]: GET /api/doctor/timeSlots/6756e293514336528ca8e3a9
2025-01-21 17:47:44 [INFO]: POST /api/token
2025-01-21 17:47:44 [INFO]: GET /api/doctor/timeSlots/6756e293514336528ca8e3a9
2025-01-21 17:47:44 [INFO]: GET /api/doctor/leaves/6756e293514336528ca8e3a9
2025-01-21 17:50:34 [INFO]: GET /api/doctor/timeSlots/6756e293514336528ca8e3a9
2025-01-21 17:50:34 [INFO]: GET /api/doctor/leaves/6756e293514336528ca8e3a9
2025-01-21 17:50:43 [INFO]: GET /api/doctor/timeSlots/6756e293514336528ca8e3a9
2025-01-21 17:50:43 [INFO]: GET /api/doctor/timeSlots/6756e293514336528ca8e3a9
2025-01-21 17:50:43 [INFO]: GET /api/doctor/leaves/6756e293514336528ca8e3a9
2025-01-21 17:50:44 [INFO]: GET /api/doctor/leaves/6756e293514336528ca8e3a9
2025-01-21 17:53:58 [INFO]: GET /api/doctor/timeSlots/6756e293514336528ca8e3a9
2025-01-21 17:53:58 [INFO]: GET /api/doctor/leaves/6756e293514336528ca8e3a9
2025-01-21 17:54:03 [INFO]: GET /api/doctor/timeSlots/6756e293514336528ca8e3a9
2025-01-21 17:54:03 [INFO]: GET /api/doctor/timeSlots/6756e293514336528ca8e3a9
2025-01-21 17:54:03 [INFO]: GET /api/doctor/leaves/6756e293514336528ca8e3a9
2025-01-21 17:54:03 [INFO]: GET /api/doctor/leaves/6756e293514336528ca8e3a9
2025-01-21 17:54:17 [INFO]: POST /api/doctor/leave/apply
2025-01-21 17:54:17 [INFO]: POST /api/token
2025-01-21 17:54:17 [INFO]: POST /api/doctor/leave/apply
2025-01-21 17:54:28 [INFO]: GET /api/doctor/timeSlots/6756e293514336528ca8e3a9
2025-01-21 17:54:28 [INFO]: GET /api/doctor/timeSlots/6756e293514336528ca8e3a9
2025-01-21 17:54:28 [INFO]: GET /api/doctor/leaves/6756e293514336528ca8e3a9
2025-01-21 17:54:28 [INFO]: GET /api/doctor/leaves/6756e293514336528ca8e3a9
2025-01-21 17:56:13 [INFO]: GET /api/doctor/timeSlots/6756e293514336528ca8e3a9
2025-01-21 17:56:13 [INFO]: GET /api/doctor/leaves/6756e293514336528ca8e3a9
2025-01-21 17:56:56 [INFO]: GET /api/doctor/timeSlots/6756e293514336528ca8e3a9
2025-01-21 17:56:56 [INFO]: GET /api/doctor/leaves/6756e293514336528ca8e3a9
2025-01-21 17:57:00 [INFO]: GET /api/doctor/timeSlots/6756e293514336528ca8e3a9
2025-01-21 17:57:01 [INFO]: GET /api/doctor/timeSlots/6756e293514336528ca8e3a9
2025-01-21 17:57:01 [INFO]: GET /api/doctor/leaves/6756e293514336528ca8e3a9
2025-01-21 17:57:01 [INFO]: GET /api/doctor/leaves/6756e293514336528ca8e3a9
2025-01-21 18:00:12 [INFO]: GET /api/doctor/timeSlots/6756e293514336528ca8e3a9
2025-01-21 18:00:12 [INFO]: GET /api/doctor/leaves/6756e293514336528ca8e3a9
2025-01-21 18:00:18 [INFO]: GET /api/doctor/timeSlots/6756e293514336528ca8e3a9
2025-01-21 18:00:18 [INFO]: GET /api/doctor/timeSlots/6756e293514336528ca8e3a9
2025-01-21 18:00:18 [INFO]: GET /api/doctor/leaves/6756e293514336528ca8e3a9
2025-01-21 18:00:18 [INFO]: GET /api/doctor/leaves/6756e293514336528ca8e3a9
2025-01-21 18:00:57 [INFO]: GET /api/doctor/timeSlots/6756e293514336528ca8e3a9
2025-01-21 18:00:57 [INFO]: GET /api/doctor/leaves/6756e293514336528ca8e3a9
2025-01-21 18:05:36 [INFO]: GET /api/doctor/timeSlots/6756e293514336528ca8e3a9
2025-01-21 18:05:36 [INFO]: GET /api/doctor/leaves/6756e293514336528ca8e3a9
2025-01-21 18:05:49 [INFO]: GET /api/doctor/timeSlots/6756e293514336528ca8e3a9
2025-01-21 18:05:49 [INFO]: GET /api/doctor/timeSlots/6756e293514336528ca8e3a9
2025-01-21 18:05:49 [INFO]: GET /api/doctor/leaves/6756e293514336528ca8e3a9
2025-01-21 18:05:49 [INFO]: GET /api/doctor/leaves/6756e293514336528ca8e3a9
2025-01-21 18:07:05 [INFO]: GET /api/doctor/timeSlots/6756e293514336528ca8e3a9
2025-01-21 18:07:05 [INFO]: GET /api/doctor/leaves/6756e293514336528ca8e3a9
2025-01-21 18:13:05 [INFO]: GET /api/doctor/timeSlots/6756e293514336528ca8e3a9
2025-01-21 18:13:05 [INFO]: GET /api/doctor/leaves/6756e293514336528ca8e3a9
2025-01-21 18:13:29 [INFO]: GET /api/doctor/timeSlots/6756e293514336528ca8e3a9
2025-01-21 18:13:29 [INFO]: GET /api/doctor/leaves/6756e293514336528ca8e3a9
2025-01-21 18:14:18 [INFO]: GET /api/doctor/timeSlots/6756e293514336528ca8e3a9
2025-01-21 18:14:18 [INFO]: GET /api/doctor/leaves/6756e293514336528ca8e3a9
2025-01-21 18:14:24 [INFO]: GET /api/doctor/timeSlots/6756e293514336528ca8e3a9
2025-01-21 18:14:24 [INFO]: GET /api/doctor/timeSlots/6756e293514336528ca8e3a9
2025-01-21 18:14:24 [INFO]: GET /api/doctor/leaves/6756e293514336528ca8e3a9
2025-01-21 18:14:24 [INFO]: GET /api/doctor/leaves/6756e293514336528ca8e3a9
2025-01-21 18:14:44 [INFO]: GET /api/doctor/timeSlots/6756e293514336528ca8e3a9
2025-01-21 18:14:44 [INFO]: GET /api/doctor/leaves/6756e293514336528ca8e3a9
2025-01-21 18:14:49 [INFO]: GET /api/doctor/timeSlots/6756e293514336528ca8e3a9
2025-01-21 18:14:50 [INFO]: GET /api/doctor/timeSlots/6756e293514336528ca8e3a9
2025-01-21 18:14:50 [INFO]: GET /api/doctor/leaves/6756e293514336528ca8e3a9
2025-01-21 18:14:50 [INFO]: GET /api/doctor/leaves/6756e293514336528ca8e3a9
2025-01-21 18:15:03 [INFO]: GET /api/doctor/timeSlots/6756e293514336528ca8e3a9
2025-01-21 18:15:03 [INFO]: GET /api/doctor/leaves/6756e293514336528ca8e3a9
2025-01-21 18:17:33 [INFO]: GET /api/doctor/timeSlots/6756e293514336528ca8e3a9
2025-01-21 18:17:33 [INFO]: GET /api/doctor/leaves/6756e293514336528ca8e3a9
2025-01-21 18:18:36 [INFO]: GET /api/doctor/timeSlots/6756e293514336528ca8e3a9
2025-01-21 18:18:36 [INFO]: POST /api/token
2025-01-21 18:18:36 [INFO]: GET /api/doctor/timeSlots/6756e293514336528ca8e3a9
2025-01-21 18:18:36 [INFO]: GET /api/doctor/leaves/6756e293514336528ca8e3a9
2025-01-21 18:19:46 [INFO]: GET /api/doctor/timeSlots/6756e293514336528ca8e3a9
2025-01-21 18:19:46 [INFO]: GET /api/doctor/leaves/6756e293514336528ca8e3a9
2025-01-21 18:19:51 [INFO]: GET /api/doctor/timeSlots/6756e293514336528ca8e3a9
2025-01-21 18:19:51 [INFO]: GET /api/doctor/timeSlots/6756e293514336528ca8e3a9
2025-01-21 18:19:51 [INFO]: GET /api/doctor/leaves/6756e293514336528ca8e3a9
2025-01-21 18:19:52 [INFO]: GET /api/doctor/leaves/6756e293514336528ca8e3a9
2025-01-21 18:20:05 [INFO]: GET /api/doctor/timeSlots/6756e293514336528ca8e3a9
2025-01-21 18:20:05 [INFO]: GET /api/doctor/leaves/6756e293514336528ca8e3a9
2025-01-21 18:20:13 [INFO]: GET /api/doctor/timeSlots/6756e293514336528ca8e3a9
2025-01-21 18:20:13 [INFO]: GET /api/doctor/timeSlots/6756e293514336528ca8e3a9
2025-01-21 18:20:13 [INFO]: GET /api/doctor/leaves/6756e293514336528ca8e3a9
2025-01-21 18:20:13 [INFO]: GET /api/doctor/leaves/6756e293514336528ca8e3a9
2025-01-21 18:20:28 [INFO]: GET /api/doctor/timeSlots/6756e293514336528ca8e3a9
2025-01-21 18:20:28 [INFO]: GET /api/doctor/leaves/6756e293514336528ca8e3a9
2025-01-21 18:21:01 [INFO]: GET /api/doctor/timeSlots/6756e293514336528ca8e3a9
2025-01-21 18:21:01 [INFO]: GET /api/doctor/timeSlots/6756e293514336528ca8e3a9
2025-01-21 18:21:01 [INFO]: GET /api/doctor/leaves/6756e293514336528ca8e3a9
2025-01-21 18:21:01 [INFO]: GET /api/doctor/leaves/6756e293514336528ca8e3a9
2025-01-21 18:25:05 [INFO]: GET /api/doctor/timeSlots/6756e293514336528ca8e3a9
2025-01-21 18:25:05 [INFO]: GET /api/doctor/timeSlots/6756e293514336528ca8e3a9
2025-01-21 18:25:05 [INFO]: GET /api/doctor/leaves/6756e293514336528ca8e3a9
2025-01-21 18:25:05 [INFO]: GET /api/doctor/leaves/6756e293514336528ca8e3a9
2025-01-21 18:27:12 [INFO]: GET /api/doctor/timeSlots/6756e293514336528ca8e3a9
2025-01-21 18:27:12 [INFO]: GET /api/doctor/leaves/6756e293514336528ca8e3a9
2025-01-21 18:27:20 [INFO]: GET /api/doctor/timeSlots/6756e293514336528ca8e3a9
2025-01-21 18:27:21 [INFO]: GET /api/doctor/timeSlots/6756e293514336528ca8e3a9
2025-01-21 18:27:21 [INFO]: GET /api/doctor/leaves/6756e293514336528ca8e3a9
2025-01-21 18:27:21 [INFO]: GET /api/doctor/leaves/6756e293514336528ca8e3a9
2025-01-21 18:29:04 [INFO]: GET /api/doctor/timeSlots/6756e293514336528ca8e3a9
2025-01-21 18:29:04 [INFO]: GET /api/doctor/leaves/6756e293514336528ca8e3a9
2025-01-21 18:29:28 [INFO]: POST /api/doctor/leave/apply
2025-01-21 18:29:28 [INFO]: POST /api/token
2025-01-21 18:29:28 [INFO]: POST /api/doctor/leave/apply
2025-01-21 18:32:30 [INFO]: GET /api/doctor/timeSlots/6756e293514336528ca8e3a9
2025-01-21 18:32:30 [INFO]: GET /api/doctor/leaves/6756e293514336528ca8e3a9
2025-01-21 18:33:02 [INFO]: GET /api/doctor/timeSlots/6756e293514336528ca8e3a9
2025-01-21 18:33:02 [INFO]: GET /api/doctor/leaves/6756e293514336528ca8e3a9
2025-01-21 18:38:53 [INFO]: GET /api/doctor/timeSlots/6756e293514336528ca8e3a9
2025-01-21 18:38:53 [INFO]: GET /api/doctor/leaves/6756e293514336528ca8e3a9
2025-01-21 18:47:18 [INFO]: GET /api/doctor/timeSlots/6756e293514336528ca8e3a9
2025-01-21 18:47:18 [INFO]: GET /api/doctor/leaves/6756e293514336528ca8e3a9
2025-01-21 18:47:33 [INFO]: GET /api/doctor/timeSlots/6756e293514336528ca8e3a9
2025-01-21 18:47:33 [INFO]: GET /api/doctor/leaves/6756e293514336528ca8e3a9
2025-01-21 19:17:11 [INFO]: GET /api/doctor/timeSlots/6756e293514336528ca8e3a9
2025-01-21 19:17:11 [INFO]: GET /api/doctor/timeSlots/6756e293514336528ca8e3a9
2025-01-21 19:17:11 [INFO]: POST /api/token
2025-01-21 19:17:11 [INFO]: POST /api/token
2025-01-21 19:17:11 [INFO]: GET /api/doctor/timeSlots/6756e293514336528ca8e3a9
2025-01-21 19:17:12 [INFO]: GET /api/doctor/timeSlots/6756e293514336528ca8e3a9
2025-01-21 19:17:12 [INFO]: GET /api/doctor/leaves/6756e293514336528ca8e3a9
2025-01-21 19:17:12 [INFO]: GET /api/doctor/leaves/6756e293514336528ca8e3a9
2025-01-21 19:24:43 [INFO]: GET /api/doctor/timeSlots/6756e293514336528ca8e3a9
2025-01-21 19:24:43 [INFO]: GET /api/doctor/timeSlots/6756e293514336528ca8e3a9
2025-01-21 19:24:43 [INFO]: GET /api/doctor/leaves/6756e293514336528ca8e3a9
2025-01-21 19:24:43 [INFO]: GET /api/doctor/leaves/6756e293514336528ca8e3a9
2025-01-21 19:24:45 [INFO]: GET /api/doctor/timeSlots/6756e293514336528ca8e3a9
2025-01-21 19:24:45 [INFO]: GET /api/doctor/timeSlots/6756e293514336528ca8e3a9
2025-01-21 19:24:45 [INFO]: GET /api/doctor/leaves/6756e293514336528ca8e3a9
2025-01-21 19:24:45 [INFO]: GET /api/doctor/leaves/6756e293514336528ca8e3a9
2025-01-21 19:27:52 [INFO]: GET /api/notification/6756e293514336528ca8e3a9
2025-01-21 19:27:52 [INFO]: GET /api/doctor/timeSlots/6756e293514336528ca8e3a9
2025-01-21 19:27:52 [INFO]: GET /api/notification/6756e293514336528ca8e3a9
2025-01-21 19:27:52 [INFO]: GET /api/doctor/leaves/6756e293514336528ca8e3a9
2025-01-21 19:29:30 [INFO]: GET /api/doctor/timeSlots/6756e293514336528ca8e3a9
2025-01-21 19:29:30 [INFO]: GET /api/doctor/leaves/6756e293514336528ca8e3a9
2025-01-21 19:34:06 [INFO]: GET /api/notification/6756e293514336528ca8e3a9
2025-01-21 19:34:06 [INFO]: GET /api/notification/6756e293514336528ca8e3a9
2025-01-21 19:38:38 [INFO]: POST /api/doctor/timeSlots/6756e293514336528ca8e3a9
2025-01-21 19:47:41 [INFO]: POST /api/doctor/signin
2025-01-21 19:47:41 [INFO]: GET /api/notification/6756e293514336528ca8e3a9
2025-01-21 19:47:41 [INFO]: GET /api/doctor/dashboard/6756e293514336528ca8e3a9
2025-01-21 19:47:42 [INFO]: GET /api/notification/6756e293514336528ca8e3a9
2025-01-21 19:47:42 [INFO]: GET /api/doctor/dashboard/6756e293514336528ca8e3a9
2025-01-21 19:47:43 [INFO]: GET /api/chats/rooms/6756e293514336528ca8e3a9
2025-01-21 19:47:43 [INFO]: GET /api/chats/rooms/6756e293514336528ca8e3a9
2025-01-21 19:47:43 [INFO]: POST /api/token
2025-01-21 19:47:43 [INFO]: POST /api/token
2025-01-21 19:47:43 [INFO]: GET /api/chats/rooms/6756e293514336528ca8e3a9
2025-01-21 19:47:43 [INFO]: GET /api/chats/rooms/6756e293514336528ca8e3a9
2025-01-21 19:47:49 [INFO]: GET /api/chats/rooms/6756e293514336528ca8e3a9
2025-01-21 19:47:49 [INFO]: GET /api/chats/rooms/6756e293514336528ca8e3a9
2025-01-21 19:47:50 [INFO]: GET /api/chats/678ce89fe0e890548399478d
2025-01-21 19:47:50 [INFO]: GET /api/chats/rooms/6756e293514336528ca8e3a9
2025-01-21 19:48:28 [INFO]: GET /api/patients/wallet/67629705a8db5411f814e1cb
2025-01-21 19:48:28 [INFO]: GET /api/notification/67629705a8db5411f814e1cb
2025-01-21 19:48:28 [INFO]: GET /api/patients/wallet/67629705a8db5411f814e1cb
2025-01-21 19:48:28 [INFO]: GET /api/notification/67629705a8db5411f814e1cb
2025-01-21 19:48:31 [INFO]: GET /api/chats/rooms/67629705a8db5411f814e1cb
2025-01-21 19:48:31 [INFO]: GET /api/chats/rooms/67629705a8db5411f814e1cb
2025-01-21 19:48:35 [INFO]: GET /api/chats/rooms/67629705a8db5411f814e1cb
2025-01-21 19:48:35 [INFO]: GET /api/chats/rooms/67629705a8db5411f814e1cb
2025-01-21 20:30:40 [INFO]: GET /api/chats/678e2609f6ea83e38cee7eec
2025-01-21 20:30:40 [INFO]: GET /api/chats/rooms/67629705a8db5411f814e1cb
2025-01-21 20:30:40 [INFO]: POST /api/token
2025-01-21 20:30:40 [INFO]: GET /api/chats/rooms/67629705a8db5411f814e1cb
2025-01-21 20:30:47 [INFO]: GET /api/chats/678ce89fe0e890548399478d
2025-01-21 20:30:47 [INFO]: GET /api/chats/rooms/67629705a8db5411f814e1cb
2025-01-21 20:30:54 [INFO]: GET /api/notification/67629705a8db5411f814e1cb
2025-01-21 20:30:54 [INFO]: GET /api/patients/patient/67629705a8db5411f814e1cb
2025-01-21 20:30:54 [INFO]: GET /api/notification/67629705a8db5411f814e1cb
2025-01-21 20:30:54 [INFO]: GET /api/patients/patient/67629705a8db5411f814e1cb
2025-01-21 22:24:40 [INFO]: POST /api/patients/signin
2025-01-21 22:24:40 [INFO]: GET /api/notification/67629705a8db5411f814e1cb
2025-01-21 22:24:41 [INFO]: GET /api/notification/67629705a8db5411f814e1cb
2025-01-21 22:24:41 [INFO]: GET /api/notification/67629705a8db5411f814e1cb
2025-01-21 22:24:43 [INFO]: GET /api/notification/67629705a8db5411f814e1cb
2025-01-21 22:24:43 [INFO]: GET /api/notification/67629705a8db5411f814e1cb
2025-01-21 22:24:44 [INFO]: GET /api/patients/doctors?page=1&limit=10&search=&specialization=&gender=&experience=
2025-01-21 22:24:46 [INFO]: GET /api/notification/67629705a8db5411f814e1cb
2025-01-21 22:24:46 [INFO]: GET /api/patients/doctors/timeSlots/6756e293514336528ca8e3a9
2025-01-21 22:24:46 [INFO]: GET /api/notification/67629705a8db5411f814e1cb
2025-01-21 22:24:46 [INFO]: GET /api/patients/doctors/timeSlots/6756e293514336528ca8e3a9
2025-01-21 22:25:09 [INFO]: GET /api/notification/6756e293514336528ca8e3a9
2025-01-21 22:25:09 [INFO]: GET /api/doctor/dashboard/6756e293514336528ca8e3a9
2025-01-21 22:25:09 [INFO]: GET /api/doctor/dashboard/6756e293514336528ca8e3a9
2025-01-21 22:25:09 [INFO]: POST /api/token
2025-01-21 22:25:09 [INFO]: POST /api/token
2025-01-21 22:25:09 [INFO]: GET /api/doctor/dashboard/6756e293514336528ca8e3a9
2025-01-21 22:25:09 [INFO]: GET /api/doctor/dashboard/6756e293514336528ca8e3a9
2025-01-21 22:25:09 [INFO]: GET /api/notification/6756e293514336528ca8e3a9
2025-01-21 22:25:36 [INFO]: POST /api/admin/signin
2025-01-21 22:25:36 [INFO]: GET /api/admin/dashboard/6755139cbb339a450c37ecb8?period=daily
2025-01-21 22:25:36 [INFO]: GET /api/notification/6755139cbb339a450c37ecb8
2025-01-21 22:25:36 [INFO]: GET /api/notification/6755139cbb339a450c37ecb8
2025-01-21 22:25:37 [INFO]: GET /api/admin/dashboard/6755139cbb339a450c37ecb8?period=daily
2025-01-21 22:25:44 [INFO]: GET /api/notification/6755139cbb339a450c37ecb8
2025-01-21 22:25:44 [INFO]: GET /api/admin/leave/requests?page=1&limit=7
2025-01-21 22:25:45 [INFO]: GET /api/notification/6755139cbb339a450c37ecb8
2025-01-21 22:25:45 [INFO]: GET /api/admin/leave/requests?page=1&limit=7
2025-01-21 22:25:54 [INFO]: PUT /api/admin/leave/update/678fa7514c01c76dc3d8cd85
2025-01-21 22:25:54 [INFO]: GET /api/admin/leave/requests?page=1&limit=7
2025-01-21 22:26:04 [INFO]: GET /api/notification/67629705a8db5411f814e1cb
2025-01-21 22:26:04 [INFO]: GET /api/patients/doctors/timeSlots/6756e293514336528ca8e3a9
2025-01-21 22:26:04 [INFO]: GET /api/notification/67629705a8db5411f814e1cb
2025-01-21 22:26:05 [INFO]: GET /api/patients/doctors/timeSlots/6756e293514336528ca8e3a9
2025-01-21 22:29:40 [INFO]: GET /api/notification/6755139cbb339a450c37ecb8
2025-01-21 22:29:40 [INFO]: GET /api/admin/leave/requests?page=1&limit=7
2025-01-21 22:29:40 [INFO]: GET /api/notification/6755139cbb339a450c37ecb8
2025-01-21 22:29:41 [INFO]: GET /api/admin/leave/requests?page=1&limit=7
2025-01-21 22:29:42 [INFO]: GET /api/notification/6755139cbb339a450c37ecb8
2025-01-21 22:29:42 [INFO]: GET /api/admin/leave/requests?page=1&limit=7
2025-01-21 22:29:42 [INFO]: GET /api/notification/6755139cbb339a450c37ecb8
2025-01-21 22:29:42 [INFO]: GET /api/admin/leave/requests?page=1&limit=7
2025-01-21 22:30:28 [INFO]: GET /api/notification/6755139cbb339a450c37ecb8
2025-01-21 22:30:28 [INFO]: GET /api/admin/applications
2025-01-21 22:30:28 [INFO]: GET /api/notification/6755139cbb339a450c37ecb8
2025-01-21 22:30:28 [INFO]: GET /api/admin/applications
2025-01-21 22:30:30 [INFO]: GET /api/notification/6755139cbb339a450c37ecb8
2025-01-21 22:30:30 [INFO]: GET /api/admin/appointments
2025-01-21 22:30:30 [INFO]: GET /api/notification/6755139cbb339a450c37ecb8
2025-01-21 22:30:30 [INFO]: GET /api/admin/appointments
2025-01-21 22:30:32 [INFO]: GET /api/notification/6755139cbb339a450c37ecb8
2025-01-21 22:30:32 [INFO]: GET /api/admin/leave/requests?page=1&limit=7
2025-01-21 22:30:32 [INFO]: GET /api/notification/6755139cbb339a450c37ecb8
2025-01-21 22:30:32 [INFO]: GET /api/admin/leave/requests?page=1&limit=7
2025-01-21 22:31:02 [INFO]: GET /api/notification/6755139cbb339a450c37ecb8
2025-01-21 22:31:02 [INFO]: GET /api/admin/leave/requests?page=1&limit=7
2025-01-21 22:31:02 [INFO]: GET /api/notification/6755139cbb339a450c37ecb8
2025-01-21 22:31:10 [INFO]: GET /api/notification/6755139cbb339a450c37ecb8
2025-01-21 22:31:10 [INFO]: GET /api/admin/leave/requests?page=1&limit=7
2025-01-21 22:31:10 [INFO]: GET /api/notification/6755139cbb339a450c37ecb8
2025-01-21 22:31:10 [INFO]: GET /api/admin/leave/requests?page=1&limit=7
2025-01-21 22:32:45 [INFO]: PUT /api/admin/leave/update/678f9a305dec7cbb7a075dd7
2025-01-21 22:32:45 [INFO]: GET /api/admin/leave/requests?page=1&limit=7
2025-01-21 22:40:56 [INFO]: GET /api/notification/6755139cbb339a450c37ecb8
2025-01-21 22:40:56 [INFO]: GET /api/admin/leave/requests?page=1&limit=7
2025-01-21 22:40:56 [INFO]: GET /api/notification/6755139cbb339a450c37ecb8
2025-01-21 22:40:56 [INFO]: GET /api/admin/leave/requests?page=1&limit=7
2025-01-21 23:01:33 [INFO]: POST /api/doctor/signin
2025-01-21 23:01:33 [INFO]: GET /api/notification/6756e293514336528ca8e3a9
2025-01-21 23:01:33 [INFO]: GET /api/doctor/dashboard/6756e293514336528ca8e3a9
2025-01-21 23:01:33 [INFO]: GET /api/notification/6756e293514336528ca8e3a9
2025-01-21 23:01:33 [INFO]: GET /api/doctor/dashboard/6756e293514336528ca8e3a9
2025-01-21 23:01:40 [INFO]: GET /api/notification/6756e293514336528ca8e3a9
2025-01-21 23:01:40 [INFO]: GET /api/notification/6756e293514336528ca8e3a9
2025-01-21 23:02:34 [INFO]: POST /api/doctor/timeSlots/6756e293514336528ca8e3a9
2025-01-21 23:13:03 [INFO]: POST /api/doctor/timeSlots/6756e293514336528ca8e3a9
2025-01-21 23:14:27 [INFO]: POST /api/doctor/timeSlots/6756e293514336528ca8e3a9
2025-01-21 23:14:34 [INFO]: GET /api/notification/6756e293514336528ca8e3a9
2025-01-21 23:14:34 [INFO]: GET /api/doctor/appointments/6756e293514336528ca8e3a9
2025-01-21 23:14:34 [INFO]: GET /api/notification/6756e293514336528ca8e3a9
2025-01-21 23:14:34 [INFO]: GET /api/doctor/appointments/6756e293514336528ca8e3a9
2025-01-21 23:14:45 [INFO]: GET /api/notification/6756e293514336528ca8e3a9
2025-01-21 23:14:45 [INFO]: GET /api/notification/6756e293514336528ca8e3a9
2025-01-21 23:15:14 [INFO]: POST /api/doctor/timeSlots/6756e293514336528ca8e3a9
2025-01-21 23:15:52 [INFO]: POST /api/doctor/timeSlots/6756e293514336528ca8e3a9
2025-01-21 23:16:37 [INFO]: POST /api/doctor/timeSlots/6756e293514336528ca8e3a9
2025-01-21 23:20:47 [INFO]: POST /api/doctor/timeSlots/6756e293514336528ca8e3a9
2025-01-21 23:21:27 [INFO]: POST /api/doctor/timeSlots/6756e293514336528ca8e3a9
2025-01-21 23:21:49 [INFO]: POST /api/doctor/timeSlots/6756e293514336528ca8e3a9
2025-01-21 23:23:28 [INFO]: POST /api/doctor/timeSlots/6756e293514336528ca8e3a9
2025-01-21 23:29:07 [INFO]: POST /api/doctor/timeSlots/6756e293514336528ca8e3a9
2025-01-21 23:30:59 [INFO]: POST /api/doctor/timeSlots/6756e293514336528ca8e3a9
2025-01-21 23:40:12 [INFO]: POST /api/doctor/timeSlots/6756e293514336528ca8e3a9
2025-01-21 23:40:12 [INFO]: POST /api/token
2025-01-21 23:40:12 [INFO]: POST /api/doctor/timeSlots/6756e293514336528ca8e3a9
2025-01-21 23:47:46 [INFO]: GET /api/notification/67629705a8db5411f814e1cb
2025-01-21 23:47:46 [INFO]: GET /api/patients/doctors/timeSlots/6756e293514336528ca8e3a9
2025-01-21 23:47:46 [INFO]: GET /api/patients/doctors/timeSlots/6756e293514336528ca8e3a9
2025-01-21 23:47:46 [INFO]: POST /api/token
2025-01-21 23:47:46 [INFO]: POST /api/token
2025-01-21 23:47:46 [INFO]: GET /api/patients/doctors/timeSlots/6756e293514336528ca8e3a9
2025-01-21 23:47:46 [INFO]: GET /api/notification/67629705a8db5411f814e1cb
2025-01-21 23:47:46 [INFO]: GET /api/patients/doctors/timeSlots/6756e293514336528ca8e3a9
2025-01-21 23:47:46 [INFO]: GET /api/notification/67629705a8db5411f814e1cb
2025-01-21 23:47:57 [INFO]: POST /api/patients/signin
2025-01-21 23:47:57 [INFO]: GET /api/notification/67629705a8db5411f814e1cb
2025-01-21 23:47:57 [INFO]: GET /api/notification/67629705a8db5411f814e1cb
2025-01-21 23:47:58 [INFO]: GET /api/notification/67629705a8db5411f814e1cb
2025-01-21 23:48:00 [INFO]: GET /api/notification/67629705a8db5411f814e1cb
2025-01-21 23:48:00 [INFO]: GET /api/notification/67629705a8db5411f814e1cb
2025-01-21 23:48:01 [INFO]: GET /api/patients/doctors?page=1&limit=10&search=&specialization=&gender=&experience=
2025-01-21 23:48:06 [INFO]: GET /api/patients/doctors?page=1&limit=10&search=&specialization=&gender=&experience=5
2025-01-21 23:48:12 [INFO]: GET /api/patients/doctors?page=1&limit=10&search=&specialization=&gender=&experience=10
2025-01-21 23:48:18 [INFO]: GET /api/patients/doctors?page=1&limit=10&search=&specialization=&gender=&experience=15
