2025-01-10 10:16:57 [INFO]: POST /api/patients/signup
2025-01-10 10:16:57 [INFO]: POST /api/otp/send
2025-01-10 10:17:17 [INFO]: POST /api/otp/verify
2025-01-10 10:17:33 [INFO]: POST /api/patients/signin
2025-01-10 10:17:33 [INFO]: GET /api/notification/6780a64126565e1bc0dd93ba
2025-01-10 10:17:33 [INFO]: GET /api/notification/6780a64126565e1bc0dd93ba
2025-01-10 10:17:33 [INFO]: GET /api/notification/6780a64126565e1bc0dd93ba
2025-01-10 10:17:40 [INFO]: GET /api/patients/patient/6780a64126565e1bc0dd93ba
2025-01-10 10:17:40 [INFO]: GET /api/notification/6780a64126565e1bc0dd93ba
2025-01-10 10:17:40 [INFO]: GET /api/notification/6780a64126565e1bc0dd93ba
2025-01-10 10:17:40 [INFO]: GET /api/patients/patient/6780a64126565e1bc0dd93ba
2025-01-10 10:17:45 [INFO]: PUT /api/admin/patients
2025-01-10 10:17:45 [INFO]: POST /api/token
2025-01-10 10:17:45 [INFO]: PUT /api/admin/patients
2025-01-10 10:18:10 [INFO]: GET /api/notification/6780a64126565e1bc0dd93ba
2025-01-10 10:18:10 [INFO]: GET /api/patients/patient/6780a64126565e1bc0dd93ba
2025-01-10 10:18:10 [INFO]: GET /api/notification/6780a64126565e1bc0dd93ba
2025-01-10 10:18:10 [INFO]: GET /api/patients/patient/6780a64126565e1bc0dd93ba
2025-01-10 10:18:15 [INFO]: PUT /api/admin/patients
2025-01-10 10:18:15 [INFO]: POST /api/token
2025-01-10 10:18:15 [INFO]: PUT /api/admin/patients
2025-01-10 10:20:21 [INFO]: GET /api/notification/6780a64126565e1bc0dd93ba
2025-01-10 10:20:21 [INFO]: GET /api/patients/patient/6780a64126565e1bc0dd93ba
2025-01-10 10:20:21 [INFO]: GET /api/notification/6780a64126565e1bc0dd93ba
2025-01-10 10:20:21 [INFO]: GET /api/patients/patient/6780a64126565e1bc0dd93ba
2025-01-10 10:20:26 [INFO]: PUT /api/admin/patients
2025-01-10 10:20:46 [INFO]: POST /api/patients/signin
2025-01-10 10:20:46 [INFO]: GET /api/notification/6780a64126565e1bc0dd93ba
2025-01-10 10:20:46 [INFO]: GET /api/notification/6780a64126565e1bc0dd93ba
2025-01-10 10:20:46 [INFO]: GET /api/notification/6780a64126565e1bc0dd93ba
2025-01-10 10:20:48 [INFO]: GET /api/notification/6780a64126565e1bc0dd93ba
2025-01-10 10:20:48 [INFO]: GET /api/patients/patient/6780a64126565e1bc0dd93ba
2025-01-10 10:20:48 [INFO]: GET /api/notification/6780a64126565e1bc0dd93ba
2025-01-10 10:20:48 [INFO]: GET /api/patients/patient/6780a64126565e1bc0dd93ba
2025-01-10 10:20:53 [INFO]: PUT /api/admin/patients
2025-01-10 10:34:56 [INFO]: POST /api/patients/signin
2025-01-10 10:34:56 [INFO]: GET /api/notification/6780a64126565e1bc0dd93ba
2025-01-10 10:34:56 [INFO]: GET /api/notification/6780a64126565e1bc0dd93ba
2025-01-10 10:34:56 [INFO]: GET /api/notification/6780a64126565e1bc0dd93ba
2025-01-10 10:34:58 [INFO]: GET /api/notification/6780a64126565e1bc0dd93ba
2025-01-10 10:34:58 [INFO]: GET /api/patients/patient/6780a64126565e1bc0dd93ba
2025-01-10 10:34:58 [INFO]: GET /api/notification/6780a64126565e1bc0dd93ba
2025-01-10 10:34:58 [INFO]: GET /api/patients/patient/6780a64126565e1bc0dd93ba
2025-01-10 10:35:03 [INFO]: PUT /api/patients/patient
2025-01-10 10:35:20 [INFO]: GET /api/notification/6780a64126565e1bc0dd93ba
2025-01-10 10:35:20 [INFO]: GET /api/notification/6780a64126565e1bc0dd93ba
2025-01-10 10:35:22 [INFO]: GET /api/notification/6780a64126565e1bc0dd93ba
2025-01-10 10:35:22 [INFO]: GET /api/patients/patient/6780a64126565e1bc0dd93ba
2025-01-10 10:35:22 [INFO]: GET /api/notification/6780a64126565e1bc0dd93ba
2025-01-10 10:35:23 [INFO]: GET /api/patients/patient/6780a64126565e1bc0dd93ba
2025-01-10 10:35:24 [INFO]: GET /api/notification/6780a64126565e1bc0dd93ba
2025-01-10 10:35:24 [INFO]: GET /api/patients/appointments/6780a64126565e1bc0dd93ba
2025-01-10 10:35:24 [INFO]: GET /api/notification/6780a64126565e1bc0dd93ba
2025-01-10 10:35:24 [INFO]: GET /api/patients/appointments/6780a64126565e1bc0dd93ba
2025-01-10 10:35:26 [INFO]: GET /api/notification/6780a64126565e1bc0dd93ba
2025-01-10 10:35:26 [INFO]: GET /api/patients/notifications/6780a64126565e1bc0dd93ba?page=1&limit=7
2025-01-10 10:35:26 [INFO]: GET /api/notification/6780a64126565e1bc0dd93ba
2025-01-10 10:35:26 [INFO]: GET /api/patients/notifications/6780a64126565e1bc0dd93ba?page=1&limit=7
2025-01-10 10:35:27 [INFO]: GET /api/patients/notifications/6780a64126565e1bc0dd93ba?page=1&limit=7
2025-01-10 10:35:30 [INFO]: GET /api/notification/6780a64126565e1bc0dd93ba
2025-01-10 10:35:30 [INFO]: GET /api/patients/appointments/6780a64126565e1bc0dd93ba
2025-01-10 10:35:30 [INFO]: GET /api/notification/6780a64126565e1bc0dd93ba
2025-01-10 10:35:30 [INFO]: GET /api/patients/appointments/6780a64126565e1bc0dd93ba
2025-01-10 10:35:31 [INFO]: GET /api/notification/6780a64126565e1bc0dd93ba
2025-01-10 10:35:31 [INFO]: GET /api/patients/notifications/6780a64126565e1bc0dd93ba?page=1&limit=7
2025-01-10 10:35:31 [INFO]: GET /api/notification/6780a64126565e1bc0dd93ba
2025-01-10 10:35:31 [INFO]: GET /api/patients/notifications/6780a64126565e1bc0dd93ba?page=1&limit=7
2025-01-10 10:35:32 [INFO]: GET /api/patients/notifications/6780a64126565e1bc0dd93ba?page=1&limit=7
2025-01-10 10:35:32 [INFO]: GET /api/patients/wallet/6780a64126565e1bc0dd93ba
2025-01-10 10:35:32 [INFO]: GET /api/notification/6780a64126565e1bc0dd93ba
2025-01-10 10:35:32 [INFO]: GET /api/notification/6780a64126565e1bc0dd93ba
2025-01-10 10:35:34 [INFO]: GET /api/chats/rooms/6780a64126565e1bc0dd93ba
2025-01-10 10:35:34 [INFO]: GET /api/chats/rooms/6780a64126565e1bc0dd93ba
2025-01-10 10:35:34 [INFO]: POST /api/token
2025-01-10 10:35:34 [INFO]: POST /api/token
2025-01-10 10:35:34 [INFO]: GET /api/chats/rooms/6780a64126565e1bc0dd93ba
2025-01-10 10:35:34 [INFO]: GET /api/chats/rooms/6780a64126565e1bc0dd93ba
2025-01-10 10:35:58 [INFO]: POST /api/patients/signin
2025-01-10 10:36:13 [INFO]: POST /api/patients/signin
2025-01-10 10:36:35 [INFO]: POST /api/patients/signin
2025-01-10 10:46:05 [INFO]: POST /api/otp/send
2025-01-10 10:46:31 [INFO]: POST /api/otp/verify
2025-01-10 10:46:40 [INFO]: POST /api/patients/reset
2025-01-10 10:46:55 [INFO]: POST /api/patients/signin
2025-01-10 10:46:55 [INFO]: GET /api/notification/6780a64126565e1bc0dd93ba
2025-01-10 10:46:55 [INFO]: GET /api/notification/6780a64126565e1bc0dd93ba
2025-01-10 10:46:55 [INFO]: GET /api/notification/6780a64126565e1bc0dd93ba
2025-01-10 10:46:58 [INFO]: GET /api/notification/6780a64126565e1bc0dd93ba
2025-01-10 10:46:58 [INFO]: GET /api/patients/patient/6780a64126565e1bc0dd93ba
2025-01-10 10:46:59 [INFO]: GET /api/notification/6780a64126565e1bc0dd93ba
2025-01-10 10:46:59 [INFO]: GET /api/patients/patient/6780a64126565e1bc0dd93ba
2025-01-10 10:47:15 [INFO]: PUT /api/patients/patient
2025-01-10 10:47:34 [INFO]: POST /api/patients/signin
2025-01-10 10:47:35 [INFO]: GET /api/notification/6780a64126565e1bc0dd93ba
2025-01-10 10:47:35 [INFO]: GET /api/notification/6780a64126565e1bc0dd93ba
2025-01-10 10:47:35 [INFO]: GET /api/notification/6780a64126565e1bc0dd93ba
2025-01-10 10:53:37 [INFO]: POST /api/admin/signin
2025-01-10 10:53:37 [INFO]: GET /api/admin/dashboard/6755139cbb339a450c37ecb8?period=daily
2025-01-10 10:53:37 [INFO]: GET /api/admin/dashboard/6755139cbb339a450c37ecb8?period=daily
2025-01-10 10:53:37 [INFO]: GET /api/notification/6755139cbb339a450c37ecb8
2025-01-10 10:53:37 [INFO]: GET /api/notification/6755139cbb339a450c37ecb8
2025-01-10 10:53:47 [INFO]: GET /api/admin/dashboard/6755139cbb339a450c37ecb8?period=weekly
2025-01-10 10:53:50 [INFO]: GET /api/admin/dashboard/6755139cbb339a450c37ecb8?period=daily
2025-01-10 10:54:06 [INFO]: GET /api/admin/dashboard/6755139cbb339a450c37ecb8?period=yearly
2025-01-10 10:54:07 [INFO]: GET /api/admin/dashboard/6755139cbb339a450c37ecb8?period=monthly
2025-01-10 10:54:10 [INFO]: GET /api/admin/dashboard/6755139cbb339a450c37ecb8?period=daily
2025-01-10 10:54:29 [INFO]: GET /api/notification/6755139cbb339a450c37ecb8
2025-01-10 10:54:29 [INFO]: GET /api/admin/doctors?page=1&limit=7&search=&specialization=&gender=&experience=
2025-01-10 10:54:29 [INFO]: GET /api/notification/6755139cbb339a450c37ecb8
2025-01-10 10:54:29 [INFO]: GET /api/admin/doctors?page=1&limit=7&search=&specialization=&gender=&experience=
2025-01-10 10:54:34 [INFO]: GET /api/admin/doctors?page=1&limit=7&search=&specialization=&gender=&experience=
2025-01-10 10:54:38 [INFO]: GET /api/notification/6755139cbb339a450c37ecb8
2025-01-10 10:54:38 [INFO]: GET /api/admin/patients?page=1&limit=7&search=
2025-01-10 10:54:39 [INFO]: GET /api/notification/6755139cbb339a450c37ecb8
2025-01-10 10:54:39 [INFO]: GET /api/admin/patients?page=1&limit=7&search=
2025-01-10 10:54:53 [INFO]: PUT /api/admin/patients
2025-01-10 10:54:54 [INFO]: GET /api/admin/patients?page=1&limit=7&search=
2025-01-10 10:55:30 [INFO]: POST /api/patients/signin
2025-01-10 10:55:51 [INFO]: POST /api/patients/signin
2025-01-10 10:55:51 [INFO]: GET /api/notification/67629705a8db5411f814e1cb
2025-01-10 10:55:51 [INFO]: GET /api/notification/67629705a8db5411f814e1cb
2025-01-10 10:55:51 [INFO]: GET /api/notification/67629705a8db5411f814e1cb
2025-01-10 10:58:38 [INFO]: GET /api/notification/67629705a8db5411f814e1cb
2025-01-10 10:58:38 [INFO]: GET /api/patients/patient/67629705a8db5411f814e1cb
2025-01-10 10:58:38 [INFO]: GET /api/notification/67629705a8db5411f814e1cb
2025-01-10 10:58:38 [INFO]: GET /api/patients/patient/67629705a8db5411f814e1cb
2025-01-10 10:58:43 [INFO]: GET /api/notification/67629705a8db5411f814e1cb
2025-01-10 10:58:43 [INFO]: GET /api/patients/appointments/67629705a8db5411f814e1cb
2025-01-10 10:58:43 [INFO]: GET /api/notification/67629705a8db5411f814e1cb
2025-01-10 10:58:44 [INFO]: GET /api/patients/appointments/67629705a8db5411f814e1cb
2025-01-10 10:58:46 [INFO]: GET /api/notification/67629705a8db5411f814e1cb
2025-01-10 10:58:46 [INFO]: GET /api/appointments/677d2524be95080901c08413
2025-01-10 10:58:46 [INFO]: GET /api/notification/67629705a8db5411f814e1cb
2025-01-10 10:58:47 [INFO]: GET /api/appointments/677d2524be95080901c08413
2025-01-10 10:58:54 [INFO]: GET /api/notification/67629705a8db5411f814e1cb
2025-01-10 10:58:54 [INFO]: GET /api/patients/patient/67629705a8db5411f814e1cb
2025-01-10 10:58:54 [INFO]: GET /api/notification/67629705a8db5411f814e1cb
2025-01-10 10:58:54 [INFO]: GET /api/patients/patient/67629705a8db5411f814e1cb
2025-01-10 11:20:53 [INFO]: POST /api/otp/send
2025-01-10 11:21:05 [INFO]: POST /api/otp/send
2025-01-10 11:21:12 [INFO]: POST /api/otp/send
2025-01-10 11:21:15 [INFO]: POST /api/otp/send
2025-01-10 11:21:41 [INFO]: POST /api/otp/verify
2025-01-10 11:22:11 [INFO]: POST /api/otp/send
2025-01-10 11:23:18 [INFO]: POST /api/otp/send
2025-01-10 11:23:42 [INFO]: POST /api/otp/verify
2025-01-10 11:23:53 [INFO]: POST /api/patients/reset
2025-01-10 11:24:49 [INFO]: POST /api/patients/signin
2025-01-10 11:24:49 [INFO]: GET /api/notification/677629acba614c7ed6a2860d
2025-01-10 11:24:49 [INFO]: GET /api/notification/677629acba614c7ed6a2860d
2025-01-10 11:24:49 [INFO]: GET /api/notification/677629acba614c7ed6a2860d
2025-01-10 11:24:51 [INFO]: GET /api/notification/677629acba614c7ed6a2860d
2025-01-10 11:24:51 [INFO]: GET /api/notification/677629acba614c7ed6a2860d
2025-01-10 11:24:52 [INFO]: GET /api/patients/doctors?page=1&limit=10&search=&specialization=&gender=&experience=
2025-01-10 11:25:02 [INFO]: GET /api/notification/677629acba614c7ed6a2860d
2025-01-10 11:25:02 [INFO]: GET /api/patients/doctors/timeSlots/6756e293514336528ca8e3a9
2025-01-10 11:25:02 [INFO]: GET /api/notification/677629acba614c7ed6a2860d
2025-01-10 11:25:02 [INFO]: GET /api/patients/doctors/timeSlots/6756e293514336528ca8e3a9
2025-01-10 11:25:03 [INFO]: GET /api/patients/doctors/timeSlots/6756e293514336528ca8e3a9
2025-01-10 11:25:09 [INFO]: PUT /api/patients/appointments/lockTimeSlot
2025-01-10 11:25:09 [INFO]: GET /api/notification/677629acba614c7ed6a2860d
2025-01-10 11:25:09 [INFO]: GET /api/patients/patient/677629acba614c7ed6a2860d
2025-01-10 11:25:09 [INFO]: GET /api/notification/677629acba614c7ed6a2860d
2025-01-10 11:25:09 [INFO]: GET /api/patients/patient/677629acba614c7ed6a2860d
2025-01-10 11:25:26 [INFO]: POST /api/patients/appointments/patient
2025-01-10 11:25:27 [INFO]: GET /api/notification/677629acba614c7ed6a2860d
2025-01-10 11:25:27 [INFO]: GET /api/patients/wallet/677629acba614c7ed6a2860d
2025-01-10 11:25:27 [INFO]: GET /api/patients/wallet/677629acba614c7ed6a2860d
2025-01-10 11:25:27 [INFO]: GET /api/notification/677629acba614c7ed6a2860d
2025-01-10 11:25:30 [INFO]: POST /api/patients/payments/create-order
2025-01-10 11:25:35 [INFO]: POST /api/patients/payments/create-order
2025-01-10 11:25:54 [INFO]: POST /api/patients/payments/verify
2025-01-10 11:25:54 [INFO]: POST /api/patients/appointments/book
2025-01-10 11:25:54 [INFO]: GET /api/notification/677629acba614c7ed6a2860d
2025-01-10 11:25:54 [INFO]: GET /api/notification/677629acba614c7ed6a2860d
2025-01-10 11:26:04 [INFO]: GET /api/notification/677629acba614c7ed6a2860d
2025-01-10 11:26:04 [INFO]: GET /api/patients/appointments/677629acba614c7ed6a2860d
2025-01-10 11:26:04 [INFO]: GET /api/notification/677629acba614c7ed6a2860d
2025-01-10 11:26:04 [INFO]: GET /api/patients/appointments/677629acba614c7ed6a2860d
2025-01-10 11:26:10 [INFO]: GET /api/appointments/6780b66a8b0bad4e0229c661
2025-01-10 11:26:10 [INFO]: GET /api/notification/677629acba614c7ed6a2860d
2025-01-10 11:26:10 [INFO]: GET /api/notification/677629acba614c7ed6a2860d
2025-01-10 11:26:10 [INFO]: GET /api/appointments/6780b66a8b0bad4e0229c661
2025-01-10 11:34:23 [INFO]: GET /api/notification/677629acba614c7ed6a2860d
2025-01-10 11:34:23 [INFO]: GET /api/notification/677629acba614c7ed6a2860d
2025-01-10 11:34:23 [INFO]: GET /api/patients/doctors?page=1&limit=10&search=&specialization=&gender=&experience=
2025-01-10 11:34:27 [INFO]: GET /api/notification/677629acba614c7ed6a2860d
2025-01-10 11:34:27 [INFO]: GET /api/patients/doctors/timeSlots/67570e7b310460cca647807f
2025-01-10 11:34:27 [INFO]: GET /api/notification/677629acba614c7ed6a2860d
2025-01-10 11:34:27 [INFO]: GET /api/patients/doctors/timeSlots/67570e7b310460cca647807f
2025-01-10 11:34:34 [INFO]: GET /api/notification/677629acba614c7ed6a2860d
2025-01-10 11:34:34 [INFO]: GET /api/notification/677629acba614c7ed6a2860d
2025-01-10 11:34:35 [INFO]: GET /api/patients/doctors?page=1&limit=10&search=&specialization=&gender=&experience=
2025-01-10 11:34:40 [INFO]: GET /api/patients/doctors/timeSlots/67570e6a310460cca647807e
2025-01-10 11:34:40 [INFO]: GET /api/notification/677629acba614c7ed6a2860d
2025-01-10 11:34:40 [INFO]: GET /api/notification/677629acba614c7ed6a2860d
2025-01-10 11:34:40 [INFO]: GET /api/patients/doctors/timeSlots/67570e6a310460cca647807e
2025-01-10 11:34:43 [INFO]: GET /api/notification/677629acba614c7ed6a2860d
2025-01-10 11:34:43 [INFO]: GET /api/notification/677629acba614c7ed6a2860d
2025-01-10 11:34:43 [INFO]: GET /api/patients/doctors?page=1&limit=10&search=&specialization=&gender=&experience=
2025-01-10 11:39:25 [INFO]: GET /api/doctor/appointments/6756e293514336528ca8e3a9
2025-01-10 11:39:25 [INFO]: GET /api/notification/6756e293514336528ca8e3a9
2025-01-10 11:39:25 [INFO]: GET /api/doctor/appointments/6756e293514336528ca8e3a9
2025-01-10 11:39:25 [INFO]: POST /api/token
2025-01-10 11:39:25 [INFO]: POST /api/token
2025-01-10 11:39:25 [INFO]: GET /api/doctor/appointments/6756e293514336528ca8e3a9
2025-01-10 11:39:25 [INFO]: GET /api/notification/6756e293514336528ca8e3a9
2025-01-10 11:39:25 [INFO]: GET /api/doctor/appointments/6756e293514336528ca8e3a9
2025-01-10 11:39:51 [INFO]: GET /api/notification/6755139cbb339a450c37ecb8
2025-01-10 11:39:51 [INFO]: GET /api/admin/doctors?page=1&limit=7&search=&specialization=&gender=&experience=
2025-01-10 11:39:51 [INFO]: GET /api/admin/doctors?page=1&limit=7&search=&specialization=&gender=&experience=
2025-01-10 11:39:51 [INFO]: POST /api/token
2025-01-10 11:39:51 [INFO]: POST /api/token
2025-01-10 11:39:51 [INFO]: GET /api/admin/doctors?page=1&limit=7&search=&specialization=&gender=&experience=
2025-01-10 11:39:51 [INFO]: GET /api/notification/6755139cbb339a450c37ecb8
2025-01-10 11:39:51 [INFO]: GET /api/admin/doctors?page=1&limit=7&search=&specialization=&gender=&experience=
2025-01-10 11:40:01 [INFO]: POST /api/admin/signin
2025-01-10 11:40:02 [INFO]: GET /api/admin/dashboard/6755139cbb339a450c37ecb8?period=daily
2025-01-10 11:40:02 [INFO]: GET /api/admin/dashboard/6755139cbb339a450c37ecb8?period=daily
2025-01-10 11:40:02 [INFO]: GET /api/notification/6755139cbb339a450c37ecb8
2025-01-10 11:40:02 [INFO]: GET /api/notification/6755139cbb339a450c37ecb8
2025-01-10 11:40:08 [INFO]: GET /api/notification/6755139cbb339a450c37ecb8
2025-01-10 11:40:08 [INFO]: GET /api/admin/doctors?page=1&limit=7&search=&specialization=&gender=&experience=
2025-01-10 11:40:08 [INFO]: GET /api/notification/6755139cbb339a450c37ecb8
2025-01-10 11:40:08 [INFO]: GET /api/admin/doctors?page=1&limit=7&search=&specialization=&gender=&experience=
2025-01-10 11:40:30 [INFO]: PUT /api/admin/doctors
2025-01-10 11:40:30 [INFO]: GET /api/admin/doctors?page=1&limit=7&search=&specialization=&gender=&experience=
2025-01-10 11:41:27 [INFO]: PUT /api/admin/doctors
2025-01-10 11:41:27 [INFO]: GET /api/admin/doctors?page=1&limit=7&search=&specialization=&gender=&experience=
2025-01-10 11:41:52 [INFO]: POST /api/doctor/signin
2025-01-10 11:41:53 [INFO]: GET /api/notification/67570e6a310460cca647807e
2025-01-10 11:41:53 [INFO]: GET /api/doctor/dashboard/67570e6a310460cca647807e
2025-01-10 11:41:53 [INFO]: GET /api/notification/67570e6a310460cca647807e
2025-01-10 11:41:53 [INFO]: GET /api/doctor/dashboard/67570e6a310460cca647807e
2025-01-10 11:42:02 [INFO]: GET /api/notification/67570e6a310460cca647807e
2025-01-10 11:42:02 [INFO]: GET /api/notification/67570e6a310460cca647807e
2025-01-10 11:42:59 [INFO]: POST /api/doctor/timeSlots/67570e6a310460cca647807e
2025-01-10 11:43:36 [INFO]: GET /api/notification/677629acba614c7ed6a2860d
2025-01-10 11:43:36 [INFO]: GET /api/patients/doctors/timeSlots/67570e6a310460cca647807e
2025-01-10 11:43:36 [INFO]: GET /api/notification/677629acba614c7ed6a2860d
2025-01-10 11:43:36 [INFO]: GET /api/patients/doctors/timeSlots/67570e6a310460cca647807e
2025-01-10 11:43:40 [INFO]: GET /api/patients/doctors/timeSlots/67570e6a310460cca647807e
2025-01-10 11:43:43 [INFO]: PUT /api/patients/appointments/lockTimeSlot
2025-01-10 11:43:43 [INFO]: GET /api/notification/677629acba614c7ed6a2860d
2025-01-10 11:43:43 [INFO]: GET /api/patients/patient/677629acba614c7ed6a2860d
2025-01-10 11:43:43 [INFO]: GET /api/notification/677629acba614c7ed6a2860d
2025-01-10 11:43:43 [INFO]: GET /api/patients/patient/677629acba614c7ed6a2860d
2025-01-10 11:43:54 [INFO]: POST /api/patients/appointments/patient
2025-01-10 11:43:55 [INFO]: GET /api/notification/677629acba614c7ed6a2860d
2025-01-10 11:43:55 [INFO]: GET /api/patients/wallet/677629acba614c7ed6a2860d
2025-01-10 11:43:55 [INFO]: GET /api/notification/677629acba614c7ed6a2860d
2025-01-10 11:43:55 [INFO]: GET /api/patients/wallet/677629acba614c7ed6a2860d
2025-01-10 11:44:14 [INFO]: POST /api/patients/payments/create-order
2025-01-10 11:44:38 [INFO]: POST /api/patients/payments/verify
2025-01-10 11:44:38 [INFO]: POST /api/patients/appointments/book
2025-01-10 11:44:38 [INFO]: GET /api/notification/677629acba614c7ed6a2860d
2025-01-10 11:44:38 [INFO]: GET /api/notification/677629acba614c7ed6a2860d
2025-01-10 11:44:43 [INFO]: GET /api/notification/677629acba614c7ed6a2860d
2025-01-10 11:44:43 [INFO]: GET /api/patients/appointments/677629acba614c7ed6a2860d
2025-01-10 11:44:43 [INFO]: GET /api/notification/677629acba614c7ed6a2860d
2025-01-10 11:44:43 [INFO]: GET /api/patients/appointments/677629acba614c7ed6a2860d
2025-01-10 11:44:49 [INFO]: GET /api/notification/677629acba614c7ed6a2860d
2025-01-10 11:44:49 [INFO]: GET /api/appointments/6780bace8b0bad4e0229ca05
2025-01-10 11:44:49 [INFO]: GET /api/notification/677629acba614c7ed6a2860d
2025-01-10 11:44:49 [INFO]: GET /api/appointments/6780bace8b0bad4e0229ca05
2025-01-10 11:44:50 [INFO]: GET /api/chats/6780bace8b0bad4e0229ca05
2025-01-10 11:45:14 [INFO]: GET /api/chats/rooms/67570e6a310460cca647807e
2025-01-10 11:45:14 [INFO]: GET /api/chats/rooms/67570e6a310460cca647807e
2025-01-10 11:45:37 [INFO]: GET /api/patients/appointments/677629acba614c7ed6a2860d
2025-01-10 11:45:37 [INFO]: GET /api/notification/677629acba614c7ed6a2860d
2025-01-10 11:45:37 [INFO]: GET /api/notification/677629acba614c7ed6a2860d
2025-01-10 11:45:37 [INFO]: GET /api/patients/appointments/677629acba614c7ed6a2860d
2025-01-10 11:45:42 [INFO]: GET /api/notification/677629acba614c7ed6a2860d
2025-01-10 11:45:42 [INFO]: GET /api/appointments/6780bace8b0bad4e0229ca05
2025-01-10 11:45:42 [INFO]: GET /api/notification/677629acba614c7ed6a2860d
2025-01-10 11:45:42 [INFO]: GET /api/appointments/6780bace8b0bad4e0229ca05
2025-01-10 11:45:43 [INFO]: GET /api/chats/6780bace8b0bad4e0229ca05
2025-01-10 11:49:53 [INFO]: GET /api/chats/6780bace8b0bad4e0229ca05
2025-01-10 11:51:23 [INFO]: GET /api/notification/677629acba614c7ed6a2860d
2025-01-10 11:51:24 [INFO]: GET /api/notification/677629acba614c7ed6a2860d
2025-01-10 11:51:24 [INFO]: GET /api/patients/doctors?page=1&limit=10&search=&specialization=&gender=&experience=
2025-01-10 11:51:34 [INFO]: GET /api/notification/677629acba614c7ed6a2860d
2025-01-10 11:51:34 [INFO]: GET /api/patients/doctors/timeSlots/6756e293514336528ca8e3a9
2025-01-10 11:51:34 [INFO]: GET /api/notification/677629acba614c7ed6a2860d
2025-01-10 11:51:34 [INFO]: GET /api/patients/doctors/timeSlots/6756e293514336528ca8e3a9
2025-01-10 11:52:05 [INFO]: GET /api/notification/677629acba614c7ed6a2860d
2025-01-10 11:52:05 [INFO]: GET /api/notification/677629acba614c7ed6a2860d
2025-01-10 11:52:05 [INFO]: GET /api/patients/doctors?page=1&limit=10&search=&specialization=&gender=&experience=
2025-01-10 11:52:14 [INFO]: GET /api/patients/doctors?page=2&limit=10&search=&specialization=&gender=&experience=
2025-01-10 11:52:18 [INFO]: GET /api/notification/677629acba614c7ed6a2860d
2025-01-10 11:52:18 [INFO]: GET /api/patients/doctors/timeSlots/6769aab932a18f86fbb5e6c4
2025-01-10 11:52:18 [INFO]: GET /api/notification/677629acba614c7ed6a2860d
2025-01-10 11:52:18 [INFO]: GET /api/patients/doctors/timeSlots/6769aab932a18f86fbb5e6c4
2025-01-10 11:52:20 [INFO]: GET /api/patients/doctors/timeSlots/6769aab932a18f86fbb5e6c4
2025-01-10 11:52:23 [INFO]: PUT /api/patients/appointments/lockTimeSlot
2025-01-10 11:52:23 [INFO]: GET /api/notification/677629acba614c7ed6a2860d
2025-01-10 11:52:23 [INFO]: GET /api/patients/patient/677629acba614c7ed6a2860d
2025-01-10 11:52:23 [INFO]: GET /api/notification/677629acba614c7ed6a2860d
2025-01-10 11:52:23 [INFO]: GET /api/patients/patient/677629acba614c7ed6a2860d
2025-01-10 11:52:34 [INFO]: POST /api/patients/appointments/patient
2025-01-10 11:52:34 [INFO]: GET /api/notification/677629acba614c7ed6a2860d
2025-01-10 11:52:34 [INFO]: GET /api/patients/wallet/677629acba614c7ed6a2860d
2025-01-10 11:52:34 [INFO]: GET /api/notification/677629acba614c7ed6a2860d
2025-01-10 11:52:34 [INFO]: GET /api/patients/wallet/677629acba614c7ed6a2860d
2025-01-10 11:52:36 [INFO]: POST /api/patients/payments/create-order
2025-01-10 11:52:53 [INFO]: POST /api/patients/payments/verify
2025-01-10 11:52:53 [INFO]: POST /api/patients/appointments/book
2025-01-10 11:52:54 [INFO]: GET /api/notification/677629acba614c7ed6a2860d
2025-01-10 11:52:54 [INFO]: GET /api/notification/677629acba614c7ed6a2860d
2025-01-10 11:53:31 [INFO]: GET /api/notification/677629acba614c7ed6a2860d
2025-01-10 11:53:31 [INFO]: GET /api/patients/appointments/677629acba614c7ed6a2860d
2025-01-10 11:53:31 [INFO]: GET /api/notification/677629acba614c7ed6a2860d
2025-01-10 11:53:31 [INFO]: GET /api/patients/appointments/677629acba614c7ed6a2860d
2025-01-10 11:53:46 [INFO]: GET /api/notification/677629acba614c7ed6a2860d
2025-01-10 11:53:46 [INFO]: GET /api/appointments/6780bcbd8b0bad4e0229cd06
2025-01-10 11:53:46 [INFO]: GET /api/notification/677629acba614c7ed6a2860d
2025-01-10 11:53:46 [INFO]: GET /api/appointments/6780bcbd8b0bad4e0229cd06
2025-01-10 11:53:47 [INFO]: GET /api/chats/6780bcbd8b0bad4e0229cd06
2025-01-10 11:54:08 [INFO]: GET /api/notification/67570e6a310460cca647807e
2025-01-10 11:54:08 [INFO]: GET /api/notification/67570e6a310460cca647807e
2025-01-10 11:56:04 [INFO]: GET /api/notification/677629acba614c7ed6a2860d
2025-01-10 11:56:04 [INFO]: GET /api/appointments/6780bcbd8b0bad4e0229cd06
2025-01-10 11:56:04 [INFO]: GET /api/notification/677629acba614c7ed6a2860d
2025-01-10 11:56:04 [INFO]: GET /api/appointments/6780bcbd8b0bad4e0229cd06
2025-01-10 11:56:07 [INFO]: GET /api/chats/6780bcbd8b0bad4e0229cd06
2025-01-10 11:56:16 [INFO]: GET /api/chats/6780bcbd8b0bad4e0229cd06
2025-01-10 11:56:19 [INFO]: GET /api/notification/677629acba614c7ed6a2860d
2025-01-10 11:56:19 [INFO]: GET /api/appointments/6780bcbd8b0bad4e0229cd06
2025-01-10 11:56:19 [INFO]: GET /api/notification/677629acba614c7ed6a2860d
2025-01-10 11:56:19 [INFO]: GET /api/appointments/6780bcbd8b0bad4e0229cd06
2025-01-10 11:56:21 [INFO]: GET /api/chats/6780bcbd8b0bad4e0229cd06
2025-01-10 11:56:58 [INFO]: POST /api/doctor/signin
2025-01-10 11:56:58 [INFO]: GET /api/doctor/dashboard/6769aab932a18f86fbb5e6c4
2025-01-10 11:56:58 [INFO]: GET /api/notification/6769aab932a18f86fbb5e6c4
2025-01-10 11:56:58 [INFO]: GET /api/notification/6769aab932a18f86fbb5e6c4
2025-01-10 11:56:58 [INFO]: GET /api/doctor/dashboard/6769aab932a18f86fbb5e6c4
2025-01-10 11:57:02 [INFO]: GET /api/chats/6780bcbd8b0bad4e0229cd06
2025-01-10 11:57:06 [INFO]: GET /api/patients/appointments/677629acba614c7ed6a2860d
2025-01-10 11:57:06 [INFO]: GET /api/notification/677629acba614c7ed6a2860d
2025-01-10 11:57:06 [INFO]: GET /api/patients/appointments/677629acba614c7ed6a2860d
2025-01-10 11:57:06 [INFO]: POST /api/token
2025-01-10 11:57:06 [INFO]: POST /api/token
2025-01-10 11:57:06 [INFO]: GET /api/patients/appointments/677629acba614c7ed6a2860d
2025-01-10 11:57:06 [INFO]: GET /api/notification/677629acba614c7ed6a2860d
2025-01-10 11:57:06 [INFO]: GET /api/patients/appointments/677629acba614c7ed6a2860d
2025-01-10 11:57:30 [INFO]: POST /api/patients/signin
2025-01-10 11:57:30 [INFO]: GET /api/notification/677629acba614c7ed6a2860d
2025-01-10 11:57:30 [INFO]: GET /api/notification/677629acba614c7ed6a2860d
2025-01-10 11:57:30 [INFO]: GET /api/notification/677629acba614c7ed6a2860d
2025-01-10 11:57:33 [INFO]: GET /api/notification/677629acba614c7ed6a2860d
2025-01-10 11:57:33 [INFO]: GET /api/patients/patient/677629acba614c7ed6a2860d
2025-01-10 11:57:33 [INFO]: GET /api/notification/677629acba614c7ed6a2860d
2025-01-10 11:57:33 [INFO]: GET /api/patients/patient/677629acba614c7ed6a2860d
2025-01-10 11:57:36 [INFO]: GET /api/notification/677629acba614c7ed6a2860d
2025-01-10 11:57:36 [INFO]: GET /api/patients/appointments/677629acba614c7ed6a2860d
2025-01-10 11:57:36 [INFO]: GET /api/notification/677629acba614c7ed6a2860d
2025-01-10 11:57:36 [INFO]: GET /api/patients/appointments/677629acba614c7ed6a2860d
2025-01-10 11:57:38 [INFO]: GET /api/notification/677629acba614c7ed6a2860d
2025-01-10 11:57:38 [INFO]: GET /api/appointments/6780bcbd8b0bad4e0229cd06
2025-01-10 11:57:38 [INFO]: GET /api/notification/677629acba614c7ed6a2860d
2025-01-10 11:57:38 [INFO]: GET /api/appointments/6780bcbd8b0bad4e0229cd06
2025-01-10 11:57:40 [INFO]: GET /api/chats/6780bcbd8b0bad4e0229cd06
2025-01-10 11:57:47 [INFO]: GET /api/chats/6780bcbd8b0bad4e0229cd06
2025-01-10 11:59:02 [INFO]: GET /api/chats/rooms/6769aab932a18f86fbb5e6c4
2025-01-10 11:59:02 [INFO]: GET /api/chats/rooms/6769aab932a18f86fbb5e6c4
2025-01-10 12:00:16 [INFO]: GET /api/notification/677629acba614c7ed6a2860d
2025-01-10 12:00:16 [INFO]: GET /api/patients/patient/677629acba614c7ed6a2860d
2025-01-10 12:00:16 [INFO]: GET /api/notification/677629acba614c7ed6a2860d
2025-01-10 12:00:16 [INFO]: GET /api/patients/patient/677629acba614c7ed6a2860d
2025-01-10 12:00:19 [INFO]: GET /api/chats/rooms/677629acba614c7ed6a2860d
2025-01-10 12:00:19 [INFO]: GET /api/chats/rooms/677629acba614c7ed6a2860d
2025-01-10 12:00:30 [INFO]: GET /api/chats/677acc2205d7c0c2716f7176
2025-01-10 12:00:33 [INFO]: GET /api/chats/6780bcbd8b0bad4e0229cd06
2025-01-10 12:24:50 [INFO]: POST /api/doctor/signin
2025-01-10 12:24:50 [INFO]: GET /api/notification/6756e293514336528ca8e3a9
2025-01-10 12:24:50 [INFO]: GET /api/doctor/dashboard/6756e293514336528ca8e3a9
2025-01-10 12:24:51 [INFO]: GET /api/notification/6756e293514336528ca8e3a9
2025-01-10 12:24:51 [INFO]: GET /api/doctor/dashboard/6756e293514336528ca8e3a9
2025-01-10 12:24:55 [INFO]: PUT /api/notification/read/6756e293514336528ca8e3a9
2025-01-10 12:24:55 [INFO]: GET /api/notification/6756e293514336528ca8e3a9
2025-01-10 12:24:58 [INFO]: PUT /api/notification/read/6756e293514336528ca8e3a9
2025-01-10 12:24:58 [INFO]: GET /api/notification/6756e293514336528ca8e3a9
2025-01-10 12:25:05 [INFO]: GET /api/notification/677629acba614c7ed6a2860d
2025-01-10 12:25:05 [INFO]: GET /api/patients/patient/677629acba614c7ed6a2860d
2025-01-10 12:25:05 [INFO]: GET /api/notification/677629acba614c7ed6a2860d
2025-01-10 12:25:05 [INFO]: GET /api/patients/patient/677629acba614c7ed6a2860d
2025-01-10 12:25:07 [INFO]: GET /api/notification/677629acba614c7ed6a2860d
2025-01-10 12:25:07 [INFO]: GET /api/patients/appointments/677629acba614c7ed6a2860d
2025-01-10 12:25:07 [INFO]: GET /api/notification/677629acba614c7ed6a2860d
2025-01-10 12:25:07 [INFO]: GET /api/patients/appointments/677629acba614c7ed6a2860d
2025-01-10 12:25:09 [INFO]: GET /api/notification/677629acba614c7ed6a2860d
2025-01-10 12:25:09 [INFO]: GET /api/appointments/6780bcbd8b0bad4e0229cd06
2025-01-10 12:25:09 [INFO]: GET /api/notification/677629acba614c7ed6a2860d
2025-01-10 12:25:09 [INFO]: GET /api/appointments/6780bcbd8b0bad4e0229cd06
2025-01-10 12:25:10 [INFO]: GET /api/chats/6780bcbd8b0bad4e0229cd06
2025-01-10 12:25:14 [INFO]: GET /api/notification/677629acba614c7ed6a2860d
2025-01-10 12:25:14 [INFO]: GET /api/patients/appointments/677629acba614c7ed6a2860d
2025-01-10 12:25:14 [INFO]: GET /api/notification/677629acba614c7ed6a2860d
2025-01-10 12:25:14 [INFO]: GET /api/patients/appointments/677629acba614c7ed6a2860d
2025-01-10 12:25:16 [INFO]: GET /api/notification/677629acba614c7ed6a2860d
2025-01-10 12:25:16 [INFO]: GET /api/appointments/6780b66a8b0bad4e0229c661
2025-01-10 12:25:16 [INFO]: GET /api/notification/677629acba614c7ed6a2860d
2025-01-10 12:25:16 [INFO]: GET /api/appointments/6780b66a8b0bad4e0229c661
2025-01-10 12:25:17 [INFO]: GET /api/chats/6780b66a8b0bad4e0229c661
2025-01-10 12:25:31 [INFO]: GET /api/notification/677629acba614c7ed6a2860d
2025-01-10 12:25:31 [INFO]: GET /api/appointments/6780b66a8b0bad4e0229c661
2025-01-10 12:25:31 [INFO]: GET /api/notification/677629acba614c7ed6a2860d
2025-01-10 12:25:31 [INFO]: GET /api/appointments/6780b66a8b0bad4e0229c661
2025-01-10 12:25:32 [INFO]: GET /api/chats/6780b66a8b0bad4e0229c661
2025-01-10 12:25:36 [INFO]: GET /api/notification/677629acba614c7ed6a2860d
2025-01-10 12:25:36 [INFO]: GET /api/patients/appointments/677629acba614c7ed6a2860d
2025-01-10 12:25:36 [INFO]: GET /api/notification/677629acba614c7ed6a2860d
2025-01-10 12:25:36 [INFO]: GET /api/patients/appointments/677629acba614c7ed6a2860d
2025-01-10 12:25:41 [INFO]: GET /api/notification/677629acba614c7ed6a2860d
2025-01-10 12:25:41 [INFO]: GET /api/appointments/6780bcbd8b0bad4e0229cd06
2025-01-10 12:25:41 [INFO]: GET /api/notification/677629acba614c7ed6a2860d
2025-01-10 12:25:41 [INFO]: GET /api/appointments/6780bcbd8b0bad4e0229cd06
2025-01-10 12:25:43 [INFO]: GET /api/chats/6780bcbd8b0bad4e0229cd06
2025-01-10 12:25:55 [INFO]: GET /api/notification/677629acba614c7ed6a2860d
2025-01-10 12:25:55 [INFO]: GET /api/appointments/6780bcbd8b0bad4e0229cd06
2025-01-10 12:25:55 [INFO]: GET /api/notification/677629acba614c7ed6a2860d
2025-01-10 12:25:55 [INFO]: GET /api/appointments/6780bcbd8b0bad4e0229cd06
2025-01-10 12:25:57 [INFO]: GET /api/chats/6780bcbd8b0bad4e0229cd06
2025-01-10 12:25:59 [INFO]: GET /api/notification/677629acba614c7ed6a2860d
2025-01-10 12:25:59 [INFO]: GET /api/appointments/6780bcbd8b0bad4e0229cd06
2025-01-10 12:25:59 [INFO]: GET /api/notification/677629acba614c7ed6a2860d
2025-01-10 12:25:59 [INFO]: GET /api/appointments/6780bcbd8b0bad4e0229cd06
2025-01-10 12:26:00 [INFO]: GET /api/chats/6780bcbd8b0bad4e0229cd06
2025-01-10 12:26:08 [INFO]: GET /api/chats/6780bcbd8b0bad4e0229cd06
2025-01-10 12:27:38 [INFO]: GET /api/chats/6780bcbd8b0bad4e0229cd06
2025-01-10 12:28:47 [INFO]: GET /api/notification/6756e293514336528ca8e3a9
2025-01-10 12:28:47 [INFO]: GET /api/doctor/dashboard/6756e293514336528ca8e3a9
2025-01-10 12:28:47 [INFO]: GET /api/notification/6756e293514336528ca8e3a9
2025-01-10 12:28:47 [INFO]: GET /api/doctor/dashboard/6756e293514336528ca8e3a9
2025-01-10 12:28:59 [INFO]: GET /api/chats/6780bcbd8b0bad4e0229cd06
2025-01-10 12:29:13 [INFO]: GET /api/notification/677629acba614c7ed6a2860d
2025-01-10 12:29:13 [INFO]: GET /api/appointments/6780bcbd8b0bad4e0229cd06
2025-01-10 12:29:13 [INFO]: GET /api/notification/677629acba614c7ed6a2860d
2025-01-10 12:29:13 [INFO]: GET /api/appointments/6780bcbd8b0bad4e0229cd06
2025-01-10 12:29:14 [INFO]: GET /api/chats/6780bcbd8b0bad4e0229cd06
2025-01-10 12:29:17 [INFO]: GET /api/notification/677629acba614c7ed6a2860d
2025-01-10 12:29:17 [INFO]: GET /api/patients/appointments/677629acba614c7ed6a2860d
2025-01-10 12:29:17 [INFO]: GET /api/patients/appointments/677629acba614c7ed6a2860d
2025-01-10 12:29:17 [INFO]: POST /api/token
2025-01-10 12:29:17 [INFO]: POST /api/token
2025-01-10 12:29:17 [INFO]: GET /api/patients/appointments/677629acba614c7ed6a2860d
2025-01-10 12:29:17 [INFO]: GET /api/notification/677629acba614c7ed6a2860d
2025-01-10 12:29:17 [INFO]: GET /api/patients/appointments/677629acba614c7ed6a2860d
2025-01-10 14:36:57 [INFO]: POST /api/admin/signin
2025-01-10 14:36:57 [INFO]: GET /api/admin/dashboard/6755139cbb339a450c37ecb8?period=daily
2025-01-10 14:36:57 [INFO]: GET /api/admin/dashboard/6755139cbb339a450c37ecb8?period=daily
2025-01-10 14:36:57 [INFO]: GET /api/notification/6755139cbb339a450c37ecb8
2025-01-10 14:36:57 [INFO]: GET /api/notification/6755139cbb339a450c37ecb8
2025-01-10 14:38:51 [INFO]: GET /api/admin/dashboard/6755139cbb339a450c37ecb8?period=weekly
2025-01-10 14:38:53 [INFO]: GET /api/admin/dashboard/6755139cbb339a450c37ecb8?period=monthly
2025-01-10 14:38:54 [INFO]: GET /api/admin/dashboard/6755139cbb339a450c37ecb8?period=yearly
2025-01-10 14:38:57 [INFO]: GET /api/admin/dashboard/6755139cbb339a450c37ecb8?period=daily
2025-01-10 14:39:39 [INFO]: POST /api/doctor/signin
2025-01-10 14:39:40 [INFO]: GET /api/notification/6756e293514336528ca8e3a9
2025-01-10 14:39:40 [INFO]: GET /api/doctor/dashboard/6756e293514336528ca8e3a9
2025-01-10 14:39:40 [INFO]: GET /api/notification/6756e293514336528ca8e3a9
2025-01-10 14:39:40 [INFO]: GET /api/doctor/dashboard/6756e293514336528ca8e3a9
2025-01-10 14:41:05 [INFO]: POST /api/patients/signin
2025-01-10 14:41:05 [INFO]: GET /api/notification/67629705a8db5411f814e1cb
2025-01-10 14:41:05 [INFO]: GET /api/notification/67629705a8db5411f814e1cb
2025-01-10 14:41:05 [INFO]: GET /api/notification/67629705a8db5411f814e1cb
2025-01-10 14:41:07 [INFO]: GET /api/notification/67629705a8db5411f814e1cb
2025-01-10 14:41:07 [INFO]: GET /api/patients/patient/67629705a8db5411f814e1cb
2025-01-10 14:41:07 [INFO]: GET /api/notification/67629705a8db5411f814e1cb
2025-01-10 14:41:07 [INFO]: GET /api/patients/patient/67629705a8db5411f814e1cb
2025-01-10 14:41:10 [INFO]: GET /api/notification/67629705a8db5411f814e1cb
2025-01-10 14:41:10 [INFO]: GET /api/patients/appointments/67629705a8db5411f814e1cb
2025-01-10 14:41:10 [INFO]: GET /api/notification/67629705a8db5411f814e1cb
2025-01-10 14:41:10 [INFO]: GET /api/patients/appointments/67629705a8db5411f814e1cb
2025-01-10 14:41:13 [INFO]: GET /api/notification/67629705a8db5411f814e1cb
2025-01-10 14:41:13 [INFO]: GET /api/appointments/677d2524be95080901c08413
2025-01-10 14:41:13 [INFO]: GET /api/notification/67629705a8db5411f814e1cb
2025-01-10 14:41:13 [INFO]: GET /api/appointments/677d2524be95080901c08413
2025-01-10 14:41:22 [INFO]: GET /api/chats/677d2524be95080901c08413
2025-01-10 14:41:33 [INFO]: GET /api/chats/677d2524be95080901c08413
2025-01-10 14:41:57 [INFO]: GET /api/notification/67629705a8db5411f814e1cb
2025-01-10 14:41:57 [INFO]: GET /api/patients/patient/67629705a8db5411f814e1cb
2025-01-10 14:41:57 [INFO]: GET /api/notification/67629705a8db5411f814e1cb
2025-01-10 14:41:57 [INFO]: GET /api/patients/patient/67629705a8db5411f814e1cb
2025-01-10 14:42:00 [INFO]: GET /api/chats/rooms/67629705a8db5411f814e1cb
2025-01-10 14:42:00 [INFO]: GET /api/chats/rooms/67629705a8db5411f814e1cb
2025-01-10 14:42:03 [INFO]: GET /api/chats/677d2524be95080901c08413
2025-01-10 14:42:26 [INFO]: GET /api/chats/rooms/6756e293514336528ca8e3a9
2025-01-10 14:42:26 [INFO]: GET /api/chats/rooms/6756e293514336528ca8e3a9
2025-01-10 14:42:30 [INFO]: GET /api/chats/677d388ea673c5e7d669ee99
2025-01-10 14:42:31 [INFO]: GET /api/chats/677d2524be95080901c08413
2025-01-10 14:42:33 [INFO]: GET /api/chats/677ccc159b8d1b14f8764558
2025-01-10 14:42:36 [INFO]: GET /api/chats/677d2524be95080901c08413
2025-01-10 14:43:52 [INFO]: GET /api/chats/rooms/67629705a8db5411f814e1cb
2025-01-10 14:44:17 [INFO]: GET /api/chats/rooms/6756e293514336528ca8e3a9
2025-01-10 14:44:54 [INFO]: GET /api/notification/67629705a8db5411f814e1cb
2025-01-10 14:44:54 [INFO]: GET /api/patients/wallet/67629705a8db5411f814e1cb
2025-01-10 14:44:54 [INFO]: GET /api/notification/67629705a8db5411f814e1cb
2025-01-10 14:44:54 [INFO]: GET /api/patients/wallet/67629705a8db5411f814e1cb
2025-01-10 14:45:32 [INFO]: GET /api/notification/6756e293514336528ca8e3a9
2025-01-10 14:45:32 [INFO]: GET /api/doctor/payments/6756e293514336528ca8e3a9
2025-01-10 14:45:32 [INFO]: GET /api/notification/6756e293514336528ca8e3a9
2025-01-10 14:45:32 [INFO]: GET /api/doctor/payments/6756e293514336528ca8e3a9
2025-01-10 15:22:40 [INFO]: GET /api/notification/6756e293514336528ca8e3a9
2025-01-10 15:22:40 [INFO]: GET /api/doctor/payments/6756e293514336528ca8e3a9
2025-01-10 15:22:40 [INFO]: GET /api/doctor/payments/6756e293514336528ca8e3a9
2025-01-10 15:22:40 [INFO]: GET /api/admin/dashboard/6755139cbb339a450c37ecb8?period=daily
2025-01-10 15:22:40 [INFO]: GET /api/admin/dashboard/6755139cbb339a450c37ecb8?period=daily
2025-01-10 15:22:41 [INFO]: POST /api/token
2025-01-10 15:22:41 [INFO]: POST /api/token
2025-01-10 15:22:41 [INFO]: POST /api/token
2025-01-10 15:22:41 [INFO]: POST /api/token
2025-01-10 15:22:41 [INFO]: GET /api/patients/wallet/67629705a8db5411f814e1cb
2025-01-10 15:22:41 [INFO]: GET /api/notification/67629705a8db5411f814e1cb
2025-01-10 15:22:41 [INFO]: GET /api/doctor/payments/6756e293514336528ca8e3a9
2025-01-10 15:22:41 [INFO]: GET /api/admin/dashboard/6755139cbb339a450c37ecb8?period=daily
2025-01-10 15:22:41 [INFO]: GET /api/notification/6756e293514336528ca8e3a9
2025-01-10 15:22:41 [INFO]: GET /api/doctor/payments/6756e293514336528ca8e3a9
2025-01-10 15:22:41 [INFO]: GET /api/admin/dashboard/6755139cbb339a450c37ecb8?period=daily
2025-01-10 15:22:41 [INFO]: GET /api/patients/wallet/67629705a8db5411f814e1cb
2025-01-10 15:22:42 [INFO]: GET /api/notification/67629705a8db5411f814e1cb
2025-01-10 15:53:05 [INFO]: GET /api/patients/wallet/67629705a8db5411f814e1cb
2025-01-10 15:53:05 [INFO]: GET /api/notification/67629705a8db5411f814e1cb
