2025-01-13 10:24:35 [INFO]: POST /api/patients/google
2025-01-13 10:24:36 [INFO]: GET /api/notification/67656da25e605e43c92d4fb2
2025-01-13 10:24:36 [INFO]: GET /api/notification/67656da25e605e43c92d4fb2
2025-01-13 10:24:36 [INFO]: GET /api/notification/67656da25e605e43c92d4fb2
2025-01-13 10:24:38 [INFO]: GET /api/notification/67656da25e605e43c92d4fb2
2025-01-13 10:24:38 [INFO]: GET /api/notification/67656da25e605e43c92d4fb2
2025-01-13 10:24:38 [INFO]: GET /api/patients/doctors?page=1&limit=10&search=&specialization=&gender=&experience=
2025-01-13 10:24:41 [INFO]: GET /api/notification/67656da25e605e43c92d4fb2
2025-01-13 10:24:41 [INFO]: GET /api/patients/doctors/timeSlots/6756e293514336528ca8e3a9
2025-01-13 10:24:41 [INFO]: GET /api/notification/67656da25e605e43c92d4fb2
2025-01-13 10:24:41 [INFO]: GET /api/patients/doctors/timeSlots/6756e293514336528ca8e3a9
2025-01-13 10:24:42 [INFO]: GET /api/patients/doctors/timeSlots/6756e293514336528ca8e3a9
2025-01-13 10:24:45 [INFO]: PUT /api/patients/appointments/lockTimeSlot
2025-01-13 10:24:45 [INFO]: GET /api/notification/67656da25e605e43c92d4fb2
2025-01-13 10:24:45 [INFO]: GET /api/patients/patient/67656da25e605e43c92d4fb2
2025-01-13 10:24:45 [INFO]: GET /api/notification/67656da25e605e43c92d4fb2
2025-01-13 10:24:45 [INFO]: GET /api/patients/patient/67656da25e605e43c92d4fb2
2025-01-13 10:24:53 [INFO]: POST /api/patients/appointments/patient
2025-01-13 10:24:53 [INFO]: GET /api/notification/67656da25e605e43c92d4fb2
2025-01-13 10:24:53 [INFO]: GET /api/patients/wallet/67656da25e605e43c92d4fb2
2025-01-13 10:24:53 [INFO]: GET /api/notification/67656da25e605e43c92d4fb2
2025-01-13 10:24:53 [INFO]: GET /api/patients/wallet/67656da25e605e43c92d4fb2
2025-01-13 10:24:59 [INFO]: POST /api/patients/payments/create-order
2025-01-13 10:25:00 [INFO]: POST /api/patients/payments/create-order
2025-01-13 10:25:20 [INFO]: POST /api/patients/payments/verify
2025-01-13 10:25:20 [INFO]: POST /api/patients/appointments/book
2025-01-13 10:25:21 [INFO]: GET /api/notification/67656da25e605e43c92d4fb2
2025-01-13 10:25:21 [INFO]: GET /api/notification/67656da25e605e43c92d4fb2
2025-01-13 10:25:29 [INFO]: GET /api/notification/67656da25e605e43c92d4fb2
2025-01-13 10:25:29 [INFO]: GET /api/patients/appointments/67656da25e605e43c92d4fb2
2025-01-13 10:25:29 [INFO]: GET /api/notification/67656da25e605e43c92d4fb2
2025-01-13 10:25:29 [INFO]: GET /api/patients/appointments/67656da25e605e43c92d4fb2
2025-01-13 10:41:35 [INFO]: GET /api/admin/payments
2025-01-13 10:41:35 [INFO]: GET /api/notification/6755139cbb339a450c37ecb8
2025-01-13 10:41:35 [INFO]: GET /api/admin/payments
2025-01-13 10:41:35 [INFO]: POST /api/token
2025-01-13 10:41:35 [INFO]: POST /api/token
2025-01-13 10:41:35 [INFO]: GET /api/notification/6755139cbb339a450c37ecb8
2025-01-13 10:41:38 [INFO]: GET /api/notification/6755139cbb339a450c37ecb8
2025-01-13 10:41:38 [INFO]: GET /api/admin/payments
2025-01-13 10:41:38 [INFO]: GET /api/admin/payments
2025-01-13 10:41:38 [INFO]: POST /api/token
2025-01-13 10:41:38 [INFO]: POST /api/token
2025-01-13 10:41:38 [INFO]: GET /api/notification/6755139cbb339a450c37ecb8
2025-01-13 10:41:41 [INFO]: GET /api/notification/6755139cbb339a450c37ecb8
2025-01-13 10:41:41 [INFO]: GET /api/admin/patients?page=1&limit=7&search=
2025-01-13 10:41:41 [INFO]: GET /api/admin/patients?page=1&limit=7&search=
2025-01-13 10:41:41 [INFO]: POST /api/token
2025-01-13 10:41:41 [INFO]: POST /api/token
2025-01-13 10:41:41 [INFO]: GET /api/notification/6755139cbb339a450c37ecb8
2025-01-13 10:42:01 [INFO]: GET /api/notification/6755139cbb339a450c37ecb8
2025-01-13 10:42:01 [INFO]: GET /api/admin/applications
2025-01-13 10:42:01 [INFO]: GET /api/admin/applications
2025-01-13 10:42:01 [INFO]: POST /api/token
2025-01-13 10:42:01 [INFO]: POST /api/token
2025-01-13 10:42:01 [INFO]: GET /api/notification/6755139cbb339a450c37ecb8
2025-01-13 10:42:10 [INFO]: POST /api/admin/signin
2025-01-13 10:42:10 [INFO]: GET /api/admin/dashboard/6755139cbb339a450c37ecb8?period=daily
2025-01-13 10:42:10 [INFO]: GET /api/admin/dashboard/6755139cbb339a450c37ecb8?period=daily
2025-01-13 10:42:10 [INFO]: GET /api/notification/6755139cbb339a450c37ecb8
2025-01-13 10:42:10 [INFO]: GET /api/notification/6755139cbb339a450c37ecb8
2025-01-13 10:42:13 [INFO]: GET /api/notification/6755139cbb339a450c37ecb8
2025-01-13 10:42:13 [INFO]: GET /api/admin/payments
2025-01-13 10:42:13 [INFO]: GET /api/notification/6755139cbb339a450c37ecb8
2025-01-13 10:42:13 [INFO]: GET /api/admin/payments
2025-01-13 10:42:58 [INFO]: GET /api/notification/6755139cbb339a450c37ecb8
2025-01-13 10:42:58 [INFO]: GET /api/admin/payments
2025-01-13 10:42:58 [INFO]: GET /api/notification/6755139cbb339a450c37ecb8
2025-01-13 10:42:59 [INFO]: GET /api/admin/payments
2025-01-13 10:48:06 [INFO]: GET /api/notification/6755139cbb339a450c37ecb8
2025-01-13 10:48:06 [INFO]: GET /api/admin/payments
2025-01-13 10:48:06 [INFO]: GET /api/notification/6755139cbb339a450c37ecb8
2025-01-13 10:48:07 [INFO]: GET /api/admin/payments
2025-01-13 10:51:02 [INFO]: GET /api/notification/6755139cbb339a450c37ecb8
2025-01-13 10:51:02 [INFO]: GET /api/admin/payments
2025-01-13 10:51:02 [INFO]: GET /api/notification/6755139cbb339a450c37ecb8
2025-01-13 10:51:03 [INFO]: GET /api/admin/payments
2025-01-13 10:52:37 [INFO]: GET /api/notification/6755139cbb339a450c37ecb8
2025-01-13 10:52:37 [INFO]: GET /api/admin/payments
2025-01-13 10:52:38 [INFO]: GET /api/notification/6755139cbb339a450c37ecb8
2025-01-13 10:52:38 [INFO]: GET /api/admin/payments
2025-01-13 10:58:28 [INFO]: POST /api/doctor/signin
2025-01-13 10:58:28 [INFO]: GET /api/notification/6756e293514336528ca8e3a9
2025-01-13 10:58:28 [INFO]: GET /api/doctor/dashboard/6756e293514336528ca8e3a9
2025-01-13 10:58:28 [INFO]: GET /api/notification/6756e293514336528ca8e3a9
2025-01-13 10:58:28 [INFO]: GET /api/doctor/dashboard/6756e293514336528ca8e3a9
2025-01-13 11:23:27 [INFO]: GET /api/notification/67656da25e605e43c92d4fb2
2025-01-13 11:23:27 [INFO]: GET /api/appointments/67849cb910e26d38e49ae93a
2025-01-13 11:23:27 [INFO]: GET /api/notification/67656da25e605e43c92d4fb2
2025-01-13 11:23:27 [INFO]: GET /api/appointments/67849cb910e26d38e49ae93a
2025-01-13 11:23:29 [INFO]: GET /api/chats/67849cb910e26d38e49ae93a
2025-01-13 11:23:53 [INFO]: GET /api/notification/67656da25e605e43c92d4fb2
2025-01-13 11:23:53 [INFO]: GET /api/appointments/67849cb910e26d38e49ae93a
2025-01-13 11:23:53 [INFO]: GET /api/notification/67656da25e605e43c92d4fb2
2025-01-13 11:23:53 [INFO]: GET /api/appointments/67849cb910e26d38e49ae93a
2025-01-13 11:23:55 [INFO]: GET /api/notification/67656da25e605e43c92d4fb2
2025-01-13 11:23:55 [INFO]: GET /api/patients/appointments/67656da25e605e43c92d4fb2
2025-01-13 11:23:55 [INFO]: GET /api/patients/appointments/67656da25e605e43c92d4fb2
2025-01-13 11:23:55 [INFO]: POST /api/token
2025-01-13 11:23:55 [INFO]: POST /api/token
2025-01-13 11:23:55 [INFO]: GET /api/patients/appointments/67656da25e605e43c92d4fb2
2025-01-13 11:23:55 [INFO]: GET /api/notification/67656da25e605e43c92d4fb2
2025-01-13 11:23:55 [INFO]: GET /api/patients/appointments/67656da25e605e43c92d4fb2
2025-01-13 13:55:25 [INFO]: POST /api/doctor/signin
2025-01-13 13:55:25 [INFO]: GET /api/notification/6756e293514336528ca8e3a9
2025-01-13 13:55:25 [INFO]: GET /api/doctor/dashboard/6756e293514336528ca8e3a9
2025-01-13 13:55:25 [INFO]: GET /api/notification/6756e293514336528ca8e3a9
2025-01-13 13:55:25 [INFO]: GET /api/doctor/dashboard/6756e293514336528ca8e3a9
2025-01-13 13:55:46 [INFO]: POST /api/doctor/signin
2025-01-13 13:55:46 [INFO]: GET /api/notification/6769aab932a18f86fbb5e6c4
2025-01-13 13:55:46 [INFO]: GET /api/doctor/dashboard/6769aab932a18f86fbb5e6c4
2025-01-13 13:55:46 [INFO]: GET /api/notification/6769aab932a18f86fbb5e6c4
2025-01-13 13:55:46 [INFO]: GET /api/doctor/dashboard/6769aab932a18f86fbb5e6c4
2025-01-13 13:55:49 [INFO]: GET /api/notification/6769aab932a18f86fbb5e6c4
2025-01-13 13:55:49 [INFO]: GET /api/notification/6769aab932a18f86fbb5e6c4
2025-01-13 13:56:14 [INFO]: POST /api/patients/google
2025-01-13 13:56:14 [INFO]: GET /api/notification/67656da25e605e43c92d4fb2
2025-01-13 13:56:14 [INFO]: GET /api/notification/67656da25e605e43c92d4fb2
2025-01-13 13:56:14 [INFO]: GET /api/notification/67656da25e605e43c92d4fb2
2025-01-13 13:56:16 [INFO]: GET /api/notification/67656da25e605e43c92d4fb2
2025-01-13 13:56:16 [INFO]: GET /api/notification/67656da25e605e43c92d4fb2
2025-01-13 13:56:17 [INFO]: GET /api/patients/doctors?page=1&limit=10&search=&specialization=&gender=&experience=
2025-01-13 13:56:19 [INFO]: GET /api/patients/doctors?page=2&limit=10&search=&specialization=&gender=&experience=
2025-01-13 13:56:21 [INFO]: GET /api/notification/67656da25e605e43c92d4fb2
2025-01-13 13:56:21 [INFO]: GET /api/patients/doctors/timeSlots/6769aab932a18f86fbb5e6c4
2025-01-13 13:56:21 [INFO]: GET /api/notification/67656da25e605e43c92d4fb2
2025-01-13 13:56:22 [INFO]: GET /api/patients/doctors/timeSlots/6769aab932a18f86fbb5e6c4
2025-01-13 13:57:16 [INFO]: POST /api/doctor/timeSlots/6769aab932a18f86fbb5e6c4
2025-01-13 14:18:50 [INFO]: GET /api/notification/6769aab932a18f86fbb5e6c4
2025-01-13 14:18:50 [INFO]: GET /api/notification/6769aab932a18f86fbb5e6c4
2025-01-13 14:19:33 [INFO]: GET /api/notification/67656da25e605e43c92d4fb2
2025-01-13 14:19:33 [INFO]: GET /api/patients/doctors/timeSlots/6769aab932a18f86fbb5e6c4
2025-01-13 14:19:34 [INFO]: GET /api/notification/67656da25e605e43c92d4fb2
2025-01-13 14:19:34 [INFO]: GET /api/patients/doctors/timeSlots/6769aab932a18f86fbb5e6c4
2025-01-13 14:19:37 [INFO]: GET /api/notification/67656da25e605e43c92d4fb2
2025-01-13 14:19:37 [INFO]: GET /api/notification/67656da25e605e43c92d4fb2
2025-01-13 14:19:38 [INFO]: GET /api/notification/67656da25e605e43c92d4fb2
2025-01-13 14:19:38 [INFO]: GET /api/notification/67656da25e605e43c92d4fb2
2025-01-13 14:19:39 [INFO]: GET /api/patients/doctors?page=1&limit=10&search=&specialization=&gender=&experience=
2025-01-13 14:19:42 [INFO]: GET /api/notification/67656da25e605e43c92d4fb2
2025-01-13 14:19:42 [INFO]: GET /api/patients/patient/67656da25e605e43c92d4fb2
2025-01-13 14:19:42 [INFO]: GET /api/notification/67656da25e605e43c92d4fb2
2025-01-13 14:19:42 [INFO]: GET /api/patients/patient/67656da25e605e43c92d4fb2
2025-01-13 14:19:45 [INFO]: GET /api/notification/67656da25e605e43c92d4fb2
2025-01-13 14:19:45 [INFO]: GET /api/notification/67656da25e605e43c92d4fb2
2025-01-13 14:19:47 [INFO]: GET /api/notification/67656da25e605e43c92d4fb2
2025-01-13 14:19:47 [INFO]: GET /api/patients/patient/67656da25e605e43c92d4fb2
2025-01-13 14:19:47 [INFO]: GET /api/notification/67656da25e605e43c92d4fb2
2025-01-13 14:19:47 [INFO]: GET /api/patients/patient/67656da25e605e43c92d4fb2
2025-01-13 14:19:49 [INFO]: GET /api/chats/rooms/67656da25e605e43c92d4fb2
2025-01-13 14:19:50 [INFO]: GET /api/chats/rooms/67656da25e605e43c92d4fb2
2025-01-13 14:19:53 [INFO]: GET /api/notification/67656da25e605e43c92d4fb2
2025-01-13 14:19:53 [INFO]: GET /api/patients/appointments/67656da25e605e43c92d4fb2
2025-01-13 14:19:53 [INFO]: GET /api/notification/67656da25e605e43c92d4fb2
2025-01-13 14:19:54 [INFO]: GET /api/patients/appointments/67656da25e605e43c92d4fb2
2025-01-13 14:19:57 [INFO]: GET /api/notification/6769aab932a18f86fbb5e6c4
2025-01-13 14:19:57 [INFO]: GET /api/doctor/appointments/6769aab932a18f86fbb5e6c4
2025-01-13 14:19:57 [INFO]: GET /api/notification/6769aab932a18f86fbb5e6c4
2025-01-13 14:19:57 [INFO]: GET /api/doctor/appointments/6769aab932a18f86fbb5e6c4
2025-01-13 14:19:59 [INFO]: GET /api/notification/6769aab932a18f86fbb5e6c4
2025-01-13 14:19:59 [INFO]: GET /api/notification/6769aab932a18f86fbb5e6c4
2025-01-13 14:20:00 [INFO]: GET /api/notification/6769aab932a18f86fbb5e6c4
2025-01-13 14:20:00 [INFO]: GET /api/doctor/notifications/6769aab932a18f86fbb5e6c4?page=1&limit=5
2025-01-13 14:20:00 [INFO]: GET /api/notification/6769aab932a18f86fbb5e6c4
2025-01-13 14:20:01 [INFO]: GET /api/doctor/notifications/6769aab932a18f86fbb5e6c4?page=1&limit=5
2025-01-13 14:20:02 [INFO]: GET /api/notification/6769aab932a18f86fbb5e6c4
2025-01-13 14:20:02 [INFO]: GET /api/notification/6769aab932a18f86fbb5e6c4
2025-01-13 14:20:03 [INFO]: GET /api/chats/rooms/6769aab932a18f86fbb5e6c4
2025-01-13 14:20:03 [INFO]: GET /api/chats/rooms/6769aab932a18f86fbb5e6c4
2025-01-13 14:20:04 [INFO]: GET /api/notification/6769aab932a18f86fbb5e6c4
2025-01-13 14:20:04 [INFO]: GET /api/doctor/payments/6769aab932a18f86fbb5e6c4
2025-01-13 14:20:04 [INFO]: GET /api/notification/6769aab932a18f86fbb5e6c4
2025-01-13 14:20:04 [INFO]: GET /api/doctor/payments/6769aab932a18f86fbb5e6c4
2025-01-13 14:20:07 [INFO]: GET /api/notification/6755139cbb339a450c37ecb8
2025-01-13 14:20:07 [INFO]: GET /api/admin/payments
2025-01-13 14:20:07 [INFO]: GET /api/admin/payments
2025-01-13 14:20:07 [INFO]: POST /api/token
2025-01-13 14:20:07 [INFO]: POST /api/token
2025-01-13 14:20:07 [INFO]: GET /api/admin/payments
2025-01-13 14:20:07 [INFO]: GET /api/notification/6755139cbb339a450c37ecb8
2025-01-13 14:20:07 [INFO]: GET /api/admin/payments
2025-01-13 14:20:15 [INFO]: POST /api/admin/signin
2025-01-13 14:20:16 [INFO]: GET /api/admin/dashboard/6755139cbb339a450c37ecb8?period=daily
2025-01-13 14:20:16 [INFO]: GET /api/admin/dashboard/6755139cbb339a450c37ecb8?period=daily
2025-01-13 14:20:16 [INFO]: GET /api/notification/6755139cbb339a450c37ecb8
2025-01-13 14:20:16 [INFO]: GET /api/notification/6755139cbb339a450c37ecb8
2025-01-13 14:20:20 [INFO]: GET /api/notification/6755139cbb339a450c37ecb8
2025-01-13 14:20:20 [INFO]: GET /api/admin/patients?page=1&limit=7&search=
2025-01-13 14:20:20 [INFO]: GET /api/notification/6755139cbb339a450c37ecb8
2025-01-13 14:20:20 [INFO]: GET /api/admin/patients?page=1&limit=7&search=
2025-01-13 14:20:21 [INFO]: GET /api/notification/6755139cbb339a450c37ecb8
2025-01-13 14:20:21 [INFO]: GET /api/admin/doctors?page=1&limit=7&search=&specialization=&gender=&experience=
2025-01-13 14:20:21 [INFO]: GET /api/notification/6755139cbb339a450c37ecb8
2025-01-13 14:20:21 [INFO]: GET /api/admin/doctors?page=1&limit=7&search=&specialization=&gender=&experience=
2025-01-13 14:20:22 [INFO]: GET /api/notification/6755139cbb339a450c37ecb8
2025-01-13 14:20:22 [INFO]: GET /api/admin/applications
2025-01-13 14:20:22 [INFO]: GET /api/notification/6755139cbb339a450c37ecb8
2025-01-13 14:20:22 [INFO]: GET /api/admin/applications
2025-01-13 14:20:22 [INFO]: GET /uploads/license/1735188479500-Screenshot%202024-11-14%20115022.png
2025-01-13 14:20:24 [INFO]: GET /api/notification/6755139cbb339a450c37ecb8
2025-01-13 14:20:24 [INFO]: GET /api/admin/leave/requests?page=1&limit=7
2025-01-13 14:20:24 [INFO]: GET /api/notification/6755139cbb339a450c37ecb8
2025-01-13 14:20:24 [INFO]: GET /api/admin/leave/requests?page=1&limit=7
2025-01-13 14:20:24 [INFO]: GET /api/notification/6755139cbb339a450c37ecb8
2025-01-13 14:20:24 [INFO]: GET /api/admin/appointments
2025-01-13 14:20:24 [INFO]: GET /api/notification/6755139cbb339a450c37ecb8
2025-01-13 14:20:24 [INFO]: GET /api/admin/appointments
2025-01-13 14:20:25 [INFO]: GET /api/notification/6755139cbb339a450c37ecb8
2025-01-13 14:20:25 [INFO]: GET /api/admin/payments
2025-01-13 14:20:25 [INFO]: GET /api/notification/6755139cbb339a450c37ecb8
2025-01-13 14:20:25 [INFO]: GET /api/admin/payments
2025-01-13 14:20:56 [INFO]: GET /api/admin/payments
2025-01-13 14:21:05 [INFO]: GET /api/admin/payments
2025-01-13 15:10:02 [INFO]: GET /api/notification/67656da25e605e43c92d4fb2
2025-01-13 15:10:02 [INFO]: GET /api/patients/appointments/67656da25e605e43c92d4fb2
2025-01-13 15:10:02 [INFO]: GET /api/patients/appointments/67656da25e605e43c92d4fb2
2025-01-13 15:10:03 [INFO]: POST /api/token
2025-01-13 15:10:03 [INFO]: POST /api/token
2025-01-13 15:10:03 [INFO]: GET /api/patients/appointments/67656da25e605e43c92d4fb2
2025-01-13 15:10:03 [INFO]: GET /api/patients/appointments/67656da25e605e43c92d4fb2
2025-01-13 15:10:16 [INFO]: POST /api/patients/google
2025-01-13 15:10:17 [INFO]: GET /api/notification/67545c6b3a69ae95283e893a
2025-01-13 15:10:17 [INFO]: GET /api/notification/67545c6b3a69ae95283e893a
2025-01-13 15:10:17 [INFO]: GET /api/notification/67545c6b3a69ae95283e893a
2025-01-13 15:10:20 [INFO]: GET /api/notification/67545c6b3a69ae95283e893a
2025-01-13 15:10:20 [INFO]: GET /api/notification/67545c6b3a69ae95283e893a
2025-01-13 15:10:21 [INFO]: GET /api/patients/doctors?page=1&limit=10&search=&specialization=&gender=&experience=
2025-01-13 15:10:44 [INFO]: GET /api/notification/67545c6b3a69ae95283e893a
2025-01-13 15:10:44 [INFO]: GET /api/patients/doctors/timeSlots/6756e293514336528ca8e3a9
2025-01-13 15:10:44 [INFO]: GET /api/notification/67545c6b3a69ae95283e893a
2025-01-13 15:10:44 [INFO]: GET /api/patients/doctors/timeSlots/6756e293514336528ca8e3a9
2025-01-13 15:10:46 [INFO]: GET /api/notification/67545c6b3a69ae95283e893a
2025-01-13 15:10:46 [INFO]: GET /api/notification/67545c6b3a69ae95283e893a
2025-01-13 15:10:47 [INFO]: GET /api/patients/doctors?page=1&limit=10&search=&specialization=&gender=&experience=
2025-01-13 15:16:22 [INFO]: GET /api/notification/67545c6b3a69ae95283e893a
2025-01-13 15:16:22 [INFO]: GET /api/patients/doctors/timeSlots/6756e293514336528ca8e3a9
2025-01-13 15:16:22 [INFO]: GET /api/notification/67545c6b3a69ae95283e893a
2025-01-13 15:16:22 [INFO]: GET /api/patients/doctors/timeSlots/6756e293514336528ca8e3a9
2025-01-13 15:16:24 [INFO]: GET /api/patients/doctors/timeSlots/6756e293514336528ca8e3a9
2025-01-13 15:16:26 [INFO]: PUT /api/patients/appointments/lockTimeSlot
2025-01-13 15:16:26 [INFO]: GET /api/notification/67545c6b3a69ae95283e893a
2025-01-13 15:16:26 [INFO]: GET /api/patients/patient/67545c6b3a69ae95283e893a
2025-01-13 15:16:26 [INFO]: GET /api/notification/67545c6b3a69ae95283e893a
2025-01-13 15:16:27 [INFO]: GET /api/patients/patient/67545c6b3a69ae95283e893a
2025-01-13 15:16:34 [INFO]: POST /api/patients/appointments/patient
2025-01-13 15:16:34 [INFO]: GET /api/notification/67545c6b3a69ae95283e893a
2025-01-13 15:16:34 [INFO]: GET /api/patients/wallet/67545c6b3a69ae95283e893a
2025-01-13 15:16:34 [INFO]: GET /api/notification/67545c6b3a69ae95283e893a
2025-01-13 15:16:46 [INFO]: POST /api/patients/payments/create-order
2025-01-13 15:16:48 [INFO]: POST /api/patients/payments/create-order
2025-01-13 15:17:05 [INFO]: POST /api/patients/payments/verify
2025-01-13 15:17:06 [INFO]: POST /api/patients/appointments/book
2025-01-13 15:17:06 [INFO]: GET /api/notification/67545c6b3a69ae95283e893a
2025-01-13 15:17:06 [INFO]: GET /api/notification/67545c6b3a69ae95283e893a
