2025-01-31 09:28:46 [INFO]: POST /api/auth/signin
2025-01-31 09:28:46 [INFO]: GET /api/users/blogs
2025-01-31 09:28:46 [INFO]: GET /api/users/blogs
2025-01-31 09:28:46 [INFO]: GET /uploads/images/1738255276404-OIP.jpg
2025-01-31 09:28:46 [INFO]: GET /uploads/images/1738226315349-login_background.jpg
2025-01-31 09:28:46 [INFO]: GET /uploads/images/1738226512812-login_background.jpg
2025-01-31 09:28:52 [INFO]: GET /api/users/userData/679a411a9bcd761c2080c153
2025-01-31 09:28:52 [INFO]: GET /api/users/userData/679a411a9bcd761c2080c153
2025-01-31 09:28:56 [INFO]: GET /api/users/blogs/679a411a9bcd761c2080c153
2025-01-31 09:28:56 [INFO]: GET /api/users/blogs/679a411a9bcd761c2080c153
2025-01-31 09:28:58 [INFO]: GET /api/users/userData/679a411a9bcd761c2080c153
2025-01-31 09:28:58 [INFO]: GET /api/users/userData/679a411a9bcd761c2080c153
2025-01-31 09:30:37 [INFO]: GET /api/users/blogs/679a411a9bcd761c2080c153
2025-01-31 09:30:38 [INFO]: GET /api/users/blogs/679a411a9bcd761c2080c153
2025-01-31 09:30:38 [INFO]: GET /uploads/images/1738255276404-OIP.jpg
2025-01-31 09:30:40 [INFO]: GET /api/users/blogs/679a411a9bcd761c2080c153
2025-01-31 09:30:40 [INFO]: GET /api/users/blogs/679a411a9bcd761c2080c153
2025-01-31 09:30:40 [INFO]: GET /uploads/images/1738255276404-OIP.jpg
2025-01-31 09:31:33 [INFO]: GET /api/users/blogs/679a411a9bcd761c2080c153
2025-01-31 09:31:33 [INFO]: GET /api/users/blogs/679a411a9bcd761c2080c153
2025-01-31 09:31:33 [INFO]: GET /uploads/images/1738255276404-OIP.jpg
2025-01-31 10:23:49 [INFO]: POST /api/auth/signin
2025-01-31 10:23:50 [INFO]: GET /api/users/blogs
2025-01-31 10:23:50 [INFO]: GET /api/users/blogs
2025-01-31 10:23:50 [INFO]: GET /uploads/images/1738255276404-OIP.jpg
2025-01-31 10:23:50 [INFO]: GET /uploads/images/1738226512812-login_background.jpg
2025-01-31 10:23:50 [INFO]: GET /uploads/images/1738226315349-login_background.jpg
2025-01-31 10:27:42 [INFO]: GET /api/users/blogs
2025-01-31 10:27:42 [INFO]: GET /api/users/blogs
2025-01-31 10:28:13 [INFO]: GET /api/users/blogs
2025-01-31 10:28:28 [INFO]: GET /api/users/blogs
2025-01-31 10:28:35 [INFO]: GET /api/users/blogs
2025-01-31 10:28:55 [INFO]: GET /api/users/userData/679a411a9bcd761c2080c153
2025-01-31 10:28:55 [INFO]: GET /api/users/userData/679a411a9bcd761c2080c153
2025-01-31 10:28:57 [INFO]: GET /api/users/blogs/679a411a9bcd761c2080c153
2025-01-31 10:28:57 [INFO]: GET /api/users/blogs/679a411a9bcd761c2080c153
2025-01-31 10:29:09 [INFO]: GET /api/users/blogs/undefined
2025-01-31 10:29:09 [INFO]: GET /api/users/blogs/undefined
2025-01-31 10:29:09 [INFO]: POST /api/token
2025-01-31 10:29:09 [INFO]: POST /api/token
2025-01-31 10:29:25 [INFO]: GET /api/users/blogs/undefined
2025-01-31 10:29:25 [INFO]: GET /api/users/blogs/undefined
2025-01-31 10:29:25 [INFO]: POST /api/token
2025-01-31 10:29:25 [INFO]: POST /api/token
2025-01-31 10:29:26 [INFO]: GET /api/users/blogs/undefined
2025-01-31 10:29:26 [INFO]: GET /api/users/blogs/undefined
2025-01-31 10:29:26 [INFO]: POST /api/token
2025-01-31 10:29:26 [INFO]: POST /api/token
2025-01-31 10:30:26 [INFO]: GET /api/users/blogs/679a411a9bcd761c2080c153
2025-01-31 10:30:26 [INFO]: GET /api/users/blogs/679a411a9bcd761c2080c153
2025-01-31 10:30:26 [INFO]: GET /uploads/images/1738255276404-OIP.jpg
2025-01-31 10:30:56 [INFO]: GET /api/users/blogs
2025-01-31 10:30:56 [INFO]: GET /api/users/blogs
2025-01-31 10:30:56 [INFO]: GET /uploads/images/1738226512812-login_background.jpg
2025-01-31 10:30:56 [INFO]: GET /uploads/images/1738226315349-login_background.jpg
2025-01-31 10:30:59 [INFO]: GET /api/users/userData/679a411a9bcd761c2080c153
2025-01-31 10:30:59 [INFO]: GET /api/users/userData/679a411a9bcd761c2080c153
2025-01-31 10:31:06 [INFO]: GET /api/users/blogs/679a411a9bcd761c2080c153
2025-01-31 10:31:06 [INFO]: GET /api/users/blogs/679a411a9bcd761c2080c153
2025-01-31 10:31:08 [INFO]: GET /api/users/userData/679a411a9bcd761c2080c153
2025-01-31 10:31:08 [INFO]: GET /api/users/userData/679a411a9bcd761c2080c153
2025-01-31 10:32:06 [INFO]: GET /api/users/blogs/679a411a9bcd761c2080c153
2025-01-31 10:32:06 [INFO]: GET /api/users/blogs/679a411a9bcd761c2080c153
2025-01-31 11:00:51 [INFO]: GET /api/users/blogs/679a411a9bcd761c2080c153
2025-01-31 11:00:51 [INFO]: GET /api/users/blogs/679a411a9bcd761c2080c153
2025-01-31 11:00:51 [INFO]: POST /api/token
2025-01-31 11:00:51 [INFO]: POST /api/token
2025-01-31 11:00:51 [INFO]: GET /api/users/blogs/679a411a9bcd761c2080c153
2025-01-31 11:00:52 [INFO]: GET /api/users/blogs/679a411a9bcd761c2080c153
2025-01-31 11:00:52 [INFO]: GET /uploads/images/1738255276404-OIP.jpg
2025-01-31 11:05:57 [INFO]: GET /api/users/blogs/679a411a9bcd761c2080c153
2025-01-31 11:05:57 [INFO]: GET /api/users/blogs/679a411a9bcd761c2080c153
2025-01-31 11:06:40 [INFO]: GET /api/users/blogs/679a411a9bcd761c2080c153
2025-01-31 11:07:10 [INFO]: GET /api/users/blogs/679a411a9bcd761c2080c153
2025-01-31 11:08:48 [INFO]: GET /api/users/blogs/679a411a9bcd761c2080c153
2025-01-31 11:08:48 [INFO]: GET /api/users/blogs/679a411a9bcd761c2080c153
2025-01-31 11:08:48 [INFO]: GET /uploads/images/1738255276404-OIP.jpg
2025-01-31 11:10:10 [INFO]: GET /api/users/blogs/679a411a9bcd761c2080c153
2025-01-31 11:10:10 [INFO]: GET /api/users/blogs/679a411a9bcd761c2080c153
2025-01-31 11:10:10 [INFO]: GET /api/users/blogs/679a411a9bcd761c2080c153
2025-01-31 11:10:10 [INFO]: GET /uploads/images/1738255276404-OIP.jpg
2025-01-31 11:10:37 [INFO]: GET /api/users/blogs/679a411a9bcd761c2080c153
2025-01-31 11:10:37 [INFO]: GET /api/users/blogs/679a411a9bcd761c2080c153
2025-01-31 11:19:13 [INFO]: GET /api/users/blogs/679a411a9bcd761c2080c153
2025-01-31 11:19:53 [INFO]: GET /api/users/blogs/679a411a9bcd761c2080c153
2025-01-31 11:19:53 [INFO]: GET /api/users/blogs/679a411a9bcd761c2080c153
2025-01-31 11:19:53 [INFO]: GET /uploads/images/1738255276404-OIP.jpg
2025-01-31 11:30:32 [INFO]: GET /api/users/blogs/679a411a9bcd761c2080c153
2025-01-31 11:32:52 [INFO]: GET /api/users/blogs/679a411a9bcd761c2080c153
2025-01-31 11:32:52 [INFO]: GET /api/users/blogs/679a411a9bcd761c2080c153
2025-01-31 11:32:52 [INFO]: POST /api/token
2025-01-31 11:32:52 [INFO]: POST /api/token
2025-01-31 11:32:52 [INFO]: GET /api/users/blogs/679a411a9bcd761c2080c153
2025-01-31 11:32:52 [INFO]: GET /api/users/blogs/679a411a9bcd761c2080c153
2025-01-31 11:32:52 [INFO]: GET /uploads/images/1738255276404-OIP.jpg
2025-01-31 11:36:42 [INFO]: GET /api/users/blogs/679a411a9bcd761c2080c153
2025-01-31 11:39:07 [INFO]: GET /api/users/blogs/679a411a9bcd761c2080c153
2025-01-31 11:40:26 [INFO]: GET /api/users/blogs/679a411a9bcd761c2080c153
2025-01-31 12:07:51 [INFO]: PUT /api/users/blogs
2025-01-31 12:07:51 [INFO]: POST /api/token
2025-01-31 12:07:51 [INFO]: PUT /api/users/blogs
2025-01-31 12:09:24 [INFO]: PUT /api/users/blogs
2025-01-31 12:11:03 [INFO]: GET /api/users/blogs/679a411a9bcd761c2080c153
2025-01-31 12:11:03 [INFO]: GET /api/users/blogs/679a411a9bcd761c2080c153
2025-01-31 12:11:03 [INFO]: GET /uploads/images/1738255276404-OIP.jpg
2025-01-31 12:11:28 [INFO]: PUT /api/users/blogs
2025-01-31 12:12:57 [INFO]: PUT /api/users/blogs
2025-01-31 12:15:04 [INFO]: GET /api/users/blogs/679a411a9bcd761c2080c153
2025-01-31 12:15:04 [INFO]: GET /api/users/blogs/679a411a9bcd761c2080c153
2025-01-31 12:15:06 [INFO]: GET /api/users/blogs/679a411a9bcd761c2080c153
2025-01-31 12:15:06 [INFO]: GET /api/users/blogs/679a411a9bcd761c2080c153
2025-01-31 12:15:06 [INFO]: GET /uploads/images/1738255276404-OIP.jpg
2025-01-31 12:15:20 [INFO]: GET /api/users/blogs
2025-01-31 12:15:20 [INFO]: GET /api/users/blogs
2025-01-31 12:15:20 [INFO]: GET /uploads/images/1738226512812-login_background.jpg
2025-01-31 12:15:20 [INFO]: GET /uploads/images/1738226315349-login_background.jpg
2025-01-31 12:15:30 [INFO]: GET /api/users/userData/679a411a9bcd761c2080c153
2025-01-31 12:15:30 [INFO]: GET /api/users/userData/679a411a9bcd761c2080c153
2025-01-31 12:15:32 [INFO]: GET /api/users/blogs/679a411a9bcd761c2080c153
2025-01-31 12:15:32 [INFO]: GET /api/users/blogs/679a411a9bcd761c2080c153
2025-01-31 12:15:50 [INFO]: PUT /api/users/blogs
2025-01-31 12:15:50 [INFO]: GET /api/users/blogs/679a411a9bcd761c2080c153
2025-01-31 12:15:50 [INFO]: GET /uploads/images/1738305950698-1_Yrf3whD4041yiW0xxj1LVg.webp
2025-01-31 12:15:56 [INFO]: GET /api/users/blogs
2025-01-31 12:15:56 [INFO]: GET /api/users/blogs
2025-01-31 12:15:56 [INFO]: GET /uploads/images/1738226512812-login_background.jpg
2025-01-31 12:15:56 [INFO]: GET /uploads/images/1738226315349-login_background.jpg
2025-01-31 12:16:14 [INFO]: GET /api/users/blogs
2025-01-31 12:16:14 [INFO]: GET /api/users/blogs
2025-01-31 12:21:34 [INFO]: GET /api/users/blogs
2025-01-31 12:21:34 [INFO]: GET /api/users/blogs
2025-01-31 12:21:34 [INFO]: GET /uploads/images/1738226315349-login_background.jpg
2025-01-31 12:21:34 [INFO]: GET /uploads/images/1738305950698-1_Yrf3whD4041yiW0xxj1LVg.webp
2025-01-31 12:21:34 [INFO]: GET /uploads/images/1738226512812-login_background.jpg
2025-01-31 12:21:37 [INFO]: GET /api/users/userData/679a411a9bcd761c2080c153
2025-01-31 12:21:38 [INFO]: GET /api/users/userData/679a411a9bcd761c2080c153
2025-01-31 12:21:40 [INFO]: GET /api/users/blogs/679a411a9bcd761c2080c153
2025-01-31 12:21:40 [INFO]: GET /api/users/blogs/679a411a9bcd761c2080c153
2025-01-31 12:21:51 [INFO]: PUT /api/users/blogs
2025-01-31 12:21:51 [INFO]: GET /api/users/blogs/679a411a9bcd761c2080c153
2025-01-31 12:21:51 [INFO]: GET /uploads/images/1738306311402-106-Toddler-Sharing-is-Caring-2.jpg
2025-01-31 12:21:57 [INFO]: GET /api/users/blogs
2025-01-31 12:21:57 [INFO]: GET /api/users/blogs
2025-01-31 12:22:35 [INFO]: GET /api/users/userData/679a411a9bcd761c2080c153
2025-01-31 12:22:35 [INFO]: GET /api/users/userData/679a411a9bcd761c2080c153
2025-01-31 12:24:34 [INFO]: POST /api/users/blogs/create
2025-01-31 12:24:35 [INFO]: GET /api/users/blogs
2025-01-31 12:24:35 [INFO]: GET /api/users/blogs
2025-01-31 12:24:35 [INFO]: GET /uploads/images/1738306474706-how-asking-for-feedback-can-power-your-career-growth.jpg
2025-01-31 12:24:35 [INFO]: GET /uploads/images/1738226512812-login_background.jpg
2025-01-31 12:24:35 [INFO]: GET /uploads/images/1738226315349-login_background.jpg
2025-01-31 12:25:56 [INFO]: GET /api/users/blogs
2025-01-31 12:25:56 [INFO]: GET /api/users/blogs
2025-01-31 12:25:56 [INFO]: GET /uploads/images/1738306311402-106-Toddler-Sharing-is-Caring-2.jpg
2025-01-31 12:25:56 [INFO]: GET /uploads/images/1738306474706-how-asking-for-feedback-can-power-your-career-growth.jpg
2025-01-31 12:25:56 [INFO]: GET /uploads/images/1738226512812-login_background.jpg
2025-01-31 12:25:56 [INFO]: GET /uploads/images/1738226315349-login_background.jpg
2025-01-31 12:26:01 [INFO]: GET /api/users/userData/679a411a9bcd761c2080c153
2025-01-31 12:26:01 [INFO]: GET /api/users/userData/679a411a9bcd761c2080c153
2025-01-31 12:26:03 [INFO]: GET /api/users/blogs/679a411a9bcd761c2080c153
2025-01-31 12:26:03 [INFO]: GET /api/users/blogs/679a411a9bcd761c2080c153
2025-01-31 12:26:08 [INFO]: GET /api/users/blogs
2025-01-31 12:26:08 [INFO]: GET /api/users/blogs
2025-01-31 14:30:31 [INFO]: GET /uploads/images/1738306311402-106-Toddler-Sharing-is-Caring-2.jpg
2025-01-31 14:30:31 [INFO]: GET /uploads/images/1738226512812-login_background.jpg
2025-01-31 14:30:31 [INFO]: GET /uploads/images/1738226315349-login_background.jpg
2025-01-31 14:30:31 [INFO]: GET /uploads/images/1738306474706-how-asking-for-feedback-can-power-your-career-growth.jpg
2025-01-31 14:30:37 [INFO]: GET /api/users/userData/679a411a9bcd761c2080c153
2025-01-31 14:30:37 [INFO]: GET /api/users/userData/679a411a9bcd761c2080c153
2025-01-31 14:30:37 [INFO]: POST /api/token
2025-01-31 14:30:37 [INFO]: POST /api/token
2025-01-31 14:30:37 [INFO]: GET /api/users/userData/679a411a9bcd761c2080c153
2025-01-31 14:30:37 [INFO]: GET /api/users/userData/679a411a9bcd761c2080c153
2025-01-31 14:30:48 [INFO]: GET /api/users/blogs/679a411a9bcd761c2080c153
2025-01-31 14:30:48 [INFO]: GET /api/users/blogs/679a411a9bcd761c2080c153
2025-01-31 14:30:48 [INFO]: GET /uploads/images/1738306474706-how-asking-for-feedback-can-power-your-career-growth.jpg
2025-01-31 14:30:48 [INFO]: GET /uploads/images/1738306311402-106-Toddler-Sharing-is-Caring-2.jpg
2025-01-31 14:32:25 [INFO]: GET /api/users/blogs
2025-01-31 14:32:25 [INFO]: GET /api/users/blogs
2025-01-31 14:32:25 [INFO]: POST /api/token
2025-01-31 14:32:25 [INFO]: POST /api/token
2025-01-31 14:32:25 [INFO]: GET /api/users/blogs
2025-01-31 14:32:25 [INFO]: GET /api/users/blogs
2025-01-31 14:32:25 [INFO]: GET /uploads/images/1738306474706-how-asking-for-feedback-can-power-your-career-growth.jpg
2025-01-31 14:32:25 [INFO]: GET /uploads/images/1738306311402-106-Toddler-Sharing-is-Caring-2.jpg
2025-01-31 14:32:25 [INFO]: GET /uploads/images/1738226512812-login_background.jpg
2025-01-31 14:32:25 [INFO]: GET /uploads/images/1738226315349-login_background.jpg
2025-01-31 14:32:37 [INFO]: GET /api/users/blogs
2025-01-31 14:32:37 [INFO]: GET /api/users/blogs
2025-01-31 14:34:10 [INFO]: GET /api/users/blogs
2025-01-31 14:34:10 [INFO]: GET /api/users/blogs
2025-01-31 14:34:10 [INFO]: GET /uploads/images/1738306474706-how-asking-for-feedback-can-power-your-career-growth.jpg
2025-01-31 14:34:10 [INFO]: GET /uploads/images/1738306311402-106-Toddler-Sharing-is-Caring-2.jpg
2025-01-31 14:34:10 [INFO]: GET /uploads/images/1738226512812-login_background.jpg
2025-01-31 14:34:10 [INFO]: GET /uploads/images/1738226315349-login_background.jpg
2025-01-31 14:34:38 [INFO]: GET /api/users/blogs
2025-01-31 14:34:38 [INFO]: GET /api/users/blogs
2025-01-31 14:34:43 [INFO]: GET /api/users/blogs
2025-01-31 14:34:43 [INFO]: GET /api/users/blogs
2025-01-31 14:34:46 [INFO]: GET /api/users/blogs
2025-01-31 14:34:47 [INFO]: GET /api/users/blogs
2025-01-31 14:34:52 [INFO]: GET /api/users/blogs
2025-01-31 14:34:52 [INFO]: GET /api/users/blogs
2025-01-31 14:36:11 [INFO]: GET /uploads/images/1738306474706-how-asking-for-feedback-can-power-your-career-growth.jpg
2025-01-31 14:36:11 [INFO]: GET /uploads/images/1738306311402-106-Toddler-Sharing-is-Caring-2.jpg
2025-01-31 14:36:11 [INFO]: GET /uploads/images/1738226512812-login_background.jpg
2025-01-31 14:36:11 [INFO]: GET /uploads/images/1738226315349-login_background.jpg
2025-01-31 14:39:20 [INFO]: GET /api/users/blogs
2025-01-31 14:39:20 [INFO]: GET /api/users/blogs
2025-01-31 14:39:20 [INFO]: GET /uploads/images/1738306311402-106-Toddler-Sharing-is-Caring-2.jpg
2025-01-31 14:39:20 [INFO]: GET /uploads/images/1738226315349-login_background.jpg
2025-01-31 14:39:20 [INFO]: GET /uploads/images/1738306474706-how-asking-for-feedback-can-power-your-career-growth.jpg
2025-01-31 14:39:20 [INFO]: GET /uploads/images/1738226512812-login_background.jpg
2025-01-31 14:39:37 [INFO]: GET /api/users/blogs
2025-01-31 14:39:37 [INFO]: GET /api/users/blogs
2025-01-31 14:39:37 [INFO]: GET /uploads/images/1738306474706-how-asking-for-feedback-can-power-your-career-growth.jpg
2025-01-31 14:39:37 [INFO]: GET /uploads/images/1738306311402-106-Toddler-Sharing-is-Caring-2.jpg
2025-01-31 14:39:37 [INFO]: GET /uploads/images/1738226512812-login_background.jpg
2025-01-31 14:39:37 [INFO]: GET /uploads/images/1738226315349-login_background.jpg
2025-01-31 14:40:18 [INFO]: POST /api/auth/signin
2025-01-31 14:40:18 [INFO]: GET /api/users/blogs
2025-01-31 14:40:18 [INFO]: GET /api/users/blogs
2025-01-31 14:40:22 [INFO]: GET /api/users/userData/679a411a9bcd761c2080c153
2025-01-31 14:40:22 [INFO]: GET /api/users/userData/679a411a9bcd761c2080c153
2025-01-31 14:40:33 [INFO]: GET /api/users/blogs/679a411a9bcd761c2080c153
2025-01-31 14:40:33 [INFO]: GET /api/users/blogs/679a411a9bcd761c2080c153
2025-01-31 14:40:33 [INFO]: GET /uploads/images/1738306474706-how-asking-for-feedback-can-power-your-career-growth.jpg
2025-01-31 14:40:33 [INFO]: GET /uploads/images/1738306311402-106-Toddler-Sharing-is-Caring-2.jpg
2025-01-31 14:40:40 [INFO]: GET /api/users/blogs/679a411a9bcd761c2080c153
2025-01-31 14:53:05 [INFO]: GET /api/users/blogs/679a411a9bcd761c2080c153
2025-01-31 14:53:05 [INFO]: GET /api/users/blogs/679a411a9bcd761c2080c153
2025-01-31 14:53:05 [INFO]: GET /uploads/images/1738306474706-how-asking-for-feedback-can-power-your-career-growth.jpg
2025-01-31 14:53:05 [INFO]: GET /uploads/images/1738306311402-106-Toddler-Sharing-is-Caring-2.jpg
