2025-01-11 13:13:37 [INFO]: GET /api/patients/wallet/67629705a8db5411f814e1cb
2025-01-11 13:13:37 [INFO]: GET /api/notification/67629705a8db5411f814e1cb
2025-01-11 13:15:43 [INFO]: GET /api/patients/wallet/67629705a8db5411f814e1cb
2025-01-11 13:17:38 [INFO]: GET /api/chats/rooms/67629705a8db5411f814e1cb
2025-01-11 13:17:38 [INFO]: GET /api/chats/rooms/67629705a8db5411f814e1cb
2025-01-11 13:17:38 [INFO]: POST /api/token
2025-01-11 13:17:38 [INFO]: POST /api/token
2025-01-11 13:17:38 [INFO]: GET /api/chats/rooms/67629705a8db5411f814e1cb
2025-01-11 13:17:38 [INFO]: GET /api/chats/rooms/67629705a8db5411f814e1cb
2025-01-11 13:17:44 [INFO]: GET /api/chats/677d2524be95080901c08413
2025-01-11 13:17:45 [INFO]: GET /api/chats/6778bd5192ce79a2dea88d14
2025-01-11 13:18:25 [INFO]: GET /api/notification/67629705a8db5411f814e1cb
2025-01-11 13:18:25 [INFO]: GET /api/notification/67629705a8db5411f814e1cb
2025-01-11 13:19:16 [INFO]: POST /api/doctor/signin
2025-01-11 13:19:17 [INFO]: GET /api/notification/6756e293514336528ca8e3a9
2025-01-11 13:19:17 [INFO]: GET /api/doctor/dashboard/6756e293514336528ca8e3a9
2025-01-11 13:19:17 [INFO]: GET /api/notification/6756e293514336528ca8e3a9
2025-01-11 13:19:17 [INFO]: GET /api/doctor/dashboard/6756e293514336528ca8e3a9
2025-01-11 13:22:12 [INFO]: GET /api/notification/67629705a8db5411f814e1cb
2025-01-11 13:22:12 [INFO]: GET /api/patients/patient/67629705a8db5411f814e1cb
2025-01-11 13:22:12 [INFO]: GET /api/patients/patient/67629705a8db5411f814e1cb
2025-01-11 13:22:12 [INFO]: POST /api/token
2025-01-11 13:22:12 [INFO]: POST /api/token
2025-01-11 13:22:12 [INFO]: GET /api/patients/patient/67629705a8db5411f814e1cb
2025-01-11 13:22:12 [INFO]: GET /api/patients/patient/67629705a8db5411f814e1cb
2025-01-11 13:22:12 [INFO]: GET /api/notification/67629705a8db5411f814e1cb
2025-01-11 13:22:33 [INFO]: POST /api/patients/signin
2025-01-11 13:22:33 [INFO]: GET /api/notification/67629705a8db5411f814e1cb
2025-01-11 13:22:33 [INFO]: GET /api/notification/67629705a8db5411f814e1cb
2025-01-11 13:22:33 [INFO]: GET /api/notification/67629705a8db5411f814e1cb
2025-01-11 13:23:04 [INFO]: GET /api/patients/patient/67629705a8db5411f814e1cb
2025-01-11 13:23:04 [INFO]: GET /api/notification/67629705a8db5411f814e1cb
2025-01-11 13:23:04 [INFO]: GET /api/notification/67629705a8db5411f814e1cb
2025-01-11 13:23:04 [INFO]: GET /api/patients/patient/67629705a8db5411f814e1cb
2025-01-11 13:23:13 [INFO]: GET /api/notification/67629705a8db5411f814e1cb
2025-01-11 13:23:13 [INFO]: GET /api/patients/appointments/67629705a8db5411f814e1cb
2025-01-11 13:23:13 [INFO]: GET /api/notification/67629705a8db5411f814e1cb
2025-01-11 13:23:13 [INFO]: GET /api/patients/appointments/67629705a8db5411f814e1cb
2025-01-11 13:23:15 [INFO]: GET /api/notification/67629705a8db5411f814e1cb
2025-01-11 13:23:15 [INFO]: GET /api/notification/67629705a8db5411f814e1cb
2025-01-11 13:23:17 [INFO]: GET /api/notification/67629705a8db5411f814e1cb
2025-01-11 13:23:17 [INFO]: GET /api/patients/patient/67629705a8db5411f814e1cb
2025-01-11 13:23:17 [INFO]: GET /api/notification/67629705a8db5411f814e1cb
2025-01-11 13:23:17 [INFO]: GET /api/patients/patient/67629705a8db5411f814e1cb
2025-01-11 13:23:39 [INFO]: GET /api/patients/patient/67629705a8db5411f814e1cb
2025-01-11 13:24:07 [INFO]: GET /api/patients/patient/67629705a8db5411f814e1cb
2025-01-11 13:24:40 [INFO]: GET /api/patients/patient/67629705a8db5411f814e1cb
2025-01-11 13:25:44 [INFO]: GET /api/patients/patient/67629705a8db5411f814e1cb
2025-01-11 13:30:05 [INFO]: GET /api/notification/67629705a8db5411f814e1cb
2025-01-11 13:30:05 [INFO]: GET /api/patients/patient/67629705a8db5411f814e1cb
2025-01-11 13:30:05 [INFO]: GET /api/notification/67629705a8db5411f814e1cb
2025-01-11 13:30:05 [INFO]: GET /api/patients/patient/67629705a8db5411f814e1cb
2025-01-11 13:30:07 [INFO]: GET /api/notification/6756e293514336528ca8e3a9
2025-01-11 13:30:07 [INFO]: GET /api/doctor/dashboard/6756e293514336528ca8e3a9
2025-01-11 13:30:07 [INFO]: GET /api/notification/6756e293514336528ca8e3a9
2025-01-11 13:30:07 [INFO]: GET /api/doctor/dashboard/6756e293514336528ca8e3a9
2025-01-11 13:33:27 [INFO]: GET /api/patients/patient/67629705a8db5411f814e1cb
2025-01-11 13:34:02 [INFO]: GET /api/patients/patient/67629705a8db5411f814e1cb
2025-01-11 13:35:08 [INFO]: GET /api/patients/patient/67629705a8db5411f814e1cb
2025-01-11 13:36:35 [INFO]: GET /api/patients/patient/67629705a8db5411f814e1cb
2025-01-11 13:38:52 [INFO]: GET /api/patients/patient/67629705a8db5411f814e1cb
2025-01-11 13:39:49 [INFO]: GET /api/patients/patient/67629705a8db5411f814e1cb
2025-01-11 13:40:18 [INFO]: GET /api/patients/patient/67629705a8db5411f814e1cb
2025-01-11 13:40:41 [INFO]: GET /api/patients/patient/67629705a8db5411f814e1cb
2025-01-11 13:41:41 [INFO]: GET /api/patients/patient/67629705a8db5411f814e1cb
2025-01-11 13:41:51 [INFO]: GET /api/patients/patient/67629705a8db5411f814e1cb
2025-01-11 13:41:58 [INFO]: GET /api/patients/patient/67629705a8db5411f814e1cb
2025-01-11 13:42:05 [INFO]: GET /api/patients/patient/67629705a8db5411f814e1cb
2025-01-11 13:42:14 [INFO]: GET /api/patients/patient/67629705a8db5411f814e1cb
2025-01-11 13:42:28 [INFO]: GET /api/patients/patient/67629705a8db5411f814e1cb
2025-01-11 13:42:33 [INFO]: GET /api/patients/patient/67629705a8db5411f814e1cb
2025-01-11 13:42:57 [INFO]: GET /api/patients/patient/67629705a8db5411f814e1cb
2025-01-11 13:43:11 [INFO]: GET /api/patients/patient/67629705a8db5411f814e1cb
2025-01-11 13:43:26 [INFO]: GET /api/patients/patient/67629705a8db5411f814e1cb
2025-01-11 13:44:17 [INFO]: GET /api/patients/patient/67629705a8db5411f814e1cb
2025-01-11 13:44:41 [INFO]: GET /api/patients/patient/67629705a8db5411f814e1cb
2025-01-11 13:44:57 [INFO]: GET /api/patients/patient/67629705a8db5411f814e1cb
2025-01-11 13:45:04 [INFO]: GET /api/patients/patient/67629705a8db5411f814e1cb
2025-01-11 13:45:20 [INFO]: GET /api/patients/patient/67629705a8db5411f814e1cb
2025-01-11 13:45:38 [INFO]: GET /api/patients/patient/67629705a8db5411f814e1cb
2025-01-11 13:46:27 [INFO]: GET /api/patients/patient/67629705a8db5411f814e1cb
2025-01-11 13:46:49 [INFO]: GET /api/patients/patient/67629705a8db5411f814e1cb
2025-01-11 13:51:51 [INFO]: GET /api/notification/67629705a8db5411f814e1cb
2025-01-11 13:51:51 [INFO]: GET /api/patients/appointments/67629705a8db5411f814e1cb
2025-01-11 13:51:51 [INFO]: GET /api/notification/67629705a8db5411f814e1cb
2025-01-11 13:51:51 [INFO]: GET /api/patients/appointments/67629705a8db5411f814e1cb
2025-01-11 13:52:35 [INFO]: GET /api/patients/appointments/67629705a8db5411f814e1cb
2025-01-11 13:52:35 [INFO]: POST /api/token
2025-01-11 13:52:35 [INFO]: GET /api/patients/appointments/67629705a8db5411f814e1cb
2025-01-11 13:56:51 [INFO]: GET /api/notification/67629705a8db5411f814e1cb
2025-01-11 13:56:51 [INFO]: GET /api/patients/notifications/67629705a8db5411f814e1cb?page=1&limit=7
2025-01-11 13:56:51 [INFO]: GET /api/notification/67629705a8db5411f814e1cb
2025-01-11 13:56:51 [INFO]: GET /api/patients/notifications/67629705a8db5411f814e1cb?page=1&limit=7
2025-01-11 13:57:09 [INFO]: GET /api/patients/notifications/67629705a8db5411f814e1cb?page=1&limit=7
2025-01-11 13:57:37 [INFO]: GET /api/patients/notifications/67629705a8db5411f814e1cb?page=1&limit=7
2025-01-11 14:01:40 [INFO]: GET /api/patients/notifications/67629705a8db5411f814e1cb?page=1&limit=7
2025-01-11 14:01:47 [INFO]: GET /api/notification/67629705a8db5411f814e1cb
2025-01-11 14:01:47 [INFO]: GET /api/patients/wallet/67629705a8db5411f814e1cb
2025-01-11 14:01:47 [INFO]: GET /api/notification/67629705a8db5411f814e1cb
2025-01-11 14:01:47 [INFO]: GET /api/patients/wallet/67629705a8db5411f814e1cb
2025-01-11 14:01:51 [INFO]: GET /api/chats/rooms/67629705a8db5411f814e1cb
2025-01-11 14:01:51 [INFO]: GET /api/chats/rooms/67629705a8db5411f814e1cb
2025-01-11 14:01:51 [INFO]: POST /api/token
2025-01-11 14:01:51 [INFO]: POST /api/token
2025-01-11 14:01:51 [INFO]: GET /api/chats/rooms/67629705a8db5411f814e1cb
2025-01-11 14:01:51 [INFO]: GET /api/chats/rooms/67629705a8db5411f814e1cb
2025-01-11 14:04:45 [INFO]: GET /api/doctor/dashboard/6756e293514336528ca8e3a9
2025-01-11 14:04:57 [INFO]: POST /api/doctor/signin
2025-01-11 14:05:08 [INFO]: POST /api/doctor/signin
2025-01-11 14:05:08 [INFO]: GET /api/notification/6756e293514336528ca8e3a9
2025-01-11 14:05:08 [INFO]: GET /api/doctor/dashboard/6756e293514336528ca8e3a9
2025-01-11 14:05:08 [INFO]: GET /api/notification/6756e293514336528ca8e3a9
2025-01-11 14:05:08 [INFO]: GET /api/doctor/dashboard/6756e293514336528ca8e3a9
2025-01-11 14:09:15 [INFO]: GET /api/doctor/appointments/6756e293514336528ca8e3a9
2025-01-11 14:09:15 [INFO]: GET /api/notification/6756e293514336528ca8e3a9
2025-01-11 14:09:15 [INFO]: GET /api/notification/6756e293514336528ca8e3a9
2025-01-11 14:09:15 [INFO]: GET /api/doctor/appointments/6756e293514336528ca8e3a9
2025-01-11 14:09:39 [INFO]: GET /api/doctor/appointments/6756e293514336528ca8e3a9
2025-01-11 14:11:51 [INFO]: GET /api/notification/6756e293514336528ca8e3a9
2025-01-11 14:11:51 [INFO]: GET /api/notification/6756e293514336528ca8e3a9
2025-01-11 14:13:54 [INFO]: GET /api/notification/6756e293514336528ca8e3a9
2025-01-11 14:13:54 [INFO]: GET /api/doctor/notifications/6756e293514336528ca8e3a9?page=1&limit=5
2025-01-11 14:13:55 [INFO]: GET /api/notification/6756e293514336528ca8e3a9
2025-01-11 14:13:55 [INFO]: GET /api/doctor/notifications/6756e293514336528ca8e3a9?page=1&limit=5
2025-01-11 14:13:55 [INFO]: GET /api/doctor/notifications/6756e293514336528ca8e3a9?page=1&limit=5
2025-01-11 14:14:23 [INFO]: GET /api/doctor/notifications/6756e293514336528ca8e3a9?page=1&limit=5
2025-01-11 14:14:50 [INFO]: GET /api/doctor/notifications/6756e293514336528ca8e3a9?page=1&limit=5
2025-01-11 14:15:09 [INFO]: GET /api/doctor/notifications/6756e293514336528ca8e3a9?page=1&limit=5
2025-01-11 14:15:31 [INFO]: GET /api/notification/6756e293514336528ca8e3a9
2025-01-11 14:15:31 [INFO]: GET /api/notification/6756e293514336528ca8e3a9
2025-01-11 14:15:40 [INFO]: GET /api/chats/rooms/6756e293514336528ca8e3a9
2025-01-11 14:15:40 [INFO]: GET /api/chats/rooms/6756e293514336528ca8e3a9
2025-01-11 14:15:42 [INFO]: GET /api/notification/6756e293514336528ca8e3a9
2025-01-11 14:15:42 [INFO]: GET /api/doctor/payments/6756e293514336528ca8e3a9
2025-01-11 14:15:42 [INFO]: GET /api/notification/6756e293514336528ca8e3a9
2025-01-11 14:15:42 [INFO]: GET /api/doctor/payments/6756e293514336528ca8e3a9
2025-01-11 14:16:08 [INFO]: GET /api/doctor/payments/6756e293514336528ca8e3a9
2025-01-11 14:16:12 [INFO]: GET /api/doctor/payments/6756e293514336528ca8e3a9
2025-01-11 14:16:41 [INFO]: GET /api/chats/rooms/6756e293514336528ca8e3a9
2025-01-11 14:16:41 [INFO]: GET /api/chats/rooms/6756e293514336528ca8e3a9
2025-01-11 14:16:44 [INFO]: GET /api/notification/6756e293514336528ca8e3a9
2025-01-11 14:16:44 [INFO]: GET /api/doctor/dashboard/6756e293514336528ca8e3a9
2025-01-11 14:16:44 [INFO]: GET /api/notification/6756e293514336528ca8e3a9
2025-01-11 14:16:44 [INFO]: GET /api/doctor/dashboard/6756e293514336528ca8e3a9
2025-01-11 14:16:46 [INFO]: GET /api/notification/6756e293514336528ca8e3a9
2025-01-11 14:16:46 [INFO]: GET /api/doctor/payments/6756e293514336528ca8e3a9
2025-01-11 14:16:46 [INFO]: GET /api/notification/6756e293514336528ca8e3a9
2025-01-11 14:16:46 [INFO]: GET /api/doctor/payments/6756e293514336528ca8e3a9
2025-01-11 14:16:47 [INFO]: GET /api/notification/6756e293514336528ca8e3a9
2025-01-11 14:16:47 [INFO]: GET /api/notification/6756e293514336528ca8e3a9
2025-01-11 14:17:45 [INFO]: POST /api/admin/signin
2025-01-11 14:17:45 [INFO]: GET /api/admin/dashboard/6755139cbb339a450c37ecb8?period=daily
2025-01-11 14:17:45 [INFO]: GET /api/admin/dashboard/6755139cbb339a450c37ecb8?period=daily
2025-01-11 14:17:45 [INFO]: GET /api/notification/6755139cbb339a450c37ecb8
2025-01-11 14:17:45 [INFO]: GET /api/notification/6755139cbb339a450c37ecb8
2025-01-11 14:18:22 [INFO]: GET /api/admin/dashboard/6755139cbb339a450c37ecb8?period=daily
2025-01-11 14:18:54 [INFO]: GET /api/admin/dashboard/6755139cbb339a450c37ecb8?period=daily
2025-01-11 14:20:31 [INFO]: GET /api/admin/dashboard/6755139cbb339a450c37ecb8?period=daily
2025-01-11 14:20:57 [INFO]: GET /api/admin/dashboard/6755139cbb339a450c37ecb8?period=daily
2025-01-11 14:21:02 [INFO]: GET /api/admin/dashboard/6755139cbb339a450c37ecb8?period=daily
2025-01-11 14:21:10 [INFO]: GET /api/admin/dashboard/6755139cbb339a450c37ecb8?period=daily
2025-01-11 14:21:15 [INFO]: GET /api/admin/dashboard/6755139cbb339a450c37ecb8?period=daily
2025-01-11 14:21:35 [INFO]: GET /api/admin/dashboard/6755139cbb339a450c37ecb8?period=daily
2025-01-11 14:21:40 [INFO]: GET /api/admin/dashboard/6755139cbb339a450c37ecb8?period=daily
2025-01-11 14:22:23 [INFO]: GET /api/admin/dashboard/6755139cbb339a450c37ecb8?period=daily
2025-01-11 14:22:27 [INFO]: GET /api/admin/dashboard/6755139cbb339a450c37ecb8?period=daily
2025-01-11 14:23:01 [INFO]: GET /api/notification/6755139cbb339a450c37ecb8
2025-01-11 14:23:01 [INFO]: GET /api/admin/patients?page=1&limit=7&search=
2025-01-11 14:23:01 [INFO]: GET /api/notification/6755139cbb339a450c37ecb8
2025-01-11 14:23:01 [INFO]: GET /api/admin/patients?page=1&limit=7&search=
2025-01-11 14:23:28 [INFO]: GET /api/admin/patients?page=1&limit=7&search=
2025-01-11 14:24:19 [INFO]: GET /api/admin/patients?page=1&limit=7&search=
2025-01-11 14:24:33 [INFO]: GET /api/notification/6755139cbb339a450c37ecb8
2025-01-11 14:24:33 [INFO]: GET /api/admin/doctors?page=1&limit=7&search=&specialization=&gender=&experience=
2025-01-11 14:24:33 [INFO]: GET /api/notification/6755139cbb339a450c37ecb8
2025-01-11 14:24:33 [INFO]: GET /api/admin/doctors?page=1&limit=7&search=&specialization=&gender=&experience=
2025-01-11 14:25:24 [INFO]: GET /api/admin/doctors?page=1&limit=7&search=&specialization=&gender=&experience=
2025-01-11 14:25:44 [INFO]: GET /api/notification/6755139cbb339a450c37ecb8
2025-01-11 14:25:44 [INFO]: GET /api/admin/leave/requests?page=1&limit=7
2025-01-11 14:25:44 [INFO]: GET /api/notification/6755139cbb339a450c37ecb8
2025-01-11 14:25:44 [INFO]: GET /api/admin/leave/requests?page=1&limit=7
2025-01-11 14:26:08 [INFO]: GET /api/admin/leave/requests?page=1&limit=7
2025-01-11 14:27:34 [INFO]: GET /api/notification/6755139cbb339a450c37ecb8
2025-01-11 14:27:34 [INFO]: GET /api/admin/applications
2025-01-11 14:27:34 [INFO]: GET /api/notification/6755139cbb339a450c37ecb8
2025-01-11 14:27:34 [INFO]: GET /api/admin/applications
2025-01-11 14:27:34 [INFO]: GET /uploads/license/1735188479500-Screenshot%202024-11-14%20115022.png
2025-01-11 14:27:35 [INFO]: GET /api/notification/6755139cbb339a450c37ecb8
2025-01-11 14:27:35 [INFO]: GET /api/admin/leave/requests?page=1&limit=7
2025-01-11 14:27:35 [INFO]: GET /api/notification/6755139cbb339a450c37ecb8
2025-01-11 14:27:35 [INFO]: GET /api/admin/leave/requests?page=1&limit=7
2025-01-11 14:27:37 [INFO]: GET /api/notification/6755139cbb339a450c37ecb8
2025-01-11 14:27:37 [INFO]: GET /api/admin/applications
2025-01-11 14:27:37 [INFO]: GET /api/notification/6755139cbb339a450c37ecb8
2025-01-11 14:27:37 [INFO]: GET /api/admin/applications
2025-01-11 14:27:39 [INFO]: GET /api/admin/leave/requests?page=1&limit=7
2025-01-11 14:27:39 [INFO]: GET /api/notification/6755139cbb339a450c37ecb8
2025-01-11 14:27:40 [INFO]: GET /api/notification/6755139cbb339a450c37ecb8
2025-01-11 14:27:40 [INFO]: GET /api/admin/leave/requests?page=1&limit=7
2025-01-11 14:27:55 [INFO]: GET /api/admin/leave/requests?page=1&limit=7
2025-01-11 14:28:03 [INFO]: GET /api/notification/6755139cbb339a450c37ecb8
2025-01-11 14:28:03 [INFO]: GET /api/admin/payments
2025-01-11 14:28:03 [INFO]: GET /api/notification/6755139cbb339a450c37ecb8
2025-01-11 14:28:03 [INFO]: GET /api/admin/payments
2025-01-11 14:28:09 [INFO]: GET /api/notification/6755139cbb339a450c37ecb8
2025-01-11 14:28:09 [INFO]: GET /api/admin/payments
2025-01-11 14:28:09 [INFO]: GET /api/notification/6755139cbb339a450c37ecb8
2025-01-11 14:28:09 [INFO]: GET /api/admin/payments
2025-01-11 14:28:12 [INFO]: GET /api/notification/6755139cbb339a450c37ecb8
2025-01-11 14:28:12 [INFO]: GET /api/admin/payments
2025-01-11 14:28:12 [INFO]: GET /api/notification/6755139cbb339a450c37ecb8
2025-01-11 14:28:13 [INFO]: GET /api/admin/payments
2025-01-11 14:29:07 [INFO]: GET /api/admin/payments
2025-01-11 14:30:55 [INFO]: GET /api/admin/payments
2025-01-11 14:31:45 [INFO]: GET /api/admin/payments
2025-01-11 14:31:53 [INFO]: GET /api/admin/payments
2025-01-11 14:32:14 [INFO]: GET /api/admin/payments
2025-01-11 14:32:20 [INFO]: GET /api/admin/payments
2025-01-11 14:33:17 [INFO]: GET /api/notification/6755139cbb339a450c37ecb8
2025-01-11 14:33:17 [INFO]: GET /api/admin/payments
2025-01-11 14:33:17 [INFO]: GET /api/notification/6755139cbb339a450c37ecb8
2025-01-11 14:33:17 [INFO]: GET /api/admin/payments
2025-01-11 14:35:22 [INFO]: GET /api/admin/dashboard/6755139cbb339a450c37ecb8?period=daily
2025-01-11 14:35:22 [INFO]: GET /api/admin/dashboard/6755139cbb339a450c37ecb8?period=daily
2025-01-11 14:35:22 [INFO]: GET /api/notification/6755139cbb339a450c37ecb8
2025-01-11 14:35:22 [INFO]: GET /api/notification/6755139cbb339a450c37ecb8
2025-01-11 14:35:35 [INFO]: GET /api/notification/6755139cbb339a450c37ecb8
2025-01-11 14:35:35 [INFO]: GET /api/admin/appointments
2025-01-11 14:35:35 [INFO]: GET /api/notification/6755139cbb339a450c37ecb8
2025-01-11 14:35:35 [INFO]: GET /api/admin/appointments
2025-01-11 14:36:18 [INFO]: GET /api/admin/dashboard/6755139cbb339a450c37ecb8?period=daily
2025-01-11 14:36:18 [INFO]: GET /api/admin/dashboard/6755139cbb339a450c37ecb8?period=daily
2025-01-11 14:36:18 [INFO]: GET /api/notification/6755139cbb339a450c37ecb8
2025-01-11 14:36:18 [INFO]: GET /api/notification/6755139cbb339a450c37ecb8
2025-01-11 14:36:35 [INFO]: GET /api/admin/dashboard/6755139cbb339a450c37ecb8?period=weekly
2025-01-11 14:36:44 [INFO]: GET /api/admin/dashboard/6755139cbb339a450c37ecb8?period=monthly
2025-01-11 14:36:46 [INFO]: GET /api/admin/dashboard/6755139cbb339a450c37ecb8?period=daily
2025-01-11 14:36:48 [INFO]: GET /api/admin/dashboard/6755139cbb339a450c37ecb8?period=weekly
2025-01-11 14:36:49 [INFO]: GET /api/admin/dashboard/6755139cbb339a450c37ecb8?period=monthly
2025-01-11 14:36:50 [INFO]: GET /api/admin/dashboard/6755139cbb339a450c37ecb8?period=yearly
2025-01-11 14:38:16 [INFO]: GET /api/admin/dashboard/6755139cbb339a450c37ecb8?period=daily
2025-01-11 14:39:20 [INFO]: GET /api/notification/67629705a8db5411f814e1cb
2025-01-11 14:39:20 [INFO]: GET /api/notification/67629705a8db5411f814e1cb
2025-01-11 14:39:23 [INFO]: GET /api/notification/67629705a8db5411f814e1cb
2025-01-11 14:39:23 [INFO]: GET /api/patients/patient/67629705a8db5411f814e1cb
2025-01-11 14:39:23 [INFO]: GET /api/patients/patient/67629705a8db5411f814e1cb
2025-01-11 14:39:23 [INFO]: POST /api/token
2025-01-11 14:39:23 [INFO]: POST /api/token
2025-01-11 14:39:23 [INFO]: GET /api/patients/patient/67629705a8db5411f814e1cb
2025-01-11 14:39:23 [INFO]: GET /api/patients/patient/67629705a8db5411f814e1cb
2025-01-11 14:39:23 [INFO]: GET /api/notification/67629705a8db5411f814e1cb
2025-01-11 15:38:34 [INFO]: POST /api/patients/google
2025-01-11 15:38:35 [INFO]: GET /api/notification/67656da25e605e43c92d4fb2
2025-01-11 15:38:35 [INFO]: GET /api/notification/67656da25e605e43c92d4fb2
2025-01-11 15:38:35 [INFO]: GET /api/notification/67656da25e605e43c92d4fb2
2025-01-11 15:38:54 [INFO]: POST /api/patients/google
2025-01-11 15:38:54 [INFO]: GET /api/notification/67545c6b3a69ae95283e893a
2025-01-11 15:38:54 [INFO]: GET /api/notification/67545c6b3a69ae95283e893a
2025-01-11 15:38:54 [INFO]: GET /api/notification/67545c6b3a69ae95283e893a
2025-01-11 15:42:00 [INFO]: GET /api/notification/67545c6b3a69ae95283e893a
2025-01-11 15:42:00 [INFO]: GET /api/notification/67545c6b3a69ae95283e893a
2025-01-11 15:42:00 [INFO]: GET /api/patients/doctors?page=1&limit=10&search=&specialization=&gender=&experience=
2025-01-11 15:42:05 [INFO]: GET /api/notification/67545c6b3a69ae95283e893a
2025-01-11 15:42:05 [INFO]: GET /api/patients/doctors/timeSlots/6756e293514336528ca8e3a9
2025-01-11 15:42:05 [INFO]: GET /api/notification/67545c6b3a69ae95283e893a
2025-01-11 15:42:05 [INFO]: GET /api/patients/doctors/timeSlots/6756e293514336528ca8e3a9
2025-01-11 15:42:06 [INFO]: GET /api/patients/doctors/timeSlots/6756e293514336528ca8e3a9
2025-01-11 15:42:08 [INFO]: PUT /api/patients/appointments/lockTimeSlot
2025-01-11 15:42:08 [INFO]: GET /api/notification/67545c6b3a69ae95283e893a
2025-01-11 15:42:09 [INFO]: GET /api/patients/patient/67545c6b3a69ae95283e893a
2025-01-11 15:42:09 [INFO]: GET /api/notification/67545c6b3a69ae95283e893a
2025-01-11 15:42:09 [INFO]: GET /api/patients/patient/67545c6b3a69ae95283e893a
2025-01-11 15:42:15 [INFO]: POST /api/patients/appointments/patient
2025-01-11 15:42:15 [INFO]: GET /api/notification/67545c6b3a69ae95283e893a
2025-01-11 15:42:15 [INFO]: GET /api/patients/wallet/67545c6b3a69ae95283e893a
2025-01-11 15:42:15 [INFO]: GET /api/notification/67545c6b3a69ae95283e893a
2025-01-11 15:42:18 [INFO]: POST /api/patients/payments/create-order
2025-01-11 15:42:22 [INFO]: POST /api/patients/payments/create-order
2025-01-11 15:42:25 [INFO]: POST /api/patients/payments/create-order
2025-01-11 15:42:26 [INFO]: POST /api/patients/payments/create-order
2025-01-11 15:42:26 [INFO]: POST /api/patients/payments/create-order
2025-01-11 15:42:27 [INFO]: POST /api/patients/payments/create-order
2025-01-11 15:42:27 [INFO]: POST /api/patients/payments/create-order
2025-01-11 15:42:28 [INFO]: POST /api/patients/payments/create-order
2025-01-11 15:42:29 [INFO]: POST /api/patients/payments/create-order
2025-01-11 15:42:29 [INFO]: POST /api/patients/payments/create-order
2025-01-11 15:42:30 [INFO]: POST /api/patients/payments/create-order
2025-01-11 15:42:30 [INFO]: POST /api/patients/payments/create-order
2025-01-11 15:42:32 [INFO]: GET /api/notification/67545c6b3a69ae95283e893a
2025-01-11 15:42:32 [INFO]: GET /api/patients/wallet/67545c6b3a69ae95283e893a
2025-01-11 15:42:32 [INFO]: GET /api/notification/67545c6b3a69ae95283e893a
2025-01-11 15:42:34 [INFO]: POST /api/patients/payments/create-order
2025-01-11 15:42:35 [INFO]: POST /api/patients/payments/create-order
2025-01-11 15:42:37 [INFO]: POST /api/patients/payments/create-order
2025-01-11 15:42:43 [INFO]: GET /api/patients/wallet/67545c6b3a69ae95283e893a
2025-01-11 15:42:52 [INFO]: POST /api/patients/payments/create-order
2025-01-11 15:42:55 [INFO]: POST /api/patients/payments/create-order
2025-01-11 15:43:10 [INFO]: GET /api/patients/wallet/67545c6b3a69ae95283e893a
2025-01-11 15:43:12 [INFO]: POST /api/patients/payments/create-order
2025-01-11 15:44:20 [INFO]: GET /api/patients/wallet/67545c6b3a69ae95283e893a
2025-01-11 15:44:26 [INFO]: PUT /api/patients/appointments/lockTimeSlot
2025-01-11 15:44:26 [INFO]: GET /api/notification/67545c6b3a69ae95283e893a
2025-01-11 15:44:26 [INFO]: GET /api/notification/67545c6b3a69ae95283e893a
2025-01-11 15:44:27 [INFO]: GET /api/patients/doctors?page=1&limit=10&search=&specialization=&gender=&experience=
2025-01-11 15:44:33 [INFO]: GET /api/notification/67545c6b3a69ae95283e893a
2025-01-11 15:44:33 [INFO]: GET /api/patients/doctors/timeSlots/6756e293514336528ca8e3a9
2025-01-11 15:44:33 [INFO]: GET /api/notification/67545c6b3a69ae95283e893a
2025-01-11 15:44:33 [INFO]: GET /api/patients/doctors/timeSlots/6756e293514336528ca8e3a9
2025-01-11 15:44:35 [INFO]: GET /api/patients/doctors/timeSlots/6756e293514336528ca8e3a9
2025-01-11 15:44:37 [INFO]: PUT /api/patients/appointments/lockTimeSlot
2025-01-11 15:44:38 [INFO]: GET /api/notification/67545c6b3a69ae95283e893a
2025-01-11 15:44:38 [INFO]: GET /api/patients/patient/67545c6b3a69ae95283e893a
2025-01-11 15:44:38 [INFO]: GET /api/notification/67545c6b3a69ae95283e893a
2025-01-11 15:44:38 [INFO]: GET /api/patients/patient/67545c6b3a69ae95283e893a
2025-01-11 15:44:44 [INFO]: POST /api/patients/appointments/patient
2025-01-11 15:44:44 [INFO]: GET /api/notification/67545c6b3a69ae95283e893a
2025-01-11 15:44:44 [INFO]: GET /api/patients/wallet/67545c6b3a69ae95283e893a
2025-01-11 15:44:44 [INFO]: GET /api/notification/67545c6b3a69ae95283e893a
2025-01-11 15:44:47 [INFO]: POST /api/patients/payments/create-order
2025-01-11 15:44:48 [INFO]: POST /api/patients/payments/create-order
2025-01-11 15:44:54 [INFO]: GET /api/patients/wallet/67545c6b3a69ae95283e893a
2025-01-11 15:45:59 [INFO]: GET /api/patients/doctors?page=1&limit=10&search=&specialization=&gender=&experience=
2025-01-11 15:46:02 [INFO]: GET /api/notification/67545c6b3a69ae95283e893a
2025-01-11 15:46:02 [INFO]: GET /api/notification/67545c6b3a69ae95283e893a
2025-01-11 15:46:03 [INFO]: GET /api/patients/doctors?page=1&limit=10&search=&specialization=&gender=&experience=
2025-01-11 15:46:04 [INFO]: GET /api/notification/67545c6b3a69ae95283e893a
2025-01-11 15:46:04 [INFO]: GET /api/patients/doctors/timeSlots/6756e293514336528ca8e3a9
2025-01-11 15:46:05 [INFO]: GET /api/notification/67545c6b3a69ae95283e893a
2025-01-11 15:46:05 [INFO]: GET /api/patients/doctors/timeSlots/6756e293514336528ca8e3a9
2025-01-11 15:46:06 [INFO]: GET /api/patients/doctors/timeSlots/6756e293514336528ca8e3a9
2025-01-11 15:46:09 [INFO]: PUT /api/patients/appointments/lockTimeSlot
2025-01-11 15:46:09 [INFO]: GET /api/notification/67545c6b3a69ae95283e893a
2025-01-11 15:46:09 [INFO]: GET /api/patients/patient/67545c6b3a69ae95283e893a
2025-01-11 15:46:09 [INFO]: GET /api/notification/67545c6b3a69ae95283e893a
2025-01-11 15:46:09 [INFO]: GET /api/patients/patient/67545c6b3a69ae95283e893a
2025-01-11 15:46:15 [INFO]: POST /api/patients/appointments/patient
2025-01-11 15:46:15 [INFO]: GET /api/patients/wallet/67545c6b3a69ae95283e893a
2025-01-11 15:46:15 [INFO]: GET /api/notification/67545c6b3a69ae95283e893a
2025-01-11 15:46:15 [INFO]: GET /api/notification/67545c6b3a69ae95283e893a
2025-01-11 15:46:18 [INFO]: POST /api/patients/payments/create-order
2025-01-11 15:47:52 [INFO]: GET /api/patients/wallet/67545c6b3a69ae95283e893a
2025-01-11 15:48:49 [INFO]: POST /api/patients/payments/create-order
2025-01-11 15:58:28 [INFO]: GET /api/patients/wallet/67545c6b3a69ae95283e893a
2025-01-11 15:58:29 [INFO]: GET /api/notification/67545c6b3a69ae95283e893a
2025-01-11 15:58:29 [INFO]: GET /api/notification/67545c6b3a69ae95283e893a
2025-01-11 15:58:36 [INFO]: POST /api/patients/payments/create-order
2025-01-11 15:59:34 [INFO]: GET /api/patients/wallet/67545c6b3a69ae95283e893a
2025-01-11 15:59:40 [INFO]: POST /api/patients/payments/create-order
2025-01-11 15:59:48 [INFO]: POST /api/patients/payments/create-order
2025-01-11 16:00:03 [INFO]: POST /api/patients/payments/create-order
2025-01-11 16:01:19 [INFO]: GET /api/notification/67545c6b3a69ae95283e893a
2025-01-11 16:01:19 [INFO]: GET /api/patients/wallet/67545c6b3a69ae95283e893a
2025-01-11 16:01:19 [INFO]: GET /api/notification/67545c6b3a69ae95283e893a
2025-01-11 16:01:26 [INFO]: POST /api/patients/payments/create-order
2025-01-11 16:03:45 [INFO]: GET /api/notification/67545c6b3a69ae95283e893a
2025-01-11 16:03:45 [INFO]: GET /api/patients/wallet/67545c6b3a69ae95283e893a
2025-01-11 16:03:45 [INFO]: GET /api/notification/67545c6b3a69ae95283e893a
2025-01-11 16:04:03 [INFO]: POST /api/patients/payments/create-order
2025-01-11 16:04:27 [INFO]: GET /api/notification/67545c6b3a69ae95283e893a
2025-01-11 16:04:27 [INFO]: GET /api/notification/67545c6b3a69ae95283e893a
2025-01-11 16:10:26 [INFO]: GET /api/notification/6756e293514336528ca8e3a9
2025-01-11 16:10:26 [INFO]: GET /api/notification/6756e293514336528ca8e3a9
2025-01-11 16:13:14 [INFO]: GET /api/notification/6756e293514336528ca8e3a9
2025-01-11 16:13:14 [INFO]: GET /api/notification/6756e293514336528ca8e3a9
2025-01-11 16:16:33 [INFO]: POST /api/patients/google
2025-01-11 16:16:33 [INFO]: GET /api/notification/67656da25e605e43c92d4fb2
2025-01-11 16:16:34 [INFO]: GET /api/notification/67656da25e605e43c92d4fb2
2025-01-11 16:16:34 [INFO]: GET /api/notification/67656da25e605e43c92d4fb2
2025-01-11 16:16:36 [INFO]: GET /api/notification/67656da25e605e43c92d4fb2
2025-01-11 16:16:36 [INFO]: GET /api/notification/67656da25e605e43c92d4fb2
2025-01-11 16:16:37 [INFO]: GET /api/patients/doctors?page=1&limit=10&search=&specialization=&gender=&experience=
2025-01-11 16:16:39 [INFO]: GET /api/notification/67656da25e605e43c92d4fb2
2025-01-11 16:16:39 [INFO]: GET /api/patients/doctors/timeSlots/6756e293514336528ca8e3a9
2025-01-11 16:16:39 [INFO]: GET /api/notification/67656da25e605e43c92d4fb2
2025-01-11 16:16:39 [INFO]: GET /api/patients/doctors/timeSlots/6756e293514336528ca8e3a9
2025-01-11 16:16:40 [INFO]: GET /api/patients/doctors/timeSlots/6756e293514336528ca8e3a9
2025-01-11 16:16:43 [INFO]: PUT /api/patients/appointments/lockTimeSlot
2025-01-11 16:16:43 [INFO]: GET /api/notification/67656da25e605e43c92d4fb2
2025-01-11 16:16:43 [INFO]: GET /api/patients/patient/67656da25e605e43c92d4fb2
2025-01-11 16:16:43 [INFO]: GET /api/notification/67656da25e605e43c92d4fb2
2025-01-11 16:16:44 [INFO]: GET /api/patients/patient/67656da25e605e43c92d4fb2
2025-01-11 16:16:49 [INFO]: POST /api/patients/appointments/patient
2025-01-11 16:16:50 [INFO]: GET /api/notification/67656da25e605e43c92d4fb2
2025-01-11 16:16:50 [INFO]: GET /api/patients/wallet/67656da25e605e43c92d4fb2
2025-01-11 16:16:50 [INFO]: GET /api/notification/67656da25e605e43c92d4fb2
2025-01-11 16:16:50 [INFO]: GET /api/patients/wallet/67656da25e605e43c92d4fb2
2025-01-11 16:16:55 [INFO]: POST /api/patients/payments/create-order
2025-01-11 16:16:56 [INFO]: POST /api/patients/payments/create-order
2025-01-11 16:17:02 [INFO]: PUT /api/patients/appointments/lockTimeSlot
2025-01-11 16:17:02 [INFO]: GET /api/notification/67656da25e605e43c92d4fb2
2025-01-11 16:17:02 [INFO]: GET /api/notification/67656da25e605e43c92d4fb2
2025-01-11 16:17:03 [INFO]: GET /api/patients/doctors?page=1&limit=10&search=&specialization=&gender=&experience=
2025-01-11 16:17:13 [INFO]: GET /api/notification/67656da25e605e43c92d4fb2
2025-01-11 16:17:13 [INFO]: GET /api/notification/67656da25e605e43c92d4fb2
2025-01-11 16:17:14 [INFO]: GET /api/notification/67656da25e605e43c92d4fb2
2025-01-11 16:17:14 [INFO]: GET /api/notification/67656da25e605e43c92d4fb2
2025-01-11 16:17:14 [INFO]: GET /api/patients/doctors?page=1&limit=10&search=&specialization=&gender=&experience=
2025-01-11 16:17:17 [INFO]: GET /api/notification/67656da25e605e43c92d4fb2
2025-01-11 16:17:17 [INFO]: GET /api/patients/patient/67656da25e605e43c92d4fb2
2025-01-11 16:17:17 [INFO]: GET /api/notification/67656da25e605e43c92d4fb2
2025-01-11 16:17:17 [INFO]: GET /api/patients/patient/67656da25e605e43c92d4fb2
2025-01-11 16:17:25 [INFO]: GET /api/notification/6756e293514336528ca8e3a9
2025-01-11 16:17:25 [INFO]: GET /api/doctor/appointments/6756e293514336528ca8e3a9
2025-01-11 16:17:25 [INFO]: GET /api/doctor/appointments/6756e293514336528ca8e3a9
2025-01-11 16:17:25 [INFO]: POST /api/token
2025-01-11 16:17:25 [INFO]: POST /api/token
2025-01-11 16:17:25 [INFO]: GET /api/doctor/appointments/6756e293514336528ca8e3a9
2025-01-11 16:17:25 [INFO]: GET /api/doctor/appointments/6756e293514336528ca8e3a9
2025-01-11 16:17:25 [INFO]: GET /api/notification/6756e293514336528ca8e3a9
2025-01-11 16:17:34 [INFO]: GET /api/notification/6755139cbb339a450c37ecb8
2025-01-11 16:17:34 [INFO]: GET /api/notification/6755139cbb339a450c37ecb8
2025-01-11 16:17:37 [INFO]: GET /api/notification/6755139cbb339a450c37ecb8
2025-01-11 16:17:37 [INFO]: GET /api/admin/patients?page=1&limit=7&search=
2025-01-11 16:17:37 [INFO]: GET /api/admin/patients?page=1&limit=7&search=
2025-01-11 16:17:37 [INFO]: POST /api/token
2025-01-11 16:17:37 [INFO]: POST /api/token
2025-01-11 16:17:37 [INFO]: GET /api/admin/patients?page=1&limit=7&search=
2025-01-11 16:17:37 [INFO]: GET /api/notification/6755139cbb339a450c37ecb8
2025-01-11 16:17:37 [INFO]: GET /api/admin/patients?page=1&limit=7&search=
2025-01-11 16:17:39 [INFO]: GET /api/notification/6755139cbb339a450c37ecb8
2025-01-11 16:17:39 [INFO]: GET /api/admin/doctors?page=1&limit=7&search=&specialization=&gender=&experience=
2025-01-11 16:17:39 [INFO]: GET /api/notification/6755139cbb339a450c37ecb8
2025-01-11 16:17:39 [INFO]: GET /api/admin/doctors?page=1&limit=7&search=&specialization=&gender=&experience=
2025-01-11 16:17:40 [INFO]: GET /api/notification/6755139cbb339a450c37ecb8
2025-01-11 16:17:40 [INFO]: GET /api/admin/applications
2025-01-11 16:17:40 [INFO]: GET /api/notification/6755139cbb339a450c37ecb8
2025-01-11 16:17:40 [INFO]: GET /api/admin/applications
2025-01-11 16:17:40 [INFO]: GET /uploads/license/1735188479500-Screenshot%202024-11-14%20115022.png
2025-01-11 16:17:42 [INFO]: GET /api/notification/6755139cbb339a450c37ecb8
2025-01-11 16:17:42 [INFO]: GET /api/admin/leave/requests?page=1&limit=7
2025-01-11 16:17:42 [INFO]: GET /api/notification/6755139cbb339a450c37ecb8
2025-01-11 16:17:42 [INFO]: GET /api/admin/leave/requests?page=1&limit=7
2025-01-11 16:17:44 [INFO]: GET /api/notification/6755139cbb339a450c37ecb8
2025-01-11 16:17:44 [INFO]: GET /api/admin/appointments
2025-01-11 16:17:44 [INFO]: GET /api/notification/6755139cbb339a450c37ecb8
2025-01-11 16:17:44 [INFO]: GET /api/admin/appointments
2025-01-11 16:17:45 [INFO]: GET /api/notification/6755139cbb339a450c37ecb8
2025-01-11 16:17:45 [INFO]: GET /api/admin/payments
2025-01-11 16:17:45 [INFO]: GET /api/notification/6755139cbb339a450c37ecb8
2025-01-11 16:17:45 [INFO]: GET /api/admin/payments
2025-01-11 16:23:50 [INFO]: GET /api/notification/6755139cbb339a450c37ecb8
2025-01-11 16:23:50 [INFO]: GET /api/admin/payments
2025-01-11 16:23:50 [INFO]: GET /api/notification/6755139cbb339a450c37ecb8
2025-01-11 16:23:50 [INFO]: GET /api/admin/payments
2025-01-11 16:23:51 [INFO]: GET /api/notification/67656da25e605e43c92d4fb2
2025-01-11 16:23:51 [INFO]: GET /api/patients/patient/67656da25e605e43c92d4fb2
2025-01-11 16:23:51 [INFO]: GET /api/notification/67656da25e605e43c92d4fb2
2025-01-11 16:23:51 [INFO]: GET /api/patients/patient/67656da25e605e43c92d4fb2
2025-01-11 16:52:01 [INFO]: GET /api/notification/6755139cbb339a450c37ecb8
2025-01-11 16:52:01 [INFO]: GET /api/admin/payments
2025-01-11 16:52:01 [INFO]: GET /api/admin/payments
2025-01-11 16:52:01 [INFO]: POST /api/token
2025-01-11 16:52:01 [INFO]: POST /api/token
2025-01-11 16:52:01 [INFO]: GET /api/notification/6755139cbb339a450c37ecb8
2025-01-11 16:52:01 [INFO]: GET /api/admin/payments
2025-01-11 16:52:01 [INFO]: GET /api/admin/payments
2025-01-11 16:52:14 [INFO]: GET /api/notification/6755139cbb339a450c37ecb8
2025-01-11 16:52:14 [INFO]: GET /api/admin/payments
2025-01-11 16:52:14 [INFO]: GET /api/notification/6755139cbb339a450c37ecb8
2025-01-11 16:52:14 [INFO]: GET /api/admin/payments
2025-01-11 16:52:56 [INFO]: GET /api/admin/payments
2025-01-11 16:54:42 [INFO]: GET /api/admin/payments
2025-01-11 16:56:05 [INFO]: GET /api/admin/payments
2025-01-11 16:57:14 [INFO]: GET /api/notification/6755139cbb339a450c37ecb8
2025-01-11 16:57:14 [INFO]: GET /api/admin/payments
2025-01-11 16:57:15 [INFO]: GET /api/notification/6755139cbb339a450c37ecb8
2025-01-11 16:57:15 [INFO]: GET /api/admin/payments
2025-01-11 16:57:30 [INFO]: GET /api/notification/6755139cbb339a450c37ecb8
2025-01-11 16:57:30 [INFO]: GET /api/admin/payments
2025-01-11 16:57:30 [INFO]: GET /api/notification/6755139cbb339a450c37ecb8
2025-01-11 16:57:30 [INFO]: GET /api/admin/payments
2025-01-11 16:58:56 [INFO]: GET /api/notification/6755139cbb339a450c37ecb8
2025-01-11 16:58:56 [INFO]: GET /api/admin/payments
2025-01-11 16:58:56 [INFO]: GET /api/notification/6755139cbb339a450c37ecb8
2025-01-11 16:58:57 [INFO]: GET /api/admin/payments
2025-01-11 17:00:56 [INFO]: GET /api/notification/6755139cbb339a450c37ecb8
2025-01-11 17:00:56 [INFO]: GET /api/admin/payments
2025-01-11 17:00:57 [INFO]: GET /api/notification/6755139cbb339a450c37ecb8
2025-01-11 17:00:57 [INFO]: GET /api/admin/payments
2025-01-11 17:01:27 [INFO]: GET /api/notification/6755139cbb339a450c37ecb8
2025-01-11 17:01:27 [INFO]: GET /api/admin/payments
2025-01-11 17:01:28 [INFO]: GET /api/notification/6755139cbb339a450c37ecb8
2025-01-11 17:01:28 [INFO]: GET /api/admin/payments
2025-01-11 17:05:41 [INFO]: GET /api/notification/6755139cbb339a450c37ecb8
2025-01-11 17:05:41 [INFO]: GET /api/admin/payments
2025-01-11 17:05:41 [INFO]: GET /api/notification/6755139cbb339a450c37ecb8
2025-01-11 17:05:41 [INFO]: GET /api/admin/payments
2025-01-11 17:05:48 [INFO]: GET /api/notification/6755139cbb339a450c37ecb8
2025-01-11 17:05:48 [INFO]: GET /api/admin/payments
2025-01-11 17:05:48 [INFO]: GET /api/notification/6755139cbb339a450c37ecb8
2025-01-11 17:05:48 [INFO]: GET /api/admin/payments
2025-01-11 17:06:50 [INFO]: GET /api/notification/6755139cbb339a450c37ecb8
2025-01-11 17:06:50 [INFO]: GET /api/admin/payments
2025-01-11 17:06:51 [INFO]: GET /api/notification/6755139cbb339a450c37ecb8
2025-01-11 17:06:51 [INFO]: GET /api/admin/payments
2025-01-11 17:06:53 [INFO]: GET /api/notification/6755139cbb339a450c37ecb8
2025-01-11 17:06:53 [INFO]: GET /api/admin/payments
2025-01-11 17:06:53 [INFO]: GET /api/notification/6755139cbb339a450c37ecb8
2025-01-11 17:06:53 [INFO]: GET /api/admin/payments
2025-01-11 17:07:10 [INFO]: GET /api/notification/6755139cbb339a450c37ecb8
2025-01-11 17:07:10 [INFO]: GET /api/admin/payments
2025-01-11 17:07:11 [INFO]: GET /api/notification/6755139cbb339a450c37ecb8
2025-01-11 17:07:11 [INFO]: GET /api/admin/payments
2025-01-11 17:07:14 [INFO]: GET /api/notification/6755139cbb339a450c37ecb8
2025-01-11 17:07:14 [INFO]: GET /api/admin/payments
2025-01-11 17:07:14 [INFO]: GET /api/notification/6755139cbb339a450c37ecb8
2025-01-11 17:07:14 [INFO]: GET /api/admin/payments
2025-01-11 17:07:33 [INFO]: GET /api/notification/6755139cbb339a450c37ecb8
2025-01-11 17:07:33 [INFO]: GET /api/admin/payments
2025-01-11 17:07:34 [INFO]: GET /api/notification/6755139cbb339a450c37ecb8
2025-01-11 17:07:34 [INFO]: GET /api/admin/payments
2025-01-11 17:11:12 [INFO]: GET /api/notification/6755139cbb339a450c37ecb8
2025-01-11 17:11:12 [INFO]: GET /api/admin/payments
2025-01-11 17:11:12 [INFO]: GET /api/notification/6755139cbb339a450c37ecb8
2025-01-11 17:11:12 [INFO]: GET /api/admin/payments
2025-01-11 17:19:48 [INFO]: GET /api/notification/6755139cbb339a450c37ecb8
2025-01-11 17:19:48 [INFO]: GET /api/admin/leave/requests?page=1&limit=7
2025-01-11 17:19:48 [INFO]: GET /api/notification/6755139cbb339a450c37ecb8
2025-01-11 17:19:48 [INFO]: GET /api/admin/leave/requests?page=1&limit=7
2025-01-11 17:23:26 [INFO]: GET /api/admin/leave/requests?page=1&limit=7
2025-01-11 17:23:26 [INFO]: POST /api/token
2025-01-11 17:23:27 [INFO]: GET /api/admin/leave/requests?page=1&limit=7
2025-01-11 17:23:30 [INFO]: GET /api/admin/leave/requests?page=1&limit=7
2025-01-11 17:23:43 [INFO]: GET /api/admin/leave/requests?page=1&limit=7
2025-01-11 17:23:48 [INFO]: GET /api/admin/leave/requests?page=1&limit=7
2025-01-11 17:23:48 [INFO]: GET /api/notification/6755139cbb339a450c37ecb8
2025-01-11 17:23:48 [INFO]: GET /api/notification/6755139cbb339a450c37ecb8
2025-01-11 17:23:48 [INFO]: GET /api/admin/leave/requests?page=1&limit=7
2025-01-11 17:26:47 [INFO]: GET /api/notification/6755139cbb339a450c37ecb8
2025-01-11 17:26:47 [INFO]: GET /api/admin/doctors?page=1&limit=7&search=&specialization=&gender=&experience=
2025-01-11 17:26:47 [INFO]: GET /api/notification/6755139cbb339a450c37ecb8
2025-01-11 17:26:47 [INFO]: GET /api/admin/doctors?page=1&limit=7&search=&specialization=&gender=&experience=
2025-01-11 17:26:55 [INFO]: PUT /api/admin/doctors
2025-01-11 17:26:55 [INFO]: GET /api/admin/doctors?page=1&limit=7&search=&specialization=&gender=&experience=
2025-01-11 17:31:16 [INFO]: POST /api/doctor/signin
2025-01-11 17:31:16 [INFO]: GET /api/notification/6756e293514336528ca8e3a9
2025-01-11 17:31:16 [INFO]: GET /api/doctor/dashboard/6756e293514336528ca8e3a9
2025-01-11 17:31:17 [INFO]: GET /api/notification/6756e293514336528ca8e3a9
2025-01-11 17:31:17 [INFO]: GET /api/doctor/dashboard/6756e293514336528ca8e3a9
2025-01-11 17:31:21 [INFO]: GET /api/notification/6756e293514336528ca8e3a9
2025-01-11 17:31:21 [INFO]: GET /api/notification/6756e293514336528ca8e3a9
2025-01-11 17:44:59 [INFO]: GET /api/notification/67656da25e605e43c92d4fb2
2025-01-11 17:44:59 [INFO]: GET /api/notification/67656da25e605e43c92d4fb2
2025-01-11 17:45:00 [INFO]: GET /api/notification/67656da25e605e43c92d4fb2
2025-01-11 17:45:00 [INFO]: GET /api/notification/67656da25e605e43c92d4fb2
2025-01-11 17:45:01 [INFO]: GET /api/patients/doctors?page=1&limit=10&search=&specialization=&gender=&experience=
2025-01-11 17:45:01 [INFO]: POST /api/token
2025-01-11 17:45:01 [INFO]: GET /api/patients/doctors?page=1&limit=10&search=&specialization=&gender=&experience=
2025-01-11 17:45:10 [INFO]: POST /api/patients/google
2025-01-11 17:45:10 [INFO]: GET /api/notification/67656da25e605e43c92d4fb2
2025-01-11 17:45:10 [INFO]: GET /api/notification/67656da25e605e43c92d4fb2
2025-01-11 17:45:10 [INFO]: GET /api/notification/67656da25e605e43c92d4fb2
2025-01-11 17:45:11 [INFO]: GET /api/notification/67656da25e605e43c92d4fb2
2025-01-11 17:45:11 [INFO]: GET /api/notification/67656da25e605e43c92d4fb2
2025-01-11 17:45:12 [INFO]: GET /api/patients/doctors?page=1&limit=10&search=&specialization=&gender=&experience=
2025-01-11 17:45:13 [INFO]: GET /api/notification/67656da25e605e43c92d4fb2
2025-01-11 17:45:13 [INFO]: GET /api/patients/doctors/timeSlots/6756e293514336528ca8e3a9
2025-01-11 17:45:13 [INFO]: GET /api/notification/67656da25e605e43c92d4fb2
2025-01-11 17:45:14 [INFO]: GET /api/patients/doctors/timeSlots/6756e293514336528ca8e3a9
2025-01-11 17:45:15 [INFO]: GET /api/patients/doctors/timeSlots/6756e293514336528ca8e3a9
2025-01-11 17:45:18 [INFO]: PUT /api/patients/appointments/lockTimeSlot
2025-01-11 17:45:19 [INFO]: GET /api/notification/67656da25e605e43c92d4fb2
2025-01-11 17:45:19 [INFO]: GET /api/patients/patient/67656da25e605e43c92d4fb2
2025-01-11 17:45:19 [INFO]: GET /api/notification/67656da25e605e43c92d4fb2
2025-01-11 17:45:19 [INFO]: GET /api/patients/patient/67656da25e605e43c92d4fb2
2025-01-11 17:45:20 [INFO]: GET /api/notification/67656da25e605e43c92d4fb2
2025-01-11 17:45:20 [INFO]: GET /api/notification/67656da25e605e43c92d4fb2
2025-01-11 17:45:21 [INFO]: GET /api/patients/doctors?page=1&limit=10&search=&specialization=&gender=&experience=
2025-01-11 17:45:25 [INFO]: GET /api/notification/67656da25e605e43c92d4fb2
2025-01-11 17:45:25 [INFO]: GET /api/patients/doctors/timeSlots/6756e293514336528ca8e3a9
2025-01-11 17:45:25 [INFO]: GET /api/notification/67656da25e605e43c92d4fb2
2025-01-11 17:45:25 [INFO]: GET /api/patients/doctors/timeSlots/6756e293514336528ca8e3a9
2025-01-11 17:49:27 [INFO]: GET /api/patients/doctors/timeSlots/6756e293514336528ca8e3a9
2025-01-11 17:49:51 [INFO]: GET /api/notification/67656da25e605e43c92d4fb2
2025-01-11 17:49:51 [INFO]: GET /api/patients/doctors/timeSlots/6756e293514336528ca8e3a9
2025-01-11 17:49:51 [INFO]: GET /api/notification/67656da25e605e43c92d4fb2
2025-01-11 17:49:51 [INFO]: GET /api/patients/doctors/timeSlots/6756e293514336528ca8e3a9
2025-01-11 17:49:52 [INFO]: GET /api/patients/doctors/timeSlots/6756e293514336528ca8e3a9
2025-01-11 17:49:54 [INFO]: GET /api/patients/doctors/timeSlots/6756e293514336528ca8e3a9
2025-01-11 17:49:55 [INFO]: GET /api/patients/doctors/timeSlots/6756e293514336528ca8e3a9
2025-01-11 17:49:55 [INFO]: GET /api/patients/doctors/timeSlots/6756e293514336528ca8e3a9
2025-01-11 17:49:56 [INFO]: GET /api/patients/doctors/timeSlots/6756e293514336528ca8e3a9
2025-01-11 17:49:56 [INFO]: GET /api/patients/doctors/timeSlots/6756e293514336528ca8e3a9
2025-01-11 17:49:57 [INFO]: GET /api/patients/doctors/timeSlots/6756e293514336528ca8e3a9
2025-01-11 17:50:01 [INFO]: GET /api/patients/doctors/timeSlots/6756e293514336528ca8e3a9
2025-01-11 17:50:01 [INFO]: GET /api/notification/67656da25e605e43c92d4fb2
2025-01-11 17:50:01 [INFO]: GET /api/notification/67656da25e605e43c92d4fb2
2025-01-11 17:50:01 [INFO]: GET /api/patients/doctors/timeSlots/6756e293514336528ca8e3a9
2025-01-11 17:50:03 [INFO]: GET /api/patients/doctors/timeSlots/6756e293514336528ca8e3a9
2025-01-11 17:50:31 [INFO]: GET /api/patients/doctors/timeSlots/6756e293514336528ca8e3a9
2025-01-11 17:50:34 [INFO]: GET /api/patients/doctors/timeSlots/6756e293514336528ca8e3a9
2025-01-11 17:51:36 [INFO]: GET /api/patients/doctors/timeSlots/6756e293514336528ca8e3a9
2025-01-11 17:51:42 [INFO]: GET /api/patients/doctors/timeSlots/6756e293514336528ca8e3a9
2025-01-11 17:51:46 [INFO]: GET /api/notification/67656da25e605e43c92d4fb2
2025-01-11 17:51:46 [INFO]: GET /api/patients/doctors/timeSlots/6756e293514336528ca8e3a9
2025-01-11 17:51:46 [INFO]: GET /api/notification/67656da25e605e43c92d4fb2
2025-01-11 17:51:46 [INFO]: GET /api/patients/doctors/timeSlots/6756e293514336528ca8e3a9
2025-01-11 17:51:47 [INFO]: GET /api/patients/doctors/timeSlots/6756e293514336528ca8e3a9
2025-01-11 17:51:48 [INFO]: GET /api/patients/doctors/timeSlots/6756e293514336528ca8e3a9
2025-01-11 17:51:50 [INFO]: GET /api/patients/doctors/timeSlots/6756e293514336528ca8e3a9
2025-01-11 17:51:50 [INFO]: GET /api/patients/doctors/timeSlots/6756e293514336528ca8e3a9
2025-01-11 17:51:51 [INFO]: GET /api/patients/doctors/timeSlots/6756e293514336528ca8e3a9
2025-01-11 17:51:51 [INFO]: GET /api/patients/doctors/timeSlots/6756e293514336528ca8e3a9
2025-01-11 17:51:54 [INFO]: PUT /api/patients/appointments/lockTimeSlot
2025-01-11 17:51:54 [INFO]: GET /api/notification/67656da25e605e43c92d4fb2
2025-01-11 17:51:54 [INFO]: GET /api/patients/patient/67656da25e605e43c92d4fb2
2025-01-11 17:51:54 [INFO]: GET /api/notification/67656da25e605e43c92d4fb2
2025-01-11 17:51:54 [INFO]: GET /api/patients/patient/67656da25e605e43c92d4fb2
2025-01-11 17:52:15 [INFO]: POST /api/patients/appointments/patient
2025-01-11 17:52:15 [INFO]: GET /api/notification/67656da25e605e43c92d4fb2
2025-01-11 17:52:15 [INFO]: GET /api/patients/wallet/67656da25e605e43c92d4fb2
2025-01-11 17:52:15 [INFO]: GET /api/patients/wallet/67656da25e605e43c92d4fb2
2025-01-11 17:52:15 [INFO]: GET /api/notification/67656da25e605e43c92d4fb2
2025-01-11 17:52:29 [INFO]: POST /api/patients/payments/create-order
2025-01-11 17:52:32 [INFO]: POST /api/patients/payments/create-order
2025-01-11 17:52:50 [INFO]: POST /api/patients/payments/verify
2025-01-11 17:52:50 [INFO]: POST /api/patients/appointments/book
2025-01-11 17:52:51 [INFO]: GET /api/notification/67656da25e605e43c92d4fb2
2025-01-11 17:52:51 [INFO]: GET /api/notification/67656da25e605e43c92d4fb2
2025-01-11 17:53:47 [INFO]: GET /api/notification/67656da25e605e43c92d4fb2
2025-01-11 17:53:47 [INFO]: GET /api/patients/appointments/67656da25e605e43c92d4fb2
2025-01-11 17:53:47 [INFO]: GET /api/notification/67656da25e605e43c92d4fb2
2025-01-11 17:53:48 [INFO]: GET /api/patients/appointments/67656da25e605e43c92d4fb2
2025-01-11 18:00:20 [INFO]: GET /api/notification/67656da25e605e43c92d4fb2
2025-01-11 18:00:20 [INFO]: GET /api/notification/67656da25e605e43c92d4fb2
2025-01-11 18:00:27 [INFO]: GET /api/notification/67656da25e605e43c92d4fb2
2025-01-11 18:00:27 [INFO]: GET /api/notification/67656da25e605e43c92d4fb2
2025-01-11 18:00:29 [INFO]: GET /api/notification/67656da25e605e43c92d4fb2
2025-01-11 18:00:29 [INFO]: GET /api/notification/67656da25e605e43c92d4fb2
2025-01-11 18:00:30 [INFO]: GET /api/patients/doctors?page=1&limit=10&search=&specialization=&gender=&experience=
2025-01-11 18:00:32 [INFO]: GET /api/notification/67656da25e605e43c92d4fb2
2025-01-11 18:00:32 [INFO]: GET /api/patients/patient/67656da25e605e43c92d4fb2
2025-01-11 18:00:32 [INFO]: GET /api/notification/67656da25e605e43c92d4fb2
2025-01-11 18:00:32 [INFO]: GET /api/patients/patient/67656da25e605e43c92d4fb2
2025-01-11 18:04:17 [INFO]: GET /api/notification/6756e293514336528ca8e3a9
2025-01-11 18:04:17 [INFO]: GET /api/notification/6756e293514336528ca8e3a9
2025-01-11 18:05:27 [INFO]: POST /api/doctor/timeSlots/6756e293514336528ca8e3a9
2025-01-11 18:05:27 [INFO]: POST /api/token
2025-01-11 18:05:27 [INFO]: POST /api/doctor/timeSlots/6756e293514336528ca8e3a9
2025-01-11 18:18:37 [INFO]: GET /api/notification/6756e293514336528ca8e3a9
2025-01-11 18:18:38 [INFO]: GET /api/notification/6756e293514336528ca8e3a9
2025-01-11 18:18:40 [INFO]: GET /api/notification/6755139cbb339a450c37ecb8
2025-01-11 18:18:40 [INFO]: GET /api/admin/doctors?page=1&limit=7&search=&specialization=&gender=&experience=
2025-01-11 18:18:40 [INFO]: GET /api/admin/doctors?page=1&limit=7&search=&specialization=&gender=&experience=
2025-01-11 18:18:40 [INFO]: POST /api/token
2025-01-11 18:18:40 [INFO]: POST /api/token
2025-01-11 18:18:40 [INFO]: GET /api/admin/doctors?page=1&limit=7&search=&specialization=&gender=&experience=
2025-01-11 18:18:40 [INFO]: GET /api/notification/6755139cbb339a450c37ecb8
2025-01-11 18:18:40 [INFO]: GET /api/admin/doctors?page=1&limit=7&search=&specialization=&gender=&experience=
2025-01-11 18:21:50 [INFO]: POST /api/admin/signin
2025-01-11 18:21:51 [INFO]: GET /api/admin/dashboard/6755139cbb339a450c37ecb8?period=daily
2025-01-11 18:21:51 [INFO]: GET /api/admin/dashboard/6755139cbb339a450c37ecb8?period=daily
2025-01-11 18:21:51 [INFO]: GET /api/notification/6755139cbb339a450c37ecb8
2025-01-11 18:21:51 [INFO]: GET /api/notification/6755139cbb339a450c37ecb8
2025-01-11 18:21:54 [INFO]: GET /api/notification/6755139cbb339a450c37ecb8
2025-01-11 18:21:54 [INFO]: GET /api/admin/payments
2025-01-11 18:21:54 [INFO]: GET /api/notification/6755139cbb339a450c37ecb8
2025-01-11 18:21:55 [INFO]: GET /api/admin/payments
2025-01-11 18:23:15 [INFO]: GET /api/admin/payments
2025-01-11 18:29:02 [INFO]: GET /api/admin/payments
2025-01-11 18:29:15 [INFO]: GET /api/notification/6755139cbb339a450c37ecb8
2025-01-11 18:29:15 [INFO]: GET /api/admin/payments
2025-01-11 18:29:15 [INFO]: GET /api/notification/6755139cbb339a450c37ecb8
2025-01-11 18:29:16 [INFO]: GET /api/admin/payments
2025-01-11 18:36:43 [INFO]: GET /api/notification/6755139cbb339a450c37ecb8
2025-01-11 18:36:43 [INFO]: GET /api/admin/payments
2025-01-11 18:36:43 [INFO]: GET /api/notification/6755139cbb339a450c37ecb8
2025-01-11 18:36:43 [INFO]: GET /api/admin/payments
2025-01-11 18:36:44 [INFO]: GET /api/notification/67656da25e605e43c92d4fb2
2025-01-11 18:36:44 [INFO]: GET /api/patients/patient/67656da25e605e43c92d4fb2
2025-01-11 18:36:44 [INFO]: GET /api/patients/patient/67656da25e605e43c92d4fb2
2025-01-11 18:36:44 [INFO]: GET /api/notification/67656da25e605e43c92d4fb2
2025-01-11 18:36:44 [INFO]: GET /api/notification/6756e293514336528ca8e3a9
2025-01-11 18:36:44 [INFO]: GET /api/notification/6756e293514336528ca8e3a9
2025-01-11 18:36:44 [INFO]: POST /api/token
2025-01-11 18:36:44 [INFO]: POST /api/token
2025-01-11 18:36:44 [INFO]: GET /api/patients/patient/67656da25e605e43c92d4fb2
2025-01-11 18:36:44 [INFO]: GET /api/patients/patient/67656da25e605e43c92d4fb2
2025-01-11 18:37:15 [INFO]: GET /api/notification/6756e293514336528ca8e3a9
2025-01-11 18:37:15 [INFO]: GET /api/notification/6756e293514336528ca8e3a9
2025-01-11 18:37:15 [INFO]: GET /api/notification/6755139cbb339a450c37ecb8
2025-01-11 18:37:15 [INFO]: GET /api/admin/payments
2025-01-11 18:37:15 [INFO]: GET /api/notification/6755139cbb339a450c37ecb8
2025-01-11 18:37:16 [INFO]: GET /api/admin/payments
2025-01-11 18:37:42 [INFO]: POST /api/patients/google
2025-01-11 18:37:42 [INFO]: GET /api/notification/67656da25e605e43c92d4fb2
2025-01-11 18:37:42 [INFO]: GET /api/notification/67656da25e605e43c92d4fb2
2025-01-11 18:37:42 [INFO]: GET /api/notification/67656da25e605e43c92d4fb2
2025-01-11 18:37:44 [INFO]: GET /api/notification/67656da25e605e43c92d4fb2
2025-01-11 18:37:44 [INFO]: GET /api/patients/patient/67656da25e605e43c92d4fb2
2025-01-11 18:37:44 [INFO]: GET /api/notification/67656da25e605e43c92d4fb2
2025-01-11 18:37:44 [INFO]: GET /api/patients/patient/67656da25e605e43c92d4fb2
2025-01-11 18:37:46 [INFO]: GET /api/notification/67656da25e605e43c92d4fb2
2025-01-11 18:37:46 [INFO]: GET /api/patients/appointments/67656da25e605e43c92d4fb2
2025-01-11 18:37:46 [INFO]: GET /api/notification/67656da25e605e43c92d4fb2
2025-01-11 18:37:46 [INFO]: GET /api/patients/appointments/67656da25e605e43c92d4fb2
2025-01-11 18:38:13 [INFO]: POST /api/patients/signin
2025-01-11 18:38:14 [INFO]: GET /api/notification/67629705a8db5411f814e1cb
2025-01-11 18:38:14 [INFO]: GET /api/notification/67629705a8db5411f814e1cb
2025-01-11 18:38:14 [INFO]: GET /api/notification/67629705a8db5411f814e1cb
2025-01-11 18:38:15 [INFO]: GET /api/notification/67629705a8db5411f814e1cb
2025-01-11 18:38:15 [INFO]: GET /api/patients/patient/67629705a8db5411f814e1cb
2025-01-11 18:38:15 [INFO]: GET /api/notification/67629705a8db5411f814e1cb
2025-01-11 18:38:15 [INFO]: GET /api/patients/patient/67629705a8db5411f814e1cb
2025-01-11 18:38:19 [INFO]: GET /api/notification/67629705a8db5411f814e1cb
2025-01-11 18:38:19 [INFO]: GET /api/patients/appointments/67629705a8db5411f814e1cb
2025-01-11 18:38:19 [INFO]: GET /api/notification/67629705a8db5411f814e1cb
2025-01-11 18:38:19 [INFO]: GET /api/patients/appointments/67629705a8db5411f814e1cb
2025-01-11 18:38:26 [INFO]: GET /api/notification/67629705a8db5411f814e1cb
2025-01-11 18:38:26 [INFO]: GET /api/medicalRecord/67756f905c73f3ed215dc406
2025-01-11 18:38:26 [INFO]: GET /api/notification/67629705a8db5411f814e1cb
2025-01-11 18:38:26 [INFO]: GET /api/medicalRecord/67756f905c73f3ed215dc406
2025-01-11 18:38:28 [INFO]: GET /api/notification/67629705a8db5411f814e1cb
2025-01-11 18:38:28 [INFO]: GET /api/patients/appointments/67629705a8db5411f814e1cb
2025-01-11 18:38:28 [INFO]: GET /api/notification/67629705a8db5411f814e1cb
2025-01-11 18:38:28 [INFO]: GET /api/patients/appointments/67629705a8db5411f814e1cb
2025-01-11 18:38:32 [INFO]: GET /api/medicalRecord/67755e7ac49dcdb0404cdf10
2025-01-11 18:38:32 [INFO]: GET /api/notification/67629705a8db5411f814e1cb
2025-01-11 18:38:32 [INFO]: GET /api/notification/67629705a8db5411f814e1cb
2025-01-11 18:38:32 [INFO]: GET /api/medicalRecord/67755e7ac49dcdb0404cdf10
2025-01-11 21:22:43 [INFO]: GET /api/medicalRecord/67755e7ac49dcdb0404cdf10
2025-01-11 21:22:43 [INFO]: GET /api/notification/67629705a8db5411f814e1cb
2025-01-11 21:22:43 [INFO]: GET /api/notification/67629705a8db5411f814e1cb
2025-01-11 21:22:44 [INFO]: GET /api/medicalRecord/67755e7ac49dcdb0404cdf10
2025-01-11 21:22:46 [INFO]: GET /api/notification/67629705a8db5411f814e1cb
2025-01-11 21:22:46 [INFO]: GET /api/notification/67629705a8db5411f814e1cb
2025-01-11 21:22:48 [INFO]: GET /api/notification/67629705a8db5411f814e1cb
2025-01-11 21:22:48 [INFO]: GET /api/patients/patient/67629705a8db5411f814e1cb
2025-01-11 21:22:48 [INFO]: GET /api/patients/patient/67629705a8db5411f814e1cb
2025-01-11 21:22:48 [INFO]: POST /api/token
2025-01-11 21:22:48 [INFO]: POST /api/token
2025-01-11 21:22:48 [INFO]: GET /api/patients/patient/67629705a8db5411f814e1cb
2025-01-11 21:22:48 [INFO]: GET /api/notification/67629705a8db5411f814e1cb
2025-01-11 21:22:48 [INFO]: GET /api/patients/patient/67629705a8db5411f814e1cb
2025-01-11 21:22:50 [INFO]: GET /api/notification/67629705a8db5411f814e1cb
2025-01-11 21:22:50 [INFO]: GET /api/patients/appointments/67629705a8db5411f814e1cb
2025-01-11 21:22:50 [INFO]: GET /api/notification/67629705a8db5411f814e1cb
2025-01-11 21:22:50 [INFO]: GET /api/patients/appointments/67629705a8db5411f814e1cb
2025-01-11 21:22:52 [INFO]: GET /api/notification/67629705a8db5411f814e1cb
2025-01-11 21:22:52 [INFO]: GET /api/appointments/677d2524be95080901c08413
2025-01-11 21:22:52 [INFO]: GET /api/notification/67629705a8db5411f814e1cb
2025-01-11 21:22:52 [INFO]: GET /api/appointments/677d2524be95080901c08413
2025-01-11 21:22:54 [INFO]: GET /api/chats/677d2524be95080901c08413
2025-01-11 21:23:05 [INFO]: GET /api/notification/6756e293514336528ca8e3a9
2025-01-11 21:23:05 [INFO]: GET /api/notification/6756e293514336528ca8e3a9
2025-01-11 21:23:12 [INFO]: GET /api/notification/67629705a8db5411f814e1cb
2025-01-11 21:23:12 [INFO]: GET /api/appointments/677d2524be95080901c08413
2025-01-11 21:23:12 [INFO]: GET /api/notification/67629705a8db5411f814e1cb
2025-01-11 21:23:13 [INFO]: GET /api/appointments/677d2524be95080901c08413
2025-01-11 21:23:14 [INFO]: GET /api/chats/677d2524be95080901c08413
2025-01-11 21:23:31 [INFO]: GET /api/chats/677d2524be95080901c08413
2025-01-11 21:23:41 [INFO]: GET /api/chats/677d2524be95080901c08413
2025-01-11 21:24:38 [INFO]: GET /api/notification/67629705a8db5411f814e1cb
2025-01-11 21:24:38 [INFO]: GET /api/notification/67629705a8db5411f814e1cb
2025-01-11 21:24:38 [INFO]: GET /api/patients/doctors?page=1&limit=10&search=&specialization=&gender=&experience=
2025-01-11 21:24:40 [INFO]: GET /api/notification/67629705a8db5411f814e1cb
2025-01-11 21:24:40 [INFO]: GET /api/patients/doctors/timeSlots/6756e293514336528ca8e3a9
2025-01-11 21:24:40 [INFO]: GET /api/notification/67629705a8db5411f814e1cb
2025-01-11 21:24:40 [INFO]: GET /api/patients/doctors/timeSlots/6756e293514336528ca8e3a9
2025-01-11 21:24:48 [INFO]: GET /api/patients/doctors/timeSlots/6756e293514336528ca8e3a9
2025-01-11 21:24:50 [INFO]: PUT /api/patients/appointments/lockTimeSlot
2025-01-11 21:24:50 [INFO]: GET /api/notification/67629705a8db5411f814e1cb
2025-01-11 21:24:50 [INFO]: GET /api/patients/patient/67629705a8db5411f814e1cb
2025-01-11 21:24:50 [INFO]: GET /api/notification/67629705a8db5411f814e1cb
2025-01-11 21:24:51 [INFO]: GET /api/patients/patient/67629705a8db5411f814e1cb
2025-01-11 21:25:00 [INFO]: POST /api/patients/appointments/patient
2025-01-11 21:25:00 [INFO]: GET /api/notification/67629705a8db5411f814e1cb
2025-01-11 21:25:00 [INFO]: GET /api/patients/wallet/67629705a8db5411f814e1cb
2025-01-11 21:25:00 [INFO]: GET /api/patients/wallet/67629705a8db5411f814e1cb
2025-01-11 21:25:00 [INFO]: GET /api/notification/67629705a8db5411f814e1cb
2025-01-11 21:25:04 [INFO]: POST /api/patients/appointments/book
2025-01-11 21:25:05 [INFO]: GET /api/notification/67629705a8db5411f814e1cb
2025-01-11 21:25:05 [INFO]: GET /api/notification/67629705a8db5411f814e1cb
2025-01-11 21:25:10 [INFO]: PUT /api/notification/read/6756e293514336528ca8e3a9
2025-01-11 21:25:10 [INFO]: GET /api/notification/6756e293514336528ca8e3a9
2025-01-11 21:25:13 [INFO]: PUT /api/notification/read/6756e293514336528ca8e3a9
2025-01-11 21:25:13 [INFO]: GET /api/notification/6756e293514336528ca8e3a9
2025-01-11 21:28:26 [INFO]: PUT /api/notification/read/6756e293514336528ca8e3a9
2025-01-11 21:28:26 [INFO]: GET /api/notification/6756e293514336528ca8e3a9
2025-01-11 21:28:27 [INFO]: GET /api/notification/6756e293514336528ca8e3a9
2025-01-11 21:28:27 [INFO]: GET /api/doctor/notifications/6756e293514336528ca8e3a9?page=1&limit=5
2025-01-11 21:28:27 [INFO]: GET /api/doctor/notifications/6756e293514336528ca8e3a9?page=1&limit=5
2025-01-11 21:28:27 [INFO]: POST /api/token
2025-01-11 21:28:27 [INFO]: POST /api/token
2025-01-11 21:28:27 [INFO]: GET /api/doctor/notifications/6756e293514336528ca8e3a9?page=1&limit=5
2025-01-11 21:28:27 [INFO]: GET /api/notification/6756e293514336528ca8e3a9
2025-01-11 21:28:27 [INFO]: GET /api/doctor/notifications/6756e293514336528ca8e3a9?page=1&limit=5
2025-01-11 21:28:43 [INFO]: POST /api/doctor/signin
2025-01-11 21:28:43 [INFO]: GET /api/notification/6756e293514336528ca8e3a9
2025-01-11 21:28:43 [INFO]: GET /api/doctor/dashboard/6756e293514336528ca8e3a9
2025-01-11 21:28:43 [INFO]: GET /api/notification/6756e293514336528ca8e3a9
2025-01-11 21:28:43 [INFO]: GET /api/doctor/dashboard/6756e293514336528ca8e3a9
2025-01-11 21:28:54 [INFO]: GET /api/notification/67629705a8db5411f814e1cb
2025-01-11 21:28:54 [INFO]: GET /api/patients/appointments/67629705a8db5411f814e1cb
2025-01-11 21:28:54 [INFO]: GET /api/notification/67629705a8db5411f814e1cb
2025-01-11 21:28:54 [INFO]: GET /api/patients/appointments/67629705a8db5411f814e1cb
2025-01-11 21:28:58 [INFO]: GET /api/notification/67629705a8db5411f814e1cb
2025-01-11 21:28:58 [INFO]: GET /api/notification/67629705a8db5411f814e1cb
2025-01-11 21:29:01 [INFO]: GET /api/notification/67629705a8db5411f814e1cb
2025-01-11 21:29:01 [INFO]: GET /api/patients/patient/67629705a8db5411f814e1cb
2025-01-11 21:29:01 [INFO]: GET /api/notification/67629705a8db5411f814e1cb
2025-01-11 21:29:01 [INFO]: GET /api/patients/patient/67629705a8db5411f814e1cb
2025-01-11 21:29:02 [INFO]: GET /api/notification/67629705a8db5411f814e1cb
2025-01-11 21:29:02 [INFO]: GET /api/patients/wallet/67629705a8db5411f814e1cb
2025-01-11 21:29:02 [INFO]: GET /api/patients/wallet/67629705a8db5411f814e1cb
2025-01-11 21:29:02 [INFO]: GET /api/notification/67629705a8db5411f814e1cb
2025-01-11 21:29:36 [INFO]: GET /api/patients/wallet/67629705a8db5411f814e1cb
2025-01-11 21:29:59 [INFO]: GET /api/patients/wallet/67629705a8db5411f814e1cb
2025-01-11 21:30:13 [INFO]: GET /api/notification/67629705a8db5411f814e1cb
2025-01-11 21:30:13 [INFO]: GET /api/patients/appointments/67629705a8db5411f814e1cb
2025-01-11 21:30:13 [INFO]: GET /api/notification/67629705a8db5411f814e1cb
2025-01-11 21:30:13 [INFO]: GET /api/patients/appointments/67629705a8db5411f814e1cb
2025-01-11 21:30:15 [INFO]: GET /api/notification/67629705a8db5411f814e1cb
2025-01-11 21:30:15 [INFO]: GET /api/appointments/67829458c1f8b6d340faa8b2
2025-01-11 21:30:15 [INFO]: GET /api/notification/67629705a8db5411f814e1cb
2025-01-11 21:30:15 [INFO]: GET /api/appointments/67829458c1f8b6d340faa8b2
2025-01-11 21:30:25 [INFO]: GET /api/chats/67829458c1f8b6d340faa8b2
2025-01-11 21:30:30 [INFO]: GET /api/chats/67829458c1f8b6d340faa8b2
2025-01-11 21:31:11 [INFO]: GET /api/notification/6756e293514336528ca8e3a9
2025-01-11 21:31:11 [INFO]: GET /api/doctor/appointments/6756e293514336528ca8e3a9
2025-01-11 21:31:11 [INFO]: GET /api/notification/6756e293514336528ca8e3a9
2025-01-11 21:31:11 [INFO]: GET /api/doctor/appointments/6756e293514336528ca8e3a9
2025-01-11 21:31:12 [INFO]: GET /api/notification/6756e293514336528ca8e3a9
2025-01-11 21:31:12 [INFO]: GET /api/appointments/67829458c1f8b6d340faa8b2
2025-01-11 21:31:12 [INFO]: GET /api/notification/6756e293514336528ca8e3a9
2025-01-11 21:31:12 [INFO]: GET /api/appointments/67829458c1f8b6d340faa8b2
2025-01-11 21:31:31 [INFO]: PUT /api/appointments/67829458c1f8b6d340faa8b2
2025-01-11 21:36:59 [INFO]: POST /api/doctor/medicalRecord
2025-01-11 21:44:25 [INFO]: POST /api/doctor/medicalRecord
2025-01-11 21:45:17 [INFO]: GET /api/notification/67629705a8db5411f814e1cb
2025-01-11 21:45:17 [INFO]: GET /api/appointments/67829458c1f8b6d340faa8b2
2025-01-11 21:45:17 [INFO]: GET /api/notification/67629705a8db5411f814e1cb
2025-01-11 21:45:17 [INFO]: GET /api/appointments/67829458c1f8b6d340faa8b2
2025-01-11 21:45:36 [INFO]: GET /api/notification/6756e293514336528ca8e3a9
2025-01-11 21:45:36 [INFO]: GET /api/doctor/dashboard/6756e293514336528ca8e3a9
2025-01-11 21:45:36 [INFO]: GET /api/notification/6756e293514336528ca8e3a9
2025-01-11 21:45:37 [INFO]: GET /api/doctor/dashboard/6756e293514336528ca8e3a9
2025-01-11 21:45:45 [INFO]: GET /api/notification/67629705a8db5411f814e1cb
2025-01-11 21:45:45 [INFO]: GET /api/patients/appointments/67629705a8db5411f814e1cb
2025-01-11 21:45:46 [INFO]: GET /api/notification/67629705a8db5411f814e1cb
2025-01-11 21:45:46 [INFO]: GET /api/patients/appointments/67629705a8db5411f814e1cb
2025-01-11 21:45:47 [INFO]: GET /api/notification/67629705a8db5411f814e1cb
2025-01-11 21:45:47 [INFO]: GET /api/medicalRecord/67829458c1f8b6d340faa8b2
2025-01-11 21:45:47 [INFO]: GET /api/notification/67629705a8db5411f814e1cb
2025-01-11 21:45:48 [INFO]: GET /api/medicalRecord/67829458c1f8b6d340faa8b2
2025-01-11 21:49:21 [INFO]: GET /api/notification/67629705a8db5411f814e1cb
2025-01-11 21:49:21 [INFO]: GET /api/patients/patient/67629705a8db5411f814e1cb
2025-01-11 21:49:22 [INFO]: GET /api/notification/67629705a8db5411f814e1cb
2025-01-11 21:49:22 [INFO]: GET /api/patients/patient/67629705a8db5411f814e1cb
2025-01-11 21:49:23 [INFO]: GET /api/chats/rooms/67629705a8db5411f814e1cb
2025-01-11 21:49:24 [INFO]: GET /api/chats/rooms/67629705a8db5411f814e1cb
2025-01-11 21:49:25 [INFO]: GET /api/chats/677d2524be95080901c08413
2025-01-11 21:49:29 [INFO]: GET /api/chats/6778bd5192ce79a2dea88d14
2025-01-11 21:49:31 [INFO]: GET /api/chats/677d2524be95080901c08413
2025-01-11 21:49:42 [INFO]: GET /api/chats/6778bd5192ce79a2dea88d14
2025-01-11 21:49:43 [INFO]: GET /api/chats/677d2524be95080901c08413
2025-01-11 21:49:45 [INFO]: GET /api/chats/6778bd5192ce79a2dea88d14
2025-01-11 21:49:46 [INFO]: GET /api/chats/677d2524be95080901c08413
2025-01-11 21:49:54 [INFO]: GET /api/chats/rooms/67629705a8db5411f814e1cb
2025-01-11 21:49:54 [INFO]: GET /api/chats/rooms/67629705a8db5411f814e1cb
2025-01-11 21:50:14 [INFO]: GET /api/chats/rooms/6756e293514336528ca8e3a9
2025-01-11 21:50:14 [INFO]: GET /api/chats/rooms/6756e293514336528ca8e3a9
2025-01-11 21:50:15 [INFO]: GET /api/chats/67829458c1f8b6d340faa8b2
2025-01-11 21:50:37 [INFO]: GET /api/chats/rooms/67629705a8db5411f814e1cb
2025-01-11 21:50:37 [INFO]: GET /api/chats/rooms/67629705a8db5411f814e1cb
2025-01-11 21:50:38 [INFO]: GET /api/chats/67829458c1f8b6d340faa8b2
2025-01-11 21:51:08 [INFO]: GET /api/chats/rooms/6756e293514336528ca8e3a9
2025-01-11 22:35:44 [INFO]: GET /api/notification/67629705a8db5411f814e1cb
2025-01-11 22:35:44 [INFO]: GET /api/patients/patient/67629705a8db5411f814e1cb
2025-01-11 22:35:44 [INFO]: GET /api/patients/patient/67629705a8db5411f814e1cb
2025-01-11 22:35:44 [INFO]: POST /api/token
2025-01-11 22:35:44 [INFO]: POST /api/token
2025-01-11 22:35:44 [INFO]: GET /api/patients/patient/67629705a8db5411f814e1cb
2025-01-11 22:35:44 [INFO]: GET /api/notification/67629705a8db5411f814e1cb
2025-01-11 22:35:44 [INFO]: GET /api/patients/patient/67629705a8db5411f814e1cb
2025-01-11 22:36:00 [INFO]: POST /api/patients/signin
2025-01-11 22:36:01 [INFO]: GET /api/notification/67629705a8db5411f814e1cb
2025-01-11 22:36:01 [INFO]: GET /api/notification/67629705a8db5411f814e1cb
2025-01-11 22:36:01 [INFO]: GET /api/notification/67629705a8db5411f814e1cb
2025-01-11 22:36:06 [INFO]: GET /api/notification/67629705a8db5411f814e1cb
2025-01-11 22:36:06 [INFO]: GET /api/notification/67629705a8db5411f814e1cb
2025-01-11 22:36:07 [INFO]: GET /api/patients/doctors?page=1&limit=10&search=&specialization=&gender=&experience=
2025-01-11 22:37:02 [INFO]: GET /api/patients/doctors?page=1&limit=10&search=&specialization=dentist&gender=&experience=
2025-01-11 22:37:05 [INFO]: GET /api/patients/doctors?page=1&limit=10&search=&specialization=&gender=&experience=
2025-01-11 22:37:10 [INFO]: GET /api/notification/67629705a8db5411f814e1cb
2025-01-11 22:37:10 [INFO]: GET /api/notification/67629705a8db5411f814e1cb
2025-01-11 22:37:13 [INFO]: GET /api/notification/67629705a8db5411f814e1cb
2025-01-11 22:37:13 [INFO]: GET /api/patients/patient/67629705a8db5411f814e1cb
2025-01-11 22:37:13 [INFO]: GET /api/notification/67629705a8db5411f814e1cb
2025-01-11 22:37:13 [INFO]: GET /api/patients/patient/67629705a8db5411f814e1cb
2025-01-11 22:37:16 [INFO]: GET /api/notification/67629705a8db5411f814e1cb
2025-01-11 22:37:16 [INFO]: GET /api/patients/appointments/67629705a8db5411f814e1cb
2025-01-11 22:37:16 [INFO]: GET /api/notification/67629705a8db5411f814e1cb
2025-01-11 22:37:16 [INFO]: GET /api/patients/appointments/67629705a8db5411f814e1cb
2025-01-11 22:37:34 [INFO]: GET /api/medicalRecord/67755e7ac49dcdb0404cdf10
2025-01-11 22:37:34 [INFO]: GET /api/notification/67629705a8db5411f814e1cb
2025-01-11 22:37:34 [INFO]: GET /api/notification/67629705a8db5411f814e1cb
2025-01-11 22:37:34 [INFO]: GET /api/medicalRecord/67755e7ac49dcdb0404cdf10
2025-01-11 22:37:39 [INFO]: GET /api/notification/67629705a8db5411f814e1cb
2025-01-11 22:37:39 [INFO]: GET /api/patients/appointments/67629705a8db5411f814e1cb
2025-01-11 22:37:39 [INFO]: GET /api/notification/67629705a8db5411f814e1cb
2025-01-11 22:37:39 [INFO]: GET /api/patients/appointments/67629705a8db5411f814e1cb
2025-01-11 22:37:42 [INFO]: GET /api/chats/rooms/67629705a8db5411f814e1cb
2025-01-11 22:37:42 [INFO]: GET /api/chats/rooms/67629705a8db5411f814e1cb
2025-01-11 22:37:42 [INFO]: POST /api/token
2025-01-11 22:37:42 [INFO]: POST /api/token
2025-01-11 22:37:42 [INFO]: GET /api/chats/rooms/67629705a8db5411f814e1cb
2025-01-11 22:37:42 [INFO]: GET /api/chats/rooms/67629705a8db5411f814e1cb
2025-01-11 22:38:13 [INFO]: GET /api/notification/6756e293514336528ca8e3a9
2025-01-11 22:38:13 [INFO]: GET /api/doctor/dashboard/6756e293514336528ca8e3a9
2025-01-11 22:38:13 [INFO]: GET /api/doctor/dashboard/6756e293514336528ca8e3a9
2025-01-11 22:38:13 [INFO]: GET /api/notification/6756e293514336528ca8e3a9
2025-01-11 22:38:17 [INFO]: GET /api/notification/6755139cbb339a450c37ecb8
2025-01-11 22:38:17 [INFO]: GET /api/admin/doctors?page=1&limit=7&search=&specialization=&gender=&experience=
2025-01-11 22:38:17 [INFO]: GET /api/admin/doctors?page=1&limit=7&search=&specialization=&gender=&experience=
2025-01-11 22:38:17 [INFO]: POST /api/token
2025-01-11 22:38:17 [INFO]: POST /api/token
2025-01-11 22:38:17 [INFO]: GET /api/admin/doctors?page=1&limit=7&search=&specialization=&gender=&experience=
2025-01-11 22:38:18 [INFO]: GET /api/notification/6755139cbb339a450c37ecb8
2025-01-11 22:38:18 [INFO]: GET /api/admin/doctors?page=1&limit=7&search=&specialization=&gender=&experience=
2025-01-11 22:48:55 [INFO]: GET /api/notification/67629705a8db5411f814e1cb
2025-01-11 22:48:55 [INFO]: GET /api/notification/67629705a8db5411f814e1cb
2025-01-11 22:48:57 [INFO]: GET /api/notification/67629705a8db5411f814e1cb
2025-01-11 22:48:57 [INFO]: GET /api/patients/patient/67629705a8db5411f814e1cb
2025-01-11 22:48:57 [INFO]: GET /api/notification/67629705a8db5411f814e1cb
2025-01-11 22:48:57 [INFO]: GET /api/patients/patient/67629705a8db5411f814e1cb
2025-01-11 22:48:58 [INFO]: GET /api/notification/67629705a8db5411f814e1cb
2025-01-11 22:48:58 [INFO]: GET /api/patients/wallet/67629705a8db5411f814e1cb
2025-01-11 22:48:58 [INFO]: GET /api/patients/wallet/67629705a8db5411f814e1cb
2025-01-11 22:48:58 [INFO]: GET /api/notification/67629705a8db5411f814e1cb
2025-01-11 22:49:00 [INFO]: GET /api/chats/rooms/67629705a8db5411f814e1cb
2025-01-11 22:49:00 [INFO]: GET /api/chats/rooms/67629705a8db5411f814e1cb
2025-01-11 22:49:00 [INFO]: POST /api/token
2025-01-11 22:49:00 [INFO]: POST /api/token
2025-01-11 22:49:00 [INFO]: GET /api/chats/rooms/67629705a8db5411f814e1cb
2025-01-11 22:49:00 [INFO]: GET /api/chats/rooms/67629705a8db5411f814e1cb
2025-01-11 22:52:10 [INFO]: POST /api/admin/signin
2025-01-11 22:52:10 [INFO]: GET /api/admin/dashboard/6755139cbb339a450c37ecb8?period=daily
2025-01-11 22:52:10 [INFO]: GET /api/admin/dashboard/6755139cbb339a450c37ecb8?period=daily
2025-01-11 22:52:10 [INFO]: GET /api/notification/6755139cbb339a450c37ecb8
2025-01-11 22:52:11 [INFO]: GET /api/notification/6755139cbb339a450c37ecb8
2025-01-11 22:52:14 [INFO]: GET /api/notification/6755139cbb339a450c37ecb8
2025-01-11 22:52:14 [INFO]: GET /api/admin/payments
2025-01-11 22:52:14 [INFO]: GET /api/notification/6755139cbb339a450c37ecb8
2025-01-11 22:52:14 [INFO]: GET /api/admin/payments
2025-01-11 22:59:05 [INFO]: GET /api/notification/67629705a8db5411f814e1cb
2025-01-11 22:59:05 [INFO]: GET /api/patients/appointments/67629705a8db5411f814e1cb
2025-01-11 22:59:09 [INFO]: GET /api/patients/appointments/67629705a8db5411f814e1cb
2025-01-11 22:59:09 [INFO]: GET /api/notification/67629705a8db5411f814e1cb
2025-01-11 22:59:09 [INFO]: GET /api/notification/67629705a8db5411f814e1cb
2025-01-11 22:59:09 [INFO]: GET /api/patients/appointments/67629705a8db5411f814e1cb
2025-01-11 22:59:16 [INFO]: GET /api/notification/67629705a8db5411f814e1cb
2025-01-11 22:59:16 [INFO]: GET /api/patients/notifications/67629705a8db5411f814e1cb?page=1&limit=7
2025-01-11 22:59:16 [INFO]: GET /api/notification/67629705a8db5411f814e1cb
2025-01-11 22:59:16 [INFO]: GET /api/patients/notifications/67629705a8db5411f814e1cb?page=1&limit=7
2025-01-11 22:59:18 [INFO]: GET /api/notification/67629705a8db5411f814e1cb
2025-01-11 22:59:18 [INFO]: GET /api/patients/wallet/67629705a8db5411f814e1cb
2025-01-11 22:59:18 [INFO]: GET /api/patients/wallet/67629705a8db5411f814e1cb
2025-01-11 22:59:18 [INFO]: GET /api/notification/67629705a8db5411f814e1cb
2025-01-11 23:01:53 [INFO]: GET /api/patients/wallet/67629705a8db5411f814e1cb
2025-01-11 23:02:24 [INFO]: GET /api/patients/wallet/67629705a8db5411f814e1cb
2025-01-11 23:02:24 [INFO]: GET /api/notification/67629705a8db5411f814e1cb
2025-01-11 23:02:24 [INFO]: GET /api/patients/wallet/67629705a8db5411f814e1cb
2025-01-11 23:02:24 [INFO]: GET /api/notification/67629705a8db5411f814e1cb
2025-01-11 23:03:15 [INFO]: GET /api/patients/wallet/67629705a8db5411f814e1cb
2025-01-11 23:03:35 [INFO]: GET /api/patients/wallet/67629705a8db5411f814e1cb
2025-01-11 23:03:48 [INFO]: GET /api/patients/wallet/67629705a8db5411f814e1cb
2025-01-11 23:03:48 [INFO]: GET /api/notification/67629705a8db5411f814e1cb
2025-01-11 23:03:48 [INFO]: GET /api/notification/67629705a8db5411f814e1cb
2025-01-11 23:03:48 [INFO]: GET /api/patients/wallet/67629705a8db5411f814e1cb
2025-01-11 23:04:16 [INFO]: GET /api/patients/wallet/67629705a8db5411f814e1cb
2025-01-11 23:05:53 [INFO]: GET /api/patients/wallet/67629705a8db5411f814e1cb
2025-01-11 23:06:07 [INFO]: GET /api/patients/wallet/67629705a8db5411f814e1cb
2025-01-11 23:06:13 [INFO]: GET /api/patients/wallet/67629705a8db5411f814e1cb
2025-01-11 23:08:14 [INFO]: GET /api/patients/wallet/67629705a8db5411f814e1cb
